2014-11-17 17:07:07,904 -[490FA1EAA103417AB74FE4D6A960D434][HIS1.Biz.JIANYANJGXX].IN  <JIANYANJGXX_IN>
<JIANYANID>5436047500</JIANYANID>
</JIANYANJGXX_IN>
2014-11-17 17:07:46,060 -[490FA1EAA103417AB74FE4D6A960D434][HIS1.Biz.JIANYANJGXX].OUT <?xml version="1.0" encoding="utf-8"?><JIANYANJGXX_OUT><OUTMSG><ERRNO>-1</ERRNO><ERRMSG>超时时间已到。超时时间已到，但是尚未从池中获取连接。出现这种情况可能是因为所有池连接均在使用，并且达到了最大池大小。</ERRMSG><MessageID>490FA1EAA103417AB74FE4D6A960D434</MessageID></OUTMSG><JIANYANJGXX /></JIANYANJGXX_OUT>
2014-11-17 17:07:54,128 -[77C932156C8B46028A567C999930BB6C][HIS1.Biz.JIANYANJGXX].IN  <JIANYANJGXX_IN>
<JIANYANID>5436047500</JIANYANID>
</JIANYANJGXX_IN>
2014-11-17 17:07:57,664 -[77C932156C8B46028A567C999930BB6C][HIS1.Biz.JIANYANJGXX].OUT <?xml version="1.0" encoding="utf-8"?><JIANYANJGXX_OUT><OUTMSG><ERRNO>-1</ERRNO><ERRMSG>ORA-12170: TNS: 连接超时
</ERRMSG><MessageID>77C932156C8B46028A567C999930BB6C</MessageID></OUTMSG><JIANYANJGXX /></JIANYANJGXX_OUT>
2014-11-17 17:08:46,629 -[BF6139FF1AAE438F9D3D8A18BCC80276][HIS1.Biz.JIANYANJGXX].IN  <JIANYANJGXX_IN>
<JIANYANID>5436047500</JIANYANID>
</JIANYANJGXX_IN>
2014-11-17 17:09:18,563 -[BF6139FF1AAE438F9D3D8A18BCC80276][HIS1.Biz.JIANYANJGXX].OUT <?xml version="1.0" encoding="utf-8"?><JIANYANJGXX_OUT><OUTMSG><ERRNO>-1</ERRNO><ERRMSG>超时时间已到。超时时间已到，但是尚未从池中获取连接。出现这种情况可能是因为所有池连接均在使用，并且达到了最大池大小。</ERRMSG><MessageID>BF6139FF1AAE438F9D3D8A18BCC80276</MessageID></OUTMSG><JIANYANJGXX /></JIANYANJGXX_OUT>
2014-11-17 17:10:51,132 -[5FE46FCFF90A4A41A92932426D0651B1][HIS1.Biz.JIANYANJGXX].IN  <JIANYANJGXX_IN>
<JIANYANID>5436047500</JIANYANID>
</JIANYANJGXX_IN>
2014-11-17 17:11:23,402 -[BA6E472CDAA94E399E9E9684B5A67C87][HIS1.Biz.JIANYANJGXX].IN  <JIANYANJGXX_IN>
<JIANYANID>5436047500</JIANYANID>
</JIANYANJGXX_IN>
2014-11-17 17:11:30,409 -[5FE46FCFF90A4A41A92932426D0651B1][HIS1.Biz.JIANYANJGXX].OUT <?xml version="1.0" encoding="utf-8"?><JIANYANJGXX_OUT><OUTMSG><ERRNO>-1</ERRNO><ERRMSG>超时时间已到。超时时间已到，但是尚未从池中获取连接。出现这种情况可能是因为所有池连接均在使用，并且达到了最大池大小。</ERRMSG><MessageID>5FE46FCFF90A4A41A92932426D0651B1</MessageID></OUTMSG><JIANYANJGXX /></JIANYANJGXX_OUT>
2014-11-17 17:11:46,198 -[BA6E472CDAA94E399E9E9684B5A67C87][HIS1.Biz.JIANYANJGXX].OUT <?xml version="1.0" encoding="utf-8"?><JIANYANJGXX_OUT><OUTMSG><ERRNO>0</ERRNO><ERRMSG /><MessageID>BA6E472CDAA94E399E9E9684B5A67C87</MessageID></OUTMSG><JIANYANJGXX /></JIANYANJGXX_OUT>
2014-11-17 17:11:49,267 -[B95E988F24264DDCAD9483FA9CC5612A][HIS1.Biz.JIANYANJGXX].IN  <JIANYANJGXX_IN>
<JIANYANID>5436047500</JIANYANID>
</JIANYANJGXX_IN>
2014-11-17 17:11:53,859 -[B95E988F24264DDCAD9483FA9CC5612A][HIS1.Biz.JIANYANJGXX].OUT <?xml version="1.0" encoding="utf-8"?><JIANYANJGXX_OUT><OUTMSG><ERRNO>0</ERRNO><ERRMSG /><MessageID>B95E988F24264DDCAD9483FA9CC5612A</MessageID></OUTMSG><JIANYANJGXX /></JIANYANJGXX_OUT>
2014-11-17 17:15:16,390 -[E1B7B49D3EF64BAE87F53B51B066A632][HIS1.Biz.JIANYANJGXX].IN  <JIANYANJGXX_IN>
<JIANYANID>5436047500</JIANYANID>
</JIANYANJGXX_IN>
2014-11-17 17:15:49,563 -[E1B7B49D3EF64BAE87F53B51B066A632][HIS1.Biz.JIANYANJGXX].OUT <?xml version="1.0" encoding="utf-8"?><JIANYANJGXX_OUT><OUTMSG><ERRNO>-1</ERRNO><ERRMSG>超时时间已到。超时时间已到，但是尚未从池中获取连接。出现这种情况可能是因为所有池连接均在使用，并且达到了最大池大小。</ERRMSG><MessageID>E1B7B49D3EF64BAE87F53B51B066A632</MessageID></OUTMSG><JIANYANJGXX /></JIANYANJGXX_OUT>
2014-11-17 17:16:03,680 -[6ECE77C61FFF4A068BEB3AC2632E063B][HIS1.Biz.JIANYANJGXX].IN  <JIANYANJGXX_IN>
<JIANYANID>5436047500</JIANYANID>
</JIANYANJGXX_IN>
2014-11-17 17:16:49,737 -[6ECE77C61FFF4A068BEB3AC2632E063B][HIS1.Biz.JIANYANJGXX].OUT <?xml version="1.0" encoding="utf-8"?><JIANYANJGXX_OUT><OUTMSG><ERRNO>-1</ERRNO><ERRMSG>超时时间已到。超时时间已到，但是尚未从池中获取连接。出现这种情况可能是因为所有池连接均在使用，并且达到了最大池大小。</ERRMSG><MessageID>6ECE77C61FFF4A068BEB3AC2632E063B</MessageID></OUTMSG><JIANYANJGXX /></JIANYANJGXX_OUT>
2014-11-17 17:16:53,309 -[4D95938A0737406D9FB07C99DCC11A98][HIS1.Biz.JIANYANJGXX].IN  <JIANYANJGXX_IN>
<JIANYANID>5436047500</JIANYANID>
</JIANYANJGXX_IN>
2014-11-17 17:17:11,624 -[4D95938A0737406D9FB07C99DCC11A98][HIS1.Biz.JIANYANJGXX].OUT <?xml version="1.0" encoding="utf-8"?><JIANYANJGXX_OUT><OUTMSG><ERRNO>-1</ERRNO><ERRMSG>ORA-03113: 通信通道的文件结束
</ERRMSG><MessageID>4D95938A0737406D9FB07C99DCC11A98</MessageID></OUTMSG><JIANYANJGXX /></JIANYANJGXX_OUT>
2014-11-17 17:23:25,334 -[01DD336624E74101947404F6046A6021][HIS1.Biz.JIANYANJGXX].IN  <JIANYANJGXX_IN>
<JIANYANID>5436047500</JIANYANID>
</JIANYANJGXX_IN>
2014-11-17 17:23:49,723 -[01DD336624E74101947404F6046A6021][HIS1.Biz.JIANYANJGXX].OUT <?xml version="1.0" encoding="utf-8"?><JIANYANJGXX_OUT><OUTMSG><ERRNO>-1</ERRNO><ERRMSG>ORA-12170: TNS: 连接超时
</ERRMSG><MessageID>01DD336624E74101947404F6046A6021</MessageID></OUTMSG><JIANYANJGXX /></JIANYANJGXX_OUT>
