2014-11-18 09:36:59,615 -[39EB7072F92B478594B6E74FECDB6250][HIS1.Biz.ZHIFUBBDJB].IN  <?xml version="1.0" encoding="utf-8"?><ZHIFUBBDJB_IN><BASEINFO><CAOZUOYDM>ZFB</CAOZUOYDM><CAOZUOYXM>ZFB</CAOZUOYXM><CAOZUORQ>2014-11-17</CAOZUORQ><XITONGBS>2</XITONGBS><FENYUANDM>0</FENYUANDM><MACDZ></MACDZ></BASEINFO><JIUZHENKLX>3</JIUZHENKLX><JIUZHENKH>18989475192</JIUZHENKH><XINGMING>项叶峰</XINGMING><LIANXIDH>18989475192</LIANXIDH><ZHENGJIANLX>1</ZHENGJIANLX><ZHENGJIANHM>33252819930131041X</ZHENGJIANHM><ZHIFUBXYH>20141117013890028227</ZHIFUBXYH><ZHIFUBYHH> p-+RGaCNl0OqFsyU4lQPREwCZeUs1I1MfMeYEyc1Fo92GFG40cpQr0FQ+4fozm4g01
</ZHIFUBYHH><CAOZUORQ>2014-11-17</CAOZUORQ><CAOZUOLX>1</CAOZUOLX><BEIZHUXX>自己</BEIZHUXX></ZHIFUBBDJB_IN>
2014-11-18 09:37:34,266 -[39EB7072F92B478594B6E74FECDB6250][HIS1.Biz.ZHIFUBBDJB].OUT <?xml version="1.0" encoding="utf-8"?><ZHIFUBBDJB_OUT><OUTMSG><ERRNO>-1</ERRNO><ERRMSG>System.Exception: 
    Select b.Ksmc, c.Mzlbmc, a.*
      From Gh_Mzpbk a, Gy_Ksdm b, Gh_Mzlbk c
     Where a.Ksdm = b.Ksdm
       And a.Mzlbxh = c.Mzlbxh
       18989475192
       And a.Rq Between To_Date('33252819930131041X','yyyy-mm-dd hh24:mi:ss') And To_Date('33252819930131041X'||' 23:59:59','yyyy-mm-dd hh24:mi:ss')
       项叶峰
       20141117013890028227
     Order By Nvl(b.Bzdm,'999') Asc
     ---&gt; System.Data.OracleClient.OracleException: ORA-00933: SQL 命令未正确结束

   在 System.Data.OracleClient.OracleConnection.CheckError(OciErrorHandle errorHandle, Int32 rc)
   在 System.Data.OracleClient.OracleCommand.Execute(OciStatementHandle statementHandle, CommandBehavior behavior, Boolean needRowid, OciRowidDescriptor&amp; rowidDescriptor, ArrayList&amp; resultParameterOrdinals)
   在 System.Data.OracleClient.OracleCommand.ExecuteNonQueryInternal(Boolean needRowid, OciRowidDescriptor&amp; rowidDescriptor)
   在 System.Data.OracleClient.OracleCommand.ExecuteNonQuery()
   在 SWSoft.Framework.DBVisitor.ExecuteNonQuery(String cmdText, DbTransaction tran, String connect) 位置 F:\服务平台(银医)\2.服务平台嘉二、嘉中、湖州 版本\SWSoft.Caller\Framework\DBVisitor.cs:行号 86
   --- 内部异常堆栈跟踪的结尾 ---
   在 SWSoft.Framework.DBVisitor.ExecuteNonQuery(String cmdText, DbTransaction tran, String connect) 位置 F:\服务平台(银医)\2.服务平台嘉二、嘉中、湖州 版本\SWSoft.Caller\Framework\DBVisitor.cs:行号 95
   在 HIS1.Biz.ZHIFUBBDJB.ProcessMessage()</ERRMSG><MessageID>39EB7072F92B478594B6E74FECDB6250</MessageID></OUTMSG></ZHIFUBBDJB_OUT>
2014-11-18 09:43:35,350 -[3E315CC19B5B4901930334456AC8A3EC][HIS1.Biz.ZHIFUBBDJB].IN  <?xml version="1.0" encoding="utf-8"?><ZHIFUBBDJB_IN><BASEINFO><CAOZUOYDM>ZFB</CAOZUOYDM><CAOZUOYXM>ZFB</CAOZUOYXM><CAOZUORQ>2014-11-17</CAOZUORQ><XITONGBS>2</XITONGBS><FENYUANDM>0</FENYUANDM><MACDZ></MACDZ></BASEINFO><JIUZHENKLX>3</JIUZHENKLX><JIUZHENKH>18989475192</JIUZHENKH><XINGMING>项叶峰</XINGMING><LIANXIDH>18989475192</LIANXIDH><ZHENGJIANLX>1</ZHENGJIANLX><ZHENGJIANHM>33252819930131041X</ZHENGJIANHM><ZHIFUBXYH>20141117013890028227</ZHIFUBXYH><ZHIFUBYHH> p-+RGaCNl0OqFsyU4lQPREwCZeUs1I1MfMeYEyc1Fo92GFG40cpQr0FQ+4fozm4g01
</ZHIFUBYHH><CAOZUORQ>2014-11-17</CAOZUORQ><CAOZUOLX>1</CAOZUOLX><BEIZHUXX>自己</BEIZHUXX></ZHIFUBBDJB_IN>
2014-11-18 09:43:44,652 -[3E315CC19B5B4901930334456AC8A3EC][HIS1.Biz.ZHIFUBBDJB].OUT <?xml version="1.0" encoding="utf-8"?><ZHIFUBBDJB_OUT><OUTMSG><ERRNO>0</ERRNO><ERRMSG /><MessageID>3E315CC19B5B4901930334456AC8A3EC</MessageID></OUTMSG></ZHIFUBBDJB_OUT>
2014-11-18 09:43:52,119 -[41F8AFDA23B443B0B3CEEE9C9A531728][HIS1.Biz.ZHIFUBBDJB].IN  <?xml version="1.0" encoding="utf-8"?><ZHIFUBBDJB_IN><BASEINFO><CAOZUOYDM>ZFB</CAOZUOYDM><CAOZUOYXM>ZFB</CAOZUOYXM><CAOZUORQ>2014-11-17</CAOZUORQ><XITONGBS>2</XITONGBS><FENYUANDM>0</FENYUANDM><MACDZ></MACDZ></BASEINFO><JIUZHENKLX>3</JIUZHENKLX><JIUZHENKH>18989475192</JIUZHENKH><XINGMING>项叶峰</XINGMING><LIANXIDH>18989475192</LIANXIDH><ZHENGJIANLX>1</ZHENGJIANLX><ZHENGJIANHM>33252819930131041X</ZHENGJIANHM><ZHIFUBXYH>20141117013890028227</ZHIFUBXYH><ZHIFUBYHH> p-+RGaCNl0OqFsyU4lQPREwCZeUs1I1MfMeYEyc1Fo92GFG40cpQr0FQ+4fozm4g01
</ZHIFUBYHH><CAOZUORQ>2014-11-17</CAOZUORQ><CAOZUOLX>1</CAOZUOLX><BEIZHUXX>自己</BEIZHUXX></ZHIFUBBDJB_IN>
2014-11-18 09:44:04,327 -[41F8AFDA23B443B0B3CEEE9C9A531728][HIS1.Biz.ZHIFUBBDJB].OUT <?xml version="1.0" encoding="utf-8"?><ZHIFUBBDJB_OUT><OUTMSG><ERRNO>0</ERRNO><ERRMSG /><MessageID>41F8AFDA23B443B0B3CEEE9C9A531728</MessageID></OUTMSG></ZHIFUBBDJB_OUT>
