2017-03-07 20:19:50,235 -[6FF8D9FF831540C9A0B297AB1420A888][HIS4.Biz.RENYUANXX].IN  <RENYUANXX_IN>
<JIUZHENKLX></JIUZHENKLX>
<JIUZHENKH></JIUZHENKH>
<BINGRENLB></BINGRENLB>
<YILIAOLB></YILIAOLB>
<JIESUANLB></JIESUANLB>
<ZHENGJIANHM>330424198501010020</ZHENGJIANHM>
<JIUZHENRQ>2015-06-24</JIUZHENRQ>
<BASEINFO>
<CAOZUOYDM>DBA</CAOZUOYDM>
<CAOZUOYMM>1</CAOZUOYMM>
<CAOZUOYXM>DBA</CAOZUOYXM>
<CAOZUORQ>2015-06-24 08:08:04</CAOZUORQ>
<XITONGBS>78</XITONGBS>
<FENYUANDM>1</FENYUANDM>
<YIBAO_SZYB>1</YIBAO_SZYB>
<YIBAO_SYKT>2</YIBAO_SYKT>
<YIBAO_HZSYB>3</YIBAO_HZSYB>
<YIBAO_HZSYKT>4</YIBAO_HZSYKT>
<YIHANGK_COM>COM4:19200:E:8:1|0|5|9600|96</YIHANGK_COM>
<DYPT_COM>COM2-38400-E-8-1</DYPT_COM>
</BASEINFO>
</RENYUANXX_IN>
2017-03-07 20:19:50,555 -[6FF8D9FF831540C9A0B297AB1420A888][HIS4.Biz.RENYUANXX].OUT <?xml version="1.0" encoding="utf-8"?><RENYUANXX_OUT><OUTMSG><ERRNO>-1</ERRNO><ERRMSG>ORA-00942: 表或视图不存在
</ERRMSG><ERRMSGEX /><MessageID>6FF8D9FF831540C9A0B297AB1420A888</MessageID></OUTMSG><TESHUBZMX /><CHONGFUJYMX /></RENYUANXX_OUT>
2017-03-07 20:20:32,142 -[5DC2EEE724394A5DBE0AD411C9A70344][HIS4.Biz.RENYUANXX].IN  <RENYUANXX_IN>
<JIUZHENKLX></JIUZHENKLX>
<JIUZHENKH></JIUZHENKH>
<BINGRENLB></BINGRENLB>
<YILIAOLB></YILIAOLB>
<JIESUANLB></JIESUANLB>
<ZHENGJIANHM>330424198501010020</ZHENGJIANHM>
<JIUZHENRQ>2015-06-24</JIUZHENRQ>
<BASEINFO>
<CAOZUOYDM>DBA</CAOZUOYDM>
<CAOZUOYMM>1</CAOZUOYMM>
<CAOZUOYXM>DBA</CAOZUOYXM>
<CAOZUORQ>2015-06-24 08:08:04</CAOZUORQ>
<XITONGBS>78</XITONGBS>
<FENYUANDM>1</FENYUANDM>
<YIBAO_SZYB>1</YIBAO_SZYB>
<YIBAO_SYKT>2</YIBAO_SYKT>
<YIBAO_HZSYB>3</YIBAO_HZSYB>
<YIBAO_HZSYKT>4</YIBAO_HZSYKT>
<YIHANGK_COM>COM4:19200:E:8:1|0|5|9600|96</YIHANGK_COM>
<DYPT_COM>COM2-38400-E-8-1</DYPT_COM>
</BASEINFO>
</RENYUANXX_IN>
2017-03-07 20:22:37,554 -[5DC2EEE724394A5DBE0AD411C9A70344][HIS4.Biz.RENYUANXX].OUT <?xml version="1.0" encoding="utf-8"?><RENYUANXX_OUT><OUTMSG><ERRNO>-1</ERRNO><ERRMSG>ORA-00942: 表或视图不存在
</ERRMSG><ERRMSGEX /><MessageID>5DC2EEE724394A5DBE0AD411C9A70344</MessageID></OUTMSG><TESHUBZMX /><CHONGFUJYMX /></RENYUANXX_OUT>
