2014-10-17 15:41:52,323 -[B1C427A56ACA42CAA36F849FA9C47D32][HIS1.Biz.Request].IN  <Request>
<FunCode>22031</FunCode>
<CardNO>30722197101302820</CardNO>
<HosTranSerNo>106708</HosTranSerNo>
<UserID></UserID>
</Request>

	
2014-10-17 15:43:00,817 -[DAC858DE3C8B48B1B741D9CFFB7E17B6][HIS1.Biz.Request].IN  <Request>
<FunCode>22031</FunCode>
<CardNO>30722197101302820</CardNO>
<HosTranSerNo>106708</HosTranSerNo>
<UserID></UserID>
</Request>

	
2014-10-17 15:45:09,564 -[07E0378785944F6EA0FC18B595B4AF7D][HIS1.Biz.MENZHENCFJL].IN  <MENZHENCFJL_IN>
<BASEINFO>
<CAOZUOYDM>AUTO</CAOZUOYDM>
<CAOZUOYXM/>
<CAOZUORQ>2014-10-14</CAOZUORQ>
<XITONGBS/>
<FENYUANDM>0</FENYUANDM>
<JIGOUDM/>
<JESHOUJGDM/>
<ZHONGDUANJBH>JXZYY01</ZHONGDUANJBH>
<ZHONGDUANLSH>JXZYY0120141014213446</ZHONGDUANLSH>
<MessageId>e2b8172a-1a37-4d88-bbb0-1bc8f14be3d2</MessageId>
</BASEINFO>
 <JIUZHENKH>00033177</JIUZHENKH>
 <YILIAOLB>00</YILIAOLB>
</MENZHENCFJL_IN>
2014-10-17 15:45:12,627 -[07E0378785944F6EA0FC18B595B4AF7D][HIS1.Biz.MENZHENCFJL].OUT <?xml version="1.0" encoding="utf-8"?><MENZHENCFJL_OUT><OUTMSG><ERRNO>0</ERRNO><ERRMSG /><ERRMSGEX /><ZHONGDUANLSH>JXZYY0120141014213446</ZHONGDUANLSH><ZHONGDUANJBH>JXZYY01</ZHONGDUANJBH><MessageID>07E0378785944F6EA0FC18B595B4AF7D</MessageID></OUTMSG><FEIYONGMXTS>2</FEIYONGMXTS><CHUFANGJL><CHUFANGJL><CHUFANGID /><CHUFANGLB>1</CHUFANGLB><CHUFANGRQ>2013-01-21T13:51:56</CHUFANGRQ><CHUFANGMC /><JIUZHENKS>0203</JIUZHENKS><JIUZHENYS /></CHUFANGJL><CHUFANGJL><CHUFANGID /><CHUFANGLB>1</CHUFANGLB><CHUFANGRQ>2013-01-21T13:51:56</CHUFANGRQ><CHUFANGMC /><JIUZHENKS>0203</JIUZHENKS><JIUZHENYS /></CHUFANGJL></CHUFANGJL></MENZHENCFJL_OUT>
2014-10-17 15:45:12,950 -[9B57C117C8B3448EB2D31DDEF037C887][HIS1.Biz.MENZHENCFJL].IN  <MENZHENCFJL_IN>
<BASEINFO>
<CAOZUOYDM>AUTO</CAOZUOYDM>
<CAOZUOYXM/>
<CAOZUORQ>2014-10-14</CAOZUORQ>
<XITONGBS/>
<FENYUANDM>0</FENYUANDM>
<JIGOUDM/>
<JESHOUJGDM/>
<ZHONGDUANJBH>JXZYY01</ZHONGDUANJBH>
<ZHONGDUANLSH>JXZYY0120141014213446</ZHONGDUANLSH>
<MessageId>e2b8172a-1a37-4d88-bbb0-1bc8f14be3d2</MessageId>
</BASEINFO>
 <JIUZHENKH>00033177</JIUZHENKH>
 <YILIAOLB>00</YILIAOLB>
</MENZHENCFJL_IN>
2014-10-17 15:45:12,960 -[9B57C117C8B3448EB2D31DDEF037C887][HIS1.Biz.MENZHENCFJL].OUT <?xml version="1.0" encoding="utf-8"?><MENZHENCFJL_OUT><OUTMSG><ERRNO>0</ERRNO><ERRMSG /><ERRMSGEX /><ZHONGDUANLSH>JXZYY0120141014213446</ZHONGDUANLSH><ZHONGDUANJBH>JXZYY01</ZHONGDUANJBH><MessageID>9B57C117C8B3448EB2D31DDEF037C887</MessageID></OUTMSG><FEIYONGMXTS>2</FEIYONGMXTS><CHUFANGJL><CHUFANGJL><CHUFANGID /><CHUFANGLB>1</CHUFANGLB><CHUFANGRQ>2013-01-21T13:51:56</CHUFANGRQ><CHUFANGMC /><JIUZHENKS>0203</JIUZHENKS><JIUZHENYS /></CHUFANGJL><CHUFANGJL><CHUFANGID /><CHUFANGLB>1</CHUFANGLB><CHUFANGRQ>2013-01-21T13:51:56</CHUFANGRQ><CHUFANGMC /><JIUZHENKS>0203</JIUZHENKS><JIUZHENYS /></CHUFANGJL></CHUFANGJL></MENZHENCFJL_OUT>
2014-10-17 15:47:15,859 -[2049832B228D475699F312DA397D0402][HIS1.Biz.MENZHENCFJL].IN  <MENZHENCFJL_IN>
<BASEINFO>
<CAOZUOYDM>AUTO</CAOZUOYDM>
<CAOZUOYXM/>
<CAOZUORQ>2014-10-14</CAOZUORQ>
<XITONGBS/>
<FENYUANDM>0</FENYUANDM>
<JIGOUDM/>
<JESHOUJGDM/>
<ZHONGDUANJBH>JXZYY01</ZHONGDUANJBH>
<ZHONGDUANLSH>JXZYY0120141014213446</ZHONGDUANLSH>
<MessageId>e2b8172a-1a37-4d88-bbb0-1bc8f14be3d2</MessageId>
</BASEINFO>
 <JIUZHENKH>00033177</JIUZHENKH>
 <YILIAOLB>00</YILIAOLB>
</MENZHENCFJL_IN>
2014-10-17 15:47:15,868 -[2049832B228D475699F312DA397D0402][HIS1.Biz.MENZHENCFJL].OUT <?xml version="1.0" encoding="utf-8"?><MENZHENCFJL_OUT><OUTMSG><ERRNO>0</ERRNO><ERRMSG /><ERRMSGEX /><ZHONGDUANLSH>JXZYY0120141014213446</ZHONGDUANLSH><ZHONGDUANJBH>JXZYY01</ZHONGDUANJBH><MessageID>2049832B228D475699F312DA397D0402</MessageID></OUTMSG><FEIYONGMXTS>2</FEIYONGMXTS><CHUFANGJL><CHUFANGJL><CHUFANGID /><CHUFANGLB>1</CHUFANGLB><CHUFANGRQ>2013-01-21T13:51:56</CHUFANGRQ><CHUFANGMC /><JIUZHENKS>0203</JIUZHENKS><JIUZHENYS /></CHUFANGJL><CHUFANGJL><CHUFANGID /><CHUFANGLB>1</CHUFANGLB><CHUFANGRQ>2013-01-21T13:51:56</CHUFANGRQ><CHUFANGMC /><JIUZHENKS>0203</JIUZHENKS><JIUZHENYS /></CHUFANGJL></CHUFANGJL></MENZHENCFJL_OUT>
2014-10-17 15:47:35,488 -[7213AB35F2454BDF8775AF702DA3E6EC][HIS1.Biz.Request].IN  <Request>
<FunCode>22031</FunCode>
<CardNO>30722197101302820</CardNO>
<HosTranSerNo>106708</HosTranSerNo>
<UserID></UserID>
</Request>

2014-10-17 15:49:28,427 -[12CD1199916741AE919F112D76ED2ED6][HIS1.Biz.Request].IN  <Request>
<FunCode>22031</FunCode>
<CardNO>30722197101302820</CardNO>
<HosTranSerNo>106708</HosTranSerNo>
<UserID></UserID>
</Request>

2014-10-17 15:54:11,262 -[26E321399C03466FA0CFFC00230956AB][HIS1.Biz.Request].IN  <Request>
<FunCode>2202</FunCode>
<TypeID></TypeID>
<DeptID></DeptID>
<UserID></UserID>
</Request>

2014-10-17 15:57:27,687 -[B65E1FF7A6A04DAD93ACC38E9C418A61][HIS1.Biz.MENZHENCFJL].IN  <MENZHENCFJL_IN>
	<BASEINFO>
		<CAOZUOYDM>AUTO</CAOZUOYDM>
		<CAOZUOYXM/>
		<CAOZUORQ>2014-10-14</CAOZUORQ>
		<XITONGBS/>
		<FENYUANDM>0</FENYUANDM>
		<JIGOUDM/>
		<JESHOUJGDM/>
		<ZHONGDUANJBH>JXZYY01</ZHONGDUANJBH>
		<ZHONGDUANLSH>JXZYY0120141014213446</ZHONGDUANLSH>
		<MessageId>e2b8172a-1a37-4d88-bbb0-1bc8f14be3d2</MessageId>
	</BASEINFO>
	 <JIUZHENKH>00033177</JIUZHENKH>
	 <YILIAOLB>00</YILIAOLB>
</MENZHENCFJL_IN>
2014-10-17 15:57:27,843 -[B65E1FF7A6A04DAD93ACC38E9C418A61][HIS1.Biz.MENZHENCFJL].OUT <?xml version="1.0" encoding="utf-8"?><MENZHENCFJL_OUT><OUTMSG><ERRNO>0</ERRNO><ERRMSG /><ERRMSGEX /><ZHONGDUANLSH>JXZYY0120141014213446</ZHONGDUANLSH><ZHONGDUANJBH>JXZYY01</ZHONGDUANJBH><MessageID>B65E1FF7A6A04DAD93ACC38E9C418A61</MessageID></OUTMSG><FEIYONGMXTS>2</FEIYONGMXTS><CHUFANGJL><CHUFANGJL><CHUFANGID /><CHUFANGLB>1</CHUFANGLB><CHUFANGRQ>2013-01-21T13:51:56</CHUFANGRQ><CHUFANGMC /><JIUZHENKS>0203</JIUZHENKS><JIUZHENYS /></CHUFANGJL><CHUFANGJL><CHUFANGID /><CHUFANGLB>1</CHUFANGLB><CHUFANGRQ>2013-01-21T13:51:56</CHUFANGRQ><CHUFANGMC /><JIUZHENKS>0203</JIUZHENKS><JIUZHENYS /></CHUFANGJL></CHUFANGJL></MENZHENCFJL_OUT>
2014-10-17 15:57:36,687 -[1489C3649041411CBC1F0EE8737C044C][HIS1.Biz.Request].IN  <Request>
<FunCode>2202</FunCode>
<TypeID></TypeID>
<DeptID></DeptID>
<UserID></UserID>
</Request>

2014-10-17 15:59:59,500 -[280089FA2033482597F0FE13FCC522BF][HIS1.Biz.Request].IN  <Request>
<FunCode>2202</FunCode>
<TypeID></TypeID>
<DeptID></DeptID>
<UserID></UserID>
</Request>

