2014-10-17 14:01:31,990 -[FDEEE1863390456F85A37749E5E99E16][HIS1.Biz.MENZHENCFJL].IN  <MENZHENCFJL_IN>
	<BASEINFO>
		<CAOZUOYDM>AUTO</CAOZUOYDM>
		<CAOZUOYXM/>
		<CAOZUORQ>2014-10-14</CAOZUORQ>
		<XITONGBS/>
		<FENYUANDM>0</FENYUANDM>
		<JIGOUDM/>
		<JESHOUJGDM/>
		<ZHONGDUANJBH>JXZYY01</ZHONGDUANJBH>
		<ZHONGDUANLSH>JXZYY0120141014213446</ZHONGDUANLSH>
		<MessageId>e2b8172a-1a37-4d88-bbb0-1bc8f14be3d2</MessageId>
	</BASEINFO>
	 <JIUZHENKH>00033177</JIUZHENKH>
	 <YILIAOLB>00</YILIAOLB>
</MENZHENCFJL_IN>
2014-10-17 14:02:18,761 -[FDEEE1863390456F85A37749E5E99E16][HIS1.Biz.MENZHENCFJL].OUT <?xml version="1.0" encoding="utf-8"?><MENZHENCFJL_OUT><OUTMSG><ERRNO>-1</ERRNO><ERRMSG>超时时间已到。超时时间已到，但是尚未从池中获取连接。出现这种情况可能是因为所有池连接均在使用，并且达到了最大池大小。</ERRMSG><ZHONGDUANLSH>JXZYY0120141014213446</ZHONGDUANLSH><ZHONGDUANJBH>JXZYY01</ZHONGDUANJBH><MessageID>FDEEE1863390456F85A37749E5E99E16</MessageID></OUTMSG><FEIYONGMXTS>0</FEIYONGMXTS><CHUFANGJL /></MENZHENCFJL_OUT>
2014-10-17 14:04:02,405 -[46CEF4895E4846CA84989F53495AFC22][HIS1.Biz.MENZHENCFJL].IN  <MENZHENCFJL_IN>
	<BASEINFO>
		<CAOZUOYDM>AUTO</CAOZUOYDM>
		<CAOZUOYXM/>
		<CAOZUORQ>2014-10-14</CAOZUORQ>
		<XITONGBS/>
		<FENYUANDM>0</FENYUANDM>
		<JIGOUDM/>
		<JESHOUJGDM/>
		<ZHONGDUANJBH>JXZYY01</ZHONGDUANJBH>
		<ZHONGDUANLSH>JXZYY0120141014213446</ZHONGDUANLSH>
		<MessageId>e2b8172a-1a37-4d88-bbb0-1bc8f14be3d2</MessageId>
	</BASEINFO>
	 <JIUZHENKH>00033177</JIUZHENKH>
	 <YILIAOLB>00</YILIAOLB>
</MENZHENCFJL_IN>
2014-10-17 14:04:15,277 -[46CEF4895E4846CA84989F53495AFC22][HIS1.Biz.MENZHENCFJL].OUT <?xml version="1.0" encoding="utf-8"?><MENZHENCFJL_OUT><OUTMSG><ERRNO>0</ERRNO><ERRMSG /><ERRMSGEX /><ZHONGDUANLSH>JXZYY0120141014213446</ZHONGDUANLSH><ZHONGDUANJBH>JXZYY01</ZHONGDUANJBH><MessageID>46CEF4895E4846CA84989F53495AFC22</MessageID></OUTMSG><FEIYONGMXTS>2</FEIYONGMXTS><CHUFANGJL><CHUFANGJL><CHUFANGID /><CHUFANGLB>1</CHUFANGLB><CHUFANGRQ>2013-01-21T13:51:56</CHUFANGRQ><CHUFANGMC /><JIUZHENKS>0203</JIUZHENKS><JIUZHENYS /></CHUFANGJL><CHUFANGJL><CHUFANGID /><CHUFANGLB>1</CHUFANGLB><CHUFANGRQ>2013-01-21T13:51:56</CHUFANGRQ><CHUFANGMC /><JIUZHENKS>0203</JIUZHENKS><JIUZHENYS /></CHUFANGJL></CHUFANGJL></MENZHENCFJL_OUT>
2014-10-17 14:08:53,457 -[50BCB5C9DC6A4F20BF984C41DDABEE6E][HIS1.Biz.MENZHENCFJL].IN  <MENZHENCFJL_IN>
	<BASEINFO>
		<CAOZUOYDM>AUTO</CAOZUOYDM>
		<CAOZUOYXM/>
		<CAOZUORQ>2014-10-14</CAOZUORQ>
		<XITONGBS/>
		<FENYUANDM>0</FENYUANDM>
		<JIGOUDM/>
		<JESHOUJGDM/>
		<ZHONGDUANJBH>JXZYY01</ZHONGDUANJBH>
		<ZHONGDUANLSH>JXZYY0120141014213446</ZHONGDUANLSH>
		<MessageId>e2b8172a-1a37-4d88-bbb0-1bc8f14be3d2</MessageId>
	</BASEINFO>
	 <JIUZHENKH>00033177</JIUZHENKH>
	 <YILIAOLB>00</YILIAOLB>
</MENZHENCFJL_IN>
2014-10-17 14:08:56,181 -[50BCB5C9DC6A4F20BF984C41DDABEE6E][HIS1.Biz.MENZHENCFJL].OUT <?xml version="1.0" encoding="utf-8"?><MENZHENCFJL_OUT><OUTMSG><ERRNO>0</ERRNO><ERRMSG /><ERRMSGEX /><ZHONGDUANLSH>JXZYY0120141014213446</ZHONGDUANLSH><ZHONGDUANJBH>JXZYY01</ZHONGDUANJBH><MessageID>50BCB5C9DC6A4F20BF984C41DDABEE6E</MessageID></OUTMSG><FEIYONGMXTS>2</FEIYONGMXTS><CHUFANGJL><CHUFANGJL><CHUFANGID /><CHUFANGLB>1</CHUFANGLB><CHUFANGRQ>2013-01-21T13:51:56</CHUFANGRQ><CHUFANGMC /><JIUZHENKS>0203</JIUZHENKS><JIUZHENYS /></CHUFANGJL><CHUFANGJL><CHUFANGID /><CHUFANGLB>1</CHUFANGLB><CHUFANGRQ>2013-01-21T13:51:56</CHUFANGRQ><CHUFANGMC /><JIUZHENKS>0203</JIUZHENKS><JIUZHENYS /></CHUFANGJL></CHUFANGJL></MENZHENCFJL_OUT>
