2014-12-18 18:35:47,560 -
    Select Jzkh,
    Brlb,
    Brxzdm,
    Ybkh,
    Zh,
    Bah,
    Xm,
    Xb,
    Mz,
    Csrq,
    '1' ZHENGJIANLX,
    Sfzh,
    '' DANWEILX,
    Dwbh,
    Dwmc,
    Jtzz,
    Ybryxz,
    lxdh,
    yinhangkh,
    qianyuebz,
    khbz,
    ybryxx,
    ybkxx,
    v_accno,
    bright,
    empiid
    From gy_brjbxxk 　　
    Where Jzkh = '1921292651' or Sfzh='1921292651'
  

2014-12-18 18:35:53,279 -
    Select Jzkh,
    Brlb,
    Brxzdm,
    Ybkh,
    Zh,
    Bah,
    Xm,
    Xb,
    Mz,
    Csrq,
    '1' ZHENGJIANLX,
    Sfzh,
    '' DANWEILX,
    Dwbh,
    Dwmc,
    Jtzz,
    Ybryxz,
    lxdh,
    yinhangkh,
    qianyuebz,
    khbz,
    ybryxx,
    ybkxx,
    v_accno,
    bright,
    empiid
    From gy_brjbxxk 　　
    Where Jzkh = '1921292651' or Sfzh='1921292651'
  

2014-12-18 18:35:55,133 -
    Select Jzkh,
    Brlb,
    Brxzdm,
    Ybkh,
    Zh,
    Bah,
    Xm,
    Xb,
    Mz,
    Csrq,
    '1' ZHENGJIANLX,
    Sfzh,
    '' DANWEILX,
    Dwbh,
    Dwmc,
    Jtzz,
    Ybryxz,
    lxdh,
    yinhangkh,
    qianyuebz,
    khbz,
    ybryxx,
    ybkxx,
    v_accno,
    bright,
    empiid
    From gy_brjbxxk 　　
    Where Jzkh = '1921292651' or Sfzh='1921292651'
  

2014-12-18 18:35:56,724 -
    Select Jzkh,
    Brlb,
    Brxzdm,
    Ybkh,
    Zh,
    Bah,
    Xm,
    Xb,
    Mz,
    Csrq,
    '1' ZHENGJIANLX,
    Sfzh,
    '' DANWEILX,
    Dwbh,
    Dwmc,
    Jtzz,
    Ybryxz,
    lxdh,
    yinhangkh,
    qianyuebz,
    khbz,
    ybryxx,
    ybkxx,
    v_accno,
    bright,
    empiid
    From gy_brjbxxk 　　
    Where Jzkh = '1921292651' or Sfzh='1921292651'
  

2014-12-18 18:35:58,782 -
    Select Jzkh,
    Brlb,
    Brxzdm,
    Ybkh,
    Zh,
    Bah,
    Xm,
    Xb,
    Mz,
    Csrq,
    '1' ZHENGJIANLX,
    Sfzh,
    '' DANWEILX,
    Dwbh,
    Dwmc,
    Jtzz,
    Ybryxz,
    lxdh,
    yinhangkh,
    qianyuebz,
    khbz,
    ybryxx,
    ybkxx,
    v_accno,
    bright,
    empiid
    From gy_brjbxxk 　　
    Where Jzkh = '1921292651' or Sfzh='1921292651'
  

2014-12-18 18:36:16,390 -
    Select Jzkh,
    Brlb,
    Brxzdm,
    Ybkh,
    Zh,
    Bah,
    Xm,
    Xb,
    Mz,
    Csrq,
    '1' ZHENGJIANLX,
    Sfzh,
    '' DANWEILX,
    Dwbh,
    Dwmc,
    Jtzz,
    Ybryxz,
    lxdh,
    yinhangkh,
    qianyuebz,
    khbz,
    ybryxx,
    ybkxx,
    v_accno,
    bright,
    empiid
    From gy_brjbxxk 　　
    Where Jzkh = '1921292651' or Sfzh='1921292651'
  

2014-12-18 18:36:16,612 -
    Select Jzkh,
    Brlb,
    Brxzdm,
    Ybkh,
    Zh,
    Bah,
    Xm,
    Xb,
    Mz,
    Csrq,
    '1' ZHENGJIANLX,
    Sfzh,
    '' DANWEILX,
    Dwbh,
    Dwmc,
    Jtzz,
    Ybryxz,
    lxdh,
    yinhangkh,
    qianyuebz,
    khbz,
    ybryxx,
    ybkxx,
    v_accno,
    bright,
    empiid
    From gy_brjbxxk 　　
    Where Jzkh = '' or Sfzh=''
  

2014-12-18 18:36:16,688 -
    Select Jzkh,
    Brlb,
    Brxzdm,
    Ybkh,
    Zh,
    Bah,
    Xm,
    Xb,
    Mz,
    Csrq,
    '1' ZHENGJIANLX,
    Sfzh,
    '' DANWEILX,
    Dwbh,
    Dwmc,
    Jtzz,
    Ybryxz,
    lxdh,
    yinhangkh,
    qianyuebz,
    khbz,
    ybryxx,
    ybkxx,
    v_accno,
    bright,
    empiid
    From gy_brjbxxk 　　
    Where Jzkh = '1921292651' or Sfzh='1921292651'
  

2014-12-18 18:36:16,785 -
    Select Jzkh,
    Brlb,
    Brxzdm,
    Ybkh,
    Zh,
    Bah,
    Xm,
    Xb,
    Mz,
    Csrq,
    '1' ZHENGJIANLX,
    Sfzh,
    '' DANWEILX,
    Dwbh,
    Dwmc,
    Jtzz,
    Ybryxz,
    lxdh,
    yinhangkh,
    qianyuebz,
    khbz,
    ybryxx,
    ybkxx,
    v_accno,
    bright,
    empiid
    From gy_brjbxxk 　　
    Where Jzkh = '1921292651' or Sfzh='1921292651'
  

2014-12-18 18:36:17,075 -
    Select Jzkh,
    Brlb,
    Brxzdm,
    Ybkh,
    Zh,
    Bah,
    Xm,
    Xb,
    Mz,
    Csrq,
    '1' ZHENGJIANLX,
    Sfzh,
    '' DANWEILX,
    Dwbh,
    Dwmc,
    Jtzz,
    Ybryxz,
    lxdh,
    yinhangkh,
    qianyuebz,
    khbz,
    ybryxx,
    ybkxx,
    v_accno,
    bright,
    empiid
    From gy_brjbxxk 　　
    Where Jzkh = '' or Sfzh=''
  

2014-12-18 18:36:17,200 -
    Select Jzkh,
    Brlb,
    Brxzdm,
    Ybkh,
    Zh,
    Bah,
    Xm,
    Xb,
    Mz,
    Csrq,
    '1' ZHENGJIANLX,
    Sfzh,
    '' DANWEILX,
    Dwbh,
    Dwmc,
    Jtzz,
    Ybryxz,
    lxdh,
    yinhangkh,
    qianyuebz,
    khbz,
    ybryxx,
    ybkxx,
    v_accno,
    bright,
    empiid
    From gy_brjbxxk 　　
    Where Jzkh = '' or Sfzh=''
  

2014-12-18 18:36:17,546 -
    Select Jzkh,
    Brlb,
    Brxzdm,
    Ybkh,
    Zh,
    Bah,
    Xm,
    Xb,
    Mz,
    Csrq,
    '1' ZHENGJIANLX,
    Sfzh,
    '' DANWEILX,
    Dwbh,
    Dwmc,
    Jtzz,
    Ybryxz,
    lxdh,
    yinhangkh,
    qianyuebz,
    khbz,
    ybryxx,
    ybkxx,
    v_accno,
    bright,
    empiid
    From gy_brjbxxk 　　
    Where Jzkh = '1921292651' or Sfzh='1921292651'
  

2014-12-18 18:36:17,591 -
    Select Jzkh,
    Brlb,
    Brxzdm,
    Ybkh,
    Zh,
    Bah,
    Xm,
    Xb,
    Mz,
    Csrq,
    '1' ZHENGJIANLX,
    Sfzh,
    '' DANWEILX,
    Dwbh,
    Dwmc,
    Jtzz,
    Ybryxz,
    lxdh,
    yinhangkh,
    qianyuebz,
    khbz,
    ybryxx,
    ybkxx,
    v_accno,
    bright,
    empiid
    From gy_brjbxxk 　　
    Where Jzkh = '' or Sfzh=''
  

2014-12-18 18:36:17,738 -
    Select Jzkh,
    Brlb,
    Brxzdm,
    Ybkh,
    Zh,
    Bah,
    Xm,
    Xb,
    Mz,
    Csrq,
    '1' ZHENGJIANLX,
    Sfzh,
    '' DANWEILX,
    Dwbh,
    Dwmc,
    Jtzz,
    Ybryxz,
    lxdh,
    yinhangkh,
    qianyuebz,
    khbz,
    ybryxx,
    ybkxx,
    v_accno,
    bright,
    empiid
    From gy_brjbxxk 　　
    Where Jzkh = '' or Sfzh=''
  

2014-12-18 18:36:18,253 -
    Select Jzkh,
    Brlb,
    Brxzdm,
    Ybkh,
    Zh,
    Bah,
    Xm,
    Xb,
    Mz,
    Csrq,
    '1' ZHENGJIANLX,
    Sfzh,
    '' DANWEILX,
    Dwbh,
    Dwmc,
    Jtzz,
    Ybryxz,
    lxdh,
    yinhangkh,
    qianyuebz,
    khbz,
    ybryxx,
    ybkxx,
    v_accno,
    bright,
    empiid
    From gy_brjbxxk 　　
    Where Jzkh = '1921292651' or Sfzh='1921292651'
  

2014-12-18 18:36:18,718 -
    Select Jzkh,
    Brlb,
    Brxzdm,
    Ybkh,
    Zh,
    Bah,
    Xm,
    Xb,
    Mz,
    Csrq,
    '1' ZHENGJIANLX,
    Sfzh,
    '' DANWEILX,
    Dwbh,
    Dwmc,
    Jtzz,
    Ybryxz,
    lxdh,
    yinhangkh,
    qianyuebz,
    khbz,
    ybryxx,
    ybkxx,
    v_accno,
    bright,
    empiid
    From gy_brjbxxk 　　
    Where Jzkh = '1921292651' or Sfzh='1921292651'
  

