2014-11-21 15:04:10,617 -
SELECT *  FROM Gy_Brjbxxk
	WHERE  Jzkh = '15869156441'
    And  Nvl(zfpb,0) = 0
    And RowNum = 1


2014-11-21 15:04:12,210 -
Select *
  From Gh_Mzyyk
 Where yyxh = '891829' and jzkh='15869156441' and checkid is null Or checkid='891829' 


2014-11-21 15:05:08,652 -
SELECT *  FROM Gy_Brjbxxk
	WHERE  Jzkh = '15869156441'
    And  Nvl(zfpb,0) = 0
    And RowNum = 1


2014-11-21 15:05:09,972 -
Select *
  From Gh_Mzyyk
 Where yyxh = '891829' and jzkh='15869156441' and checkid is null Or checkid='891829' 


2014-11-21 15:05:17,931 -
Select Jlxh
  From Gh_Mzpbk
 Where Rq between to_date('2014-11-21','yyyy-mm-dd') and to_date('2014-11-21 23:59:59','yyyy-mm-dd hh24:mi:ss')
   And Ksdm = '111'
   And Nvl(Ysgh, '*') = '*'
   And Mzlbxh = '1'
   


2014-11-21 15:05:21,372 -
SELECT *  FROM Gy_Ksdm
	WHERE  Ksdm = '111'


2014-11-21 15:05:23,015 -
Select *      
  From Gy_Zgxx
 Where Zgid = '*'


2014-11-21 15:05:25,479 -
  Select Jlxh
  From Gh_Mbzhgl
 Where Xq =
       Decode(To_Number(To_Char(To_Date('2014-11-21', 'yyyy-mm-dd HH24:MI:SS'), 'd')) - 1,
              0,
              7,
              To_Number(To_Char(To_Date('2014-11-21', 'yyyy-mm-dd HH24:MI:SS'), 'd')) - 1)
   And To_Date('2014-11-21', 'yyyy-mm-dd HH24:MI:SS') Between Ksrq And Jsrq
   And Ksdm = '111'
   And (nvl(Ysgh,'*') = '*')
   And (('1' = '0' And Nvl(Swjsh, 0) < 0 And Nvl(Xwjsh, 0) < 0) Or
       ('1' = '1' And Nvl(Swjsh, 0) < 0) Or ('1' = '2' And Nvl(Xwjsh, 0) < 0))
   And Nvl(Zfpb, 0) <> 1
   


2014-11-21 15:05:31,968 -
Select *
  From gy_xtcs
 Where xtxh = '23'
 and csmc = 'SAT'


2014-11-21 15:05:31,974 -
Select *
  From gy_xtcs
 Where xtxh = '23'
 and csmc = 'SUN'


2014-11-21 15:05:31,980 -
    select count(*) jjr from mz_jjr where to_char(rq,'YYYY-MM-DD') = '2014-11-21'


2014-11-21 15:05:31,985 -
Select *      
  From Gh_Mzlbk
 Where Mzlbxh = '1'


2014-11-21 15:05:31,989 -
Select *
  From Gy_Ylsf
 Where Ylxh = '36233'


2014-11-21 15:05:31,997 -
    select * from gh_mzlbk where ghf_ylxh='20001'and mzlbxh='1'


2014-11-21 15:05:41,525 -
　　　　UPDATE GY_xhb SET dqz = dqz + zz WHERE bm = 'MZ_MZSFK1'


2014-11-21 15:05:41,564 -
Select *
  From gy_xtcs
 Where xtxh = '23'
 and csmc = 'SXWSJ'


2014-11-21 15:05:41,629 -
Select *
  From gy_xtcs
 Where xtxh = '23'
 and csmc = 'PBSJ'


2014-11-21 15:05:41,633 -
    select count(*) jjr from mz_jjr where to_char(rq,'YYYY-MM-DD') = '2014-11-21'


2014-11-21 15:05:41,638 -
Select *
  From gy_xtcs
 Where xtxh = '23'
 and csmc = 'PTZJZSJ'


2014-11-21 15:05:41,642 -
  Select Distinct Jlxh, Ksdm, Ysgh, Mzlbxh, Sjlb
    From (Select Jlxh, 1 Sjlb, Ksdm, Mzlbxh, nvl(Ysgh,'*') ysgh
            From Gh_Mzpbk
            Where Nvl(Swjsh, 0) >= 0
              --And Ysgh Is Not Null
            And To_Char(Rq, 'yyyy-mm-dd') = '2014-11-21'
          Union All
          Select Jlxh, 2 Sjlb, Ksdm, Mzlbxh, Ysgh
          From Gh_Mzpbk
          Where Nvl(Xwjsh, 0) >= 0
          --And Ysgh Is Not Null
          And To_Char(Rq, 'yyyy-mm-dd') = '2014-11-21')
  Where ('1' = '0' Or Sjlb = '1')
  And ('111' = '*' Or Ksdm = '111')
  And ( '*' = '*' and mzlbxh = 1 or ysgh <> '*' and Ysgh = '*')
  Order By Jlxh


2014-11-21 15:05:41,649 -
Select *
  From gy_xtcs
 Where xtxh = '23'
 and csmc = 'SAT'


2014-11-21 15:05:41,654 -
Select *
  From gy_xtcs
 Where xtxh = '23'
 and csmc = 'SUN'


2014-11-21 15:05:41,659 -
    select count(*) jjr from mz_jjr where to_char(rq,'YYYY-MM-DD') = '2014-11-21'


2014-11-21 15:05:41,663 -
Select *      
  From Gh_Mzlbk
 Where Mzlbxh = '1'


2014-11-21 15:05:41,668 -
Select *
  From Gy_Ylsf
 Where Ylxh = '36233'


2014-11-21 15:05:41,676 -
    select * from gh_mzlbk where ghf_ylxh='20001'and mzlbxh='1'


2014-11-21 15:05:41,681 -select yydm from gy_hospital_v

2014-11-21 15:05:41,685 -
Select *
  From gy_xtcs
 Where xtxh = '0'
 and csmc = 'MZXHB_SEQU'


2014-11-21 15:05:41,693 -
UPDATE GY_xhb SET dqz = dqz + zz 
	WHERE  bm = 'GH_GHK'


2014-11-21 15:05:41,719 -
SELECT dqz  FROM GY_xhb 
	WHERE  bm = 'GH_GHK'


2014-11-21 15:05:41,836 -
Select Jlxh
  From Gh_Mzpbk
 Where Rq between to_date('2014-11-21','yyyy-mm-dd') and to_date('2014-11-21 23:59:59','yyyy-mm-dd hh24:mi:ss')
   And Ksdm = '111'
   And Nvl(Ysgh, '*') = '*'
   And Mzlbxh = '1'
   


2014-11-21 15:05:41,841 -
    Select seq_yj_yjk1_yjsb.nextval GHXH From Dual


2014-11-21 15:05:41,847 -
Insert Into Yj_Yjk1(Yjsb,   Jzkh,   Brxm,   Sjysgh,  Sjksdm,  Kdsj,     Sjsj,   Mzpb,     Ghxh,   Jzxh,   czgh,
                    Fybh)
            values ('17871082',  '15869156441',  '杨林',  '*',  '111',    to_date('2014-11-21','yyyy-mm-dd hh24:mi:ss'),    to_date('2014-11-21 15:05:41','yyyy-mm-dd hh24:mi:ss'),  '1',    '8761659',  '-1',  'ZFB',
                    '0')


2014-11-21 15:05:41,853 -
Insert Into Yj_Yjk2(Yjsb,   Ylxh,   Dj,     Sl,     Fygb,     Zfbl,     Zxysgh, Zxksdm,   Brxz,   requestmode,Fybh)
            values ('17871082',  '36233',  '10',  '1',  '15',    '1',    '*',  '111',    '0',  '0',      '0')


2014-11-21 15:05:41,858 -
Insert Into Gh_Ghk( Jlxh,   Jzkh,   Brxm,   Jzcs,   Brlb,   Brxz,     Dwbh,   Mzlbxh,   Ksdm,   Ghrq,   Pbxh,
							      Ghxh,   Ysgh,   Sjlb,   Ghf,    Zlf,    Zlfds,    Czgh,   Thbz,     Czrq,   Ybkh,   Jzje,
                    Ickje,  Lnzhje, Tcjjje, Zbbzje, Gfzh,   Blkh,     Fsjbz,   Fsjjzje, Fphm,   Ghlb,   Bjdybz,
							      ybryxz, ybdwbh, jzsjqy, Fybh,   yylb,   yhkje,    FYZE,    JGBM)
            values ('8761659',  '15869156441',  '杨林',  '1',  '1',  '0',    '',  '1',    '111',  to_date('2014-11-21 15:05:41','yyyy-mm-dd hh24:mi:ss'),  '234390',
                    '4', '', '1', '0', '0', '1',   'ZFB', '0',   sysdate, '', '0',
                    '0', '0', '0', '0', '', '',   '0', '0',   '', '1', '0',
                    '', '', '', '0', '12', '',   '10',  '')


2014-11-21 15:05:41,864 -
Update Gh_Mzyyk Set Zt = '1',Jlxh = '8761659',yyqrrq = decode('2014-11-21',null,null,To_date('2014-11-21','yyyy-mm-dd hh24:mi:ss')),cxgh = '',yycxrq = decode('',null,null,To_date('','yyyy-mm-dd hh24:mi:ss'))
 Where (yyxh = '891829' and  checkid is null Or checkid='891829')
   And Nvl(Zt,0) = 0


2014-11-21 15:05:41,870 -select yydm from gy_hospital_v

2014-11-21 15:05:41,875 -
　　　　Insert Into Mz_Mzsfk1
　　  (Sfsb,--收费识别
　　   Fphm,--发票号码
　　   Sfrq,--收费日期
　　   Jzkh,--就诊卡号
　　   Fyzh,--费用证号(即个人编号)
　　   Brxm,--病人姓名
　　   Brxzdm,--病人性质代码
　　   Fydw,--即单位编号
　　   Xj,--现金
　　   Zpje,--支票金额
　　   Qtsffs,--收费方式
　　   Qtsfje,--收费金额
　　   Zphm,--支票号码
　　   Bzdm,--重症疾病代码(可为0)
　　   Czgh,--操作工号
　　   Zydhm,--【目前不明】
　　   Gzdwmc,--规定单位名称
　　   Brlb,--病人类别
　　   Sxj,--收现金(可为0)
　　   Zxj,--找现金(可为0)
　　   Yjje,--
　　   Ghlb,--挂号类别(指特殊收费、特病等)
　　   Qyck,--取药窗口
　　   Ybkh,--医保卡号
　　   Zfje,--自负金额
　　   Zlje,--自理金额
　　   Ickje,--当年账户金额
　　   Lnzhje,--历年账户金额
　　   Jzje,--记账金额
　　   Tcjjje,--统筹基金金额
　　   Zbbzje,--重病补助金额
　　   Ybryxz,--医保人员性质
　　   Ybdwbh,--医保单位编号
　　   Wkdz,--网卡地址
　　   Gfjz,--公费记账(可为0)
　　   Brxzdm2,--Gy_Brjbxxk中的Brxzdm2
　　   Jzbz,--就诊标志(可能是指某种优惠)
　　   Diseaseid,--疾病代码
　　   Spbh,--审批编号(指特殊疾病的)
　　   Yhje,--优惠金额
　　   Jshzhje,--结算后账户金额
　　   Jsqlnzhje,--结算前历年账户金额
　　   NewFphm,--【指重保可不插入】
　　   Bz,--【可不插入】
　　   Xzqydm,--行政区域代码
　　   Tssfbz,--特殊收费标志
　　   Byzgjzlb,--优惠病人记账标志
　　   Fybh,--分院编号
           Ybzje,--医保总金额(指进入报销范围的)
        Ybxjzf,--医保返回的现金支付
           YbBxje,--医保报销金额
           xtxh,--系统序号
           qianyuebz,--签约标志
           yinhanglsh,--银行流水号
           yinhangje,--银行金额
           jbmc) --疾病名称
　　Values
　　  ('9759024',--收费识别
　　   '',--发票号码
　　   sysdate,--收费日期
　　   '15869156441',--就诊卡号
　　   '',--公费证号、个人编号
　　   '杨林',--病人姓名
　　   '0',--病人性质
　　   '1',--单位编号
　　   '0',--现金
　　   '0',--支票金额
　　   '16',--收费方式
　　   '10.00',--收费金额
　　   '',--支票号码
　　   '0',--重症疾病代码
　　   'ZFB',--操作工号
　　   '',--不明
　　   '',--规定单位名称
　　   '1',--病人类别
　　   '0',--收现金
　　   '0',--找现金
　　   '0',
　　   '1',--挂号类别(指特殊收费、特病)
　　   '',--取药窗口
　　   '',--医保卡号
　　   '0',--自负金额
　　   '0',--自理金额
　　   '0',--当年账户金额
　　   '0',--历年账户余额
　　   '0',--记账金额
　　   '0',--统筹基金金额
　　   '0',--重病补助金额
　　   '0',--医保人员性质
　　   '0',--医保单位编号
　　   '0',--网卡地址
　　   '0',--公费记账
　　   '0',--Gy_Brjbxxk中的Brxzdm2
　　   '',--就诊标志
　　   '',--疾病代码
　　   '',--审批编号
　　   '0',--优惠金额
　　   '0',--结算后账户金额
　　   '0',--结算前历年账户金额
　　   '',
　　   '2014112001392645109620141121144130',
　　   '',
　　   '2',--特殊收费标志
　　   '',
　　   '0',
     '0','0','0','70',--分院编号
     0,--签约标志
     '',--银行流水号
     0,--银行金额
     '') --疾病名称


2014-11-21 15:05:41,883 -INSERT INTO MZ_MZSFK2(Sfsb,sfxm,zfje,Fyhj) 

    --收费识别、收费项目、自费金额、费用合计
    　　　　select 9759024,15,10,10 from dual 

2014-11-21 15:05:41,889 -
    Update Yj_Yjk1 Set Sfsb = '9759024' --收费识别
    Where Yjsb in (17871082) --医技识别
  

2014-11-21 15:05:41,895 -
   update gy_brjbxxk set jzcs =jzcs + 1 where jzkh ='15869156441'


2014-11-21 15:07:15,645 -
SELECT *  FROM Gy_Brjbxxk
	WHERE  Jzkh = '15869156441'
    And  Nvl(zfpb,0) = 0
    And RowNum = 1


2014-11-21 15:07:28,409 -
Select *
  From Gh_Mzyyk
 Where yyxh = '891829' and jzkh='15869156441' and checkid is null Or checkid='891829' 


2014-11-21 15:07:51,601 -
Select Jlxh
  From Gh_Mzpbk
 Where Rq between to_date('2014-11-21','yyyy-mm-dd') and to_date('2014-11-21 23:59:59','yyyy-mm-dd hh24:mi:ss')
   And Ksdm = '111'
   And Nvl(Ysgh, '*') = '*'
   And Mzlbxh = '1'
   


2014-11-21 15:07:51,610 -
SELECT *  FROM Gy_Ksdm
	WHERE  Ksdm = '111'


2014-11-21 15:07:51,629 -
Select *      
  From Gy_Zgxx
 Where Zgid = '*'


2014-11-21 15:07:51,638 -
  Select Jlxh
  From Gh_Mbzhgl
 Where Xq =
       Decode(To_Number(To_Char(To_Date('2014-11-21', 'yyyy-mm-dd HH24:MI:SS'), 'd')) - 1,
              0,
              7,
              To_Number(To_Char(To_Date('2014-11-21', 'yyyy-mm-dd HH24:MI:SS'), 'd')) - 1)
   And To_Date('2014-11-21', 'yyyy-mm-dd HH24:MI:SS') Between Ksrq And Jsrq
   And Ksdm = '111'
   And (nvl(Ysgh,'*') = '*')
   And (('1' = '0' And Nvl(Swjsh, 0) < 0 And Nvl(Xwjsh, 0) < 0) Or
       ('1' = '1' And Nvl(Swjsh, 0) < 0) Or ('1' = '2' And Nvl(Xwjsh, 0) < 0))
   And Nvl(Zfpb, 0) <> 1
   


2014-11-21 15:07:51,647 -
Select *
  From gy_xtcs
 Where xtxh = '23'
 and csmc = 'SAT'


2014-11-21 15:07:51,655 -
Select *
  From gy_xtcs
 Where xtxh = '23'
 and csmc = 'SUN'


2014-11-21 15:07:51,662 -
    select count(*) jjr from mz_jjr where to_char(rq,'YYYY-MM-DD') = '2014-11-21'


2014-11-21 15:07:51,669 -
Select *      
  From Gh_Mzlbk
 Where Mzlbxh = '1'


2014-11-21 15:07:51,676 -
Select *
  From Gy_Ylsf
 Where Ylxh = '36233'


2014-11-21 15:07:51,688 -
    select * from gh_mzlbk where ghf_ylxh='20001'and mzlbxh='1'


2014-11-21 15:07:51,697 -
　　　　UPDATE GY_xhb SET dqz = dqz + zz WHERE bm = 'MZ_MZSFK1'


2014-11-21 15:07:51,782 -
Select *
  From gy_xtcs
 Where xtxh = '23'
 and csmc = 'SXWSJ'


2014-11-21 15:07:52,089 -
Select *
  From gy_xtcs
 Where xtxh = '23'
 and csmc = 'PBSJ'


2014-11-21 15:07:54,063 -
    select count(*) jjr from mz_jjr where to_char(rq,'YYYY-MM-DD') = '2014-11-21'


2014-11-21 15:07:57,478 -
Select *
  From gy_xtcs
 Where xtxh = '23'
 and csmc = 'PTZJZSJ'


2014-11-21 15:08:08,419 -
  Select Distinct Jlxh, Ksdm, Ysgh, Mzlbxh, Sjlb
    From (Select Jlxh, 1 Sjlb, Ksdm, Mzlbxh, nvl(Ysgh,'*') ysgh
            From Gh_Mzpbk
            Where Nvl(Swjsh, 0) >= 0
              --And Ysgh Is Not Null
            And To_Char(Rq, 'yyyy-mm-dd') = '2014-11-21'
          Union All
          Select Jlxh, 2 Sjlb, Ksdm, Mzlbxh, Ysgh
          From Gh_Mzpbk
          Where Nvl(Xwjsh, 0) >= 0
          --And Ysgh Is Not Null
          And To_Char(Rq, 'yyyy-mm-dd') = '2014-11-21')
  Where ('1' = '0' Or Sjlb = '1')
  And ('111' = '*' Or Ksdm = '111')
  And ( '*' = '*' and mzlbxh = 1 or ysgh <> '*' and Ysgh = '*')
  Order By Jlxh


2014-11-21 15:09:13,533 -
Select *
  From gy_xtcs
 Where xtxh = '23'
 and csmc = 'SAT'


2014-11-21 15:09:13,559 -
Select *
  From gy_xtcs
 Where xtxh = '23'
 and csmc = 'SUN'


2014-11-21 15:09:13,565 -
    select count(*) jjr from mz_jjr where to_char(rq,'YYYY-MM-DD') = '2014-11-21'


2014-11-21 15:09:13,574 -
Select *      
  From Gh_Mzlbk
 Where Mzlbxh = '1'


2014-11-21 15:09:13,582 -
Select *
  From Gy_Ylsf
 Where Ylxh = '36233'


2014-11-21 15:09:13,592 -
    select * from gh_mzlbk where ghf_ylxh='20001'and mzlbxh='1'


2014-11-21 15:09:13,599 -select yydm from gy_hospital_v

2014-11-21 15:09:13,604 -
Select *
  From gy_xtcs
 Where xtxh = '0'
 and csmc = 'MZXHB_SEQU'


2014-11-21 15:09:13,611 -
UPDATE GY_xhb SET dqz = dqz + zz 
	WHERE  bm = 'GH_GHK'


2014-11-21 15:09:13,616 -
SELECT dqz  FROM GY_xhb 
	WHERE  bm = 'GH_GHK'


2014-11-21 15:09:13,784 -
Select Jlxh
  From Gh_Mzpbk
 Where Rq between to_date('2014-11-21','yyyy-mm-dd') and to_date('2014-11-21 23:59:59','yyyy-mm-dd hh24:mi:ss')
   And Ksdm = '111'
   And Nvl(Ysgh, '*') = '*'
   And Mzlbxh = '1'
   


2014-11-21 15:09:13,794 -
    Select seq_yj_yjk1_yjsb.nextval GHXH From Dual


2014-11-21 15:09:13,800 -
Insert Into Yj_Yjk1(Yjsb,   Jzkh,   Brxm,   Sjysgh,  Sjksdm,  Kdsj,     Sjsj,   Mzpb,     Ghxh,   Jzxh,   czgh,
                    Fybh)
            values ('17871083',  '15869156441',  '杨林',  '*',  '111',    to_date('2014-11-21','yyyy-mm-dd hh24:mi:ss'),    to_date('2014-11-21 15:09:13','yyyy-mm-dd hh24:mi:ss'),  '1',    '8761660',  '-1',  'ZFB',
                    '0')


2014-11-21 15:09:13,816 -
Insert Into Yj_Yjk2(Yjsb,   Ylxh,   Dj,     Sl,     Fygb,     Zfbl,     Zxysgh, Zxksdm,   Brxz,   requestmode,Fybh)
            values ('17871083',  '36233',  '10',  '1',  '15',    '1',    '*',  '111',    '0',  '0',      '0')


2014-11-21 15:09:13,828 -
Insert Into Gh_Ghk( Jlxh,   Jzkh,   Brxm,   Jzcs,   Brlb,   Brxz,     Dwbh,   Mzlbxh,   Ksdm,   Ghrq,   Pbxh,
							      Ghxh,   Ysgh,   Sjlb,   Ghf,    Zlf,    Zlfds,    Czgh,   Thbz,     Czrq,   Ybkh,   Jzje,
                    Ickje,  Lnzhje, Tcjjje, Zbbzje, Gfzh,   Blkh,     Fsjbz,   Fsjjzje, Fphm,   Ghlb,   Bjdybz,
							      ybryxz, ybdwbh, jzsjqy, Fybh,   yylb,   yhkje,    FYZE,    JGBM)
            values ('8761660',  '15869156441',  '杨林',  '2',  '1',  '0',    '',  '1',    '111',  to_date('2014-11-21 15:09:13','yyyy-mm-dd hh24:mi:ss'),  '234390',
                    '4', '', '1', '0', '0', '1',   'ZFB', '0',   sysdate, '', '0',
                    '0', '0', '0', '0', '', '',   '0', '0',   '', '1', '0',
                    '', '', '', '0', '12', '',   '10',  '')


2014-11-21 15:09:13,862 -
Update Gh_Mzyyk Set Zt = '1',Jlxh = '8761660',yyqrrq = decode('2014-11-21',null,null,To_date('2014-11-21','yyyy-mm-dd hh24:mi:ss')),cxgh = '',yycxrq = decode('',null,null,To_date('','yyyy-mm-dd hh24:mi:ss'))
 Where (yyxh = '891829' and  checkid is null Or checkid='891829')
   And Nvl(Zt,0) = 0


2014-11-21 15:09:13,868 -select yydm from gy_hospital_v

2014-11-21 15:09:13,874 -
　　　　Insert Into Mz_Mzsfk1
　　  (Sfsb,--收费识别
　　   Fphm,--发票号码
　　   Sfrq,--收费日期
　　   Jzkh,--就诊卡号
　　   Fyzh,--费用证号(即个人编号)
　　   Brxm,--病人姓名
　　   Brxzdm,--病人性质代码
　　   Fydw,--即单位编号
　　   Xj,--现金
　　   Zpje,--支票金额
　　   Qtsffs,--收费方式
　　   Qtsfje,--收费金额
　　   Zphm,--支票号码
　　   Bzdm,--重症疾病代码(可为0)
　　   Czgh,--操作工号
　　   Zydhm,--【目前不明】
　　   Gzdwmc,--规定单位名称
　　   Brlb,--病人类别
　　   Sxj,--收现金(可为0)
　　   Zxj,--找现金(可为0)
　　   Yjje,--
　　   Ghlb,--挂号类别(指特殊收费、特病等)
　　   Qyck,--取药窗口
　　   Ybkh,--医保卡号
　　   Zfje,--自负金额
　　   Zlje,--自理金额
　　   Ickje,--当年账户金额
　　   Lnzhje,--历年账户金额
　　   Jzje,--记账金额
　　   Tcjjje,--统筹基金金额
　　   Zbbzje,--重病补助金额
　　   Ybryxz,--医保人员性质
　　   Ybdwbh,--医保单位编号
　　   Wkdz,--网卡地址
　　   Gfjz,--公费记账(可为0)
　　   Brxzdm2,--Gy_Brjbxxk中的Brxzdm2
　　   Jzbz,--就诊标志(可能是指某种优惠)
　　   Diseaseid,--疾病代码
　　   Spbh,--审批编号(指特殊疾病的)
　　   Yhje,--优惠金额
　　   Jshzhje,--结算后账户金额
　　   Jsqlnzhje,--结算前历年账户金额
　　   NewFphm,--【指重保可不插入】
　　   Bz,--【可不插入】
　　   Xzqydm,--行政区域代码
　　   Tssfbz,--特殊收费标志
　　   Byzgjzlb,--优惠病人记账标志
　　   Fybh,--分院编号
           Ybzje,--医保总金额(指进入报销范围的)
        Ybxjzf,--医保返回的现金支付
           YbBxje,--医保报销金额
           xtxh,--系统序号
           qianyuebz,--签约标志
           yinhanglsh,--银行流水号
           yinhangje,--银行金额
           jbmc) --疾病名称
　　Values
　　  ('9759025',--收费识别
　　   '',--发票号码
　　   sysdate,--收费日期
　　   '15869156441',--就诊卡号
　　   '',--公费证号、个人编号
　　   '杨林',--病人姓名
　　   '0',--病人性质
　　   '1',--单位编号
　　   '0',--现金
　　   '0',--支票金额
　　   '16',--收费方式
　　   '10.00',--收费金额
　　   '',--支票号码
　　   '0',--重症疾病代码
　　   'ZFB',--操作工号
　　   '',--不明
　　   '',--规定单位名称
　　   '1',--病人类别
　　   '0',--收现金
　　   '0',--找现金
　　   '0',
　　   '1',--挂号类别(指特殊收费、特病)
　　   '',--取药窗口
　　   '',--医保卡号
　　   '0',--自负金额
　　   '0',--自理金额
　　   '0',--当年账户金额
　　   '0',--历年账户余额
　　   '0',--记账金额
　　   '0',--统筹基金金额
　　   '0',--重病补助金额
　　   '0',--医保人员性质
　　   '0',--医保单位编号
　　   '0',--网卡地址
　　   '0',--公费记账
　　   '0',--Gy_Brjbxxk中的Brxzdm2
　　   '',--就诊标志
　　   '',--疾病代码
　　   '',--审批编号
　　   '0',--优惠金额
　　   '0',--结算后账户金额
　　   '0',--结算前历年账户金额
　　   '',
　　   '2014112001392645109620141121144130',
　　   '',
　　   '2',--特殊收费标志
　　   '',
　　   '0',
     '0','0','0','70',--分院编号
     0,--签约标志
     '',--银行流水号
     0,--银行金额
     '') --疾病名称


2014-11-21 15:09:13,879 -INSERT INTO MZ_MZSFK2(Sfsb,sfxm,zfje,Fyhj) 

    --收费识别、收费项目、自费金额、费用合计
    　　　　select 9759025,15,10,10 from dual 

2014-11-21 15:09:13,885 -
    Update Yj_Yjk1 Set Sfsb = '9759025' --收费识别
    Where Yjsb in (17871083) --医技识别
  

2014-11-21 15:09:13,890 -
   update gy_brjbxxk set jzcs =jzcs + 1 where jzkh ='15869156441'


