2014-12-30 09:06:32,784 -
    Select Jzkh,
    Brlb,
    Brxzdm,
    Ybkh,
    Zh,
    Bah,
    Xm,
    Xb,
    Mz,
    Csrq,
    '1' ZHENGJIANLX,
    Sfzh,
    '' DANWEILX,
    Dwbh,
    Dwmc,
    Jtzz,
    Ybryxz,
    lxdh,
    yinhangkh,
    qianyuebz,
    khbz,
    ybryxx,
    ybkxx,
    v_accno,
    bright,
    empiid
    From gy_brjbxxk 　　
    Where Jzkh = 'A13270213' or Sfzh='A13270213'
  

2014-12-30 09:08:20,160 -
    Select Jzkh,
    Brlb,
    Brxzdm,
    Ybkh,
    Zh,
    Bah,
    Xm,
    Xb,
    Mz,
    Csrq,
    '1' ZHENGJIANLX,
    Sfzh,
    '' DANWEILX,
    Dwbh,
    Dwmc,
    Jtzz,
    Ybryxz,
    lxdh,
    yinhangkh,
    qianyuebz,
    khbz,
    ybryxx,
    ybkxx,
    v_accno,
    bright,
    empiid
    From gy_brjbxxk 　　
    Where Jzkh = 'A13270213' or Sfzh='A13270213'
  

2014-12-30 09:09:15,860 -
    Select Jzkh,
    Brlb,
    Brxzdm,
    Ybkh,
    Zh,
    Bah,
    Xm,
    Xb,
    Mz,
    Csrq,
    '1' ZHENGJIANLX,
    Sfzh,
    '' DANWEILX,
    Dwbh,
    Dwmc,
    Jtzz,
    Ybryxz,
    lxdh,
    yinhangkh,
    qianyuebz,
    khbz,
    ybryxx,
    ybkxx,
    v_accno,
    bright,
    empiid
    From gy_brjbxxk 　　
    Where Jzkh = 'A13270213' or Sfzh='A13270213'
  

2014-12-30 09:10:24,367 -
    Select Jzkh,
    Brlb,
    Brxzdm,
    Ybkh,
    Zh,
    Bah,
    Xm,
    Xb,
    Mz,
    Csrq,
    '1' ZHENGJIANLX,
    Sfzh,
    '' DANWEILX,
    Dwbh,
    Dwmc,
    Jtzz,
    Ybryxz,
    lxdh,
    yinhangkh,
    qianyuebz,
    khbz,
    ybryxx,
    ybkxx,
    v_accno,
    bright,
    empiid
    From gy_brjbxxk 　　
    Where Jzkh = 'A13270213' or Sfzh='A13270213'
  

2014-12-30 09:13:49,177 -
    Select Jzkh,
    Brlb,
    Brxzdm,
    Ybkh,
    Zh,
    Bah,
    Xm,
    Xb,
    Mz,
    Csrq,
    '1' ZHENGJIANLX,
    Sfzh,
    '' DANWEILX,
    Dwbh,
    Dwmc,
    Jtzz,
    Ybryxz,
    lxdh,
    yinhangkh,
    qianyuebz,
    khbz,
    ybryxx,
    ybkxx,
    v_accno,
    bright,
    empiid
    From gy_brjbxxk 　　
    Where Jzkh = 'A13270213' or Sfzh='A13270213'
  

2014-12-30 09:14:28,537 -
    Select Jzkh,
    Brlb,
    Brxzdm,
    Ybkh,
    Zh,
    Bah,
    Xm,
    Xb,
    Mz,
    Csrq,
    '1' ZHENGJIANLX,
    Sfzh,
    '' DANWEILX,
    Dwbh,
    Dwmc,
    Jtzz,
    Ybryxz,
    lxdh,
    yinhangkh,
    qianyuebz,
    khbz,
    ybryxx,
    ybkxx,
    v_accno,
    bright,
    empiid
    From gy_brjbxxk 　　
    Where Jzkh = 'A13270213' or Sfzh='A13270213'
  

2014-12-30 09:17:02,271 -
    Select Jzkh,
    Brlb,
    Brxzdm,
    Ybkh,
    Zh,
    Bah,
    Xm,
    Xb,
    Mz,
    Csrq,
    '1' ZHENGJIANLX,
    Sfzh,
    '' DANWEILX,
    Dwbh,
    Dwmc,
    Jtzz,
    Ybryxz,
    lxdh,
    yinhangkh,
    qianyuebz,
    khbz,
    ybryxx,
    ybkxx,
    v_accno,
    bright,
    empiid
    From gy_brjbxxk 　　
    Where Jzkh = 'A13270213' or Sfzh='A13270213'
  

2014-12-30 09:18:33,451 -
    Select Jzkh,
    Brlb,
    Brxzdm,
    Ybkh,
    Zh,
    Bah,
    Xm,
    Xb,
    Mz,
    Csrq,
    '1' ZHENGJIANLX,
    Sfzh,
    '' DANWEILX,
    Dwbh,
    Dwmc,
    Jtzz,
    Ybryxz,
    lxdh,
    yinhangkh,
    qianyuebz,
    khbz,
    ybryxx,
    ybkxx,
    v_accno,
    bright,
    empiid
    From gy_brjbxxk 　　
    Where Jzkh = 'A13270213' or Sfzh='A13270213'
  

2014-12-30 09:18:48,871 -
    Select Jzkh,
    Brlb,
    Brxzdm,
    Ybkh,
    Zh,
    Bah,
    Xm,
    Xb,
    Mz,
    Csrq,
    '1' ZHENGJIANLX,
    Sfzh,
    '' DANWEILX,
    Dwbh,
    Dwmc,
    Jtzz,
    Ybryxz,
    lxdh,
    yinhangkh,
    qianyuebz,
    khbz,
    ybryxx,
    ybkxx,
    v_accno,
    bright,
    empiid
    From gy_brjbxxk 　　
    Where Jzkh = 'A13270213' or Sfzh='A13270213'
  

