2015-01-23 10:17:44,051 -
   update gy_brjbxxk set sfzh='332525199104055713' where jzkh = '5030095114'


2015-01-23 10:18:10,881 -
   update gy_brjbxxk set lxdh='13547112365' where jzkh = '5030095114'


2015-01-23 10:18:13,534 -
SELECT *  FROM Gy_Brjbxxk
	WHERE  Jzkh = '5030095114'
    And  Nvl(zfpb,0) = 0
    And RowNum = 1


2015-01-23 10:21:43,765 -
   update gy_brjbxxk set sfzh='332525199104055713' where jzkh = '3970217'


2015-01-23 10:21:52,225 -
   update gy_brjbxxk set lxdh='13547112365' where jzkh = '3970217'


2015-01-23 10:21:55,812 -
SELECT *  FROM Gy_Brjbxxk
	WHERE  Jzkh = '3970217'
    And  Nvl(zfpb,0) = 0
    And RowNum = 1


2015-01-23 10:21:58,886 -
SELECT *  FROM Gy_Brjbxxk
	WHERE  Jzkh = '3970217'
    And  Nvl(zfpb,0) = 0
    And RowNum = 1


2015-01-23 10:22:15,835 -
SELECT *  FROM Gy_Ksdm
	WHERE  Ksdm = '400333'


