2015-02-02 17:43:31,665 -select yydm from gy_hospital_v

2015-02-02 17:43:49,951 -
    Select *
    From Zy_Patient_Information 　　
    Where ( (3 = 1 And Bah = ' ' ) 
       Or (3 = 2 And  Curr_Bq = ' ' And Curr_Bed = ' ') 
       Or (3 = 3 And  Patient_no = 67298))
      And Out_Date Is Null


2015-02-02 17:43:50,003 -select yydm from gy_hospital_v

2015-02-02 17:43:50,008 -
Select *
  From gy_xtcs
 Where xtxh = '0'
 and csmc = 'MZXHB_SEQU'


2015-02-02 17:43:50,014 -
UPDATE GY_xhb SET dqz = dqz + zz 
	WHERE  bm = 'ZY_DEPOSIT_FILE'


2015-02-02 17:43:50,029 -
SELECT dqz  FROM GY_xhb 
	WHERE  bm = 'ZY_DEPOSIT_FILE'


2015-02-02 17:43:57,011 -
  select  SEQ_POSLSH.nextval  MAXID from dual


2015-02-02 17:45:17,412 -select yydm from gy_hospital_v

2015-02-02 17:45:19,093 -
    Select *
    From Zy_Patient_Information 　　
    Where ( (3 = 1 And Bah = ' ' ) 
       Or (3 = 2 And  Curr_Bq = ' ' And Curr_Bed = ' ') 
       Or (3 = 3 And  Patient_no = 67298))
      And Out_Date Is Null


2015-02-02 17:45:19,105 -select yydm from gy_hospital_v

2015-02-02 17:45:19,110 -
Select *
  From gy_xtcs
 Where xtxh = '0'
 and csmc = 'MZXHB_SEQU'


2015-02-02 17:45:19,115 -
UPDATE GY_xhb SET dqz = dqz + zz 
	WHERE  bm = 'ZY_DEPOSIT_FILE'


2015-02-02 17:45:19,121 -
SELECT dqz  FROM GY_xhb 
	WHERE  bm = 'ZY_DEPOSIT_FILE'


2015-02-02 17:45:22,156 -
  select  SEQ_POSLSH.nextval  MAXID from dual


2015-02-02 17:47:27,615 -select yydm from gy_hospital_v

2015-02-02 17:47:28,964 -
    Select *
    From Zy_Patient_Information 　　
    Where ( (3 = 1 And Bah = ' ' ) 
       Or (3 = 2 And  Curr_Bq = ' ' And Curr_Bed = ' ') 
       Or (3 = 3 And  Patient_no = 67298))
      And Out_Date Is Null


2015-02-02 17:47:28,978 -select yydm from gy_hospital_v

2015-02-02 17:47:28,984 -
Select *
  From gy_xtcs
 Where xtxh = '0'
 and csmc = 'MZXHB_SEQU'


2015-02-02 17:47:28,990 -
UPDATE GY_xhb SET dqz = dqz + zz 
	WHERE  bm = 'ZY_DEPOSIT_FILE'


2015-02-02 17:47:28,996 -
SELECT dqz  FROM GY_xhb 
	WHERE  bm = 'ZY_DEPOSIT_FILE'


2015-02-02 17:47:32,804 -
  select  SEQ_POSLSH.nextval  MAXID from dual


2015-02-02 17:47:38,503 -select yydm from gy_hospital_v

2015-02-02 17:47:39,006 -
    Select *
    From Zy_Patient_Information 　　
    Where ( (3 = 1 And Bah = ' ' ) 
       Or (3 = 2 And  Curr_Bq = ' ' And Curr_Bed = ' ') 
       Or (3 = 3 And  Patient_no = 67298))
      And Out_Date Is Null


2015-02-02 17:47:39,019 -select yydm from gy_hospital_v

2015-02-02 17:47:39,029 -
Select *
  From gy_xtcs
 Where xtxh = '0'
 and csmc = 'MZXHB_SEQU'


2015-02-02 17:47:39,034 -
UPDATE GY_xhb SET dqz = dqz + zz 
	WHERE  bm = 'ZY_DEPOSIT_FILE'


2015-02-02 17:47:39,094 -
SELECT dqz  FROM GY_xhb 
	WHERE  bm = 'ZY_DEPOSIT_FILE'


2015-02-02 17:47:48,615 -
  select  SEQ_POSLSH.nextval  MAXID from dual


2015-02-02 17:50:24,557 -select yydm from gy_hospital_v

2015-02-02 17:50:25,558 -
    Select *
    From Zy_Patient_Information 　　
    Where ( (3 = 1 And Bah = ' ' ) 
       Or (3 = 2 And  Curr_Bq = ' ' And Curr_Bed = ' ') 
       Or (3 = 3 And  Patient_no = 67298))
      And Out_Date Is Null


2015-02-02 17:50:25,572 -select yydm from gy_hospital_v

2015-02-02 17:50:25,577 -
Select *
  From gy_xtcs
 Where xtxh = '0'
 and csmc = 'MZXHB_SEQU'


2015-02-02 17:50:25,583 -
UPDATE GY_xhb SET dqz = dqz + zz 
	WHERE  bm = 'ZY_DEPOSIT_FILE'


2015-02-02 17:50:25,588 -
SELECT dqz  FROM GY_xhb 
	WHERE  bm = 'ZY_DEPOSIT_FILE'


2015-02-02 17:54:53,884 -select yydm from gy_hospital_v

2015-02-02 17:54:54,819 -
    Select *
    From Zy_Patient_Information 　　
    Where ( (3 = 1 And Bah = ' ' ) 
       Or (3 = 2 And  Curr_Bq = ' ' And Curr_Bed = ' ') 
       Or (3 = 3 And  Patient_no = 67298))
      And Out_Date Is Null


2015-02-02 17:54:54,833 -select yydm from gy_hospital_v

2015-02-02 17:54:54,838 -
Select *
  From gy_xtcs
 Where xtxh = '0'
 and csmc = 'MZXHB_SEQU'


2015-02-02 17:54:54,845 -
UPDATE GY_xhb SET dqz = dqz + zz 
	WHERE  bm = 'ZY_DEPOSIT_FILE'


2015-02-02 17:54:54,850 -
SELECT dqz  FROM GY_xhb 
	WHERE  bm = 'ZY_DEPOSIT_FILE'


2015-02-02 17:55:17,810 -select yydm from gy_hospital_v

2015-02-02 17:55:18,297 -
    Select *
    From Zy_Patient_Information 　　
    Where ( (3 = 1 And Bah = ' ' ) 
       Or (3 = 2 And  Curr_Bq = ' ' And Curr_Bed = ' ') 
       Or (3 = 3 And  Patient_no = 67298))
      And Out_Date Is Null


2015-02-02 17:55:18,312 -select yydm from gy_hospital_v

2015-02-02 17:55:18,321 -
Select *
  From gy_xtcs
 Where xtxh = '0'
 and csmc = 'MZXHB_SEQU'


2015-02-02 17:55:18,328 -
UPDATE GY_xhb SET dqz = dqz + zz 
	WHERE  bm = 'ZY_DEPOSIT_FILE'


2015-02-02 17:55:18,336 -
SELECT dqz  FROM GY_xhb 
	WHERE  bm = 'ZY_DEPOSIT_FILE'


2015-02-02 17:55:35,614 -select yydm from gy_hospital_v

2015-02-02 17:55:35,621 -
    Select *
    From Zy_Patient_Information 　　
    Where ( (3 = 1 And Bah = ' ' ) 
       Or (3 = 2 And  Curr_Bq = ' ' And Curr_Bed = ' ') 
       Or (3 = 3 And  Patient_no = 67298))
      And Out_Date Is Null


2015-02-02 17:55:35,631 -select yydm from gy_hospital_v

2015-02-02 17:55:35,636 -
Select *
  From gy_xtcs
 Where xtxh = '0'
 and csmc = 'MZXHB_SEQU'


2015-02-02 17:55:35,641 -
UPDATE GY_xhb SET dqz = dqz + zz 
	WHERE  bm = 'ZY_DEPOSIT_FILE'


2015-02-02 17:55:35,647 -
SELECT dqz  FROM GY_xhb 
	WHERE  bm = 'ZY_DEPOSIT_FILE'


2015-02-02 17:56:13,150 -select yydm from gy_hospital_v

2015-02-02 17:56:13,606 -
    Select *
    From Zy_Patient_Information 　　
    Where ( (3 = 1 And Bah = ' ' ) 
       Or (3 = 2 And  Curr_Bq = ' ' And Curr_Bed = ' ') 
       Or (3 = 3 And  Patient_no = 67298))
      And Out_Date Is Null


2015-02-02 17:56:13,620 -select yydm from gy_hospital_v

2015-02-02 17:56:13,625 -
Select *
  From gy_xtcs
 Where xtxh = '0'
 and csmc = 'MZXHB_SEQU'


2015-02-02 17:56:13,631 -
UPDATE GY_xhb SET dqz = dqz + zz 
	WHERE  bm = 'ZY_DEPOSIT_FILE'


2015-02-02 17:56:13,638 -
SELECT dqz  FROM GY_xhb 
	WHERE  bm = 'ZY_DEPOSIT_FILE'


2015-02-02 17:57:45,127 -select yydm from gy_hospital_v

2015-02-02 17:57:45,618 -
    Select *
    From Zy_Patient_Information 　　
    Where ( (3 = 1 And Bah = ' ' ) 
       Or (3 = 2 And  Curr_Bq = ' ' And Curr_Bed = ' ') 
       Or (3 = 3 And  Patient_no = 67298))
      And Out_Date Is Null


2015-02-02 17:57:45,632 -select yydm from gy_hospital_v

2015-02-02 17:57:45,637 -
Select *
  From gy_xtcs
 Where xtxh = '0'
 and csmc = 'MZXHB_SEQU'


2015-02-02 17:57:45,642 -
UPDATE GY_xhb SET dqz = dqz + zz 
	WHERE  bm = 'ZY_DEPOSIT_FILE'


2015-02-02 17:57:45,649 -
SELECT dqz  FROM GY_xhb 
	WHERE  bm = 'ZY_DEPOSIT_FILE'


2015-02-02 17:58:07,324 -select yydm from gy_hospital_v

2015-02-02 17:58:08,314 -
    Select *
    From Zy_Patient_Information 　　
    Where ( (3 = 1 And Bah = ' ' ) 
       Or (3 = 2 And  Curr_Bq = ' ' And Curr_Bed = ' ') 
       Or (3 = 3 And  Patient_no = 67298))
      And Out_Date Is Null


2015-02-02 17:58:08,327 -select yydm from gy_hospital_v

2015-02-02 17:58:08,332 -
Select *
  From gy_xtcs
 Where xtxh = '0'
 and csmc = 'MZXHB_SEQU'


2015-02-02 17:58:08,337 -
UPDATE GY_xhb SET dqz = dqz + zz 
	WHERE  bm = 'ZY_DEPOSIT_FILE'


2015-02-02 17:58:08,343 -
SELECT dqz  FROM GY_xhb 
	WHERE  bm = 'ZY_DEPOSIT_FILE'


