2015-04-01 15:39:19,272 -[D66E527DEA97448797438FE27C3EDAAF][HIS4.Biz.JIANYANJGCX].IN  <JIANYANJGCX_IN> <BASEINFO>
      
<CAOZUOYDM>DBA</CAOZUOYDM>      
<CAOZUOYXM>超级用户</CAOZUOYXM>      
<CAOZUORQ>2015-04-01 13:31:10</CAOZUORQ>      
<XITONGBS>8801</XITONGBS>      
<FENYUANDM>1</FENYUANDM>    
</BASEINFO>  
<JIANYANTM>500000321426</JIANYANTM>  
</JIANYANJGCX_IN>
2015-04-01 15:39:22,363 -[D66E527DEA97448797438FE27C3EDAAF][HIS4.Biz.JIANYANJGCX].OUT <?xml version="1.0" encoding="utf-8"?><JIANYANJGCX_OUT><OUTMSG><ERRNO>-1</ERRNO><ERRMSG>ORA-12541: TNS: 无监听程序
</ERRMSG><ERRMSGEX /><MessageID>D66E527DEA97448797438FE27C3EDAAF</MessageID></OUTMSG><JIANYANJGMX /></JIANYANJGCX_OUT>
2015-04-01 15:39:34,732 -[61C3E6004C1B4E778D793BA9CAD754F5][HIS4.Biz.JIANYANJGCX].IN  <JIANYANJGCX_IN> <BASEINFO>
      
<CAOZUOYDM>DBA</CAOZUOYDM>      
<CAOZUOYXM>超级用户</CAOZUOYXM>      
<CAOZUORQ>2015-04-01 13:31:10</CAOZUORQ>      
<XITONGBS>8801</XITONGBS>      
<FENYUANDM>1</FENYUANDM>    
</BASEINFO>  
<JIANYANTM>500000321426</JIANYANTM>  
</JIANYANJGCX_IN>
2015-04-01 15:39:37,668 -[61C3E6004C1B4E778D793BA9CAD754F5][HIS4.Biz.JIANYANJGCX].OUT <?xml version="1.0" encoding="utf-8"?><JIANYANJGCX_OUT><OUTMSG><ERRNO>0</ERRNO><ERRMSG /><ERRMSGEX /><MessageID>61C3E6004C1B4E778D793BA9CAD754F5</MessageID></OUTMSG><YANGBENLX>13</YANGBENLX><YANGBENLXMC>阴道分泌物</YANGBENLXMC><KAIDANKSDM>10050201</KAIDANKSDM><KAIDANKSMC>妇科病房</KAIDANKSMC><KAIDANYSDM>3542</KAIDANYSDM><KAIDANYSXM>彭阳春</KAIDANYSXM><CAIJISJ /><JIESHOUSJ>2015-03-27 15:25:27</JIESHOUSJ><BAOGAOSJ>2015-03-29 10:14:03</BAOGAOSJ><JIANYANXMDM>0000002277</JIANYANXMDM><JIANYANXMMC>阴道分泌物一般细菌培养鉴定</JIANYANXMMC><JIANYANJGMX><JIANYANJGXX><JIEGUOXMDM>MIC1047</JIEGUOXMDM><JIEGUOXMMC>粪肠球菌[药敏]喹奴普汀-达福普汀1</JIEGUOXMMC><JIEGUOZHI>R|耐药</JIEGUOZHI></JIANYANJGXX><JIANYANJGXX><JIEGUOXMDM>MIC1822</JIEGUOXMDM><JIEGUOXMMC>粪肠球菌[药敏]利奈唑胺</JIEGUOXMMC><JIEGUOZHI>S|敏感</JIEGUOZHI></JIANYANJGXX><JIANYANJGXX><JIEGUOXMDM>MIC1826</JIEGUOXMDM><JIEGUOXMMC>粪肠球菌[药敏]替加环素</JIEGUOXMMC><JIEGUOZHI>S|敏感</JIEGUOZHI></JIANYANJGXX><JIANYANJGXX><JIEGUOXMDM>MIC730</JIEGUOXMDM><JIEGUOXMMC>粪肠球菌[药敏]氨苄西林</JIEGUOXMMC><JIEGUOZHI>S|敏感</JIEGUOZHI></JIANYANJGXX><JIANYANJGXX><JIEGUOXMDM>MIC755</JIEGUOXMDM><JIEGUOXMMC>粪肠球菌[药敏]环丙沙星</JIEGUOXMMC><JIEGUOZHI>S|敏感</JIEGUOZHI></JIANYANJGXX><JIANYANJGXX><JIEGUOXMDM>MIC757</JIEGUOXMDM><JIEGUOXMMC>粪肠球菌[药敏]克林霉素</JIEGUOXMMC><JIEGUOZHI>R|耐药</JIEGUOZHI></JIANYANJGXX><JIANYANJGXX><JIEGUOXMDM>MIC762</JIEGUOXMDM><JIEGUOXMMC>粪肠球菌[药敏]庆大霉素筛选试验</JIEGUOXMMC><JIEGUOZHI>S|敏感</JIEGUOZHI></JIANYANJGXX><JIANYANJGXX><JIEGUOXMDM>MIC767</JIEGUOXMDM><JIEGUOXMMC>粪肠球菌[药敏]左旋氧氟沙星</JIEGUOXMMC><JIEGUOZHI>S|敏感</JIEGUOZHI></JIANYANJGXX><JIANYANJGXX><JIEGUOXMDM>MIC772</JIEGUOXMDM><JIEGUOXMMC>粪肠球菌[药敏]莫西沙星</JIEGUOXMMC><JIEGUOZHI>S|敏感</JIEGUOZHI></JIANYANJGXX><JIANYANJGXX><JIEGUOXMDM>MIC775</JIEGUOXMDM><JIEGUOXMMC>粪肠球菌[药敏]呋喃妥因</JIEGUOXMMC><JIEGUOZHI>S|敏感</JIEGUOZHI></JIANYANJGXX><JIANYANJGXX><JIEGUOXMDM>MIC780</JIEGUOXMDM><JIEGUOXMMC>粪肠球菌[药敏]青霉素</JIEGUOXMMC><JIEGUOZHI>S|敏感</JIEGUOZHI></JIANYANJGXX><JIANYANJGXX><JIEGUOXMDM>MIC786</JIEGUOXMDM><JIEGUOXMMC>粪肠球菌[药敏]链霉素筛选试验</JIEGUOXMMC><JIEGUOZHI>S|敏感</JIEGUOZHI></JIANYANJGXX><JIANYANJGXX><JIEGUOXMDM>MIC788</JIEGUOXMDM><JIEGUOXMMC>粪肠球菌[药敏]四环素</JIEGUOXMMC><JIEGUOZHI>R|耐药</JIEGUOZHI></JIANYANJGXX><JIANYANJGXX><JIEGUOXMDM>MIC796</JIEGUOXMDM><JIEGUOXMMC>粪肠球菌[药敏]万古霉素</JIEGUOXMMC><JIEGUOZHI>S|敏感</JIEGUOZHI></JIANYANJGXX><JIANYANJGXX><JIEGUOXMDM>MIC797</JIEGUOXMDM><JIEGUOXMMC>粪肠球菌[药敏]红霉素</JIEGUOXMMC><JIEGUOZHI>I|中介</JIEGUOZHI></JIANYANJGXX><JIANYANJGXX><JIEGUOXMDM>MIC338</JIEGUOXMDM><JIEGUOXMMC>粪肠球菌</JIEGUOXMMC><JIEGUOZHI>粪肠球菌:阳性[结果值]</JIEGUOZHI><MIAOSHUDW /><CANKAOZSX /><CANKAOZXX /></JIANYANJGXX></JIANYANJGMX></JIANYANJGCX_OUT>
2015-04-01 15:42:24,938 -[800768AA110344F39B9569291B70F30D][HIS4.Biz.JIANYANJGCX].IN  <JIANYANJGCX_IN> <BASEINFO>
      
<CAOZUOYDM>DBA</CAOZUOYDM>      
<CAOZUOYXM>超级用户</CAOZUOYXM>      
<CAOZUORQ>2015-04-01 13:31:10</CAOZUORQ>      
<XITONGBS>8801</XITONGBS>      
<FENYUANDM>1</FENYUANDM>    
</BASEINFO>  
<JIANYANTM>500000321426</JIANYANTM>  
</JIANYANJGCX_IN>
2015-04-01 15:42:28,767 -[800768AA110344F39B9569291B70F30D][HIS4.Biz.JIANYANJGCX].OUT <?xml version="1.0" encoding="utf-8"?><JIANYANJGCX_OUT><OUTMSG><ERRNO>0</ERRNO><ERRMSG /><ERRMSGEX /><MessageID>800768AA110344F39B9569291B70F30D</MessageID></OUTMSG><YANGBENLX>13</YANGBENLX><YANGBENLXMC>阴道分泌物</YANGBENLXMC><KAIDANKSDM>10050201</KAIDANKSDM><KAIDANKSMC>妇科病房</KAIDANKSMC><KAIDANYSDM>3542</KAIDANYSDM><KAIDANYSXM>彭阳春</KAIDANYSXM><CAIJISJ /><JIESHOUSJ>2015-03-27 15:25:27</JIESHOUSJ><BAOGAOSJ>2015-03-29 10:14:03</BAOGAOSJ><JIANYANXMDM>0000002277</JIANYANXMDM><JIANYANXMMC>阴道分泌物一般细菌培养鉴定</JIANYANXMMC><JIANYANJGMX><JIANYANJGXX><JIEGUOXMDM>MIC1047</JIEGUOXMDM><JIEGUOXMMC>粪肠球菌[药敏]喹奴普汀-达福普汀1</JIEGUOXMMC><JIEGUOZHI>R|耐药</JIEGUOZHI></JIANYANJGXX><JIANYANJGXX><JIEGUOXMDM>MIC1822</JIEGUOXMDM><JIEGUOXMMC>粪肠球菌[药敏]利奈唑胺</JIEGUOXMMC><JIEGUOZHI>S|敏感</JIEGUOZHI></JIANYANJGXX><JIANYANJGXX><JIEGUOXMDM>MIC1826</JIEGUOXMDM><JIEGUOXMMC>粪肠球菌[药敏]替加环素</JIEGUOXMMC><JIEGUOZHI>S|敏感</JIEGUOZHI></JIANYANJGXX><JIANYANJGXX><JIEGUOXMDM>MIC730</JIEGUOXMDM><JIEGUOXMMC>粪肠球菌[药敏]氨苄西林</JIEGUOXMMC><JIEGUOZHI>S|敏感</JIEGUOZHI></JIANYANJGXX><JIANYANJGXX><JIEGUOXMDM>MIC755</JIEGUOXMDM><JIEGUOXMMC>粪肠球菌[药敏]环丙沙星</JIEGUOXMMC><JIEGUOZHI>S|敏感</JIEGUOZHI></JIANYANJGXX><JIANYANJGXX><JIEGUOXMDM>MIC757</JIEGUOXMDM><JIEGUOXMMC>粪肠球菌[药敏]克林霉素</JIEGUOXMMC><JIEGUOZHI>R|耐药</JIEGUOZHI></JIANYANJGXX><JIANYANJGXX><JIEGUOXMDM>MIC762</JIEGUOXMDM><JIEGUOXMMC>粪肠球菌[药敏]庆大霉素筛选试验</JIEGUOXMMC><JIEGUOZHI>S|敏感</JIEGUOZHI></JIANYANJGXX><JIANYANJGXX><JIEGUOXMDM>MIC767</JIEGUOXMDM><JIEGUOXMMC>粪肠球菌[药敏]左旋氧氟沙星</JIEGUOXMMC><JIEGUOZHI>S|敏感</JIEGUOZHI></JIANYANJGXX><JIANYANJGXX><JIEGUOXMDM>MIC772</JIEGUOXMDM><JIEGUOXMMC>粪肠球菌[药敏]莫西沙星</JIEGUOXMMC><JIEGUOZHI>S|敏感</JIEGUOZHI></JIANYANJGXX><JIANYANJGXX><JIEGUOXMDM>MIC775</JIEGUOXMDM><JIEGUOXMMC>粪肠球菌[药敏]呋喃妥因</JIEGUOXMMC><JIEGUOZHI>S|敏感</JIEGUOZHI></JIANYANJGXX><JIANYANJGXX><JIEGUOXMDM>MIC780</JIEGUOXMDM><JIEGUOXMMC>粪肠球菌[药敏]青霉素</JIEGUOXMMC><JIEGUOZHI>S|敏感</JIEGUOZHI></JIANYANJGXX><JIANYANJGXX><JIEGUOXMDM>MIC786</JIEGUOXMDM><JIEGUOXMMC>粪肠球菌[药敏]链霉素筛选试验</JIEGUOXMMC><JIEGUOZHI>S|敏感</JIEGUOZHI></JIANYANJGXX><JIANYANJGXX><JIEGUOXMDM>MIC788</JIEGUOXMDM><JIEGUOXMMC>粪肠球菌[药敏]四环素</JIEGUOXMMC><JIEGUOZHI>R|耐药</JIEGUOZHI></JIANYANJGXX><JIANYANJGXX><JIEGUOXMDM>MIC796</JIEGUOXMDM><JIEGUOXMMC>粪肠球菌[药敏]万古霉素</JIEGUOXMMC><JIEGUOZHI>S|敏感</JIEGUOZHI></JIANYANJGXX><JIANYANJGXX><JIEGUOXMDM>MIC797</JIEGUOXMDM><JIEGUOXMMC>粪肠球菌[药敏]红霉素</JIEGUOXMMC><JIEGUOZHI>I|中介</JIEGUOZHI></JIANYANJGXX><JIANYANJGXX><JIEGUOXMDM>MIC338</JIEGUOXMDM><JIEGUOXMMC>粪肠球菌</JIEGUOXMMC><JIEGUOZHI>粪肠球菌:阳性</JIEGUOZHI><MIAOSHUDW /><CANKAOZSX /><CANKAOZXX /></JIANYANJGXX></JIANYANJGMX></JIANYANJGCX_OUT>
