2015-04-01 14:04:08,372 -[94374ED950474C02B6E4CC99E691A04D][HIS4.Biz.GUAHAOYSXX].IN  <GUAHAOYSXX_IN> <BASEINFO>     <CAOZUOYDM>DBA</CAOZUOYDM>     <CAOZUOYXM>超级用户</CAOZUOYXM>     <CAOZUORQ>2015-04-01 13:31:10</CAOZUORQ>     <XITONGBS>8801</XITONGBS>     <FENYUANDM>1</FENYUANDM>   </BASEINFO> <GUAHAOFS>2</GUAHAOFS> <RIQI></RIQI> <GUAHAOBC>0</GUAHAOBC> <GUAHAOLB>4</GUAHAOLB> <KESHIDM>10190103</KESHIDM> </GUAHAOYSXX_IN>
2015-04-01 14:04:11,850 -[94374ED950474C02B6E4CC99E691A04D][HIS4.Biz.GUAHAOYSXX].OUT <?xml version="1.0" encoding="utf-8"?><GUAHAOYSXX_OUT><OUTMSG><ERRNO>0</ERRNO><ERRMSG /><ERRMSGEX /><MessageID>94374ED950474C02B6E4CC99E691A04D</MessageID></OUTMSG><YISHENGMX><YISHENGXX><YISHENGDM>7007</YISHENGDM><YISHENGXM>陈雅卿</YISHENGXM><KESHIDM>10190103</KESHIDM><KESHIMC>肿瘤妇科门诊</KESHIMC><YISHENGZC /><YISHENGTC /><YISHENGJS /><GUAHAOLB>4</GUAHAOLB><GUAHAOFS>2</GUAHAOFS><YUYUELX>2</YUYUELX></YISHENGXX><YISHENGXX><YISHENGDM>7011</YISHENGDM><YISHENGXM>杨悦</YISHENGXM><KESHIDM>10190103</KESHIDM><KESHIMC>肿瘤妇科门诊</KESHIMC><YISHENGZC /><YISHENGTC /><YISHENGJS /><GUAHAOLB>4</GUAHAOLB><GUAHAOFS>2</GUAHAOFS><YUYUELX>2</YUYUELX></YISHENGXX><YISHENGXX><YISHENGDM>7002</YISHENGDM><YISHENGXM>葛明华</YISHENGXM><KESHIDM>10190103</KESHIDM><KESHIMC>肿瘤妇科门诊</KESHIMC><YISHENGZC /><YISHENGTC /><YISHENGJS /><GUAHAOLB>4</GUAHAOLB><GUAHAOFS>2</GUAHAOFS><YUYUELX>2</YUYUELX></YISHENGXX></YISHENGMX></GUAHAOYSXX_OUT>
2015-04-01 14:46:19,167 -[CCC49E3816A04D258E6A5769464BA02A][HIS4.Biz.GUAHAOYSXX].IN  <GUAHAOYSXX_IN> <BASEINFO>     
<CAOZUOYDM>DBA</CAOZUOYDM>     
<CAOZUOYXM>超级用户</CAOZUOYXM>     
<CAOZUORQ>2015-04-01 13:31:10</CAOZUORQ>    
 <XITONGBS>8801</XITONGBS>     
<FENYUANDM>1</FENYUANDM>   
</BASEINFO> 
<JIANYANTM>500000321426</JIANYANTM> 
</GUAHAOYSXX_IN>
2015-04-01 14:46:21,942 -[CCC49E3816A04D258E6A5769464BA02A][HIS4.Biz.GUAHAOYSXX].OUT <?xml version="1.0" encoding="utf-8"?><GUAHAOYSXX_OUT><OUTMSG><ERRNO>-1</ERRNO><ERRMSG>挂号方式获取失败，请重新尝试挂号！</ERRMSG><ERRMSGEX /><MessageID>CCC49E3816A04D258E6A5769464BA02A</MessageID></OUTMSG><YISHENGMX /></GUAHAOYSXX_OUT>
2015-04-01 14:46:46,862 -[3A2BF4F94BBC43A8AF82115048E8CEAA][HIS4.Biz.JIANYANJGCX].IN  <JIANYANJGCX_IN> <BASEINFO>     
<CAOZUOYDM>DBA</CAOZUOYDM>     
<CAOZUOYXM>超级用户</CAOZUOYXM>     
<CAOZUORQ>2015-04-01 13:31:10</CAOZUORQ>    
 <XITONGBS>8801</XITONGBS>     
<FENYUANDM>1</FENYUANDM>   
</BASEINFO> 
<JIANYANTM>500000321426</JIANYANTM> 
</JIANYANJGCX_IN>
2015-04-01 14:46:49,891 -[3A2BF4F94BBC43A8AF82115048E8CEAA][HIS4.Biz.JIANYANJGCX].OUT <?xml version="1.0" encoding="utf-8"?><JIANYANJGCX_OUT><OUTMSG><ERRNO>0</ERRNO><ERRMSG /><ERRMSGEX /><MessageID>3A2BF4F94BBC43A8AF82115048E8CEAA</MessageID></OUTMSG><YANGBENLX>13</YANGBENLX><YANGBENLXMC>阴道分泌物</YANGBENLXMC><KAIDANKSDM>10050201</KAIDANKSDM><KAIDANKSMC>妇科病房</KAIDANKSMC><KAIDANYSDM>3542</KAIDANYSDM><KAIDANYSXM>彭阳春</KAIDANYSXM><CAIJISJ /><JIESHOUSJ>2015-03-27 15:25:27</JIESHOUSJ><BAOGAOSJ>2015-03-29 10:14:03</BAOGAOSJ><JIANYANXMDM>0000002277</JIANYANXMDM><JIANYANXMMC>阴道分泌物一般细菌培养鉴定</JIANYANXMMC><JIANYANJGMX><JIANYANJGXX><JIEGUOXMDM>MIC338</JIEGUOXMDM><JIEGUOXMMC>粪肠球菌</JIEGUOXMMC><JIEGUOZHI>粪肠球菌:阳性[结果值]喹奴普汀-达福普汀1[药敏类型]耐药;利奈唑胺[药敏类型]敏感;替加环素[药敏类型]敏感;氨苄西林[药敏类型]敏感;环丙沙星[药敏类型]敏感;克林霉素[药敏类型]耐药;庆大霉素筛选试验[药敏类型]敏感;左旋氧氟沙星[药敏类型]敏感;莫西沙星[药敏类型]敏感;呋喃妥因[药敏类型]敏感;青霉素[药敏类型]敏感;链霉素筛选试验[药敏类型]敏感;四环素[药敏类型]耐药;万古霉素[药敏类型]敏感;红霉素[药敏类型]中介;</JIEGUOZHI><MIAOSHUDW /><CANKAOZSX /><CANKAOZXX /></JIANYANJGXX></JIANYANJGMX></JIANYANJGCX_OUT>
2015-04-01 14:47:36,305 -[DDA7A3FB7C6B47B68A2F1295DDA904C5][HIS4.Biz.JIANYANJGCX].IN  <JIANYANJGCX_IN> <BASEINFO>     
<CAOZUOYDM>DBA</CAOZUOYDM>     
<CAOZUOYXM>超级用户</CAOZUOYXM>     
<CAOZUORQ>2015-04-01 13:31:10</CAOZUORQ>    
 <XITONGBS>8801</XITONGBS>     
<FENYUANDM>1</FENYUANDM>   
</BASEINFO> 
<JIANYANTM>500000000717</JIANYANTM> 
</JIANYANJGCX_IN>
2015-04-01 14:47:41,445 -[DDA7A3FB7C6B47B68A2F1295DDA904C5][HIS4.Biz.JIANYANJGCX].OUT <?xml version="1.0" encoding="utf-8"?><JIANYANJGCX_OUT><OUTMSG><ERRNO>0</ERRNO><ERRMSG /><ERRMSGEX /><MessageID>DDA7A3FB7C6B47B68A2F1295DDA904C5</MessageID></OUTMSG><YANGBENLX>5</YANGBENLX><YANGBENLXMC>全血</YANGBENLXMC><KAIDANKSDM>10070101</KAIDANKSDM><KAIDANKSMC>儿科门诊</KAIDANKSMC><KAIDANYSDM>3091</KAIDANYSDM><KAIDANYSXM>陈卫</KAIDANYSXM><CAIJISJ>2014-10-31 14:24:31</CAIJISJ><JIESHOUSJ /><BAOGAOSJ>2014-10-31 15:02:20</BAOGAOSJ><JIANYANXMDM>0000002044</JIANYANXMDM><JIANYANXMMC>血常规超敏C反应蛋白</JIANYANXMMC><JIANYANJGMX><JIANYANJGXX><JIEGUOXMDM>5104</JIEGUOXMDM><JIEGUOXMMC>平均红细胞体积</JIEGUOXMMC><JIEGUOZHI>79.7</JIEGUOZHI><MIAOSHUDW>fl</MIAOSHUDW><CANKAOZSX /><CANKAOZXX>80.2-97.7</CANKAOZXX></JIANYANJGXX><JIANYANJGXX><JIEGUOXMDM>5108</JIEGUOXMDM><JIEGUOXMMC>血小板计数</JIEGUOXMMC><JIEGUOZHI>305</JIEGUOZHI><MIAOSHUDW>10^9/L</MIAOSHUDW><CANKAOZSX /><CANKAOZXX>100-300</CANKAOZXX></JIANYANJGXX><JIANYANJGXX><JIEGUOXMDM>5109</JIEGUOXMDM><JIEGUOXMMC>血小板比容</JIEGUOXMMC><JIEGUOZHI>0.330</JIEGUOZHI><MIAOSHUDW>%</MIAOSHUDW><CANKAOZSX /><CANKAOZXX>0.110-0.280</CANKAOZXX></JIANYANJGXX><JIANYANJGXX><JIEGUOXMDM>5112</JIEGUOXMDM><JIEGUOXMMC>淋巴细胞计数</JIEGUOXMMC><JIEGUOZHI>3.6</JIEGUOZHI><MIAOSHUDW>10^9/L</MIAOSHUDW><CANKAOZSX /><CANKAOZXX>1.0-3.3</CANKAOZXX></JIANYANJGXX></JIANYANJGMX></JIANYANJGCX_OUT>
