2015-04-01 13:25:54,379 -[E42DA57BF5C449F8B14D99B928AD3D99][HIS4.Biz.JIANYANJGCX].IN  <JIANYANJGCX_IN> <BASEINFO>
    <CAOZUOYDM>AUTO1</CAOZUOYDM>
    <CAOZUOYXM>自助机1</CAOZUOYXM>
    <CAOZUORQ>2013-03-19 17:35:30</CAOZUORQ>
    <XITONGBS>99</XITONGBS>
    <FENYUANDM>1</FENYUANDM>
  </BASEINFO>
<JIANYANTM>1000154898</JIANYANTM>
</JIANYANJGCX_IN>
2015-04-01 13:25:54,911 -[E42DA57BF5C449F8B14D99B928AD3D99][HIS4.Biz.JIANYANJGCX].OUT <?xml version="1.0" encoding="utf-8"?><JIANYANJGCX_OUT><OUTMSG><ERRNO>-1</ERRNO><ERRMSG>未找到该检验申请单</ERRMSG><ERRMSGEX /><MessageID>E42DA57BF5C449F8B14D99B928AD3D99</MessageID></OUTMSG><JIANYANJGMX /></JIANYANJGCX_OUT>
2015-04-01 13:26:58,739 -[CB0E24ECB87F4152AC07523E94E33E20][HIS4.Biz.JIANYANJGCX].IN  <JIANYANJGCX_IN> <BASEINFO>
    <CAOZUOYDM>AUTO1</CAOZUOYDM>
    <CAOZUOYXM>自助机1</CAOZUOYXM>
    <CAOZUORQ>2013-03-19 17:35:30</CAOZUORQ>
    <XITONGBS>99</XITONGBS>
    <FENYUANDM>1</FENYUANDM>
  </BASEINFO>
<JIANYANTM>500000322417</JIANYANTM>
</JIANYANJGCX_IN>
2015-04-01 13:26:58,775 -[CB0E24ECB87F4152AC07523E94E33E20][HIS4.Biz.JIANYANJGCX].OUT <?xml version="1.0" encoding="utf-8"?><JIANYANJGCX_OUT><OUTMSG><ERRNO>-1</ERRNO><ERRMSG>该检验还未出报告，请耐心等待</ERRMSG><ERRMSGEX /><MessageID>CB0E24ECB87F4152AC07523E94E33E20</MessageID></OUTMSG><YANGBENLX>5</YANGBENLX><YANGBENLXMC>全血</YANGBENLXMC><KAIDANKSDM>10030203</KAIDANKSDM><KAIDANKSMC>心血管内科病房</KAIDANKSMC><KAIDANYSDM>2432</KAIDANYSDM><KAIDANYSXM>杨应军</KAIDANYSXM><CAIJISJ>2015-03-27 15:44:27</CAIJISJ><JIESHOUSJ>2015-03-27 16:16:27</JIESHOUSJ><JIANYANXMDM>0000002203</JIANYANXMDM><JIANYANXMMC>部位1血液厌氧培养+鉴定</JIANYANXMMC><JIANYANJGMX /></JIANYANJGCX_OUT>
2015-04-01 13:27:05,705 -[81F3AACA07184E98A00B2D10F69A72C3][HIS4.Biz.JIANYANJGCX].IN  <JIANYANJGCX_IN> <BASEINFO>
    <CAOZUOYDM>AUTO1</CAOZUOYDM>
    <CAOZUOYXM>自助机1</CAOZUOYXM>
    <CAOZUORQ>2013-03-19 17:35:30</CAOZUORQ>
    <XITONGBS>99</XITONGBS>
    <FENYUANDM>1</FENYUANDM>
  </BASEINFO>
<JIANYANTM>500000322472</JIANYANTM>
</JIANYANJGCX_IN>
2015-04-01 13:27:05,729 -[81F3AACA07184E98A00B2D10F69A72C3][HIS4.Biz.JIANYANJGCX].OUT <?xml version="1.0" encoding="utf-8"?><JIANYANJGCX_OUT><OUTMSG><ERRNO>-1</ERRNO><ERRMSG>该检验还未出报告，请耐心等待</ERRMSG><ERRMSGEX /><MessageID>81F3AACA07184E98A00B2D10F69A72C3</MessageID></OUTMSG><YANGBENLX>5</YANGBENLX><YANGBENLXMC>全血</YANGBENLXMC><KAIDANKSDM>102602</KAIDANKSDM><KAIDANKSMC>疼痛科病房</KAIDANKSMC><KAIDANYSDM>3183</KAIDANYSDM><KAIDANYSXM>邓硕</KAIDANYSXM><CAIJISJ /><JIESHOUSJ>2015-03-27 15:58:27</JIESHOUSJ><JIANYANXMDM>0000002202</JIANYANXMDM><JIANYANXMMC>部位1血液需氧培养+鉴定</JIANYANXMMC><JIANYANJGMX /></JIANYANJGCX_OUT>
2015-04-01 13:27:16,914 -[D40B8BFD04BE469C960BA81A5290B55A][HIS4.Biz.JIANYANJGCX].IN  <JIANYANJGCX_IN> <BASEINFO>
    <CAOZUOYDM>AUTO1</CAOZUOYDM>
    <CAOZUOYXM>自助机1</CAOZUOYXM>
    <CAOZUORQ>2013-03-19 17:35:30</CAOZUORQ>
    <XITONGBS>99</XITONGBS>
    <FENYUANDM>1</FENYUANDM>
  </BASEINFO>
<JIANYANTM>500000322474</JIANYANTM>
</JIANYANJGCX_IN>
2015-04-01 13:27:16,935 -[D40B8BFD04BE469C960BA81A5290B55A][HIS4.Biz.JIANYANJGCX].OUT <?xml version="1.0" encoding="utf-8"?><JIANYANJGCX_OUT><OUTMSG><ERRNO>-1</ERRNO><ERRMSG>该检验还未出报告，请耐心等待</ERRMSG><ERRMSGEX /><MessageID>D40B8BFD04BE469C960BA81A5290B55A</MessageID></OUTMSG><YANGBENLX>5</YANGBENLX><YANGBENLXMC>全血</YANGBENLXMC><KAIDANKSDM>102602</KAIDANKSDM><KAIDANKSMC>疼痛科病房</KAIDANKSMC><KAIDANYSDM>3183</KAIDANYSDM><KAIDANYSXM>邓硕</KAIDANYSXM><CAIJISJ /><JIESHOUSJ>2015-03-27 15:58:27</JIESHOUSJ><JIANYANXMDM>0000002203</JIANYANXMDM><JIANYANXMMC>部位1血液厌氧培养+鉴定</JIANYANXMMC><JIANYANJGMX /></JIANYANJGCX_OUT>
2015-04-01 13:28:35,889 -[43C76AA228A24255998028CDD20A1658][HIS4.Biz.JIANYANJGCX].IN  <JIANYANJGCX_IN> <BASEINFO>
    <CAOZUOYDM>AUTO1</CAOZUOYDM>
    <CAOZUOYXM>自助机1</CAOZUOYXM>
    <CAOZUORQ>2013-03-19 17:35:30</CAOZUORQ>
    <XITONGBS>99</XITONGBS>
    <FENYUANDM>1</FENYUANDM>
  </BASEINFO>
<JIANYANTM>500000001072</JIANYANTM>
</JIANYANJGCX_IN>
2015-04-01 13:28:35,930 -[43C76AA228A24255998028CDD20A1658][HIS4.Biz.JIANYANJGCX].OUT <?xml version="1.0" encoding="utf-8"?><JIANYANJGCX_OUT><OUTMSG><ERRNO>0</ERRNO><ERRMSG /><ERRMSGEX /><MessageID>43C76AA228A24255998028CDD20A1658</MessageID></OUTMSG><YANGBENLX>5</YANGBENLX><YANGBENLXMC>全血</YANGBENLXMC><KAIDANKSDM>10050201</KAIDANKSDM><KAIDANKSMC>妇科病房</KAIDANKSMC><KAIDANYSDM>3673</KAIDANYSDM><KAIDANYSXM>李晓敏</KAIDANYSXM><CAIJISJ>2014-10-31 18:51:31</CAIJISJ><JIESHOUSJ /><BAOGAOSJ>2014-10-31 19:12:59</BAOGAOSJ><JIANYANXMDM>0000002044</JIANYANXMDM><JIANYANXMMC>血常规超敏C反应蛋白</JIANYANXMMC><JIANYANJGMX><JIANYANJGXX><JIEGUOXMDM>5102</JIEGUOXMDM><JIEGUOXMMC>血红蛋白</JIEGUOXMMC><JIEGUOZHI>100</JIEGUOZHI><MIAOSHUDW>g/L</MIAOSHUDW><CANKAOZSX /><CANKAOZXX>110-150</CANKAOZXX></JIANYANJGXX><JIANYANJGXX><JIEGUOXMDM>5103</JIEGUOXMDM><JIEGUOXMMC>红细胞比容</JIEGUOXMMC><JIEGUOZHI>0.297</JIEGUOZHI><MIAOSHUDW>V/V</MIAOSHUDW><CANKAOZSX /><CANKAOZXX>0.335-0.450</CANKAOZXX></JIANYANJGXX><JIANYANJGXX><JIEGUOXMDM>5104</JIEGUOXMDM><JIEGUOXMMC>平均红细胞体积</JIEGUOXMMC><JIEGUOZHI>67.2</JIEGUOZHI><MIAOSHUDW>fl</MIAOSHUDW><CANKAOZSX /><CANKAOZXX>80.2-97.7</CANKAOZXX></JIANYANJGXX><JIANYANJGXX><JIEGUOXMDM>5105</JIEGUOXMDM><JIEGUOXMMC>平均RBC血红蛋白含量</JIEGUOXMMC><JIEGUOZHI>22.6</JIEGUOZHI><MIAOSHUDW>pg</MIAOSHUDW><CANKAOZSX /><CANKAOZXX>27.3-34.4</CANKAOZXX></JIANYANJGXX></JIANYANJGMX></JIANYANJGCX_OUT>
2015-04-01 13:28:47,236 -[71B8EBB91D8E454E8DE3DDFA6AFB3766][HIS4.Biz.JIANYANJGCX].IN  <JIANYANJGCX_IN> <BASEINFO>
    <CAOZUOYDM>AUTO1</CAOZUOYDM>
    <CAOZUOYXM>自助机1</CAOZUOYXM>
    <CAOZUORQ>2013-03-19 17:35:30</CAOZUORQ>
    <XITONGBS>99</XITONGBS>
    <FENYUANDM>1</FENYUANDM>
  </BASEINFO>
<JIANYANTM>500000001086</JIANYANTM>
</JIANYANJGCX_IN>
2015-04-01 13:28:47,261 -[71B8EBB91D8E454E8DE3DDFA6AFB3766][HIS4.Biz.JIANYANJGCX].OUT <?xml version="1.0" encoding="utf-8"?><JIANYANJGCX_OUT><OUTMSG><ERRNO>0</ERRNO><ERRMSG /><ERRMSGEX /><MessageID>71B8EBB91D8E454E8DE3DDFA6AFB3766</MessageID></OUTMSG><YANGBENLX>5</YANGBENLX><YANGBENLXMC>全血</YANGBENLXMC><KAIDANKSDM>10200102</KAIDANKSDM><KAIDANKSMC>急诊内科门诊</KAIDANKSMC><KAIDANYSDM>3401</KAIDANYSDM><KAIDANYSXM>金龙</KAIDANYSXM><CAIJISJ>2014-10-31 18:53:31</CAIJISJ><JIESHOUSJ /><BAOGAOSJ>2014-10-31 19:13:04</BAOGAOSJ><JIANYANXMDM>0000002502</JIANYANXMDM><JIANYANXMMC>急诊血常规+CRP</JIANYANXMMC><JIANYANJGMX /></JIANYANJGCX_OUT>
2015-04-01 13:29:04,026 -[D8A943D01CA9467698E4AC4C090694E3][HIS4.Biz.JIANYANJGCX].IN  <JIANYANJGCX_IN> <BASEINFO>
    <CAOZUOYDM>AUTO1</CAOZUOYDM>
    <CAOZUOYXM>自助机1</CAOZUOYXM>
    <CAOZUORQ>2013-03-19 17:35:30</CAOZUORQ>
    <XITONGBS>99</XITONGBS>
    <FENYUANDM>1</FENYUANDM>
  </BASEINFO>
<JIANYANTM>500000001097</JIANYANTM>
</JIANYANJGCX_IN>
2015-04-01 13:29:04,050 -[D8A943D01CA9467698E4AC4C090694E3][HIS4.Biz.JIANYANJGCX].OUT <?xml version="1.0" encoding="utf-8"?><JIANYANJGCX_OUT><OUTMSG><ERRNO>0</ERRNO><ERRMSG /><ERRMSGEX /><MessageID>D8A943D01CA9467698E4AC4C090694E3</MessageID></OUTMSG><YANGBENLX>5</YANGBENLX><YANGBENLXMC>全血</YANGBENLXMC><KAIDANKSDM>10200103</KAIDANKSDM><KAIDANKSMC>急诊儿科门诊</KAIDANKSMC><KAIDANYSDM>3312</KAIDANYSDM><KAIDANYSXM>沈亚娟</KAIDANYSXM><CAIJISJ>2014-10-31 19:05:31</CAIJISJ><JIESHOUSJ /><BAOGAOSJ>2014-10-31 19:20:06</BAOGAOSJ><JIANYANXMDM>0000002044</JIANYANXMDM><JIANYANXMMC>血常规超敏C反应蛋白</JIANYANXMMC><JIANYANJGMX><JIANYANJGXX><JIEGUOXMDM>5117</JIEGUOXMDM><JIEGUOXMMC>淋巴细胞百分比</JIEGUOXMMC><JIEGUOZHI>15.6</JIEGUOZHI><MIAOSHUDW>%</MIAOSHUDW><CANKAOZSX /><CANKAOZXX>20.0-40.0</CANKAOZXX></JIANYANJGXX></JIANYANJGMX></JIANYANJGCX_OUT>
2015-04-01 13:29:15,570 -[2E8B2E14B14C4509BB0D5B5253A6C4F3][HIS4.Biz.JIANYANJGCX].IN  <JIANYANJGCX_IN> <BASEINFO>
    <CAOZUOYDM>AUTO1</CAOZUOYDM>
    <CAOZUOYXM>自助机1</CAOZUOYXM>
    <CAOZUORQ>2013-03-19 17:35:30</CAOZUORQ>
    <XITONGBS>99</XITONGBS>
    <FENYUANDM>1</FENYUANDM>
  </BASEINFO>
<JIANYANTM>500000001098</JIANYANTM>
</JIANYANJGCX_IN>
2015-04-01 13:29:15,595 -[2E8B2E14B14C4509BB0D5B5253A6C4F3][HIS4.Biz.JIANYANJGCX].OUT <?xml version="1.0" encoding="utf-8"?><JIANYANJGCX_OUT><OUTMSG><ERRNO>0</ERRNO><ERRMSG /><ERRMSGEX /><MessageID>2E8B2E14B14C4509BB0D5B5253A6C4F3</MessageID></OUTMSG><YANGBENLX>5</YANGBENLX><YANGBENLXMC>全血</YANGBENLXMC><KAIDANKSDM>10200102</KAIDANKSDM><KAIDANKSMC>急诊内科门诊</KAIDANKSMC><KAIDANYSDM>3401</KAIDANYSDM><KAIDANYSXM>金龙</KAIDANYSXM><CAIJISJ>2014-10-31 19:08:31</CAIJISJ><JIESHOUSJ /><BAOGAOSJ>2014-10-31 19:17:05</BAOGAOSJ><JIANYANXMDM>0000002502</JIANYANXMDM><JIANYANXMMC>急诊血常规+CRP</JIANYANXMMC><JIANYANJGMX /></JIANYANJGCX_OUT>
2015-04-01 13:29:57,538 -[69F7A7E482D3453E89A4D0E454A9067B][HIS4.Biz.JIANYANJGCX].IN  <JIANYANJGCX_IN> <BASEINFO>
    <CAOZUOYDM>AUTO1</CAOZUOYDM>
    <CAOZUOYXM>自助机1</CAOZUOYXM>
    <CAOZUORQ>2013-03-19 17:35:30</CAOZUORQ>
    <XITONGBS>99</XITONGBS>
    <FENYUANDM>1</FENYUANDM>
  </BASEINFO>
<JIANYANTM>500000322101</JIANYANTM>
</JIANYANJGCX_IN>
2015-04-01 13:29:57,568 -[69F7A7E482D3453E89A4D0E454A9067B][HIS4.Biz.JIANYANJGCX].OUT <?xml version="1.0" encoding="utf-8"?><JIANYANJGCX_OUT><OUTMSG><ERRNO>0</ERRNO><ERRMSG /><ERRMSGEX /><MessageID>69F7A7E482D3453E89A4D0E454A9067B</MessageID></OUTMSG><YANGBENLX>5</YANGBENLX><YANGBENLXMC>全血</YANGBENLXMC><KAIDANKSDM>10200102</KAIDANKSDM><KAIDANKSMC>急诊内科门诊</KAIDANKSMC><KAIDANYSDM>1532</KAIDANYSDM><KAIDANYSXM>吕建楠</KAIDANYSXM><CAIJISJ /><JIESHOUSJ /><BAOGAOSJ>2015-03-27 13:44:19</BAOGAOSJ><JIANYANXMDM>0000002502</JIANYANXMDM><JIANYANXMMC>急诊血常规+CRP</JIANYANXMMC><JIANYANJGMX><JIANYANJGXX><JIEGUOXMDM>5112</JIEGUOXMDM><JIEGUOXMMC>淋巴细胞计数</JIEGUOXMMC><JIEGUOZHI>0.9</JIEGUOZHI><MIAOSHUDW>10^9/L</MIAOSHUDW><CANKAOZSX /><CANKAOZXX>1.0-3.3</CANKAOZXX></JIANYANJGXX><JIANYANJGXX><JIEGUOXMDM>5117</JIEGUOXMDM><JIEGUOXMMC>淋巴细胞百分比</JIEGUOXMMC><JIEGUOZHI>8.8</JIEGUOZHI><MIAOSHUDW>%</MIAOSHUDW><CANKAOZSX /><CANKAOZXX>20.0-40.0</CANKAOZXX></JIANYANJGXX><JIANYANJGXX><JIEGUOXMDM>5118</JIEGUOXMDM><JIEGUOXMMC>单核细胞百分比</JIEGUOXMMC><JIEGUOZHI>2.1</JIEGUOZHI><MIAOSHUDW>%</MIAOSHUDW><CANKAOZSX /><CANKAOZXX>3.0-10.0</CANKAOZXX></JIANYANJGXX></JIANYANJGMX></JIANYANJGCX_OUT>
2015-04-01 13:30:11,548 -[69A4EBA14DCF4179B6406BC25BB37F91][HIS4.Biz.JIANYANJGCX].IN  <JIANYANJGCX_IN> <BASEINFO>
    <CAOZUOYDM>AUTO1</CAOZUOYDM>
    <CAOZUOYXM>自助机1</CAOZUOYXM>
    <CAOZUORQ>2013-03-19 17:35:30</CAOZUORQ>
    <XITONGBS>99</XITONGBS>
    <FENYUANDM>1</FENYUANDM>
  </BASEINFO>
<JIANYANTM>500000321958</JIANYANTM>
</JIANYANJGCX_IN>
2015-04-01 13:30:11,574 -[69A4EBA14DCF4179B6406BC25BB37F91][HIS4.Biz.JIANYANJGCX].OUT <?xml version="1.0" encoding="utf-8"?><JIANYANJGCX_OUT><OUTMSG><ERRNO>0</ERRNO><ERRMSG /><ERRMSGEX /><MessageID>69A4EBA14DCF4179B6406BC25BB37F91</MessageID></OUTMSG><YANGBENLX>5</YANGBENLX><YANGBENLXMC>全血</YANGBENLXMC><KAIDANKSDM>10050101</KAIDANKSDM><KAIDANKSMC>妇科门诊</KAIDANKSMC><KAIDANYSDM>3137</KAIDANYSDM><KAIDANYSXM>赵益伟</KAIDANYSXM><CAIJISJ /><JIESHOUSJ>2015-03-27 13:38:27</JIESHOUSJ><BAOGAOSJ>2015-03-27 13:46:11</BAOGAOSJ><JIANYANXMDM>0000001961</JIANYANXMDM><JIANYANXMMC>血常规检查</JIANYANXMMC><JIANYANJGMX><JIANYANJGXX><JIEGUOXMDM>5117</JIEGUOXMDM><JIEGUOXMMC>淋巴细胞百分比</JIEGUOXMMC><JIEGUOZHI>17.3</JIEGUOZHI><MIAOSHUDW>%</MIAOSHUDW><CANKAOZSX /><CANKAOZXX>20.0-40.0</CANKAOZXX></JIANYANJGXX></JIANYANJGMX></JIANYANJGCX_OUT>
2015-04-01 13:30:23,323 -[42F077DF29064CE0AAB34FBDAAAF598B][HIS4.Biz.JIANYANJGCX].IN  <JIANYANJGCX_IN> <BASEINFO>
    <CAOZUOYDM>AUTO1</CAOZUOYDM>
    <CAOZUOYXM>自助机1</CAOZUOYXM>
    <CAOZUORQ>2013-03-19 17:35:30</CAOZUORQ>
    <XITONGBS>99</XITONGBS>
    <FENYUANDM>1</FENYUANDM>
  </BASEINFO>
<JIANYANTM>500000320361</JIANYANTM>
</JIANYANJGCX_IN>
2015-04-01 13:30:23,347 -[42F077DF29064CE0AAB34FBDAAAF598B][HIS4.Biz.JIANYANJGCX].OUT <?xml version="1.0" encoding="utf-8"?><JIANYANJGCX_OUT><OUTMSG><ERRNO>0</ERRNO><ERRMSG /><ERRMSGEX /><MessageID>42F077DF29064CE0AAB34FBDAAAF598B</MessageID></OUTMSG><YANGBENLX>2</YANGBENLX><YANGBENLXMC>尿液</YANGBENLXMC><KAIDANKSDM>10030201</KAIDANKSDM><KAIDANKSMC>消化内科病房</KAIDANKSMC><KAIDANYSDM>3353</KAIDANYSDM><KAIDANYSXM>张勇</KAIDANYSXM><CAIJISJ /><JIESHOUSJ>2015-03-28 07:49:28</JIESHOUSJ><BAOGAOSJ>2015-03-28 08:19:09</BAOGAOSJ><JIANYANXMDM>0000002191</JIANYANXMDM><JIANYANXMMC>尿常规检查</JIANYANXMMC><JIANYANJGMX /></JIANYANJGCX_OUT>
2015-04-01 13:30:54,552 -[328EFA829BF346859AEB0BC5AE6681AD][HIS4.Biz.JIANYANJGCX].IN  <JIANYANJGCX_IN> <BASEINFO>
    <CAOZUOYDM>AUTO1</CAOZUOYDM>
    <CAOZUOYXM>自助机1</CAOZUOYXM>
    <CAOZUORQ>2013-03-19 17:35:30</CAOZUORQ>
    <XITONGBS>99</XITONGBS>
    <FENYUANDM>1</FENYUANDM>
  </BASEINFO>
<JIANYANTM>500000321921</JIANYANTM>
</JIANYANJGCX_IN>
2015-04-01 13:30:54,572 -[328EFA829BF346859AEB0BC5AE6681AD][HIS4.Biz.JIANYANJGCX].OUT <?xml version="1.0" encoding="utf-8"?><JIANYANJGCX_OUT><OUTMSG><ERRNO>0</ERRNO><ERRMSG /><ERRMSGEX /><MessageID>328EFA829BF346859AEB0BC5AE6681AD</MessageID></OUTMSG><YANGBENLX>2</YANGBENLX><YANGBENLXMC>尿液</YANGBENLXMC><KAIDANKSDM>10030208</KAIDANKSDM><KAIDANKSMC>呼吸内科病房</KAIDANKSMC><KAIDANYSDM>3603</KAIDANYSDM><KAIDANYSXM>尤慧敏</KAIDANYSXM><CAIJISJ /><JIESHOUSJ>2015-03-28 07:49:28</JIESHOUSJ><BAOGAOSJ>2015-03-28 08:19:02</BAOGAOSJ><JIANYANXMDM>0000002191</JIANYANXMDM><JIANYANXMMC>尿常规检查</JIANYANXMMC><JIANYANJGMX /></JIANYANJGCX_OUT>
2015-04-01 13:31:03,452 -[55C383AF0637454588AB98444F2A63D0][HIS4.Biz.JIANYANJGCX].IN  <JIANYANJGCX_IN> <BASEINFO>
    <CAOZUOYDM>AUTO1</CAOZUOYDM>
    <CAOZUOYXM>自助机1</CAOZUOYXM>
    <CAOZUORQ>2013-03-19 17:35:30</CAOZUORQ>
    <XITONGBS>99</XITONGBS>
    <FENYUANDM>1</FENYUANDM>
  </BASEINFO>
<JIANYANTM>500000315697</JIANYANTM>
</JIANYANJGCX_IN>
2015-04-01 13:31:03,569 -[55C383AF0637454588AB98444F2A63D0][HIS4.Biz.JIANYANJGCX].OUT <?xml version="1.0" encoding="utf-8"?><JIANYANJGCX_OUT><OUTMSG><ERRNO>-1</ERRNO><ERRMSG>索引超出了数组界限。</ERRMSG><ERRMSGEX /><MessageID>55C383AF0637454588AB98444F2A63D0</MessageID></OUTMSG><YANGBENLX>3</YANGBENLX><YANGBENLXMC>大便</YANGBENLXMC><KAIDANKSDM>10040205</KAIDANKSDM><KAIDANKSMC>骨科二病房</KAIDANKSMC><KAIDANYSDM>3252</KAIDANYSDM><KAIDANYSXM>顾志刚</KAIDANYSXM><CAIJISJ /><JIESHOUSJ>2015-03-28 07:51:28</JIESHOUSJ><BAOGAOSJ>2015-03-28 08:20:30</BAOGAOSJ><JIANYANXMDM>0000002193</JIANYANXMDM><JIANYANXMMC>粪便常规检查</JIANYANXMMC><JIANYANJGMX /></JIANYANJGCX_OUT>
2015-04-01 13:31:36,896 -[CEA12882A9494CC78DAC505E8DE718D5][HIS4.Biz.JIANYANJGCX].IN  <JIANYANJGCX_IN> <BASEINFO>
    <CAOZUOYDM>AUTO1</CAOZUOYDM>
    <CAOZUOYXM>自助机1</CAOZUOYXM>
    <CAOZUORQ>2013-03-19 17:35:30</CAOZUORQ>
    <XITONGBS>99</XITONGBS>
    <FENYUANDM>1</FENYUANDM>
  </BASEINFO>
<JIANYANTM>500000315697</JIANYANTM>
</JIANYANJGCX_IN>
2015-04-01 13:32:00,389 -[CEA12882A9494CC78DAC505E8DE718D5][HIS4.Biz.JIANYANJGCX].OUT <?xml version="1.0" encoding="utf-8"?><JIANYANJGCX_OUT><OUTMSG><ERRNO>-1</ERRNO><ERRMSG>索引超出了数组界限。</ERRMSG><ERRMSGEX /><MessageID>CEA12882A9494CC78DAC505E8DE718D5</MessageID></OUTMSG><YANGBENLX>3</YANGBENLX><YANGBENLXMC>大便</YANGBENLXMC><KAIDANKSDM>10040205</KAIDANKSDM><KAIDANKSMC>骨科二病房</KAIDANKSMC><KAIDANYSDM>3252</KAIDANYSDM><KAIDANYSXM>顾志刚</KAIDANYSXM><CAIJISJ /><JIESHOUSJ>2015-03-28 07:51:28</JIESHOUSJ><BAOGAOSJ>2015-03-28 08:20:30</BAOGAOSJ><JIANYANXMDM>0000002193</JIANYANXMDM><JIANYANXMMC>粪便常规检查</JIANYANXMMC><JIANYANJGMX /></JIANYANJGCX_OUT>
2015-04-01 13:32:02,821 -[6EB9F56D7F7C43DF9297E61657B76288][HIS4.Biz.JIANYANJGCX].IN  <JIANYANJGCX_IN> <BASEINFO>
    <CAOZUOYDM>AUTO1</CAOZUOYDM>
    <CAOZUOYXM>自助机1</CAOZUOYXM>
    <CAOZUORQ>2013-03-19 17:35:30</CAOZUORQ>
    <XITONGBS>99</XITONGBS>
    <FENYUANDM>1</FENYUANDM>
  </BASEINFO>
<JIANYANTM>500000315697</JIANYANTM>
</JIANYANJGCX_IN>
2015-04-01 13:32:19,211 -[6EB9F56D7F7C43DF9297E61657B76288][HIS4.Biz.JIANYANJGCX].OUT <?xml version="1.0" encoding="utf-8"?><JIANYANJGCX_OUT><OUTMSG><ERRNO>-1</ERRNO><ERRMSG>索引超出了数组界限。</ERRMSG><ERRMSGEX /><MessageID>6EB9F56D7F7C43DF9297E61657B76288</MessageID></OUTMSG><YANGBENLX>3</YANGBENLX><YANGBENLXMC>大便</YANGBENLXMC><KAIDANKSDM>10040205</KAIDANKSDM><KAIDANKSMC>骨科二病房</KAIDANKSMC><KAIDANYSDM>3252</KAIDANYSDM><KAIDANYSXM>顾志刚</KAIDANYSXM><CAIJISJ /><JIESHOUSJ>2015-03-28 07:51:28</JIESHOUSJ><BAOGAOSJ>2015-03-28 08:20:30</BAOGAOSJ><JIANYANXMDM>0000002193</JIANYANXMDM><JIANYANXMMC>粪便常规检查</JIANYANXMMC><JIANYANJGMX /></JIANYANJGCX_OUT>
2015-04-01 13:32:27,394 -[C56447CA36BB490796C9AC6D325C6F78][HIS4.Biz.JIANYANJGCX].IN  <JIANYANJGCX_IN> <BASEINFO>
    <CAOZUOYDM>AUTO1</CAOZUOYDM>
    <CAOZUOYXM>自助机1</CAOZUOYXM>
    <CAOZUORQ>2013-03-19 17:35:30</CAOZUORQ>
    <XITONGBS>99</XITONGBS>
    <FENYUANDM>1</FENYUANDM>
  </BASEINFO>
<JIANYANTM>500000315697</JIANYANTM>
</JIANYANJGCX_IN>
2015-04-01 13:32:54,868 -[C56447CA36BB490796C9AC6D325C6F78][HIS4.Biz.JIANYANJGCX].OUT <?xml version="1.0" encoding="utf-8"?><JIANYANJGCX_OUT><OUTMSG><ERRNO>-1</ERRNO><ERRMSG>索引超出了数组界限。</ERRMSG><ERRMSGEX /><MessageID>C56447CA36BB490796C9AC6D325C6F78</MessageID></OUTMSG><YANGBENLX>3</YANGBENLX><YANGBENLXMC>大便</YANGBENLXMC><KAIDANKSDM>10040205</KAIDANKSDM><KAIDANKSMC>骨科二病房</KAIDANKSMC><KAIDANYSDM>3252</KAIDANYSDM><KAIDANYSXM>顾志刚</KAIDANYSXM><CAIJISJ /><JIESHOUSJ>2015-03-28 07:51:28</JIESHOUSJ><BAOGAOSJ>2015-03-28 08:20:30</BAOGAOSJ><JIANYANXMDM>0000002193</JIANYANXMDM><JIANYANXMMC>粪便常规检查</JIANYANXMMC><JIANYANJGMX /></JIANYANJGCX_OUT>
2015-04-01 13:32:56,883 -[C133ED0AED7D4E398FCDBF30BD1E7FF0][HIS4.Biz.JIANYANJGCX].IN  <JIANYANJGCX_IN> <BASEINFO>
    <CAOZUOYDM>AUTO1</CAOZUOYDM>
    <CAOZUOYXM>自助机1</CAOZUOYXM>
    <CAOZUORQ>2013-03-19 17:35:30</CAOZUORQ>
    <XITONGBS>99</XITONGBS>
    <FENYUANDM>1</FENYUANDM>
  </BASEINFO>
<JIANYANTM>500000315697</JIANYANTM>
</JIANYANJGCX_IN>
2015-04-01 13:33:51,200 -[C133ED0AED7D4E398FCDBF30BD1E7FF0][HIS4.Biz.JIANYANJGCX].OUT <?xml version="1.0" encoding="utf-8"?><JIANYANJGCX_OUT><OUTMSG><ERRNO>-1</ERRNO><ERRMSG>索引超出了数组界限。</ERRMSG><ERRMSGEX /><MessageID>C133ED0AED7D4E398FCDBF30BD1E7FF0</MessageID></OUTMSG><YANGBENLX>3</YANGBENLX><YANGBENLXMC>大便</YANGBENLXMC><KAIDANKSDM>10040205</KAIDANKSDM><KAIDANKSMC>骨科二病房</KAIDANKSMC><KAIDANYSDM>3252</KAIDANYSDM><KAIDANYSXM>顾志刚</KAIDANYSXM><CAIJISJ /><JIESHOUSJ>2015-03-28 07:51:28</JIESHOUSJ><BAOGAOSJ>2015-03-28 08:20:30</BAOGAOSJ><JIANYANXMDM>0000002193</JIANYANXMDM><JIANYANXMMC>粪便常规检查</JIANYANXMMC><JIANYANJGMX /></JIANYANJGCX_OUT>
2015-04-01 13:35:23,761 -[AD7A342857814B8AA33660E75C320812][HIS4.Biz.JIANYANJGCX].IN  <JIANYANJGCX_IN> <BASEINFO>
    <CAOZUOYDM>AUTO1</CAOZUOYDM>
    <CAOZUOYXM>自助机1</CAOZUOYXM>
    <CAOZUORQ>2013-03-19 17:35:30</CAOZUORQ>
    <XITONGBS>99</XITONGBS>
    <FENYUANDM>1</FENYUANDM>
  </BASEINFO>
<JIANYANTM>500000315697</JIANYANTM>
</JIANYANJGCX_IN>
2015-04-01 13:35:35,510 -[AD7A342857814B8AA33660E75C320812][HIS4.Biz.JIANYANJGCX].OUT <?xml version="1.0" encoding="utf-8"?><JIANYANJGCX_OUT><OUTMSG><ERRNO>0</ERRNO><ERRMSG /><ERRMSGEX /><MessageID>AD7A342857814B8AA33660E75C320812</MessageID></OUTMSG><YANGBENLX>3</YANGBENLX><YANGBENLXMC>大便</YANGBENLXMC><KAIDANKSDM>10040205</KAIDANKSDM><KAIDANKSMC>骨科二病房</KAIDANKSMC><KAIDANYSDM>3252</KAIDANYSDM><KAIDANYSXM>顾志刚</KAIDANYSXM><CAIJISJ /><JIESHOUSJ>2015-03-28 07:51:28</JIESHOUSJ><BAOGAOSJ>2015-03-28 08:20:30</BAOGAOSJ><JIANYANXMDM>0000002193</JIANYANXMDM><JIANYANXMMC>粪便常规检查</JIANYANXMMC><JIANYANJGMX><JIANYANJGXX><JIEGUOXMDM>5281</JIEGUOXMDM><JIEGUOXMMC>颜色</JIEGUOXMMC><JIEGUOZHI>黄色</JIEGUOZHI><MIAOSHUDW /><CANKAOZSX /><CANKAOZXX>黄褐色</CANKAOZXX></JIANYANJGXX><JIANYANJGXX><JIEGUOXMDM>5282</JIEGUOXMDM><JIEGUOXMMC>性状</JIEGUOXMMC><JIEGUOZHI>软</JIEGUOZHI><MIAOSHUDW /><CANKAOZSX /><CANKAOZXX>软</CANKAOZXX></JIANYANJGXX></JIANYANJGMX></JIANYANJGCX_OUT>
2015-04-01 13:36:25,368 -[21A790D630A74399A4736694DEAA0E99][HIS4.Biz.JIANYANJGCX].IN  <JIANYANJGCX_IN> <BASEINFO>
    <CAOZUOYDM>AUTO1</CAOZUOYDM>
    <CAOZUOYXM>自助机1</CAOZUOYXM>
    <CAOZUORQ>2013-03-19 17:35:30</CAOZUORQ>
    <XITONGBS>99</XITONGBS>
    <FENYUANDM>1</FENYUANDM>
  </BASEINFO>
<JIANYANTM>500000321426</JIANYANTM>
</JIANYANJGCX_IN>
2015-04-01 13:36:42,989 -[21A790D630A74399A4736694DEAA0E99][HIS4.Biz.JIANYANJGCX].OUT <?xml version="1.0" encoding="utf-8"?><JIANYANJGCX_OUT><OUTMSG><ERRNO>0</ERRNO><ERRMSG /><ERRMSGEX /><MessageID>21A790D630A74399A4736694DEAA0E99</MessageID></OUTMSG><YANGBENLX>13</YANGBENLX><YANGBENLXMC>阴道分泌物</YANGBENLXMC><KAIDANKSDM>10050201</KAIDANKSDM><KAIDANKSMC>妇科病房</KAIDANKSMC><KAIDANYSDM>3542</KAIDANYSDM><KAIDANYSXM>彭阳春</KAIDANYSXM><CAIJISJ /><JIESHOUSJ>2015-03-27 15:25:27</JIESHOUSJ><BAOGAOSJ>2015-03-29 10:14:03</BAOGAOSJ><JIANYANXMDM>0000002277</JIANYANXMDM><JIANYANXMMC>阴道分泌物一般细菌培养鉴定</JIANYANXMMC><JIANYANJGMX /></JIANYANJGCX_OUT>
2015-04-01 13:40:22,928 -[1A2359D8682E4EC7946FFE074D4BDBBC][HIS4.Biz.JIANYANJGCX].IN  <JIANYANJGCX_IN> <BASEINFO>
    <CAOZUOYDM>AUTO1</CAOZUOYDM>
    <CAOZUOYXM>自助机1</CAOZUOYXM>
    <CAOZUORQ>2013-03-19 17:35:30</CAOZUORQ>
    <XITONGBS>99</XITONGBS>
    <FENYUANDM>1</FENYUANDM>
  </BASEINFO>
<JIANYANTM>500000321426</JIANYANTM>
</JIANYANJGCX_IN>
2015-04-01 13:40:54,552 -[1A2359D8682E4EC7946FFE074D4BDBBC][HIS4.Biz.JIANYANJGCX].OUT <?xml version="1.0" encoding="utf-8"?><JIANYANJGCX_OUT><OUTMSG><ERRNO>0</ERRNO><ERRMSG /><ERRMSGEX /><MessageID>1A2359D8682E4EC7946FFE074D4BDBBC</MessageID></OUTMSG><YANGBENLX>13</YANGBENLX><YANGBENLXMC>阴道分泌物</YANGBENLXMC><KAIDANKSDM>10050201</KAIDANKSDM><KAIDANKSMC>妇科病房</KAIDANKSMC><KAIDANYSDM>3542</KAIDANYSDM><KAIDANYSXM>彭阳春</KAIDANYSXM><CAIJISJ /><JIESHOUSJ>2015-03-27 15:25:27</JIESHOUSJ><BAOGAOSJ>2015-03-29 10:14:03</BAOGAOSJ><JIANYANXMDM>0000002277</JIANYANXMDM><JIANYANXMMC>阴道分泌物一般细菌培养鉴定</JIANYANXMMC><JIANYANJGMX /></JIANYANJGCX_OUT>
2015-04-01 13:44:40,177 -[FEABC85037314C9C845CD0DF3FB599BF][HIS4.Biz.JIANYANJGCX].IN  <JIANYANJGCX_IN> <BASEINFO>
    <CAOZUOYDM>AUTO1</CAOZUOYDM>
    <CAOZUOYXM>自助机1</CAOZUOYXM>
    <CAOZUORQ>2013-03-19 17:35:30</CAOZUORQ>
    <XITONGBS>99</XITONGBS>
    <FENYUANDM>1</FENYUANDM>
  </BASEINFO>
<JIANYANTM>500000321426</JIANYANTM>
</JIANYANJGCX_IN>
2015-04-01 13:45:01,989 -[FEABC85037314C9C845CD0DF3FB599BF][HIS4.Biz.JIANYANJGCX].OUT <?xml version="1.0" encoding="utf-8"?><JIANYANJGCX_OUT><OUTMSG><ERRNO>0</ERRNO><ERRMSG /><ERRMSGEX /><MessageID>FEABC85037314C9C845CD0DF3FB599BF</MessageID></OUTMSG><YANGBENLX>13</YANGBENLX><YANGBENLXMC>阴道分泌物</YANGBENLXMC><KAIDANKSDM>10050201</KAIDANKSDM><KAIDANKSMC>妇科病房</KAIDANKSMC><KAIDANYSDM>3542</KAIDANYSDM><KAIDANYSXM>彭阳春</KAIDANYSXM><CAIJISJ /><JIESHOUSJ>2015-03-27 15:25:27</JIESHOUSJ><BAOGAOSJ>2015-03-29 10:14:03</BAOGAOSJ><JIANYANXMDM>0000002277</JIANYANXMDM><JIANYANXMMC>阴道分泌物一般细菌培养鉴定</JIANYANXMMC><JIANYANJGMX><JIANYANJGXX><JIEGUOXMDM>MIC338</JIEGUOXMDM><JIEGUOXMMC>粪肠球菌</JIEGUOXMMC><JIEGUOZHI>粪肠球菌:阳性喹奴普汀-达福普汀1[药敏类型]耐药;利奈唑胺[药敏类型]敏感;替加环素[药敏类型]敏感;氨苄西林[药敏类型]敏感;环丙沙星[药敏类型]敏感;克林霉素[药敏类型]耐药;庆大霉素筛选试验[药敏类型]敏感;左旋氧氟沙星[药敏类型]敏感;莫西沙星[药敏类型]敏感;呋喃妥因[药敏类型]敏感;青霉素[药敏类型]敏感;链霉素筛选试验[药敏类型]敏感;四环素[药敏类型]耐药;万古霉素[药敏类型]敏感;红霉素[药敏类型]中介;</JIEGUOZHI><MIAOSHUDW /><CANKAOZSX /><CANKAOZXX /></JIANYANJGXX></JIANYANJGMX></JIANYANJGCX_OUT>
2015-04-01 13:53:49,289 -[D846663143AF4CD99C286325B40B7073][HIS4.Biz.GUAHAOKSXX].IN  <GUAHAOKSXX_IN> <BASEINFO>
    <CAOZUOYDM>AUTO1</CAOZUOYDM>
    <CAOZUOYXM>自助机1</CAOZUOYXM>
    <CAOZUORQ>2013-03-19 17:35:30</CAOZUORQ>
    <XITONGBS>99</XITONGBS>
    <FENYUANDM>1</FENYUANDM>
  </BASEINFO>
<GUAHAOFS>2</GUAHAOFS> <RIQI></RIQI> <GUAHAOBC>0</GUAHAOBC> <GUAHAOLB>4</GUAHAOLB> <YIGUAHAORS></YIGUAHAORS> </GUAHAOKSXX_IN>
2015-04-01 13:53:53,834 -[D846663143AF4CD99C286325B40B7073][HIS4.Biz.GUAHAOKSXX].OUT <?xml version="1.0" encoding="utf-8"?><GUAHAOKSXX_OUT><OUTMSG><ERRNO>-1</ERRNO><ERRMSG>无法将类型为“System.DBNull”的对象强制转换为类型“System.String”。</ERRMSG><ERRMSGEX /><MessageID>D846663143AF4CD99C286325B40B7073</MessageID></OUTMSG><KESHIMX><KESHIXX><KESHIDM>10250107</KESHIDM><KESHIMC>中医肿瘤门诊</KESHIMC><JIUZHENDD>请到门诊二楼东区就诊</JIUZHENDD><KESHIJS /></KESHIXX></KESHIMX></GUAHAOKSXX_OUT>
2015-04-01 13:54:04,417 -[9FB7C18A2B7149D19D657E478F04C9C6][HIS4.Biz.GUAHAOKSXX].IN  <GUAHAOKSXX_IN> <BASEINFO>
    <CAOZUOYDM>AUTO1</CAOZUOYDM>
    <CAOZUOYXM>自助机1</CAOZUOYXM>
    <CAOZUORQ>2013-03-19 17:35:30</CAOZUORQ>
    <XITONGBS>99</XITONGBS>
    <FENYUANDM>1</FENYUANDM>
  </BASEINFO>
<GUAHAOFS>2</GUAHAOFS> <RIQI></RIQI> <GUAHAOBC>0</GUAHAOBC> <GUAHAOLB>4</GUAHAOLB> <YIGUAHAORS></YIGUAHAORS> </GUAHAOKSXX_IN>
2015-04-01 13:54:38,541 -[9FB7C18A2B7149D19D657E478F04C9C6][HIS4.Biz.GUAHAOKSXX].OUT <?xml version="1.0" encoding="utf-8"?><GUAHAOKSXX_OUT><OUTMSG><ERRNO>-1</ERRNO><ERRMSG>无法将类型为“System.DBNull”的对象强制转换为类型“System.String”。</ERRMSG><ERRMSGEX /><MessageID>9FB7C18A2B7149D19D657E478F04C9C6</MessageID></OUTMSG><KESHIMX><KESHIXX><KESHIDM>10250107</KESHIDM><KESHIMC>中医肿瘤门诊</KESHIMC><JIUZHENDD>请到门诊二楼东区就诊</JIUZHENDD><KESHIJS /></KESHIXX></KESHIMX></GUAHAOKSXX_OUT>
2015-04-01 13:55:37,888 -[4CF137594DB446C19CA9DCD62AA7637B][HIS4.Biz.GUAHAOKSXX].IN  <GUAHAOKSXX_IN> <BASEINFO>
    <CAOZUOYDM>AUTO1</CAOZUOYDM>
    <CAOZUOYXM>自助机1</CAOZUOYXM>
    <CAOZUORQ>2013-03-19 17:35:30</CAOZUORQ>
    <XITONGBS>99</XITONGBS>
    <FENYUANDM>1</FENYUANDM>
  </BASEINFO>
<GUAHAOFS>2</GUAHAOFS> <RIQI></RIQI> <GUAHAOBC>0</GUAHAOBC> <GUAHAOLB>4</GUAHAOLB> <YIGUAHAORS></YIGUAHAORS> </GUAHAOKSXX_IN>
2015-04-01 13:55:41,006 -[4CF137594DB446C19CA9DCD62AA7637B][HIS4.Biz.GUAHAOKSXX].OUT <?xml version="1.0" encoding="utf-8"?><GUAHAOKSXX_OUT><OUTMSG><ERRNO>0</ERRNO><ERRMSG /><ERRMSGEX /><MessageID>4CF137594DB446C19CA9DCD62AA7637B</MessageID></OUTMSG><KESHIMX><KESHIXX><KESHIDM>10250107</KESHIDM><KESHIMC>中医肿瘤门诊</KESHIMC><JIUZHENDD>请到门诊二楼东区就诊</JIUZHENDD><KESHIJS /></KESHIXX><KESHIXX><KESHIDM>10040111</KESHIDM><KESHIMC>男科门诊</KESHIMC><JIUZHENDD /><KESHIJS /></KESHIXX><KESHIXX><KESHIDM>10110101</KESHIDM><KESHIMC>耳鼻咽喉科门诊</KESHIMC><JIUZHENDD>请到门诊三楼东区就诊</JIUZHENDD><KESHIJS /></KESHIXX><KESHIXX><KESHIDM>10130101</KESHIDM><KESHIMC>皮肤科门诊</KESHIMC><JIUZHENDD>请到门诊四楼东区就诊</JIUZHENDD><KESHIJS /></KESHIXX></KESHIMX></GUAHAOKSXX_OUT>
2015-04-01 13:58:26,473 -[22F27CAD393847FCA8AFBE678A396DE8][HIS4.Biz.GUAHAOKSXX].IN  <GUAHAOKSXX_IN> <BASEINFO>
    <CAOZUOYDM>AUTO1</CAOZUOYDM>
    <CAOZUOYXM>自助机1</CAOZUOYXM>
    <CAOZUORQ>2013-03-19 17:35:30</CAOZUORQ>
    <XITONGBS>99</XITONGBS>
    <FENYUANDM>1</FENYUANDM>
  </BASEINFO>
<GUAHAOFS>2</GUAHAOFS> <RIQI></RIQI> <GUAHAOBC>0</GUAHAOBC> <GUAHAOLB>4</GUAHAOLB> <YIGUAHAORS></YIGUAHAORS> </GUAHAOKSXX_IN>
2015-04-01 13:58:54,270 -[22F27CAD393847FCA8AFBE678A396DE8][HIS4.Biz.GUAHAOKSXX].OUT <?xml version="1.0" encoding="utf-8"?><GUAHAOKSXX_OUT><OUTMSG><ERRNO>0</ERRNO><ERRMSG /><ERRMSGEX /><MessageID>22F27CAD393847FCA8AFBE678A396DE8</MessageID></OUTMSG><KESHIMX><KESHIXX><KESHIDM>10250107</KESHIDM><KESHIMC>中医肿瘤门诊</KESHIMC><JIUZHENDD>请到门诊二楼东区就诊</JIUZHENDD><KESHIJS /></KESHIXX><KESHIXX><KESHIDM>10040111</KESHIDM><KESHIMC>男科门诊</KESHIMC><JIUZHENDD /><KESHIJS /></KESHIXX><KESHIXX><KESHIDM>10110101</KESHIDM><KESHIMC>耳鼻咽喉科门诊</KESHIMC><JIUZHENDD>请到门诊三楼东区就诊</JIUZHENDD><KESHIJS /></KESHIXX><KESHIXX><KESHIDM>10130101</KESHIDM><KESHIMC>皮肤科门诊</KESHIMC><JIUZHENDD>请到门诊四楼东区就诊</JIUZHENDD><KESHIJS /></KESHIXX></KESHIMX></GUAHAOKSXX_OUT>
