2015-04-01 12:13:13,057 -[6C0842EB46E04B3298F293415DE8D44B][HIS4.Biz.JIANYANJGCX].IN  <JIANYANJGCX_IN> <BASEINFO>
    <CAOZUOYDM>AUTO1</CAOZUOYDM>
    <CAOZUOYXM>自助机1</CAOZUOYXM>
    <CAOZUORQ>2013-03-19 17:35:30</CAOZUORQ>
    <XITONGBS>99</XITONGBS>
    <FENYUANDM>1</FENYUANDM>
  </BASEINFO>
<JIANYANTM>100000157079</JIANYANTM>
</JIANYANJGCX_IN>
2015-04-01 12:13:13,622 -[6C0842EB46E04B3298F293415DE8D44B][HIS4.Biz.JIANYANJGCX].OUT <?xml version="1.0" encoding="utf-8"?><JIANYANJGCX_OUT><OUTMSG><ERRNO>-1</ERRNO><ERRMSG>该检验还未出报告，请耐心等待</ERRMSG><ERRMSGEX /><MessageID>6C0842EB46E04B3298F293415DE8D44B</MessageID></OUTMSG><YANGBENLX>17</YANGBENLX><YANGBENLXMC>痰液</YANGBENLXMC><KAIDANKSDM>10030201</KAIDANKSDM><KAIDANKSMC>消化内科病房</KAIDANKSMC><KAIDANYSDM>3640</KAIDANYSDM><KAIDANYSXM>张明亮</KAIDANYSXM><CAIJISJ /><JIESHOUSJ /><JIANYANXMDM>0000002215</JIANYANXMDM><JIANYANXMMC>痰一般细菌嗜血杆菌培养鉴定</JIANYANXMMC><JIANYANJGMX /></JIANYANJGCX_OUT>
2015-04-01 12:14:03,911 -[44848F9567C04513B5656658AD11A5E5][HIS4.Biz.JIANYANJGCX].IN  <JIANYANJGCX_IN> <BASEINFO>
    <CAOZUOYDM>AUTO1</CAOZUOYDM>
    <CAOZUOYXM>自助机1</CAOZUOYXM>
    <CAOZUORQ>2013-03-19 17:35:30</CAOZUORQ>
    <XITONGBS>99</XITONGBS>
    <FENYUANDM>1</FENYUANDM>
  </BASEINFO>
<JIANYANTM>100000157146</JIANYANTM>
</JIANYANJGCX_IN>
2015-04-01 12:14:03,970 -[44848F9567C04513B5656658AD11A5E5][HIS4.Biz.JIANYANJGCX].OUT <?xml version="1.0" encoding="utf-8"?><JIANYANJGCX_OUT><OUTMSG><ERRNO>-1</ERRNO><ERRMSG>该检验还未出报告，请耐心等待</ERRMSG><ERRMSGEX /><MessageID>44848F9567C04513B5656658AD11A5E5</MessageID></OUTMSG><YANGBENLX>5</YANGBENLX><YANGBENLXMC>全血</YANGBENLXMC><KAIDANKSDM>10030208</KAIDANKSDM><KAIDANKSMC>呼吸内科病房</KAIDANKSMC><KAIDANYSDM>3603</KAIDANYSDM><KAIDANYSXM>尤慧敏</KAIDANYSXM><CAIJISJ>2014-10-31 08:22:31</CAIJISJ><JIESHOUSJ /><JIANYANXMDM>0000002202</JIANYANXMDM><JIANYANXMMC>部位1血液需氧培养+鉴定</JIANYANXMMC><JIANYANJGMX /></JIANYANJGCX_OUT>
2015-04-01 12:15:25,476 -[623E499232984A67B60F26B03872E6DF][HIS4.Biz.JIANYANJGCX].IN  <JIANYANJGCX_IN> <BASEINFO>
    <CAOZUOYDM>AUTO1</CAOZUOYDM>
    <CAOZUOYXM>自助机1</CAOZUOYXM>
    <CAOZUORQ>2013-03-19 17:35:30</CAOZUORQ>
    <XITONGBS>99</XITONGBS>
    <FENYUANDM>1</FENYUANDM>
  </BASEINFO>
<JIANYANTM>500000322108</JIANYANTM>
</JIANYANJGCX_IN>
2015-04-01 12:15:25,503 -[623E499232984A67B60F26B03872E6DF][HIS4.Biz.JIANYANJGCX].OUT <?xml version="1.0" encoding="utf-8"?><JIANYANJGCX_OUT><OUTMSG><ERRNO>-1</ERRNO><ERRMSG>该检验还未出报告，请耐心等待</ERRMSG><ERRMSGEX /><MessageID>623E499232984A67B60F26B03872E6DF</MessageID></OUTMSG><YANGBENLX>5</YANGBENLX><YANGBENLXMC>全血</YANGBENLXMC><KAIDANKSDM>10070201</KAIDANKSDM><KAIDANKSMC>儿科病房</KAIDANKSMC><KAIDANYSDM>3312</KAIDANYSDM><KAIDANYSXM>沈亚娟</KAIDANYSXM><CAIJISJ /><JIESHOUSJ>2015-03-27 15:21:27</JIESHOUSJ><JIANYANXMDM>0000002202</JIANYANXMDM><JIANYANXMMC>部位1血液需氧培养+鉴定</JIANYANXMMC><JIANYANJGMX /></JIANYANJGCX_OUT>
2015-04-01 12:18:59,403 -[C54DB6D92420435898FEC9BAB6C24858][HIS4.Biz.JIANYANJGCX].IN  <JIANYANJGCX_IN> <BASEINFO>
    <CAOZUOYDM>AUTO1</CAOZUOYDM>
    <CAOZUOYXM>自助机1</CAOZUOYXM>
    <CAOZUORQ>2013-03-19 17:35:30</CAOZUORQ>
    <XITONGBS>99</XITONGBS>
    <FENYUANDM>1</FENYUANDM>
  </BASEINFO>
<JIANYANTM>500000013402</JIANYANTM>
</JIANYANJGCX_IN>
2015-04-01 12:18:59,429 -[C54DB6D92420435898FEC9BAB6C24858][HIS4.Biz.JIANYANJGCX].OUT <?xml version="1.0" encoding="utf-8"?><JIANYANJGCX_OUT><OUTMSG><ERRNO>0</ERRNO><ERRMSG /><ERRMSGEX /><MessageID>C54DB6D92420435898FEC9BAB6C24858</MessageID></OUTMSG><YANGBENLX>8</YANGBENLX><YANGBENLXMC>胸腔液</YANGBENLXMC><KAIDANKSDM>10030208</KAIDANKSDM><KAIDANKSMC>呼吸内科病房</KAIDANKSMC><KAIDANYSDM>3603</KAIDANYSDM><KAIDANYSXM>尤慧敏</KAIDANYSXM><CAIJISJ /><JIESHOUSJ>2014-11-07 12:09:07</JIESHOUSJ><BAOGAOSJ>2014-11-09 10:14:33</BAOGAOSJ><JIANYANXMDM>0000002257</JIANYANXMDM><JIANYANXMMC>胸腔液一般细菌培养鉴定</JIANYANXMMC><JIANYANJGMX><JIANYANJGXX><JIEGUOXMDM>MIC1598</JIEGUOXMDM><JIEGUOXMMC>无需氧菌生长</JIEGUOXMMC><JIEGUOZHI /><MIAOSHUDW /><CANKAOZSX /><CANKAOZXX /></JIANYANJGXX></JIANYANJGMX></JIANYANJGCX_OUT>
