2015-03-24 12:57:28,897 -[F8A48F8981FE43B6A4E07F70FD0D5E61][HKC.Biz.DISP_START].IN  <DISP_START_IN>
<pharmacyid></pharmacyid>
<codekey>DISP_START</codekey>
</DISP_START_IN>

2015-03-24 12:57:29,384 -[F8A48F8981FE43B6A4E07F70FD0D5E61][HKC.Biz.DISP_START].OUT <?xml version="1.0" encoding="utf-8"?><DISP_START_OUT><ResultCode>-1</ResultCode><ResultContent>索引超出了数组界限。</ResultContent></DISP_START_OUT>
2015-03-24 12:57:31,653 -[DF878CA8213A4A6DA766EB8C0ABC7D97][HIS1.Biz.code].IN  <code>
<pharmacyid></pharmacyid>
<codekey>DISP_START</codekey>
</code>

2015-03-24 12:57:31,794 -[DF878CA8213A4A6DA766EB8C0ABC7D97][HIS1.Biz.code].OUT <?xml version="1.0" encoding="utf-8"?><Biz_OUT><OUTMSG><ERRNO>-1</ERRNO><ERRMSG>E:\zjhis\自助机系统\HIS4WCF HIS1框架版本\服务平台\HisWCF\HisWCFSVR\bin\HIS1\HIS1.Biz.dll</ERRMSG><ERRMSGEX>在 System.Diagnostics.FileVersionInfo.GetVersionInfo(String fileName)
   在 HisWCFSVR.ToolUnity.LoadAssembly(String tradetype) 位置 E:\zjhis\自助机系统\HIS4WCF HIS1框架版本\服务平台\HisWCF\HisWCFSVR\FUnity.cs:行号 21
   在 HisWCFSVR.MediInfoHis.RunService(String TradeType, String TradeMsg, String& TradeMsgOut) 位置 E:\zjhis\自助机系统\HIS4WCF HIS1框架版本\服务平台\HisWCF\HisWCFSVR\MediInfoHis.svc.cs:行号 33</ERRMSGEX></Biz_OUT>
2015-03-24 12:57:37,979 -[0AADC7BDB7FD4721969975626C11E8ED][HIS1.Biz.code].IN  <code>
<pharmacyid></pharmacyid>
<codekey>DISP_START</codekey>
</code>

2015-03-24 12:57:38,063 -[0AADC7BDB7FD4721969975626C11E8ED][HIS1.Biz.code].OUT <?xml version="1.0" encoding="utf-8"?><Biz_OUT><OUTMSG><ERRNO>-1</ERRNO><ERRMSG>E:\zjhis\自助机系统\HIS4WCF HIS1框架版本\服务平台\HisWCF\HisWCFSVR\bin\HIS1\HIS1.Biz.dll</ERRMSG><ERRMSGEX>在 System.Diagnostics.FileVersionInfo.GetVersionInfo(String fileName)
   在 HisWCFSVR.ToolUnity.LoadAssembly(String tradetype) 位置 E:\zjhis\自助机系统\HIS4WCF HIS1框架版本\服务平台\HisWCF\HisWCFSVR\FUnity.cs:行号 21
   在 HisWCFSVR.MediInfoHis.RunService(String TradeType, String TradeMsg, String& TradeMsgOut) 位置 E:\zjhis\自助机系统\HIS4WCF HIS1框架版本\服务平台\HisWCF\HisWCFSVR\MediInfoHis.svc.cs:行号 33</ERRMSGEX></Biz_OUT>
2015-03-24 12:58:21,818 -[EAA3B1FA57F048A19D44D10119C59C82][HKC.Biz.DISP_START].IN  <DISP_START_IN>
<pharmacyid></pharmacyid>
<codekey>DISP_START</codekey>
</DISP_START_IN>

2015-03-24 12:58:55,762 -[EAA3B1FA57F048A19D44D10119C59C82][HKC.Biz.DISP_START].OUT <?xml version="1.0" encoding="utf-8"?><DISP_START_OUT><ResultCode>-1</ResultCode><ResultContent>索引超出了数组界限。</ResultContent></DISP_START_OUT>
2015-03-24 12:59:18,002 -[6C235645D98C431CA0B6DA4DEEB5EB4D][HIS1.Biz.code].IN  <code><pharmacyid>10890981*1000105532</pharmacyid><codekey>DISP_START</codekey></code>
2015-03-24 12:59:18,022 -[6C235645D98C431CA0B6DA4DEEB5EB4D][HIS1.Biz.code].OUT <?xml version="1.0" encoding="utf-8"?><Biz_OUT><OUTMSG><ERRNO>-1</ERRNO><ERRMSG>E:\zjhis\自助机系统\HIS4WCF HIS1框架版本\服务平台\HisWCF\HisWCFSVR\bin\HIS1\HIS1.Biz.dll</ERRMSG><ERRMSGEX>在 System.Diagnostics.FileVersionInfo.GetVersionInfo(String fileName)
   在 HisWCFSVR.ToolUnity.LoadAssembly(String tradetype) 位置 E:\zjhis\自助机系统\HIS4WCF HIS1框架版本\服务平台\HisWCF\HisWCFSVR\FUnity.cs:行号 21
   在 HisWCFSVR.MediInfoHis.RunService(String TradeType, String TradeMsg, String& TradeMsgOut) 位置 E:\zjhis\自助机系统\HIS4WCF HIS1框架版本\服务平台\HisWCF\HisWCFSVR\MediInfoHis.svc.cs:行号 33</ERRMSGEX></Biz_OUT>
2015-03-24 12:59:36,053 -[87A7A595228648B5A072353DDDB9B0EC][HKC.Biz.DISP_START].IN  <DISP_START_IN><pharmacyid>10890981*1000105532</pharmacyid><codekey>DISP_START</codekey></DISP_START_IN>
