2014-11-12 15:18:30,365 -[67E05B323F0943B996E1866A3ED9C89B][HIS1.Biz.GUAHAOCL].IN  <GUAHAOCL_IN>
	<BASEINFO>
		<CAOZUOYDM>DBA</CAOZUOYDM>
		<CAOZUOYXM/>
		<CAOZUORQ>2014-11-12</CAOZUORQ>
		<XITONGBS/>
		<FENYUANDM>0</FENYUANDM>
		<JIGOUDM/>
		<JESHOUJGDM/>
		<ZHONGDUANJBH>JXZYY09</ZHONGDUANJBH>
		<ZHONGDUANLSH>JXZYY0920141112110501</ZHONGDUANLSH>
		<MessageId>63b70528-2114-43c5-899e-6ca69e34a8ac</MessageId>
	</BASEINFO>
	<JIUZHENKLX>3</JIUZHENKLX>
	<JIUZHENKH>1941287745</JIUZHENKH>
	<ZHENGJIANHM>511021197512272662</ZHENGJIANHM>
	<LIANXIDH>13222961681</LIANXIDH>
	<BINGRENLB>1</BINGRENLB>
	<BINGRENXZ/>
	<YIBAOKLX>3</YIBAOKLX>
	<YIBAOKMM/>
	<YIBAOKXX/>
	<YIBAOBRXX/>
	<YILIAOLB>00</YILIAOLB>
	<JIESUANLB>02</JIESUANLB>
	<YIZHOUPBID/>
	<DANGTIANPBID/>
	<RIQI>2014-11-12</RIQI>
	<GUAHAOBC>2</GUAHAOBC>
	<GUAHAOLB/>
	<KESHIDM>12103</KESHIDM>
	<YISHENGDM>0074</YISHENGDM>
	<GUAHAOXH/>
	<GUAHAOID/>
	<DAISHOUFY>1</DAISHOUFY>
	<YUYUELY/>
	<BINGLIBH/>
	<HISBRXX>1941287745%1%0%%%%叶勇%2%%1975-01-01%1%%%%%吴江市宛平渔业小区%1%0%0%%%%%1%%</HISBRXX>
</GUAHAOCL_IN>

2014-11-12 15:19:10,970 -[66BC6974120F42E1B109EC154261BE67][HIS1.Biz.GUAHAOCL].IN  <GUAHAOCL_IN>
	<BASEINFO>
		<CAOZUOYDM>DBA</CAOZUOYDM>
		<CAOZUOYXM/>
		<CAOZUORQ>2014-11-12</CAOZUORQ>
		<XITONGBS/>
		<FENYUANDM>0</FENYUANDM>
		<JIGOUDM/>
		<JESHOUJGDM/>
		<ZHONGDUANJBH>JXZYY09</ZHONGDUANJBH>
		<ZHONGDUANLSH>JXZYY0920141112110501</ZHONGDUANLSH>
		<MessageId>63b70528-2114-43c5-899e-6ca69e34a8ac</MessageId>
	</BASEINFO>
	<JIUZHENKLX>3</JIUZHENKLX>
	<JIUZHENKH>1941287745</JIUZHENKH>
	<ZHENGJIANHM>511021197512272662</ZHENGJIANHM>
	<LIANXIDH>13222961681</LIANXIDH>
	<BINGRENLB>1</BINGRENLB>
	<BINGRENXZ/>
	<YIBAOKLX>3</YIBAOKLX>
	<YIBAOKMM/>
	<YIBAOKXX/>
	<YIBAOBRXX/>
	<YILIAOLB>00</YILIAOLB>
	<JIESUANLB>02</JIESUANLB>
	<YIZHOUPBID/>
	<DANGTIANPBID/>
	<RIQI>2014-11-12</RIQI>
	<GUAHAOBC>2</GUAHAOBC>
	<GUAHAOLB/>
	<KESHIDM>12103</KESHIDM>
	<YISHENGDM>0074</YISHENGDM>
	<GUAHAOXH/>
	<GUAHAOID/>
	<DAISHOUFY>1</DAISHOUFY>
	<YUYUELY/>
	<BINGLIBH/>
	<HISBRXX>1941287745%1%0%%%%叶勇%2%%1975-01-01%1%%%%%吴江市宛平渔业小区%1%0%0%%%%%1%%</HISBRXX>
</GUAHAOCL_IN>

2014-11-12 15:20:30,187 -[66BC6974120F42E1B109EC154261BE67][HIS1.Biz.GUAHAOCL].OUT <?xml version="1.0" encoding="utf-8"?><GUAHAOCL_OUT><OUTMSG><ERRNO>-1</ERRNO><ERRMSG>当日您已经在同科室同医生预约或挂号1次，不允许再次预约或挂号！</ERRMSG><ZHONGDUANLSH>JXZYY0920141112110501</ZHONGDUANLSH><ZHONGDUANJBH>JXZYY09</ZHONGDUANJBH><MessageID>66BC6974120F42E1B109EC154261BE67</MessageID></OUTMSG><FEIYONGMX /><JIESUANJG /><XIANGXIJSJG /><CHONGFUJYMX /><FEIYONGZFMX /></GUAHAOCL_OUT>
2014-11-12 15:20:30,187 -[67E05B323F0943B996E1866A3ED9C89B][HIS1.Biz.GUAHAOCL].OUT <?xml version="1.0" encoding="utf-8"?><GUAHAOCL_OUT><OUTMSG><ERRNO>-1</ERRNO><ERRMSG>当日您已经在同科室同医生预约或挂号1次，不允许再次预约或挂号！</ERRMSG><ZHONGDUANLSH>JXZYY0920141112110501</ZHONGDUANLSH><ZHONGDUANJBH>JXZYY09</ZHONGDUANJBH><MessageID>67E05B323F0943B996E1866A3ED9C89B</MessageID></OUTMSG><FEIYONGMX /><JIESUANJG /><XIANGXIJSJG /><CHONGFUJYMX /><FEIYONGZFMX /></GUAHAOCL_OUT>
2014-11-12 15:23:32,218 -[6E8D7D2E3AC4412A81482D442C1CB65F][HIS1.Biz.GUAHAOCL].IN  <GUAHAOCL_IN>
	<BASEINFO>
		<CAOZUOYDM>DBA</CAOZUOYDM>
		<CAOZUOYXM/>
		<CAOZUORQ>2014-11-12</CAOZUORQ>
		<XITONGBS/>
		<FENYUANDM>0</FENYUANDM>
		<JIGOUDM/>
		<JESHOUJGDM/>
		<ZHONGDUANJBH>JXZYY09</ZHONGDUANJBH>
		<ZHONGDUANLSH>JXZYY0920141112110501</ZHONGDUANLSH>
		<MessageId>63b70528-2114-43c5-899e-6ca69e34a8ac</MessageId>
	</BASEINFO>
	<JIUZHENKLX>3</JIUZHENKLX>
	<JIUZHENKH>1941287745</JIUZHENKH>
	<ZHENGJIANHM>511021197512272662</ZHENGJIANHM>
	<LIANXIDH>13222961681</LIANXIDH>
	<BINGRENLB>1</BINGRENLB>
	<BINGRENXZ/>
	<YIBAOKLX>3</YIBAOKLX>
	<YIBAOKMM/>
	<YIBAOKXX/>
	<YIBAOBRXX/>
	<YILIAOLB>00</YILIAOLB>
	<JIESUANLB>02</JIESUANLB>
	<YIZHOUPBID/>
	<DANGTIANPBID/>
	<RIQI>2014-11-12</RIQI>
	<GUAHAOBC>2</GUAHAOBC>
	<GUAHAOLB/>
	<KESHIDM>12103</KESHIDM>
	<YISHENGDM>0074</YISHENGDM>
	<GUAHAOXH/>
	<GUAHAOID/>
	<DAISHOUFY>1</DAISHOUFY>
	<YUYUELY/>
	<BINGLIBH/>
	<HISBRXX>1941287745%1%0%%%%叶勇%2%%1975-01-01%1%%%%%吴江市宛平渔业小区%1%0%0%%%%%1%%</HISBRXX>
</GUAHAOCL_IN>

2014-11-12 15:24:21,546 -[6E8D7D2E3AC4412A81482D442C1CB65F][HIS1.Biz.GUAHAOCL].OUT <?xml version="1.0" encoding="utf-8"?><GUAHAOCL_OUT><OUTMSG><ERRNO>-1</ERRNO><ERRMSG>当日您已经在同科室同医生预约或挂号1次，不允许再次预约或挂号！</ERRMSG><ZHONGDUANLSH>JXZYY0920141112110501</ZHONGDUANLSH><ZHONGDUANJBH>JXZYY09</ZHONGDUANJBH><MessageID>6E8D7D2E3AC4412A81482D442C1CB65F</MessageID></OUTMSG><FEIYONGMX /><JIESUANJG /><XIANGXIJSJG /><CHONGFUJYMX /><FEIYONGZFMX /></GUAHAOCL_OUT>
2014-11-12 15:24:52,606 -[A25BF7B1DF2C4239BBBA010F1B74C565][HIS1.Biz.GUAHAOCL].IN  <GUAHAOCL_IN>
	<BASEINFO>
		<CAOZUOYDM>DBA</CAOZUOYDM>
		<CAOZUOYXM/>
		<CAOZUORQ>2014-11-12</CAOZUORQ>
		<XITONGBS/>
		<FENYUANDM>0</FENYUANDM>
		<JIGOUDM/>
		<JESHOUJGDM/>
		<ZHONGDUANJBH>JXZYY09</ZHONGDUANJBH>
		<ZHONGDUANLSH>JXZYY0920141112110501</ZHONGDUANLSH>
		<MessageId>63b70528-2114-43c5-899e-6ca69e34a8ac</MessageId>
	</BASEINFO>
	<JIUZHENKLX>3</JIUZHENKLX>
	<JIUZHENKH>1941287745</JIUZHENKH>
	<ZHENGJIANHM>511021197512272662</ZHENGJIANHM>
	<LIANXIDH>13222961681</LIANXIDH>
	<BINGRENLB>1</BINGRENLB>
	<BINGRENXZ/>
	<YIBAOKLX>3</YIBAOKLX>
	<YIBAOKMM/>
	<YIBAOKXX/>
	<YIBAOBRXX/>
	<YILIAOLB>00</YILIAOLB>
	<JIESUANLB>02</JIESUANLB>
	<YIZHOUPBID/>
	<DANGTIANPBID/>
	<RIQI>2014-11-12</RIQI>
	<GUAHAOBC>2</GUAHAOBC>
	<GUAHAOLB/>
	<KESHIDM>12103</KESHIDM>
	<YISHENGDM>0074</YISHENGDM>
	<GUAHAOXH/>
	<GUAHAOID/>
	<DAISHOUFY>1</DAISHOUFY>
	<YUYUELY/>
	<BINGLIBH/>
	<HISBRXX>1941287745%1%0%%%%叶勇%2%%1975-01-01%1%%%%%吴江市宛平渔业小区%1%0%0%%%%%1%%</HISBRXX>
</GUAHAOCL_IN>

2014-11-12 15:24:54,964 -[A25BF7B1DF2C4239BBBA010F1B74C565][HIS1.Biz.GUAHAOCL].OUT <?xml version="1.0" encoding="utf-8"?><GUAHAOCL_OUT><OUTMSG><ERRNO>-1</ERRNO><ERRMSG>当日您已经在同科室同医生预约或挂号1次，不允许再次预约或挂号！</ERRMSG><ZHONGDUANLSH>JXZYY0920141112110501</ZHONGDUANLSH><ZHONGDUANJBH>JXZYY09</ZHONGDUANJBH><MessageID>A25BF7B1DF2C4239BBBA010F1B74C565</MessageID></OUTMSG><FEIYONGMX /><JIESUANJG /><XIANGXIJSJG /><CHONGFUJYMX /><FEIYONGZFMX /></GUAHAOCL_OUT>
2014-11-12 15:24:59,233 -[54AC350A626E4B99B669E5C2AA037380][HIS1.Biz.GUAHAOCL].IN  <GUAHAOCL_IN>
	<BASEINFO>
		<CAOZUOYDM>DBA</CAOZUOYDM>
		<CAOZUOYXM/>
		<CAOZUORQ>2014-11-12</CAOZUORQ>
		<XITONGBS/>
		<FENYUANDM>0</FENYUANDM>
		<JIGOUDM/>
		<JESHOUJGDM/>
		<ZHONGDUANJBH>JXZYY09</ZHONGDUANJBH>
		<ZHONGDUANLSH>JXZYY0920141112110501</ZHONGDUANLSH>
		<MessageId>63b70528-2114-43c5-899e-6ca69e34a8ac</MessageId>
	</BASEINFO>
	<JIUZHENKLX>3</JIUZHENKLX>
	<JIUZHENKH>1941287745</JIUZHENKH>
	<ZHENGJIANHM>511021197512272662</ZHENGJIANHM>
	<LIANXIDH>13222961681</LIANXIDH>
	<BINGRENLB>1</BINGRENLB>
	<BINGRENXZ/>
	<YIBAOKLX>3</YIBAOKLX>
	<YIBAOKMM/>
	<YIBAOKXX/>
	<YIBAOBRXX/>
	<YILIAOLB>00</YILIAOLB>
	<JIESUANLB>02</JIESUANLB>
	<YIZHOUPBID/>
	<DANGTIANPBID/>
	<RIQI>2014-11-12</RIQI>
	<GUAHAOBC>2</GUAHAOBC>
	<GUAHAOLB/>
	<KESHIDM>12103</KESHIDM>
	<YISHENGDM>0074</YISHENGDM>
	<GUAHAOXH/>
	<GUAHAOID/>
	<DAISHOUFY>1</DAISHOUFY>
	<YUYUELY/>
	<BINGLIBH/>
	<HISBRXX>1941287745%1%0%%%%叶勇%2%%1975-01-01%1%%%%%吴江市宛平渔业小区%1%0%0%%%%%1%%</HISBRXX>
</GUAHAOCL_IN>

2014-11-12 15:25:30,380 -[54AC350A626E4B99B669E5C2AA037380][HIS1.Biz.GUAHAOCL].OUT <?xml version="1.0" encoding="utf-8"?><GUAHAOCL_OUT><OUTMSG><ERRNO>-1</ERRNO><ERRMSG>当日您已经在同科室同医生预约或挂号1次，不允许再次预约或挂号！</ERRMSG><ZHONGDUANLSH>JXZYY0920141112110501</ZHONGDUANLSH><ZHONGDUANJBH>JXZYY09</ZHONGDUANJBH><MessageID>54AC350A626E4B99B669E5C2AA037380</MessageID></OUTMSG><FEIYONGMX /><JIESUANJG /><XIANGXIJSJG /><CHONGFUJYMX /><FEIYONGZFMX /></GUAHAOCL_OUT>
2014-11-12 15:26:48,035 -[06ED3C33825349528558C02858D55C93][HIS1.Biz.GUAHAOCL].IN  <GUAHAOCL_IN>
	<BASEINFO>
		<CAOZUOYDM>DBA</CAOZUOYDM>
		<CAOZUOYXM/>
		<CAOZUORQ>2014-11-12</CAOZUORQ>
		<XITONGBS/>
		<FENYUANDM>0</FENYUANDM>
		<JIGOUDM/>
		<JESHOUJGDM/>
		<ZHONGDUANJBH>JXZYY09</ZHONGDUANJBH>
		<ZHONGDUANLSH>JXZYY0920141112110501</ZHONGDUANLSH>
		<MessageId>63b70528-2114-43c5-899e-6ca69e34a8ac</MessageId>
	</BASEINFO>
	<JIUZHENKLX>3</JIUZHENKLX>
	<JIUZHENKH>1940408138</JIUZHENKH>
	<ZHENGJIANHM>511021197512272662</ZHENGJIANHM>
	<LIANXIDH>13222961681</LIANXIDH>
	<BINGRENLB>1</BINGRENLB>
	<BINGRENXZ/>
	<YIBAOKLX>3</YIBAOKLX>
	<YIBAOKMM/>
	<YIBAOKXX/>
	<YIBAOBRXX/>
	<YILIAOLB>00</YILIAOLB>
	<JIESUANLB>02</JIESUANLB>
	<YIZHOUPBID/>
	<DANGTIANPBID/>
	<RIQI>2014-11-12</RIQI>
	<GUAHAOBC>2</GUAHAOBC>
	<GUAHAOLB/>
	<KESHIDM>12103</KESHIDM>
	<YISHENGDM>0074</YISHENGDM>
	<GUAHAOXH/>
	<GUAHAOID/>
	<DAISHOUFY>1</DAISHOUFY>
	<YUYUELY/>
	<BINGLIBH/>
	<HISBRXX>1941287745%1%0%%%%叶勇%2%%1975-01-01%1%%%%%吴江市宛平渔业小区%1%0%0%%%%%1%%</HISBRXX>
</GUAHAOCL_IN>

2014-11-12 15:27:20,580 -[06ED3C33825349528558C02858D55C93][HIS1.Biz.GUAHAOCL].OUT <?xml version="1.0" encoding="utf-8"?><GUAHAOCL_OUT><OUTMSG><ERRNO>0</ERRNO><ERRMSG /><ERRMSGEX /><ZHONGDUANLSH>JXZYY0920141112110501</ZHONGDUANLSH><ZHONGDUANJBH>JXZYY09</ZHONGDUANJBH><MessageID>06ED3C33825349528558C02858D55C93</MessageID></OUTMSG><GUAHAOID>6358322</GUAHAOID><GUAHAOXH>18</GUAHAOXH><JIUZHENSJ /><JIUZHENDD /><FEIYONGMX><FEIYONGXX><MINGXIXH>1</MINGXIXH><FEIYONGLX>0</FEIYONGLX><XIANGMUXH>6490</XIANGMUXH><XIANGMUCDDM /><XIANGMUMC /><XIANGMUGL /><XIANGMUGLMC /><XIANGMUGG /><XIANGMUJX /><XIANGMUDW>次</XIANGMUDW><XIANGMUCDMC /><DANJIA>0</DANJIA><SHULIANG>1</SHULIANG><JINE>0</JINE><YIBAODJ /><YIBAODM /><YIBAOZFBL /><XIANGMUXJ /><ZIFEIJE /><ZILIJE /><SHENGPIBH /><ZIFEIBZ /><ZIFUBL /></FEIYONGXX><FEIYONGXX><MINGXIXH>2</MINGXIXH><FEIYONGLX>0</FEIYONGLX><XIANGMUXH>9737</XIANGMUXH><XIANGMUCDDM /><XIANGMUMC>(是)门诊诊查费</XIANGMUMC><XIANGMUGL>15</XIANGMUGL><XIANGMUGLMC /><XIANGMUGG /><XIANGMUJX /><XIANGMUDW>次</XIANGMUDW><XIANGMUCDMC /><DANJIA>10</DANJIA><SHULIANG>1</SHULIANG><JINE>10</JINE><YIBAODJ /><YIBAODM /><YIBAOZFBL /><XIANGMUXJ /><ZIFEIJE /><ZILIJE /><SHENGPIBH /><ZIFEIBZ /><ZIFUBL /></FEIYONGXX></FEIYONGMX><JIESUANJG><JIESUANJG><FEIYONGZE>10</FEIYONGZE><ZILIJE>0</ZILIJE><ZIFEIJE>0</ZIFEIJE><ZIFUJE>0</ZIFUJE><YIYUANCDJE>0</YIYUANCDJE><BAOXIAOJE>0</BAOXIAOJE><XIANJINZF>10</XIANJINZF><DONGJIEJE>0</DONGJIEJE><YOUHUIJE>0</YOUHUIJE><DAISHOUJE>0</DAISHOUJE></JIESUANJG></JIESUANJG><XIANGXIJSJG><XIANGXIJSJG /></XIANGXIJSJG><CHONGFUJYMX /><FEIYONGZFMX /></GUAHAOCL_OUT>
2014-11-12 15:31:53,555 -[0F926FC9CAD54159A437C5D1488F4EFA][HIS1.Biz.GUAHAOCL].IN  <GUAHAOCL_IN>
	<BASEINFO>
		<CAOZUOYDM>DBA</CAOZUOYDM>
		<CAOZUOYXM/>
		<CAOZUORQ>2014-11-12</CAOZUORQ>
		<XITONGBS/>
		<FENYUANDM>0</FENYUANDM>
		<JIGOUDM/>
		<JESHOUJGDM/>
		<ZHONGDUANJBH>JXZYY09</ZHONGDUANJBH>
		<ZHONGDUANLSH>JXZYY0920141112110501</ZHONGDUANLSH>
		<MessageId>63b70528-2114-43c5-899e-6ca69e34a8ac</MessageId>
	</BASEINFO>
	<JIUZHENKLX>3</JIUZHENKLX>
	<JIUZHENKH>1940408138</JIUZHENKH>
	<ZHENGJIANHM>511021197512272662</ZHENGJIANHM>
	<LIANXIDH>13222961681</LIANXIDH>
	<BINGRENLB>1</BINGRENLB>
	<BINGRENXZ/>
	<YIBAOKLX>3</YIBAOKLX>
	<YIBAOKMM/>
	<YIBAOKXX/>
	<YIBAOBRXX/>
	<YILIAOLB>00</YILIAOLB>
	<JIESUANLB>02</JIESUANLB>
	<YIZHOUPBID/>
	<DANGTIANPBID/>
	<RIQI>2014-11-12</RIQI>
	<GUAHAOBC>2</GUAHAOBC>
	<GUAHAOLB/>
	<KESHIDM>12103</KESHIDM>
	<YISHENGDM>0074</YISHENGDM>
	<GUAHAOXH/>
	<GUAHAOID/>
	<DAISHOUFY>1</DAISHOUFY>
	<YUYUELY/>
	<BINGLIBH/>
	<HISBRXX>1941287745%1%0%%%%叶勇%2%%1975-01-01%1%%%%%吴江市宛平渔业小区%1%0%0%%%%%1%%</HISBRXX>
</GUAHAOCL_IN>

2014-11-12 15:32:45,483 -[0F926FC9CAD54159A437C5D1488F4EFA][HIS1.Biz.GUAHAOCL].OUT <?xml version="1.0" encoding="utf-8"?><GUAHAOCL_OUT><OUTMSG><ERRNO>-1</ERRNO><ERRMSG>当日您已经在同科室同医生预约或挂号1次，不允许再次预约或挂号！</ERRMSG><ZHONGDUANLSH>JXZYY0920141112110501</ZHONGDUANLSH><ZHONGDUANJBH>JXZYY09</ZHONGDUANJBH><MessageID>0F926FC9CAD54159A437C5D1488F4EFA</MessageID></OUTMSG><FEIYONGMX /><JIESUANJG /><XIANGXIJSJG /><CHONGFUJYMX /><FEIYONGZFMX /></GUAHAOCL_OUT>
2014-11-12 15:42:38,220 -[356269434FF34ADCA72F313966F24000][HIS1.Biz.GUAHAOCL].IN  <GUAHAOCL_IN>
	<BASEINFO>
		<CAOZUOYDM>DBA</CAOZUOYDM>
		<CAOZUOYXM/>
		<CAOZUORQ>2014-11-12</CAOZUORQ>
		<XITONGBS/>
		<FENYUANDM>0</FENYUANDM>
		<JIGOUDM/>
		<JESHOUJGDM/>
		<ZHONGDUANJBH>JXZYY09</ZHONGDUANJBH>
		<ZHONGDUANLSH>JXZYY0920141112110501</ZHONGDUANLSH>
		<MessageId>63b70528-2114-43c5-899e-6ca69e34a8ac</MessageId>
	</BASEINFO>
	<JIUZHENKLX>3</JIUZHENKLX>
	<JIUZHENKH>1940408138</JIUZHENKH>
	<ZHENGJIANHM>511021197512272662</ZHENGJIANHM>
	<LIANXIDH>13222961681</LIANXIDH>
	<BINGRENLB>1</BINGRENLB>
	<BINGRENXZ/>
	<YIBAOKLX>3</YIBAOKLX>
	<YIBAOKMM/>
	<YIBAOKXX/>
	<YIBAOBRXX/>
	<YILIAOLB>00</YILIAOLB>
	<JIESUANLB>02</JIESUANLB>
	<YIZHOUPBID/>
	<DANGTIANPBID/>
	<RIQI>2014-11-12</RIQI>
	<GUAHAOBC>2</GUAHAOBC>
	<GUAHAOLB/>
	<KESHIDM>12103</KESHIDM>
	<YISHENGDM>0074</YISHENGDM>
	<GUAHAOXH/>
	<GUAHAOID/>
	<DAISHOUFY>1</DAISHOUFY>
	<YUYUELY/>
	<BINGLIBH/>
	<HISBRXX>1941287745%1%0%%%%叶勇%2%%1975-01-01%1%%%%%吴江市宛平渔业小区%1%0%0%%%%%1%%</HISBRXX>
</GUAHAOCL_IN>

2014-11-12 15:42:57,328 -[356269434FF34ADCA72F313966F24000][HIS1.Biz.GUAHAOCL].OUT <?xml version="1.0" encoding="utf-8"?><GUAHAOCL_OUT><OUTMSG><ERRNO>-1</ERRNO><ERRMSG>当日您已经在同科室同医生预约或挂号1次，不允许再次预约或挂号！</ERRMSG><ZHONGDUANLSH>JXZYY0920141112110501</ZHONGDUANLSH><ZHONGDUANJBH>JXZYY09</ZHONGDUANJBH><MessageID>356269434FF34ADCA72F313966F24000</MessageID></OUTMSG><FEIYONGMX /><JIESUANJG /><XIANGXIJSJG /><CHONGFUJYMX /><FEIYONGZFMX /></GUAHAOCL_OUT>
2014-11-12 15:45:18,874 -[E4D29D8D95794BBAB0837C142A38514C][HIS1.Biz.GUAHAOCL].IN  <GUAHAOCL_IN>
	<BASEINFO>
		<CAOZUOYDM>DBA</CAOZUOYDM>
		<CAOZUOYXM/>
		<CAOZUORQ>2014-11-12</CAOZUORQ>
		<XITONGBS/>
		<FENYUANDM>0</FENYUANDM>
		<JIGOUDM/>
		<JESHOUJGDM/>
		<ZHONGDUANJBH>JXZYY09</ZHONGDUANJBH>
		<ZHONGDUANLSH>JXZYY0920141112110501</ZHONGDUANLSH>
		<MessageId>63b70528-2114-43c5-899e-6ca69e34a8ac</MessageId>
	</BASEINFO>
	<JIUZHENKLX>3</JIUZHENKLX>
	<JIUZHENKH>1940408138</JIUZHENKH>
	<ZHENGJIANHM>511021197512272662</ZHENGJIANHM>
	<LIANXIDH>13222961681</LIANXIDH>
	<BINGRENLB>1</BINGRENLB>
	<BINGRENXZ/>
	<YIBAOKLX>3</YIBAOKLX>
	<YIBAOKMM/>
	<YIBAOKXX/>
	<YIBAOBRXX/>
	<YILIAOLB>00</YILIAOLB>
	<JIESUANLB>02</JIESUANLB>
	<YIZHOUPBID/>
	<DANGTIANPBID/>
	<RIQI>2014-11-12</RIQI>
	<GUAHAOBC>2</GUAHAOBC>
	<GUAHAOLB/>
	<KESHIDM>12103</KESHIDM>
	<YISHENGDM>0074</YISHENGDM>
	<GUAHAOXH/>
	<GUAHAOID/>
	<DAISHOUFY>1</DAISHOUFY>
	<YUYUELY/>
	<BINGLIBH/>
	<HISBRXX>1941287745%1%0%%%%叶勇%2%%1975-01-01%1%%%%%吴江市宛平渔业小区%1%0%0%%%%%1%%</HISBRXX>
</GUAHAOCL_IN>

2014-11-12 15:45:21,354 -[E4D29D8D95794BBAB0837C142A38514C][HIS1.Biz.GUAHAOCL].OUT <?xml version="1.0" encoding="utf-8"?><GUAHAOCL_OUT><OUTMSG><ERRNO>-1</ERRNO><ERRMSG>挂号数已超过限号,不可继续挂号！</ERRMSG><ZHONGDUANLSH>JXZYY0920141112110501</ZHONGDUANLSH><ZHONGDUANJBH>JXZYY09</ZHONGDUANJBH><MessageID>E4D29D8D95794BBAB0837C142A38514C</MessageID></OUTMSG><FEIYONGMX /><JIESUANJG /><XIANGXIJSJG /><CHONGFUJYMX /><FEIYONGZFMX /></GUAHAOCL_OUT>
2014-11-12 15:45:40,030 -[328305D80D91414088868639C5A25382][HIS1.Biz.GUAHAOCL].IN  <GUAHAOCL_IN>
	<BASEINFO>
		<CAOZUOYDM>DBA</CAOZUOYDM>
		<CAOZUOYXM/>
		<CAOZUORQ>2014-11-12</CAOZUORQ>
		<XITONGBS/>
		<FENYUANDM>0</FENYUANDM>
		<JIGOUDM/>
		<JESHOUJGDM/>
		<ZHONGDUANJBH>JXZYY09</ZHONGDUANJBH>
		<ZHONGDUANLSH>JXZYY0920141112110501</ZHONGDUANLSH>
		<MessageId>63b70528-2114-43c5-899e-6ca69e34a8ac</MessageId>
	</BASEINFO>
	<JIUZHENKLX>3</JIUZHENKLX>
	<JIUZHENKH>1940408138</JIUZHENKH>
	<ZHENGJIANHM>511021197512272662</ZHENGJIANHM>
	<LIANXIDH>13222961681</LIANXIDH>
	<BINGRENLB>1</BINGRENLB>
	<BINGRENXZ/>
	<YIBAOKLX>3</YIBAOKLX>
	<YIBAOKMM/>
	<YIBAOKXX/>
	<YIBAOBRXX/>
	<YILIAOLB>00</YILIAOLB>
	<JIESUANLB>02</JIESUANLB>
	<YIZHOUPBID/>
	<DANGTIANPBID/>
	<RIQI>2014-11-12</RIQI>
	<GUAHAOBC>2</GUAHAOBC>
	<GUAHAOLB/>
	<KESHIDM>12103</KESHIDM>
	<YISHENGDM>0074</YISHENGDM>
	<GUAHAOXH/>
	<GUAHAOID/>
	<DAISHOUFY>1</DAISHOUFY>
	<YUYUELY/>
	<BINGLIBH/>
	<HISBRXX>1941287745%1%0%%%%叶勇%2%%1975-01-01%1%%%%%吴江市宛平渔业小区%1%0%0%%%%%1%%</HISBRXX>
</GUAHAOCL_IN>

2014-11-12 15:45:57,450 -[328305D80D91414088868639C5A25382][HIS1.Biz.GUAHAOCL].OUT <?xml version="1.0" encoding="utf-8"?><GUAHAOCL_OUT><OUTMSG><ERRNO>-1</ERRNO><ERRMSG>挂号数已超过限号,不可继续挂号！</ERRMSG><ZHONGDUANLSH>JXZYY0920141112110501</ZHONGDUANLSH><ZHONGDUANJBH>JXZYY09</ZHONGDUANJBH><MessageID>328305D80D91414088868639C5A25382</MessageID></OUTMSG><FEIYONGMX /><JIESUANJG /><XIANGXIJSJG /><CHONGFUJYMX /><FEIYONGZFMX /></GUAHAOCL_OUT>
2014-11-12 15:46:15,898 -[B5E8EE1FA986472988486F18F30C0EF9][HIS1.Biz.GUAHAOCL].IN  <GUAHAOCL_IN>
	<BASEINFO>
		<CAOZUOYDM>DBA</CAOZUOYDM>
		<CAOZUOYXM/>
		<CAOZUORQ>2014-11-12</CAOZUORQ>
		<XITONGBS/>
		<FENYUANDM>0</FENYUANDM>
		<JIGOUDM/>
		<JESHOUJGDM/>
		<ZHONGDUANJBH>JXZYY09</ZHONGDUANJBH>
		<ZHONGDUANLSH>JXZYY0920141112110501</ZHONGDUANLSH>
		<MessageId>63b70528-2114-43c5-899e-6ca69e34a8ac</MessageId>
	</BASEINFO>
	<JIUZHENKLX>3</JIUZHENKLX>
	<JIUZHENKH>1940408138</JIUZHENKH>
	<ZHENGJIANHM>511021197512272662</ZHENGJIANHM>
	<LIANXIDH>13222961681</LIANXIDH>
	<BINGRENLB>1</BINGRENLB>
	<BINGRENXZ/>
	<YIBAOKLX>3</YIBAOKLX>
	<YIBAOKMM/>
	<YIBAOKXX/>
	<YIBAOBRXX/>
	<YILIAOLB>00</YILIAOLB>
	<JIESUANLB>02</JIESUANLB>
	<YIZHOUPBID/>
	<DANGTIANPBID/>
	<RIQI>2014-11-12</RIQI>
	<GUAHAOBC>2</GUAHAOBC>
	<GUAHAOLB/>
	<KESHIDM>12103</KESHIDM>
	<YISHENGDM>0074</YISHENGDM>
	<GUAHAOXH/>
	<GUAHAOID/>
	<DAISHOUFY>1</DAISHOUFY>
	<YUYUELY/>
	<BINGLIBH/>
	<HISBRXX>1941287745%1%0%%%%叶勇%2%%1975-01-01%1%%%%%吴江市宛平渔业小区%1%0%0%%%%%1%%</HISBRXX>
</GUAHAOCL_IN>

2014-11-12 15:46:58,298 -[B5E8EE1FA986472988486F18F30C0EF9][HIS1.Biz.GUAHAOCL].OUT <?xml version="1.0" encoding="utf-8"?><GUAHAOCL_OUT><OUTMSG><ERRNO>-1</ERRNO><ERRMSG>ORA-12571: TNS: 包写入程序失败
</ERRMSG><ZHONGDUANLSH>JXZYY0920141112110501</ZHONGDUANLSH><ZHONGDUANJBH>JXZYY09</ZHONGDUANJBH><MessageID>B5E8EE1FA986472988486F18F30C0EF9</MessageID></OUTMSG><FEIYONGMX /><JIESUANJG /><XIANGXIJSJG /><CHONGFUJYMX /><FEIYONGZFMX /></GUAHAOCL_OUT>
2014-11-12 15:52:30,257 -[AE14D0DAA0154BB0B943067DB411C235][HIS1.Biz.GUAHAOCL].IN  <GUAHAOCL_IN>
	<BASEINFO>
		<CAOZUOYDM>DBA</CAOZUOYDM>
		<CAOZUOYXM/>
		<CAOZUORQ>2014-11-12</CAOZUORQ>
		<XITONGBS/>
		<FENYUANDM>0</FENYUANDM>
		<JIGOUDM/>
		<JESHOUJGDM/>
		<ZHONGDUANJBH>JXZYY09</ZHONGDUANJBH>
		<ZHONGDUANLSH>JXZYY0920141112110501</ZHONGDUANLSH>
		<MessageId>63b70528-2114-43c5-899e-6ca69e34a8ac</MessageId>
	</BASEINFO>
	<JIUZHENKLX>3</JIUZHENKLX>
	<JIUZHENKH>1940408138</JIUZHENKH>
	<ZHENGJIANHM>511021197512272662</ZHENGJIANHM>
	<LIANXIDH>13222961681</LIANXIDH>
	<BINGRENLB>1</BINGRENLB>
	<BINGRENXZ/>
	<YIBAOKLX>3</YIBAOKLX>
	<YIBAOKMM/>
	<YIBAOKXX/>
	<YIBAOBRXX/>
	<YILIAOLB>00</YILIAOLB>
	<JIESUANLB>02</JIESUANLB>
	<YIZHOUPBID/>
	<DANGTIANPBID/>
	<RIQI>2014-11-12</RIQI>
	<GUAHAOBC>2</GUAHAOBC>
	<GUAHAOLB/>
	<KESHIDM>12103</KESHIDM>
	<YISHENGDM>0074</YISHENGDM>
	<GUAHAOXH/>
	<GUAHAOID/>
	<DAISHOUFY>1</DAISHOUFY>
	<YUYUELY/>
	<BINGLIBH/>
	<HISBRXX>1941287745%1%0%%%%叶勇%2%%1975-01-01%1%%%%%吴江市宛平渔业小区%1%0%0%%%%%1%%</HISBRXX>
</GUAHAOCL_IN>

2014-11-12 15:52:42,185 -[AE14D0DAA0154BB0B943067DB411C235][HIS1.Biz.GUAHAOCL].OUT <?xml version="1.0" encoding="utf-8"?><GUAHAOCL_OUT><OUTMSG><ERRNO>-1</ERRNO><ERRMSG>挂号数已超过限号,不可继续挂号！</ERRMSG><ZHONGDUANLSH>JXZYY0920141112110501</ZHONGDUANLSH><ZHONGDUANJBH>JXZYY09</ZHONGDUANJBH><MessageID>AE14D0DAA0154BB0B943067DB411C235</MessageID></OUTMSG><FEIYONGMX /><JIESUANJG /><XIANGXIJSJG /><CHONGFUJYMX /><FEIYONGZFMX /></GUAHAOCL_OUT>
2014-11-12 15:52:50,727 -[FC87B80021AD44828A538E98C931148E][HIS1.Biz.GUAHAOCL].IN  <GUAHAOCL_IN>
	<BASEINFO>
		<CAOZUOYDM>DBA</CAOZUOYDM>
		<CAOZUOYXM/>
		<CAOZUORQ>2014-11-12</CAOZUORQ>
		<XITONGBS/>
		<FENYUANDM>0</FENYUANDM>
		<JIGOUDM/>
		<JESHOUJGDM/>
		<ZHONGDUANJBH>JXZYY09</ZHONGDUANJBH>
		<ZHONGDUANLSH>JXZYY0920141112110501</ZHONGDUANLSH>
		<MessageId>63b70528-2114-43c5-899e-6ca69e34a8ac</MessageId>
	</BASEINFO>
	<JIUZHENKLX>3</JIUZHENKLX>
	<JIUZHENKH>1940408138</JIUZHENKH>
	<ZHENGJIANHM>511021197512272662</ZHENGJIANHM>
	<LIANXIDH>13222961681</LIANXIDH>
	<BINGRENLB>1</BINGRENLB>
	<BINGRENXZ/>
	<YIBAOKLX>3</YIBAOKLX>
	<YIBAOKMM/>
	<YIBAOKXX/>
	<YIBAOBRXX/>
	<YILIAOLB>00</YILIAOLB>
	<JIESUANLB>02</JIESUANLB>
	<YIZHOUPBID/>
	<DANGTIANPBID/>
	<RIQI>2014-11-12</RIQI>
	<GUAHAOBC>2</GUAHAOBC>
	<GUAHAOLB/>
	<KESHIDM>12103</KESHIDM>
	<YISHENGDM>0074</YISHENGDM>
	<GUAHAOXH/>
	<GUAHAOID/>
	<DAISHOUFY>1</DAISHOUFY>
	<YUYUELY/>
	<BINGLIBH/>
	<HISBRXX>1941287745%1%0%%%%叶勇%2%%1975-01-01%1%%%%%吴江市宛平渔业小区%1%0%0%%%%%1%%</HISBRXX>
</GUAHAOCL_IN>

2014-11-12 15:53:22,892 -[FC87B80021AD44828A538E98C931148E][HIS1.Biz.GUAHAOCL].OUT <?xml version="1.0" encoding="utf-8"?><GUAHAOCL_OUT><OUTMSG><ERRNO>-1</ERRNO><ERRMSG>挂号数已超过限号,不可继续挂号！</ERRMSG><ZHONGDUANLSH>JXZYY0920141112110501</ZHONGDUANLSH><ZHONGDUANJBH>JXZYY09</ZHONGDUANJBH><MessageID>FC87B80021AD44828A538E98C931148E</MessageID></OUTMSG><FEIYONGMX /><JIESUANJG /><XIANGXIJSJG /><CHONGFUJYMX /><FEIYONGZFMX /></GUAHAOCL_OUT>
2014-11-12 15:53:49,664 -[650435792CB94C20BEE4F45F772D8695][HIS1.Biz.GUAHAOCL].IN  <GUAHAOCL_IN>
	<BASEINFO>
		<CAOZUOYDM>DBA</CAOZUOYDM>
		<CAOZUOYXM/>
		<CAOZUORQ>2014-11-12</CAOZUORQ>
		<XITONGBS/>
		<FENYUANDM>0</FENYUANDM>
		<JIGOUDM/>
		<JESHOUJGDM/>
		<ZHONGDUANJBH>JXZYY09</ZHONGDUANJBH>
		<ZHONGDUANLSH>JXZYY0920141112110501</ZHONGDUANLSH>
		<MessageId>63b70528-2114-43c5-899e-6ca69e34a8ac</MessageId>
	</BASEINFO>
	<JIUZHENKLX>3</JIUZHENKLX>
	<JIUZHENKH>1940408138</JIUZHENKH>
	<ZHENGJIANHM>511021197512272662</ZHENGJIANHM>
	<LIANXIDH>13222961681</LIANXIDH>
	<BINGRENLB>1</BINGRENLB>
	<BINGRENXZ/>
	<YIBAOKLX>3</YIBAOKLX>
	<YIBAOKMM/>
	<YIBAOKXX/>
	<YIBAOBRXX/>
	<YILIAOLB>00</YILIAOLB>
	<JIESUANLB>02</JIESUANLB>
	<YIZHOUPBID/>
	<DANGTIANPBID/>
	<RIQI>2014-11-12</RIQI>
	<GUAHAOBC>2</GUAHAOBC>
	<GUAHAOLB/>
	<KESHIDM>12103</KESHIDM>
	<YISHENGDM>0074</YISHENGDM>
	<GUAHAOXH/>
	<GUAHAOID/>
	<DAISHOUFY>1</DAISHOUFY>
	<YUYUELY/>
	<BINGLIBH/>
	<HISBRXX>1941287745%1%0%%%%叶勇%2%%1975-01-01%1%%%%%吴江市宛平渔业小区%1%0%0%%%%%1%%</HISBRXX>
</GUAHAOCL_IN>

2014-11-12 15:55:53,465 -[650435792CB94C20BEE4F45F772D8695][HIS1.Biz.GUAHAOCL].OUT <?xml version="1.0" encoding="utf-8"?><GUAHAOCL_OUT><OUTMSG><ERRNO>-1</ERRNO><ERRMSG>ORA-12571: TNS: 包写入程序失败
</ERRMSG><ZHONGDUANLSH>JXZYY0920141112110501</ZHONGDUANLSH><ZHONGDUANJBH>JXZYY09</ZHONGDUANJBH><MessageID>650435792CB94C20BEE4F45F772D8695</MessageID></OUTMSG><FEIYONGMX /><JIESUANJG /><XIANGXIJSJG /><CHONGFUJYMX /><FEIYONGZFMX /></GUAHAOCL_OUT>
