2015-03-25 11:30:15,277 -[874BB74CDA3245BB977B554455AD173B][HIS4.Biz.ZHANGHUKT].IN  <ZHANGHUKT_IN>
<JIUZHENKLX>1</JIUZHENKLX>
<JIUZHENKH>072901</JIUZHENKH>
<XINGMING>潘志根</XINGMING>
<ZHENGJIANHM></ZHENGJIANHM>
<LIANXIDH>12345678901</LIANXIDH>
<BASEINFO>
<CAOZUOYDM>dba</CAOZUOYDM>
<CAOZUOYXM>dba</CAOZUOYXM>
<CAOZUORQ>2015-03-25 16:06:57</CAOZUORQ>
<XITONGBS>0</XITONGBS>
<FENYUANDM>0</FENYUANDM>
</BASEINFO>
</ZHANGHUKT_IN>
2015-03-25 11:31:57,452 -[874BB74CDA3245BB977B554455AD173B][HIS4.Biz.ZHANGHUKT].OUT <?xml version="1.0" encoding="utf-8"?><ZHANGHUKT_OUT><OUTMSG><ERRNO>-1</ERRNO><ERRMSG>如果分配给 Command 的 Connection 对象位于挂起的本地事务中，Execute 将需要 Command 对象具有 Transaction 对象。Command 的 Transaction 属性尚未初始化。</ERRMSG><MessageID>874BB74CDA3245BB977B554455AD173B</MessageID></OUTMSG></ZHANGHUKT_OUT>
2015-03-25 11:32:04,498 -[FBD30FA1EE4F45E4A17E97FEF82E9A78][HIS4.Biz.ZHANGHUKT].IN  <ZHANGHUKT_IN>
<JIUZHENKLX>1</JIUZHENKLX>
<JIUZHENKH>072901</JIUZHENKH>
<XINGMING>潘志根</XINGMING>
<ZHENGJIANHM></ZHENGJIANHM>
<LIANXIDH>12345678901</LIANXIDH>
<BASEINFO>
<CAOZUOYDM>dba</CAOZUOYDM>
<CAOZUOYXM>dba</CAOZUOYXM>
<CAOZUORQ>2015-03-25 16:06:57</CAOZUORQ>
<XITONGBS>0</XITONGBS>
<FENYUANDM>0</FENYUANDM>
</BASEINFO>
</ZHANGHUKT_IN>
2015-03-25 11:32:43,230 -[FBD30FA1EE4F45E4A17E97FEF82E9A78][HIS4.Biz.ZHANGHUKT].OUT <?xml version="1.0" encoding="utf-8"?><ZHANGHUKT_OUT><OUTMSG><ERRNO>-1</ERRNO><ERRMSG>如果分配给 Command 的 Connection 对象位于挂起的本地事务中，Execute 将需要 Command 对象具有 Transaction 对象。Command 的 Transaction 属性尚未初始化。</ERRMSG><MessageID>FBD30FA1EE4F45E4A17E97FEF82E9A78</MessageID></OUTMSG></ZHANGHUKT_OUT>
2015-03-25 11:32:58,365 -[14317C4834104517A7B5ADDFC2875900][HIS4.Biz.ZHANGHUKT].IN  <ZHANGHUKT_IN>
<JIUZHENKLX>1</JIUZHENKLX>
<JIUZHENKH>072901</JIUZHENKH>
<XINGMING>潘志根</XINGMING>
<ZHENGJIANHM></ZHENGJIANHM>
<LIANXIDH>12345678901</LIANXIDH>
<BASEINFO>
<CAOZUOYDM>dba</CAOZUOYDM>
<CAOZUOYXM>dba</CAOZUOYXM>
<CAOZUORQ>2015-03-25 16:06:57</CAOZUORQ>
<XITONGBS>0</XITONGBS>
<FENYUANDM>0</FENYUANDM>
</BASEINFO>
</ZHANGHUKT_IN>
2015-03-25 11:33:45,554 -[14317C4834104517A7B5ADDFC2875900][HIS4.Biz.ZHANGHUKT].OUT <?xml version="1.0" encoding="utf-8"?><ZHANGHUKT_OUT><OUTMSG><ERRNO>-1</ERRNO><ERRMSG>如果分配给 Command 的 Connection 对象位于挂起的本地事务中，Execute 将需要 Command 对象具有 Transaction 对象。Command 的 Transaction 属性尚未初始化。</ERRMSG><MessageID>14317C4834104517A7B5ADDFC2875900</MessageID></OUTMSG></ZHANGHUKT_OUT>
2015-03-25 11:35:34,774 -[B92DBB80D5D145469806D19B7AFE0DCD][HIS4.Biz.ZHANGHUKT].IN  <ZHANGHUKT_IN>
<JIUZHENKLX>1</JIUZHENKLX>
<JIUZHENKH>072901</JIUZHENKH>
<XINGMING>潘志根</XINGMING>
<ZHENGJIANHM></ZHENGJIANHM>
<LIANXIDH>12345678901</LIANXIDH>
<BASEINFO>
<CAOZUOYDM>dba</CAOZUOYDM>
<CAOZUOYXM>dba</CAOZUOYXM>
<CAOZUORQ>2015-03-25 16:06:57</CAOZUORQ>
<XITONGBS>0</XITONGBS>
<FENYUANDM>0</FENYUANDM>
</BASEINFO>
</ZHANGHUKT_IN>
2015-03-25 11:35:38,893 -[B92DBB80D5D145469806D19B7AFE0DCD][HIS4.Biz.ZHANGHUKT].OUT <?xml version="1.0" encoding="utf-8"?><ZHANGHUKT_OUT><OUTMSG><ERRNO>-1</ERRNO><ERRMSG>如果分配给 Command 的 Connection 对象位于挂起的本地事务中，Execute 将需要 Command 对象具有 Transaction 对象。Command 的 Transaction 属性尚未初始化。</ERRMSG><MessageID>B92DBB80D5D145469806D19B7AFE0DCD</MessageID></OUTMSG></ZHANGHUKT_OUT>
2015-03-25 11:35:45,618 -[CD1A50A8D30844A587803484078BDCA1][HIS4.Biz.ZHANGHUKT].IN  <ZHANGHUKT_IN>
<JIUZHENKLX>1</JIUZHENKLX>
<JIUZHENKH>072901</JIUZHENKH>
<XINGMING>潘志根</XINGMING>
<ZHENGJIANHM></ZHENGJIANHM>
<LIANXIDH>12345678901</LIANXIDH>
<BASEINFO>
<CAOZUOYDM>dba</CAOZUOYDM>
<CAOZUOYXM>dba</CAOZUOYXM>
<CAOZUORQ>2015-03-25 16:06:57</CAOZUORQ>
<XITONGBS>0</XITONGBS>
<FENYUANDM>0</FENYUANDM>
</BASEINFO>
</ZHANGHUKT_IN>
2015-03-25 11:36:04,842 -[CD1A50A8D30844A587803484078BDCA1][HIS4.Biz.ZHANGHUKT].OUT <?xml version="1.0" encoding="utf-8"?><ZHANGHUKT_OUT><OUTMSG><ERRNO>-1</ERRNO><ERRMSG>如果分配给 Command 的 Connection 对象位于挂起的本地事务中，Execute 将需要 Command 对象具有 Transaction 对象。Command 的 Transaction 属性尚未初始化。</ERRMSG><MessageID>CD1A50A8D30844A587803484078BDCA1</MessageID></OUTMSG></ZHANGHUKT_OUT>
2015-03-25 11:36:23,189 -[A46E9D230FC940FCA62B3AF0F04D08BC][HIS4.Biz.ZHANGHUKT].IN  <ZHANGHUKT_IN>
<JIUZHENKLX>1</JIUZHENKLX>
<JIUZHENKH>072901</JIUZHENKH>
<XINGMING>潘志根</XINGMING>
<ZHENGJIANHM></ZHENGJIANHM>
<LIANXIDH>12345678901</LIANXIDH>
<BASEINFO>
<CAOZUOYDM>dba</CAOZUOYDM>
<CAOZUOYXM>dba</CAOZUOYXM>
<CAOZUORQ>2015-03-25 16:06:57</CAOZUORQ>
<XITONGBS>0</XITONGBS>
<FENYUANDM>0</FENYUANDM>
</BASEINFO>
</ZHANGHUKT_IN>
2015-03-25 11:36:38,336 -[A46E9D230FC940FCA62B3AF0F04D08BC][HIS4.Biz.ZHANGHUKT].OUT <?xml version="1.0" encoding="utf-8"?><ZHANGHUKT_OUT><OUTMSG><ERRNO>-1</ERRNO><ERRMSG>如果分配给 Command 的 Connection 对象位于挂起的本地事务中，Execute 将需要 Command 对象具有 Transaction 对象。Command 的 Transaction 属性尚未初始化。</ERRMSG><MessageID>A46E9D230FC940FCA62B3AF0F04D08BC</MessageID></OUTMSG></ZHANGHUKT_OUT>
2015-03-25 11:37:08,195 -[DEA2E037F82D48F89652BE7B82DEF9FA][HIS4.Biz.ZHANGHUKT].IN  <ZHANGHUKT_IN>
<JIUZHENKLX>1</JIUZHENKLX>
<JIUZHENKH>072901</JIUZHENKH>
<XINGMING>潘志根</XINGMING>
<ZHENGJIANHM></ZHENGJIANHM>
<LIANXIDH>12345678901</LIANXIDH>
<BASEINFO>
<CAOZUOYDM>dba</CAOZUOYDM>
<CAOZUOYXM>dba</CAOZUOYXM>
<CAOZUORQ>2015-03-25 16:06:57</CAOZUORQ>
<XITONGBS>0</XITONGBS>
<FENYUANDM>0</FENYUANDM>
</BASEINFO>
</ZHANGHUKT_IN>
2015-03-25 11:37:29,406 -[DEA2E037F82D48F89652BE7B82DEF9FA][HIS4.Biz.ZHANGHUKT].OUT <?xml version="1.0" encoding="utf-8"?><ZHANGHUKT_OUT><OUTMSG><ERRNO>-1</ERRNO><ERRMSG>如果分配给 Command 的 Connection 对象位于挂起的本地事务中，Execute 将需要 Command 对象具有 Transaction 对象。Command 的 Transaction 属性尚未初始化。</ERRMSG><MessageID>DEA2E037F82D48F89652BE7B82DEF9FA</MessageID></OUTMSG></ZHANGHUKT_OUT>
2015-03-25 11:37:44,456 -[ACA8E08F35BE4EDFA12BC0E6B2A5DA2A][HIS4.Biz.ZHANGHUKT].IN  <ZHANGHUKT_IN>
<JIUZHENKLX>1</JIUZHENKLX>
<JIUZHENKH>072901</JIUZHENKH>
<XINGMING>潘志根</XINGMING>
<ZHENGJIANHM></ZHENGJIANHM>
<LIANXIDH>12345678901</LIANXIDH>
<BASEINFO>
<CAOZUOYDM>dba</CAOZUOYDM>
<CAOZUOYXM>dba</CAOZUOYXM>
<CAOZUORQ>2015-03-25 16:06:57</CAOZUORQ>
<XITONGBS>0</XITONGBS>
<FENYUANDM>0</FENYUANDM>
</BASEINFO>
</ZHANGHUKT_IN>
2015-03-25 11:38:02,357 -[ACA8E08F35BE4EDFA12BC0E6B2A5DA2A][HIS4.Biz.ZHANGHUKT].OUT <?xml version="1.0" encoding="utf-8"?><ZHANGHUKT_OUT><OUTMSG><ERRNO>-1</ERRNO><ERRMSG>如果分配给 Command 的 Connection 对象位于挂起的本地事务中，Execute 将需要 Command 对象具有 Transaction 对象。Command 的 Transaction 属性尚未初始化。</ERRMSG><MessageID>ACA8E08F35BE4EDFA12BC0E6B2A5DA2A</MessageID></OUTMSG></ZHANGHUKT_OUT>
2015-03-25 11:40:57,132 -[3A97ECC4E5184D85A84AA21193E66F29][HIS4.Biz.ZHANGHUKT].IN  <ZHANGHUKT_IN>
<JIUZHENKLX>1</JIUZHENKLX>
<JIUZHENKH>072901</JIUZHENKH>
<XINGMING>潘志根</XINGMING>
<ZHENGJIANHM></ZHENGJIANHM>
<LIANXIDH>12345678901</LIANXIDH>
<BASEINFO>
<CAOZUOYDM>dba</CAOZUOYDM>
<CAOZUOYXM>dba</CAOZUOYXM>
<CAOZUORQ>2015-03-25 16:06:57</CAOZUORQ>
<XITONGBS>0</XITONGBS>
<FENYUANDM>0</FENYUANDM>
</BASEINFO>
</ZHANGHUKT_IN>
2015-03-25 11:41:23,521 -[3A97ECC4E5184D85A84AA21193E66F29][HIS4.Biz.ZHANGHUKT].OUT <?xml version="1.0" encoding="utf-8"?><ZHANGHUKT_OUT><OUTMSG><ERRNO>-1</ERRNO><ERRMSG>参数“PRM_APPCODE”: 没有为可变长度的数据类型 String 设置大小。</ERRMSG><MessageID>3A97ECC4E5184D85A84AA21193E66F29</MessageID></OUTMSG></ZHANGHUKT_OUT>
2015-03-25 11:42:50,329 -[2DBCCE4DDB5D41F8A38AC2F76606DDA3][HIS4.Biz.ZHANGHUKT].IN  <ZHANGHUKT_IN>
<JIUZHENKLX>1</JIUZHENKLX>
<JIUZHENKH>072901</JIUZHENKH>
<XINGMING>潘志根</XINGMING>
<ZHENGJIANHM></ZHENGJIANHM>
<LIANXIDH>12345678901</LIANXIDH>
<BASEINFO>
<CAOZUOYDM>dba</CAOZUOYDM>
<CAOZUOYXM>dba</CAOZUOYXM>
<CAOZUORQ>2015-03-25 16:06:57</CAOZUORQ>
<XITONGBS>0</XITONGBS>
<FENYUANDM>0</FENYUANDM>
</BASEINFO>
</ZHANGHUKT_IN>
2015-03-25 11:43:07,029 -[2DBCCE4DDB5D41F8A38AC2F76606DDA3][HIS4.Biz.ZHANGHUKT].OUT <?xml version="1.0" encoding="utf-8"?><ZHANGHUKT_OUT><OUTMSG><ERRNO>-1</ERRNO><ERRMSG>参数“PRM_DATABUFFER”: 没有为可变长度的数据类型 String 设置大小。</ERRMSG><MessageID>2DBCCE4DDB5D41F8A38AC2F76606DDA3</MessageID></OUTMSG></ZHANGHUKT_OUT>
2015-03-25 11:43:39,636 -[DDC1A767A0EA4392B1DAE4CF8D9C2FBC][HIS4.Biz.ZHANGHUKT].IN  <ZHANGHUKT_IN>
<JIUZHENKLX>1</JIUZHENKLX>
<JIUZHENKH>072901</JIUZHENKH>
<XINGMING>潘志根</XINGMING>
<ZHENGJIANHM></ZHENGJIANHM>
<LIANXIDH>12345678901</LIANXIDH>
<BASEINFO>
<CAOZUOYDM>dba</CAOZUOYDM>
<CAOZUOYXM>dba</CAOZUOYXM>
<CAOZUORQ>2015-03-25 16:06:57</CAOZUORQ>
<XITONGBS>0</XITONGBS>
<FENYUANDM>0</FENYUANDM>
</BASEINFO>
</ZHANGHUKT_IN>
2015-03-25 11:43:43,144 -[DDC1A767A0EA4392B1DAE4CF8D9C2FBC][HIS4.Biz.ZHANGHUKT].OUT <?xml version="1.0" encoding="utf-8"?><ZHANGHUKT_OUT><OUTMSG><ERRNO>-1</ERRNO><ERRMSG>ORA-06550: 第 1 行, 第 7 列: 
PLS-00306: 调用 'PRC_KAITONGZH' 时参数个数或类型错误
ORA-06550: 第 1 行, 第 7 列: 
PL/SQL: Statement ignored
</ERRMSG><MessageID>DDC1A767A0EA4392B1DAE4CF8D9C2FBC</MessageID></OUTMSG></ZHANGHUKT_OUT>
2015-03-25 11:44:45,086 -[1BE96620D4CB49AABD9EDAB8C2925B8C][HIS4.Biz.ZHANGHUKT].IN  <ZHANGHUKT_IN>
<JIUZHENKLX>1</JIUZHENKLX>
<JIUZHENKH>072901</JIUZHENKH>
<XINGMING>潘志根</XINGMING>
<ZHENGJIANHM></ZHENGJIANHM>
<LIANXIDH>12345678901</LIANXIDH>
<BASEINFO>
<CAOZUOYDM>dba</CAOZUOYDM>
<CAOZUOYXM>dba</CAOZUOYXM>
<CAOZUORQ>2015-03-25 16:06:57</CAOZUORQ>
<XITONGBS>0</XITONGBS>
<FENYUANDM>0</FENYUANDM>
</BASEINFO>
</ZHANGHUKT_IN>
2015-03-25 11:44:50,914 -[1BE96620D4CB49AABD9EDAB8C2925B8C][HIS4.Biz.ZHANGHUKT].OUT <?xml version="1.0" encoding="utf-8"?><ZHANGHUKT_OUT><OUTMSG><ERRNO>-1</ERRNO><ERRMSG>参数“PRM_DATABUFFER”: 没有为可变长度的数据类型 String 设置大小。</ERRMSG><MessageID>1BE96620D4CB49AABD9EDAB8C2925B8C</MessageID></OUTMSG></ZHANGHUKT_OUT>
2015-03-25 11:45:23,286 -[53C04F2160F64E168ED6577AAD3E1480][HIS4.Biz.ZHANGHUKT].IN  <ZHANGHUKT_IN>
<JIUZHENKLX>1</JIUZHENKLX>
<JIUZHENKH>072901</JIUZHENKH>
<XINGMING>潘志根</XINGMING>
<ZHENGJIANHM></ZHENGJIANHM>
<LIANXIDH>12345678901</LIANXIDH>
<BASEINFO>
<CAOZUOYDM>dba</CAOZUOYDM>
<CAOZUOYXM>dba</CAOZUOYXM>
<CAOZUORQ>2015-03-25 16:06:57</CAOZUORQ>
<XITONGBS>0</XITONGBS>
<FENYUANDM>0</FENYUANDM>
</BASEINFO>
</ZHANGHUKT_IN>
2015-03-25 11:45:32,949 -[53C04F2160F64E168ED6577AAD3E1480][HIS4.Biz.ZHANGHUKT].OUT <?xml version="1.0" encoding="utf-8"?><ZHANGHUKT_OUT><OUTMSG><ERRNO>-1</ERRNO><ERRMSG>ORA-06550: 第 1 行, 第 7 列: 
PLS-00306: 调用 'PRC_KAITONGZH' 时参数个数或类型错误
ORA-06550: 第 1 行, 第 7 列: 
PL/SQL: Statement ignored
</ERRMSG><MessageID>53C04F2160F64E168ED6577AAD3E1480</MessageID></OUTMSG></ZHANGHUKT_OUT>
2015-03-25 11:46:56,259 -[F4D949D63D04473795FB9ED89F02D6FA][HIS4.Biz.ZHANGHUKT].IN  <ZHANGHUKT_IN>
<JIUZHENKLX>1</JIUZHENKLX>
<JIUZHENKH>072901</JIUZHENKH>
<XINGMING>潘志根</XINGMING>
<ZHENGJIANHM></ZHENGJIANHM>
<LIANXIDH>12345678901</LIANXIDH>
<BASEINFO>
<CAOZUOYDM>dba</CAOZUOYDM>
<CAOZUOYXM>dba</CAOZUOYXM>
<CAOZUORQ>2015-03-25 16:06:57</CAOZUORQ>
<XITONGBS>0</XITONGBS>
<FENYUANDM>0</FENYUANDM>
</BASEINFO>
</ZHANGHUKT_IN>
2015-03-25 11:47:01,330 -[F4D949D63D04473795FB9ED89F02D6FA][HIS4.Biz.ZHANGHUKT].OUT <?xml version="1.0" encoding="utf-8"?><ZHANGHUKT_OUT><OUTMSG><ERRNO>-1</ERRNO><ERRMSG>ORA-06550: 第 1 行, 第 7 列: 
PLS-00306: 调用 'PRC_KAITONGZH' 时参数个数或类型错误
ORA-06550: 第 1 行, 第 7 列: 
PL/SQL: Statement ignored
</ERRMSG><MessageID>F4D949D63D04473795FB9ED89F02D6FA</MessageID></OUTMSG></ZHANGHUKT_OUT>
2015-03-25 11:47:14,350 -[4F26A823A3DC4D8B94005EB35BA93EAC][HIS4.Biz.ZHANGHUKT].IN  <ZHANGHUKT_IN>
<JIUZHENKLX>1</JIUZHENKLX>
<JIUZHENKH>072901</JIUZHENKH>
<XINGMING>潘志根</XINGMING>
<ZHENGJIANHM></ZHENGJIANHM>
<LIANXIDH>12345678901</LIANXIDH>
<BASEINFO>
<CAOZUOYDM>dba</CAOZUOYDM>
<CAOZUOYXM>dba</CAOZUOYXM>
<CAOZUORQ>2015-03-25 16:06:57</CAOZUORQ>
<XITONGBS>0</XITONGBS>
<FENYUANDM>0</FENYUANDM>
</BASEINFO>
</ZHANGHUKT_IN>
2015-03-25 11:48:33,180 -[4F26A823A3DC4D8B94005EB35BA93EAC][HIS4.Biz.ZHANGHUKT].OUT <?xml version="1.0" encoding="utf-8"?><ZHANGHUKT_OUT><OUTMSG><ERRNO>-1</ERRNO><ERRMSG>ORA-06550: 第 1 行, 第 7 列: 
PLS-00306: 调用 'PRC_KAITONGZH' 时参数个数或类型错误
ORA-06550: 第 1 行, 第 7 列: 
PL/SQL: Statement ignored
</ERRMSG><MessageID>4F26A823A3DC4D8B94005EB35BA93EAC</MessageID></OUTMSG></ZHANGHUKT_OUT>
2015-03-25 11:54:08,579 -[DAD54B85715242C0A00D5116851D4373][HIS4.Biz.ZHANGHUKT].IN  <ZHANGHUKT_IN>
<JIUZHENKLX>1</JIUZHENKLX>
<JIUZHENKH>072901</JIUZHENKH>
<XINGMING>潘志根</XINGMING>
<ZHENGJIANHM></ZHENGJIANHM>
<LIANXIDH>12345678901</LIANXIDH>
<BASEINFO>
<CAOZUOYDM>dba</CAOZUOYDM>
<CAOZUOYXM>dba</CAOZUOYXM>
<CAOZUORQ>2015-03-25 16:06:57</CAOZUORQ>
<XITONGBS>0</XITONGBS>
<FENYUANDM>0</FENYUANDM>
</BASEINFO>
</ZHANGHUKT_IN>
2015-03-25 11:55:49,451 -[DAD54B85715242C0A00D5116851D4373][HIS4.Biz.ZHANGHUKT].OUT <?xml version="1.0" encoding="utf-8"?><ZHANGHUKT_OUT><OUTMSG><ERRNO>-1</ERRNO><ERRMSG>ORA-06550: 第 1 行, 第 7 列: 
PLS-00306: 调用 'PRC_KAITONGZH' 时参数个数或类型错误
ORA-06550: 第 1 行, 第 7 列: 
PL/SQL: Statement ignored
</ERRMSG><MessageID>DAD54B85715242C0A00D5116851D4373</MessageID></OUTMSG></ZHANGHUKT_OUT>
2015-03-25 11:56:32,186 -[18C621A24634441CAA41D91E68C1EF9A][HIS4.Biz.ZHANGHUKT].IN  <ZHANGHUKT_IN>
<JIUZHENKLX>1</JIUZHENKLX>
<JIUZHENKH>072901</JIUZHENKH>
<XINGMING>潘志根</XINGMING>
<ZHENGJIANHM></ZHENGJIANHM>
<LIANXIDH>12345678901</LIANXIDH>
<BASEINFO>
<CAOZUOYDM>dba</CAOZUOYDM>
<CAOZUOYXM>dba</CAOZUOYXM>
<CAOZUORQ>2015-03-25 16:06:57</CAOZUORQ>
<XITONGBS>0</XITONGBS>
<FENYUANDM>0</FENYUANDM>
</BASEINFO>
</ZHANGHUKT_IN>
2015-03-25 11:57:34,510 -[18C621A24634441CAA41D91E68C1EF9A][HIS4.Biz.ZHANGHUKT].OUT <?xml version="1.0" encoding="utf-8"?><ZHANGHUKT_OUT><OUTMSG><ERRNO>-1</ERRNO><ERRMSG>ORA-06550: 第 1 行, 第 7 列: 
PLS-00306: 调用 'PRC_KAITONGZH' 时参数个数或类型错误
ORA-06550: 第 1 行, 第 7 列: 
PL/SQL: Statement ignored
</ERRMSG><MessageID>18C621A24634441CAA41D91E68C1EF9A</MessageID></OUTMSG></ZHANGHUKT_OUT>
2015-03-25 11:58:14,585 -[CAED0344FC6449F4A7AC8B7BD9D70DC3][HIS4.Biz.ZHANGHUKT].IN  <ZHANGHUKT_IN>
<JIUZHENKLX>1</JIUZHENKLX>
<JIUZHENKH>072901</JIUZHENKH>
<XINGMING>潘志根</XINGMING>
<ZHENGJIANHM></ZHENGJIANHM>
<LIANXIDH>12345678901</LIANXIDH>
<BASEINFO>
<CAOZUOYDM>dba</CAOZUOYDM>
<CAOZUOYXM>dba</CAOZUOYXM>
<CAOZUORQ>2015-03-25 16:06:57</CAOZUORQ>
<XITONGBS>0</XITONGBS>
<FENYUANDM>0</FENYUANDM>
</BASEINFO>
</ZHANGHUKT_IN>
2015-03-25 11:58:43,464 -[CAED0344FC6449F4A7AC8B7BD9D70DC3][HIS4.Biz.ZHANGHUKT].OUT <?xml version="1.0" encoding="utf-8"?><ZHANGHUKT_OUT><OUTMSG><ERRNO>-1</ERRNO><ERRMSG>ORA-06550: 第 1 行, 第 7 列: 
PLS-00306: 调用 'PRC_KAITONGZH' 时参数个数或类型错误
ORA-06550: 第 1 行, 第 7 列: 
PL/SQL: Statement ignored
</ERRMSG><MessageID>CAED0344FC6449F4A7AC8B7BD9D70DC3</MessageID></OUTMSG></ZHANGHUKT_OUT>
2015-03-25 11:58:52,995 -[6A145D84B2B046B19486C989F21EB677][HIS4.Biz.ZHANGHUKT].IN  <ZHANGHUKT_IN>
<JIUZHENKLX>1</JIUZHENKLX>
<JIUZHENKH>072901</JIUZHENKH>
<XINGMING>潘志根</XINGMING>
<ZHENGJIANHM></ZHENGJIANHM>
<LIANXIDH>12345678901</LIANXIDH>
<BASEINFO>
<CAOZUOYDM>dba</CAOZUOYDM>
<CAOZUOYXM>dba</CAOZUOYXM>
<CAOZUORQ>2015-03-25 16:06:57</CAOZUORQ>
<XITONGBS>0</XITONGBS>
<FENYUANDM>0</FENYUANDM>
</BASEINFO>
</ZHANGHUKT_IN>
