2015-03-25 13:00:17,264 -[E40875DD727847259D9DDAE21A3937EA][HIS4.Biz.ZHANGHUKT].OUT <?xml version="1.0" encoding="utf-8"?><ZHANGHUKT_OUT><OUTMSG><ERRNO>-1</ERRNO><ERRMSG>ORA-06550: 第 1 行, 第 7 列: 
PLS-00306: 调用 'PRC_KAITONGZH' 时参数个数或类型错误
ORA-06550: 第 1 行, 第 7 列: 
PL/SQL: Statement ignored
</ERRMSG><MessageID>E40875DD727847259D9DDAE21A3937EA</MessageID></OUTMSG></ZHANGHUKT_OUT>
2015-03-25 13:01:36,646 -[B7B3561CCB554A3085628566F788942E][HIS4.Biz.ZHANGHUKT].IN  <ZHANGHUKT_IN>
<JIUZHENKLX>1</JIUZHENKLX>
<JIUZHENKH>072901</JIUZHENKH>
<XINGMING>潘志根</XINGMING>
<ZHENGJIANHM></ZHENGJIANHM>
<LIANXIDH>12345678901</LIANXIDH>
<BASEINFO>
<CAOZUOYDM>dba</CAOZUOYDM>
<CAOZUOYXM>dba</CAOZUOYXM>
<CAOZUORQ>2015-03-25 16:06:57</CAOZUORQ>
<XITONGBS>0</XITONGBS>
<FENYUANDM>0</FENYUANDM>
</BASEINFO>
</ZHANGHUKT_IN>
2015-03-25 13:02:27,292 -[B7B3561CCB554A3085628566F788942E][HIS4.Biz.ZHANGHUKT].OUT <?xml version="1.0" encoding="utf-8"?><ZHANGHUKT_OUT><OUTMSG><ERRNO>-1</ERRNO><ERRMSG>ORA-06550: 第 1 行, 第 7 列: 
PLS-00306: 调用 'PRC_KAITONGZH' 时参数个数或类型错误
ORA-06550: 第 1 行, 第 7 列: 
PL/SQL: Statement ignored
</ERRMSG><MessageID>B7B3561CCB554A3085628566F788942E</MessageID></OUTMSG></ZHANGHUKT_OUT>
2015-03-25 13:03:06,805 -[366C120E3A194E49AA547FFF5B970C1D][HIS4.Biz.ZHANGHUKT].IN  <ZHANGHUKT_IN>
<JIUZHENKLX>1</JIUZHENKLX>
<JIUZHENKH>072901</JIUZHENKH>
<XINGMING>潘志根</XINGMING>
<ZHENGJIANHM></ZHENGJIANHM>
<LIANXIDH>12345678901</LIANXIDH>
<BASEINFO>
<CAOZUOYDM>dba</CAOZUOYDM>
<CAOZUOYXM>dba</CAOZUOYXM>
<CAOZUORQ>2015-03-25 16:06:57</CAOZUORQ>
<XITONGBS>0</XITONGBS>
<FENYUANDM>0</FENYUANDM>
</BASEINFO>
</ZHANGHUKT_IN>
2015-03-25 13:04:10,799 -[366C120E3A194E49AA547FFF5B970C1D][HIS4.Biz.ZHANGHUKT].OUT <?xml version="1.0" encoding="utf-8"?><ZHANGHUKT_OUT><OUTMSG><ERRNO>-1</ERRNO><ERRMSG>ORA-06550: 第 1 行, 第 7 列: 
PLS-00306: 调用 'PRC_KAITONGZH' 时参数个数或类型错误
ORA-06550: 第 1 行, 第 7 列: 
PL/SQL: Statement ignored
</ERRMSG><MessageID>366C120E3A194E49AA547FFF5B970C1D</MessageID></OUTMSG></ZHANGHUKT_OUT>
2015-03-25 13:04:33,066 -[2F0D12A9F44A4156BE10F713F7F4F580][HIS4.Biz.ZHANGHUKT].IN  <ZHANGHUKT_IN>
<JIUZHENKLX>1</JIUZHENKLX>
<JIUZHENKH>072901</JIUZHENKH>
<XINGMING>潘志根</XINGMING>
<ZHENGJIANHM></ZHENGJIANHM>
<LIANXIDH>12345678901</LIANXIDH>
<BASEINFO>
<CAOZUOYDM>dba</CAOZUOYDM>
<CAOZUOYXM>dba</CAOZUOYXM>
<CAOZUORQ>2015-03-25 16:06:57</CAOZUORQ>
<XITONGBS>0</XITONGBS>
<FENYUANDM>0</FENYUANDM>
</BASEINFO>
</ZHANGHUKT_IN>
2015-03-25 13:05:38,208 -[2F0D12A9F44A4156BE10F713F7F4F580][HIS4.Biz.ZHANGHUKT].OUT <?xml version="1.0" encoding="utf-8"?><ZHANGHUKT_OUT><OUTMSG><ERRNO>-1</ERRNO><ERRMSG>ORA-06550: 第 1 行, 第 7 列: 
PLS-00306: 调用 'PRC_KAITONGZH' 时参数个数或类型错误
ORA-06550: 第 1 行, 第 7 列: 
PL/SQL: Statement ignored
</ERRMSG><MessageID>2F0D12A9F44A4156BE10F713F7F4F580</MessageID></OUTMSG></ZHANGHUKT_OUT>
2015-03-25 13:07:02,797 -[DA924EAB10E840B7BCD9711CFED0EA80][HIS4.Biz.ZHANGHUKT].IN  <ZHANGHUKT_IN>
<JIUZHENKLX>1</JIUZHENKLX>
<JIUZHENKH>072901</JIUZHENKH>
<XINGMING>潘志根</XINGMING>
<ZHENGJIANHM></ZHENGJIANHM>
<LIANXIDH>12345678901</LIANXIDH>
<BASEINFO>
<CAOZUOYDM>dba</CAOZUOYDM>
<CAOZUOYXM>dba</CAOZUOYXM>
<CAOZUORQ>2015-03-25 16:06:57</CAOZUORQ>
<XITONGBS>0</XITONGBS>
<FENYUANDM>0</FENYUANDM>
</BASEINFO>
</ZHANGHUKT_IN>
2015-03-25 13:07:40,164 -[DA924EAB10E840B7BCD9711CFED0EA80][HIS4.Biz.ZHANGHUKT].OUT <?xml version="1.0" encoding="utf-8"?><ZHANGHUKT_OUT><OUTMSG><ERRNO>-1</ERRNO><ERRMSG>ORA-06550: 第 1 行, 第 7 列: 
PLS-00306: 调用 'PRC_KAITONGZH' 时参数个数或类型错误
ORA-06550: 第 1 行, 第 7 列: 
PL/SQL: Statement ignored
</ERRMSG><MessageID>DA924EAB10E840B7BCD9711CFED0EA80</MessageID></OUTMSG></ZHANGHUKT_OUT>
2015-03-25 13:08:25,827 -[3DB5913868FA453F8353481E6740EC7E][HIS4.Biz.ZHANGHUKT].IN  <ZHANGHUKT_IN>
<JIUZHENKLX>1</JIUZHENKLX>
<JIUZHENKH>072901</JIUZHENKH>
<XINGMING>潘志根</XINGMING>
<ZHENGJIANHM></ZHENGJIANHM>
<LIANXIDH>12345678901</LIANXIDH>
<BASEINFO>
<CAOZUOYDM>dba</CAOZUOYDM>
<CAOZUOYXM>dba</CAOZUOYXM>
<CAOZUORQ>2015-03-25 16:06:57</CAOZUORQ>
<XITONGBS>0</XITONGBS>
<FENYUANDM>0</FENYUANDM>
</BASEINFO>
</ZHANGHUKT_IN>
2015-03-25 13:08:42,428 -[3DB5913868FA453F8353481E6740EC7E][HIS4.Biz.ZHANGHUKT].OUT <?xml version="1.0" encoding="utf-8"?><ZHANGHUKT_OUT><OUTMSG><ERRNO>-1</ERRNO><ERRMSG>ORA-06550: 第 1 行, 第 7 列: 
PLS-00306: 调用 'PRC_KAITONGZH' 时参数个数或类型错误
ORA-06550: 第 1 行, 第 7 列: 
PL/SQL: Statement ignored
</ERRMSG><MessageID>3DB5913868FA453F8353481E6740EC7E</MessageID></OUTMSG></ZHANGHUKT_OUT>
2015-03-25 13:24:28,331 -[18321A245BEA4428BD70D9959FDD43A8][HIS4.Biz.ZHANGHUKT].IN  <ZHANGHUKT_IN>
<JIUZHENKLX>1</JIUZHENKLX>
<JIUZHENKH>072901</JIUZHENKH>
<XINGMING>潘志根</XINGMING>
<ZHENGJIANHM></ZHENGJIANHM>
<LIANXIDH>12345678901</LIANXIDH>
<BASEINFO>
<CAOZUOYDM>dba</CAOZUOYDM>
<CAOZUOYXM>dba</CAOZUOYXM>
<CAOZUORQ>2015-03-25 16:06:57</CAOZUORQ>
<XITONGBS>0</XITONGBS>
<FENYUANDM>0</FENYUANDM>
</BASEINFO>
</ZHANGHUKT_IN>
2015-03-25 13:24:51,358 -[18321A245BEA4428BD70D9959FDD43A8][HIS4.Biz.ZHANGHUKT].OUT <?xml version="1.0" encoding="utf-8"?><ZHANGHUKT_OUT><OUTMSG><ERRNO>-1</ERRNO><ERRMSG>未将对象引用设置到对象的实例。</ERRMSG><MessageID>18321A245BEA4428BD70D9959FDD43A8</MessageID></OUTMSG></ZHANGHUKT_OUT>
2015-03-25 13:24:57,163 -[70036DC303E44B68BCCE5A759E480A2E][HIS4.Biz.ZHANGHUKT].IN  <ZHANGHUKT_IN>
<JIUZHENKLX>1</JIUZHENKLX>
<JIUZHENKH>072901</JIUZHENKH>
<XINGMING>潘志根</XINGMING>
<ZHENGJIANHM></ZHENGJIANHM>
<LIANXIDH>12345678901</LIANXIDH>
<BASEINFO>
<CAOZUOYDM>dba</CAOZUOYDM>
<CAOZUOYXM>dba</CAOZUOYXM>
<CAOZUORQ>2015-03-25 16:06:57</CAOZUORQ>
<XITONGBS>0</XITONGBS>
<FENYUANDM>0</FENYUANDM>
</BASEINFO>
</ZHANGHUKT_IN>
2015-03-25 13:25:00,819 -[70036DC303E44B68BCCE5A759E480A2E][HIS4.Biz.ZHANGHUKT].OUT <?xml version="1.0" encoding="utf-8"?><ZHANGHUKT_OUT><OUTMSG><ERRNO>-1</ERRNO><ERRMSG>未将对象引用设置到对象的实例。</ERRMSG><MessageID>70036DC303E44B68BCCE5A759E480A2E</MessageID></OUTMSG></ZHANGHUKT_OUT>
2015-03-25 13:25:24,934 -[9C59B48BF1E946B7BD3A0761B0B3D6F0][HIS4.Biz.ZHANGHUKT].IN  <ZHANGHUKT_IN>
<JIUZHENKLX>1</JIUZHENKLX>
<JIUZHENKH>072901</JIUZHENKH>
<XINGMING>潘志根</XINGMING>
<ZHENGJIANHM></ZHENGJIANHM>
<LIANXIDH>12345678901</LIANXIDH>
<BASEINFO>
<CAOZUOYDM>dba</CAOZUOYDM>
<CAOZUOYXM>dba</CAOZUOYXM>
<CAOZUORQ>2015-03-25 16:06:57</CAOZUORQ>
<XITONGBS>0</XITONGBS>
<FENYUANDM>0</FENYUANDM>
</BASEINFO>
</ZHANGHUKT_IN>
2015-03-25 13:25:55,705 -[9C59B48BF1E946B7BD3A0761B0B3D6F0][HIS4.Biz.ZHANGHUKT].OUT <?xml version="1.0" encoding="utf-8"?><ZHANGHUKT_OUT><OUTMSG><ERRNO>-1</ERRNO><ERRMSG>未将对象引用设置到对象的实例。</ERRMSG><MessageID>9C59B48BF1E946B7BD3A0761B0B3D6F0</MessageID></OUTMSG></ZHANGHUKT_OUT>
2015-03-25 13:26:51,774 -[2FD6BC0700604338898FF91A02315E09][HIS4.Biz.ZHANGHUKT].IN  <ZHANGHUKT_IN>
<JIUZHENKLX>1</JIUZHENKLX>
<JIUZHENKH>072901</JIUZHENKH>
<XINGMING>潘志根</XINGMING>
<ZHENGJIANHM></ZHENGJIANHM>
<LIANXIDH>12345678901</LIANXIDH>
<BASEINFO>
<CAOZUOYDM>dba</CAOZUOYDM>
<CAOZUOYXM>dba</CAOZUOYXM>
<CAOZUORQ>2015-03-25 16:06:57</CAOZUORQ>
<XITONGBS>0</XITONGBS>
<FENYUANDM>0</FENYUANDM>
</BASEINFO>
</ZHANGHUKT_IN>
2015-03-25 13:27:04,680 -[2FD6BC0700604338898FF91A02315E09][HIS4.Biz.ZHANGHUKT].OUT <?xml version="1.0" encoding="utf-8"?><ZHANGHUKT_OUT><OUTMSG><ERRNO>-1</ERRNO><ERRMSG>未将对象引用设置到对象的实例。</ERRMSG><MessageID>2FD6BC0700604338898FF91A02315E09</MessageID></OUTMSG></ZHANGHUKT_OUT>
2015-03-25 13:27:37,748 -[FB5859F3CB994DE0AF37A9991A119938][HIS4.Biz.ZHANGHUKT].IN  <ZHANGHUKT_IN>
<JIUZHENKLX>1</JIUZHENKLX>
<JIUZHENKH>072901</JIUZHENKH>
<XINGMING>潘志根</XINGMING>
<ZHENGJIANHM></ZHENGJIANHM>
<LIANXIDH>12345678901</LIANXIDH>
<BASEINFO>
<CAOZUOYDM>dba</CAOZUOYDM>
<CAOZUOYXM>dba</CAOZUOYXM>
<CAOZUORQ>2015-03-25 16:06:57</CAOZUORQ>
<XITONGBS>0</XITONGBS>
<FENYUANDM>0</FENYUANDM>
</BASEINFO>
</ZHANGHUKT_IN>
2015-03-25 13:28:01,612 -[FB5859F3CB994DE0AF37A9991A119938][HIS4.Biz.ZHANGHUKT].OUT <?xml version="1.0" encoding="utf-8"?><ZHANGHUKT_OUT><OUTMSG><ERRNO>-1</ERRNO><ERRMSG>未将对象引用设置到对象的实例。</ERRMSG><MessageID>FB5859F3CB994DE0AF37A9991A119938</MessageID></OUTMSG></ZHANGHUKT_OUT>
2015-03-25 13:31:45,179 -[0B0C73C6D6DB434190D53633B92A2BA7][HIS4.Biz.ZHANGHUKT].IN  <ZHANGHUKT_IN>
<JIUZHENKLX>1</JIUZHENKLX>
<JIUZHENKH>072901</JIUZHENKH>
<XINGMING>潘志根</XINGMING>
<ZHENGJIANHM></ZHENGJIANHM>
<LIANXIDH>12345678901</LIANXIDH>
<BASEINFO>
<CAOZUOYDM>dba</CAOZUOYDM>
<CAOZUOYXM>dba</CAOZUOYXM>
<CAOZUORQ>2015-03-25 16:06:57</CAOZUORQ>
<XITONGBS>0</XITONGBS>
<FENYUANDM>0</FENYUANDM>
</BASEINFO>
</ZHANGHUKT_IN>
2015-03-25 13:32:16,834 -[0B0C73C6D6DB434190D53633B92A2BA7][HIS4.Biz.ZHANGHUKT].OUT <?xml version="1.0" encoding="utf-8"?><ZHANGHUKT_OUT><OUTMSG><ERRNO>-1</ERRNO><ERRMSG>未将对象引用设置到对象的实例。</ERRMSG><MessageID>0B0C73C6D6DB434190D53633B92A2BA7</MessageID></OUTMSG></ZHANGHUKT_OUT>
2015-03-25 13:32:18,936 -[4B24869190CF4DFC8198659CFD81E9D2][HIS4.Biz.ZHANGHUKT].IN  <ZHANGHUKT_IN>
<JIUZHENKLX>1</JIUZHENKLX>
<JIUZHENKH>072901</JIUZHENKH>
<XINGMING>潘志根</XINGMING>
<ZHENGJIANHM></ZHENGJIANHM>
<LIANXIDH>12345678901</LIANXIDH>
<BASEINFO>
<CAOZUOYDM>dba</CAOZUOYDM>
<CAOZUOYXM>dba</CAOZUOYXM>
<CAOZUORQ>2015-03-25 16:06:57</CAOZUORQ>
<XITONGBS>0</XITONGBS>
<FENYUANDM>0</FENYUANDM>
</BASEINFO>
</ZHANGHUKT_IN>
2015-03-25 13:32:30,478 -[4B24869190CF4DFC8198659CFD81E9D2][HIS4.Biz.ZHANGHUKT].OUT <?xml version="1.0" encoding="utf-8"?><ZHANGHUKT_OUT><OUTMSG><ERRNO>-1</ERRNO><ERRMSG>未将对象引用设置到对象的实例。</ERRMSG><MessageID>4B24869190CF4DFC8198659CFD81E9D2</MessageID></OUTMSG></ZHANGHUKT_OUT>
2015-03-25 13:33:11,306 -[D65A9E3298904A8F9239BEE01C7922B0][HIS4.Biz.ZHANGHUKT].IN  <ZHANGHUKT_IN>
<JIUZHENKLX>1</JIUZHENKLX>
<JIUZHENKH>072901</JIUZHENKH>
<XINGMING>潘志根</XINGMING>
<ZHENGJIANHM></ZHENGJIANHM>
<LIANXIDH>12345678901</LIANXIDH>
<BASEINFO>
<CAOZUOYDM>dba</CAOZUOYDM>
<CAOZUOYXM>dba</CAOZUOYXM>
<CAOZUORQ>2015-03-25 16:06:57</CAOZUORQ>
<XITONGBS>0</XITONGBS>
<FENYUANDM>0</FENYUANDM>
</BASEINFO>
</ZHANGHUKT_IN>
2015-03-25 13:33:26,040 -[D65A9E3298904A8F9239BEE01C7922B0][HIS4.Biz.ZHANGHUKT].OUT <?xml version="1.0" encoding="utf-8"?><ZHANGHUKT_OUT><OUTMSG><ERRNO>-1</ERRNO><ERRMSG>未将对象引用设置到对象的实例。</ERRMSG><MessageID>D65A9E3298904A8F9239BEE01C7922B0</MessageID></OUTMSG></ZHANGHUKT_OUT>
2015-03-25 13:33:35,038 -[DEE1E2D539B4470CAE868AA8AD79A57C][HIS4.Biz.ZHANGHUKT].IN  <ZHANGHUKT_IN>
<JIUZHENKLX>1</JIUZHENKLX>
<JIUZHENKH>072901</JIUZHENKH>
<XINGMING>潘志根</XINGMING>
<ZHENGJIANHM></ZHENGJIANHM>
<LIANXIDH>12345678901</LIANXIDH>
<BASEINFO>
<CAOZUOYDM>dba</CAOZUOYDM>
<CAOZUOYXM>dba</CAOZUOYXM>
<CAOZUORQ>2015-03-25 16:06:57</CAOZUORQ>
<XITONGBS>0</XITONGBS>
<FENYUANDM>0</FENYUANDM>
</BASEINFO>
</ZHANGHUKT_IN>
2015-03-25 13:33:59,149 -[DEE1E2D539B4470CAE868AA8AD79A57C][HIS4.Biz.ZHANGHUKT].OUT <?xml version="1.0" encoding="utf-8"?><ZHANGHUKT_OUT><OUTMSG><ERRNO>-1</ERRNO><ERRMSG>未将对象引用设置到对象的实例。</ERRMSG><MessageID>DEE1E2D539B4470CAE868AA8AD79A57C</MessageID></OUTMSG></ZHANGHUKT_OUT>
2015-03-25 13:36:30,667 -[51FC75A871DA43ABA70EC230EA27673A][HIS4.Biz.ZHANGHUKT].IN  <ZHANGHUKT_IN>
<JIUZHENKLX>1</JIUZHENKLX>
<JIUZHENKH>072901</JIUZHENKH>
<XINGMING>潘志根</XINGMING>
<ZHENGJIANHM></ZHENGJIANHM>
<LIANXIDH>12345678901</LIANXIDH>
<BASEINFO>
<CAOZUOYDM>dba</CAOZUOYDM>
<CAOZUOYXM>dba</CAOZUOYXM>
<CAOZUORQ>2015-03-25 16:06:57</CAOZUORQ>
<XITONGBS>0</XITONGBS>
<FENYUANDM>0</FENYUANDM>
</BASEINFO>
</ZHANGHUKT_IN>
2015-03-25 13:36:54,852 -[51FC75A871DA43ABA70EC230EA27673A][HIS4.Biz.ZHANGHUKT].OUT <?xml version="1.0" encoding="utf-8"?><ZHANGHUKT_OUT><OUTMSG><ERRNO>-1</ERRNO><ERRMSG>未将对象引用设置到对象的实例。</ERRMSG><MessageID>51FC75A871DA43ABA70EC230EA27673A</MessageID></OUTMSG></ZHANGHUKT_OUT>
2015-03-25 13:38:07,929 -[253D62FD304342BB81BAD475AF5D445E][HIS4.Biz.ZHANGHUKT].IN  <ZHANGHUKT_IN>
<JIUZHENKLX>1</JIUZHENKLX>
<JIUZHENKH>072901</JIUZHENKH>
<XINGMING>潘志根</XINGMING>
<ZHENGJIANHM></ZHENGJIANHM>
<LIANXIDH>12345678901</LIANXIDH>
<BASEINFO>
<CAOZUOYDM>dba</CAOZUOYDM>
<CAOZUOYXM>dba</CAOZUOYXM>
<CAOZUORQ>2015-03-25 16:06:57</CAOZUORQ>
<XITONGBS>0</XITONGBS>
<FENYUANDM>0</FENYUANDM>
</BASEINFO>
</ZHANGHUKT_IN>
2015-03-25 13:38:25,067 -[253D62FD304342BB81BAD475AF5D445E][HIS4.Biz.ZHANGHUKT].OUT <?xml version="1.0" encoding="utf-8"?><ZHANGHUKT_OUT><OUTMSG><ERRNO>-1</ERRNO><ERRMSG>未将对象引用设置到对象的实例。</ERRMSG><MessageID>253D62FD304342BB81BAD475AF5D445E</MessageID></OUTMSG></ZHANGHUKT_OUT>
2015-03-25 13:38:31,501 -[338CE2B373984B5D945F88299840F9E3][HIS4.Biz.ZHANGHUKT].IN  <ZHANGHUKT_IN>
<JIUZHENKLX>1</JIUZHENKLX>
<JIUZHENKH>072901</JIUZHENKH>
<XINGMING>潘志根</XINGMING>
<ZHENGJIANHM></ZHENGJIANHM>
<LIANXIDH>12345678901</LIANXIDH>
<BASEINFO>
<CAOZUOYDM>dba</CAOZUOYDM>
<CAOZUOYXM>dba</CAOZUOYXM>
<CAOZUORQ>2015-03-25 16:06:57</CAOZUORQ>
<XITONGBS>0</XITONGBS>
<FENYUANDM>0</FENYUANDM>
</BASEINFO>
</ZHANGHUKT_IN>
2015-03-25 13:40:25,701 -[8429F6D945834196833DC88B7DD433F1][HIS4.Biz.ZHANGHUKT].IN  <ZHANGHUKT_IN>
<JIUZHENKLX>1</JIUZHENKLX>
<JIUZHENKH>072901</JIUZHENKH>
<XINGMING>潘志根</XINGMING>
<ZHENGJIANHM></ZHENGJIANHM>
<LIANXIDH>12345678901</LIANXIDH>
<BASEINFO>
<CAOZUOYDM>dba</CAOZUOYDM>
<CAOZUOYXM>dba</CAOZUOYXM>
<CAOZUORQ>2015-03-25 16:06:57</CAOZUORQ>
<XITONGBS>0</XITONGBS>
<FENYUANDM>0</FENYUANDM>
</BASEINFO>
</ZHANGHUKT_IN>
2015-03-25 13:40:52,044 -[8429F6D945834196833DC88B7DD433F1][HIS4.Biz.ZHANGHUKT].OUT <?xml version="1.0" encoding="utf-8"?><ZHANGHUKT_OUT><OUTMSG><ERRNO>-1</ERRNO><ERRMSG>您的账户已经开通!</ERRMSG><MessageID>8429F6D945834196833DC88B7DD433F1</MessageID></OUTMSG></ZHANGHUKT_OUT>
2015-03-25 13:43:13,176 -[8F0075F50A314779AB3EC79BB4BBD86A][HIS4.Biz.ZHANGHUKT].IN  <ZHANGHUKT_IN>
<JIUZHENKLX>1</JIUZHENKLX>
<JIUZHENKH>086823</JIUZHENKH>
<XINGMING>竺佳煜</XINGMING>
<ZHENGJIANHM>330481199602050038</ZHENGJIANHM>
<LIANXIDH>12345678901</LIANXIDH>
<BASEINFO>
<CAOZUOYDM>dba</CAOZUOYDM>
<CAOZUOYXM>dba</CAOZUOYXM>
<CAOZUORQ>2015-03-25 16:06:57</CAOZUORQ>
<XITONGBS>0</XITONGBS>
<FENYUANDM>0</FENYUANDM>
</BASEINFO>
</ZHANGHUKT_IN>
2015-03-25 13:43:23,147 -[8F0075F50A314779AB3EC79BB4BBD86A][HIS4.Biz.ZHANGHUKT].OUT <?xml version="1.0" encoding="utf-8"?><ZHANGHUKT_OUT><OUTMSG><ERRNO>0</ERRNO><ERRMSG /><MessageID>8F0075F50A314779AB3EC79BB4BBD86A</MessageID></OUTMSG></ZHANGHUKT_OUT>
