2015-03-25 12:01:48,311 -[6A145D84B2B046B19486C989F21EB677][HIS4.Biz.ZHANGHUKT].OUT <?xml version="1.0" encoding="utf-8"?><ZHANGHUKT_OUT><OUTMSG><ERRNO>-1</ERRNO><ERRMSG>ORA-06550: 第 1 行, 第 7 列: 
PLS-00306: 调用 'PRC_KAITONGZH' 时参数个数或类型错误
ORA-06550: 第 1 行, 第 7 列: 
PL/SQL: Statement ignored
</ERRMSG><MessageID>6A145D84B2B046B19486C989F21EB677</MessageID></OUTMSG></ZHANGHUKT_OUT>
2015-03-25 12:02:13,421 -[71CE01063E504FB8A97FAD084425CD9E][HIS4.Biz.ZHANGHUKT].IN  <ZHANGHUKT_IN>
<JIUZHENKLX>1</JIUZHENKLX>
<JIUZHENKH>072901</JIUZHENKH>
<XINGMING>潘志根</XINGMING>
<ZHENGJIANHM></ZHENGJIANHM>
<LIANXIDH>12345678901</LIANXIDH>
<BASEINFO>
<CAOZUOYDM>dba</CAOZUOYDM>
<CAOZUOYXM>dba</CAOZUOYXM>
<CAOZUORQ>2015-03-25 16:06:57</CAOZUORQ>
<XITONGBS>0</XITONGBS>
<FENYUANDM>0</FENYUANDM>
</BASEINFO>
</ZHANGHUKT_IN>
2015-03-25 12:02:49,095 -[71CE01063E504FB8A97FAD084425CD9E][HIS4.Biz.ZHANGHUKT].OUT <?xml version="1.0" encoding="utf-8"?><ZHANGHUKT_OUT><OUTMSG><ERRNO>-1</ERRNO><ERRMSG>ORA-06550: 第 1 行, 第 7 列: 
PLS-00306: 调用 'PRC_KAITONGZH' 时参数个数或类型错误
ORA-06550: 第 1 行, 第 7 列: 
PL/SQL: Statement ignored
</ERRMSG><MessageID>71CE01063E504FB8A97FAD084425CD9E</MessageID></OUTMSG></ZHANGHUKT_OUT>
2015-03-25 12:13:18,622 -[A6FE7A3F499741898F13699B75D71E07][HIS4.Biz.ZHANGHUKT].IN  <ZHANGHUKT_IN>
<JIUZHENKLX>1</JIUZHENKLX>
<JIUZHENKH>072901</JIUZHENKH>
<XINGMING>潘志根</XINGMING>
<ZHENGJIANHM></ZHENGJIANHM>
<LIANXIDH>12345678901</LIANXIDH>
<BASEINFO>
<CAOZUOYDM>dba</CAOZUOYDM>
<CAOZUOYXM>dba</CAOZUOYXM>
<CAOZUORQ>2015-03-25 16:06:57</CAOZUORQ>
<XITONGBS>0</XITONGBS>
<FENYUANDM>0</FENYUANDM>
</BASEINFO>
</ZHANGHUKT_IN>
2015-03-25 12:18:53,424 -[A6FE7A3F499741898F13699B75D71E07][HIS4.Biz.ZHANGHUKT].OUT <?xml version="1.0" encoding="utf-8"?><ZHANGHUKT_OUT><OUTMSG><ERRNO>-1</ERRNO><ERRMSG>ORA-06550: 第 1 行, 第 7 列: 
PLS-00306: 调用 'PRC_KAITONGZH' 时参数个数或类型错误
ORA-06550: 第 1 行, 第 7 列: 
PL/SQL: Statement ignored
</ERRMSG><MessageID>A6FE7A3F499741898F13699B75D71E07</MessageID></OUTMSG></ZHANGHUKT_OUT>
2015-03-25 12:20:32,193 -[91AB38F428D84F2AA92B6E40F21E040A][HIS4.Biz.ZHANGHUKT].IN  <ZHANGHUKT_IN>
<JIUZHENKLX>1</JIUZHENKLX>
<JIUZHENKH>072901</JIUZHENKH>
<XINGMING>潘志根</XINGMING>
<ZHENGJIANHM></ZHENGJIANHM>
<LIANXIDH>12345678901</LIANXIDH>
<BASEINFO>
<CAOZUOYDM>dba</CAOZUOYDM>
<CAOZUOYXM>dba</CAOZUOYXM>
<CAOZUORQ>2015-03-25 16:06:57</CAOZUORQ>
<XITONGBS>0</XITONGBS>
<FENYUANDM>0</FENYUANDM>
</BASEINFO>
</ZHANGHUKT_IN>
2015-03-25 12:20:41,436 -[91AB38F428D84F2AA92B6E40F21E040A][HIS4.Biz.ZHANGHUKT].OUT <?xml version="1.0" encoding="utf-8"?><ZHANGHUKT_OUT><OUTMSG><ERRNO>-1</ERRNO><ERRMSG>ORA-06550: 第 1 行, 第 7 列: 
PLS-00306: 调用 'PRC_KAITONGZH' 时参数个数或类型错误
ORA-06550: 第 1 行, 第 7 列: 
PL/SQL: Statement ignored
</ERRMSG><MessageID>91AB38F428D84F2AA92B6E40F21E040A</MessageID></OUTMSG></ZHANGHUKT_OUT>
2015-03-25 12:21:21,100 -[53FBAA4F9D554593A8DD53848FBDAA4F][HIS4.Biz.ZHANGHUKT].IN  <ZHANGHUKT_IN>
<JIUZHENKLX>1</JIUZHENKLX>
<JIUZHENKH>072901</JIUZHENKH>
<XINGMING>潘志根</XINGMING>
<ZHENGJIANHM></ZHENGJIANHM>
<LIANXIDH>12345678901</LIANXIDH>
<BASEINFO>
<CAOZUOYDM>dba</CAOZUOYDM>
<CAOZUOYXM>dba</CAOZUOYXM>
<CAOZUORQ>2015-03-25 16:06:57</CAOZUORQ>
<XITONGBS>0</XITONGBS>
<FENYUANDM>0</FENYUANDM>
</BASEINFO>
</ZHANGHUKT_IN>
2015-03-25 12:21:41,893 -[53FBAA4F9D554593A8DD53848FBDAA4F][HIS4.Biz.ZHANGHUKT].OUT <?xml version="1.0" encoding="utf-8"?><ZHANGHUKT_OUT><OUTMSG><ERRNO>-1</ERRNO><ERRMSG>ORA-06550: 第 1 行, 第 7 列: 
PLS-00306: 调用 'PRC_KAITONGZH' 时参数个数或类型错误
ORA-06550: 第 1 行, 第 7 列: 
PL/SQL: Statement ignored
</ERRMSG><MessageID>53FBAA4F9D554593A8DD53848FBDAA4F</MessageID></OUTMSG></ZHANGHUKT_OUT>
2015-03-25 12:30:44,988 -[73FEB7748A1949699EE92BC99C851F87][HIS4.Biz.ZHANGHUKT].IN  <ZHANGHUKT_IN>
<JIUZHENKLX>1</JIUZHENKLX>
<JIUZHENKH>072901</JIUZHENKH>
<XINGMING>潘志根</XINGMING>
<ZHENGJIANHM></ZHENGJIANHM>
<LIANXIDH>12345678901</LIANXIDH>
<BASEINFO>
<CAOZUOYDM>dba</CAOZUOYDM>
<CAOZUOYXM>dba</CAOZUOYXM>
<CAOZUORQ>2015-03-25 16:06:57</CAOZUORQ>
<XITONGBS>0</XITONGBS>
<FENYUANDM>0</FENYUANDM>
</BASEINFO>
</ZHANGHUKT_IN>
2015-03-25 12:34:59,257 -[73FEB7748A1949699EE92BC99C851F87][HIS4.Biz.ZHANGHUKT].OUT <?xml version="1.0" encoding="utf-8"?><ZHANGHUKT_OUT><OUTMSG><ERRNO>-1</ERRNO><ERRMSG>ORA-06550: 第 1 行, 第 7 列: 
PLS-00306: 调用 'PRC_KAITONGZH' 时参数个数或类型错误
ORA-06550: 第 1 行, 第 7 列: 
PL/SQL: Statement ignored
</ERRMSG><MessageID>73FEB7748A1949699EE92BC99C851F87</MessageID></OUTMSG></ZHANGHUKT_OUT>
2015-03-25 12:37:35,258 -[618063D93A264EFB911821A9B10D0FE2][HIS4.Biz.ZHANGHUKT].IN  <ZHANGHUKT_IN>
<JIUZHENKLX>1</JIUZHENKLX>
<JIUZHENKH>072901</JIUZHENKH>
<XINGMING>潘志根</XINGMING>
<ZHENGJIANHM></ZHENGJIANHM>
<LIANXIDH>12345678901</LIANXIDH>
<BASEINFO>
<CAOZUOYDM>dba</CAOZUOYDM>
<CAOZUOYXM>dba</CAOZUOYXM>
<CAOZUORQ>2015-03-25 16:06:57</CAOZUORQ>
<XITONGBS>0</XITONGBS>
<FENYUANDM>0</FENYUANDM>
</BASEINFO>
</ZHANGHUKT_IN>
2015-03-25 12:37:35,611 -[618063D93A264EFB911821A9B10D0FE2][HIS4.Biz.ZHANGHUKT].OUT <?xml version="1.0" encoding="utf-8"?><ZHANGHUKT_OUT><OUTMSG><ERRNO>-1</ERRNO><ERRMSG>ORA-06550: 第 1 行, 第 7 列: 
PLS-00306: 调用 'PRC_KAITONGZH' 时参数个数或类型错误
ORA-06550: 第 1 行, 第 7 列: 
PL/SQL: Statement ignored
</ERRMSG><MessageID>618063D93A264EFB911821A9B10D0FE2</MessageID></OUTMSG></ZHANGHUKT_OUT>
2015-03-25 12:37:43,732 -[F28BD064771C4E3794EEB29ED0FBA52D][HIS4.Biz.ZHANGHUKT].IN  <ZHANGHUKT_IN>
<JIUZHENKLX>1</JIUZHENKLX>
<JIUZHENKH>072901</JIUZHENKH>
<XINGMING>潘志根</XINGMING>
<ZHENGJIANHM></ZHENGJIANHM>
<LIANXIDH>12345678901</LIANXIDH>
<BASEINFO>
<CAOZUOYDM>dba</CAOZUOYDM>
<CAOZUOYXM>dba</CAOZUOYXM>
<CAOZUORQ>2015-03-25 16:06:57</CAOZUORQ>
<XITONGBS>0</XITONGBS>
<FENYUANDM>0</FENYUANDM>
</BASEINFO>
</ZHANGHUKT_IN>
2015-03-25 12:37:43,763 -[F28BD064771C4E3794EEB29ED0FBA52D][HIS4.Biz.ZHANGHUKT].OUT <?xml version="1.0" encoding="utf-8"?><ZHANGHUKT_OUT><OUTMSG><ERRNO>-1</ERRNO><ERRMSG>ORA-06550: 第 1 行, 第 7 列: 
PLS-00306: 调用 'PRC_KAITONGZH' 时参数个数或类型错误
ORA-06550: 第 1 行, 第 7 列: 
PL/SQL: Statement ignored
</ERRMSG><MessageID>F28BD064771C4E3794EEB29ED0FBA52D</MessageID></OUTMSG></ZHANGHUKT_OUT>
2015-03-25 12:38:18,985 -[813A8AA8821541DC9B98EE2E502A9E91][HIS4.Biz.ZHANGHUKT].IN  <ZHANGHUKT_IN>
<JIUZHENKLX>1</JIUZHENKLX>
<JIUZHENKH>072901</JIUZHENKH>
<XINGMING>潘志根</XINGMING>
<ZHENGJIANHM></ZHENGJIANHM>
<LIANXIDH>12345678901</LIANXIDH>
<BASEINFO>
<CAOZUOYDM>dba</CAOZUOYDM>
<CAOZUOYXM>dba</CAOZUOYXM>
<CAOZUORQ>2015-03-25 16:06:57</CAOZUORQ>
<XITONGBS>0</XITONGBS>
<FENYUANDM>0</FENYUANDM>
</BASEINFO>
</ZHANGHUKT_IN>
2015-03-25 12:38:19,305 -[813A8AA8821541DC9B98EE2E502A9E91][HIS4.Biz.ZHANGHUKT].OUT <?xml version="1.0" encoding="utf-8"?><ZHANGHUKT_OUT><OUTMSG><ERRNO>-1</ERRNO><ERRMSG>ORA-06550: 第 1 行, 第 7 列: 
PLS-00306: 调用 'PRC_KAITONGZH' 时参数个数或类型错误
ORA-06550: 第 1 行, 第 7 列: 
PL/SQL: Statement ignored
</ERRMSG><MessageID>813A8AA8821541DC9B98EE2E502A9E91</MessageID></OUTMSG></ZHANGHUKT_OUT>
2015-03-25 12:38:51,198 -[7ABB57C970824741920459C88045432B][HIS4.Biz.ZHANGHUKT].IN  <ZHANGHUKT_IN>
<JIUZHENKLX>1</JIUZHENKLX>
<JIUZHENKH>072901</JIUZHENKH>
<XINGMING>潘志根</XINGMING>
<ZHENGJIANHM></ZHENGJIANHM>
<LIANXIDH>12345678901</LIANXIDH>
<BASEINFO>
<CAOZUOYDM>dba</CAOZUOYDM>
<CAOZUOYXM>dba</CAOZUOYXM>
<CAOZUORQ>2015-03-25 16:06:57</CAOZUORQ>
<XITONGBS>0</XITONGBS>
<FENYUANDM>0</FENYUANDM>
</BASEINFO>
</ZHANGHUKT_IN>
2015-03-25 12:39:45,000 -[7ABB57C970824741920459C88045432B][HIS4.Biz.ZHANGHUKT].OUT <?xml version="1.0" encoding="utf-8"?><ZHANGHUKT_OUT><OUTMSG><ERRNO>-1</ERRNO><ERRMSG>ORA-06550: 第 1 行, 第 7 列: 
PLS-00306: 调用 'PRC_KAITONGZH' 时参数个数或类型错误
ORA-06550: 第 1 行, 第 7 列: 
PL/SQL: Statement ignored
</ERRMSG><MessageID>7ABB57C970824741920459C88045432B</MessageID></OUTMSG></ZHANGHUKT_OUT>
2015-03-25 12:41:19,158 -[9834D0F510544F67B5296BA7994CDFBA][HIS4.Biz.ZHANGHUKT].IN  <ZHANGHUKT_IN>
<JIUZHENKLX>1</JIUZHENKLX>
<JIUZHENKH>072901</JIUZHENKH>
<XINGMING>潘志根</XINGMING>
<ZHENGJIANHM></ZHENGJIANHM>
<LIANXIDH>12345678901</LIANXIDH>
<BASEINFO>
<CAOZUOYDM>dba</CAOZUOYDM>
<CAOZUOYXM>dba</CAOZUOYXM>
<CAOZUORQ>2015-03-25 16:06:57</CAOZUORQ>
<XITONGBS>0</XITONGBS>
<FENYUANDM>0</FENYUANDM>
</BASEINFO>
</ZHANGHUKT_IN>
2015-03-25 12:41:19,426 -[9834D0F510544F67B5296BA7994CDFBA][HIS4.Biz.ZHANGHUKT].OUT <?xml version="1.0" encoding="utf-8"?><ZHANGHUKT_OUT><OUTMSG><ERRNO>-1</ERRNO><ERRMSG>ORA-06550: 第 1 行, 第 7 列: 
PLS-00306: 调用 'PRC_KAITONGZH' 时参数个数或类型错误
ORA-06550: 第 1 行, 第 7 列: 
PL/SQL: Statement ignored
</ERRMSG><MessageID>9834D0F510544F67B5296BA7994CDFBA</MessageID></OUTMSG></ZHANGHUKT_OUT>
2015-03-25 12:42:03,277 -[359C4F062F084EEDB9BDC81EB48E87EE][HIS4.Biz.ZHANGHUKT].IN  <ZHANGHUKT_IN>
<JIUZHENKLX>1</JIUZHENKLX>
<JIUZHENKH>072901</JIUZHENKH>
<XINGMING>潘志根</XINGMING>
<ZHENGJIANHM></ZHENGJIANHM>
<LIANXIDH>12345678901</LIANXIDH>
<BASEINFO>
<CAOZUOYDM>dba</CAOZUOYDM>
<CAOZUOYXM>dba</CAOZUOYXM>
<CAOZUORQ>2015-03-25 16:06:57</CAOZUORQ>
<XITONGBS>0</XITONGBS>
<FENYUANDM>0</FENYUANDM>
</BASEINFO>
</ZHANGHUKT_IN>
2015-03-25 12:44:22,278 -[359C4F062F084EEDB9BDC81EB48E87EE][HIS4.Biz.ZHANGHUKT].OUT <?xml version="1.0" encoding="utf-8"?><ZHANGHUKT_OUT><OUTMSG><ERRNO>-1</ERRNO><ERRMSG>ORA-06550: 第 1 行, 第 7 列: 
PLS-00306: 调用 'PRC_KAITONGZH' 时参数个数或类型错误
ORA-06550: 第 1 行, 第 7 列: 
PL/SQL: Statement ignored
</ERRMSG><MessageID>359C4F062F084EEDB9BDC81EB48E87EE</MessageID></OUTMSG></ZHANGHUKT_OUT>
2015-03-25 12:45:23,139 -[07A25E6F55C64F519A54E1765E318F99][HIS4.Biz.ZHANGHUKT].IN  <ZHANGHUKT_IN>
<JIUZHENKLX>1</JIUZHENKLX>
<JIUZHENKH>072901</JIUZHENKH>
<XINGMING>潘志根</XINGMING>
<ZHENGJIANHM></ZHENGJIANHM>
<LIANXIDH>12345678901</LIANXIDH>
<BASEINFO>
<CAOZUOYDM>dba</CAOZUOYDM>
<CAOZUOYXM>dba</CAOZUOYXM>
<CAOZUORQ>2015-03-25 16:06:57</CAOZUORQ>
<XITONGBS>0</XITONGBS>
<FENYUANDM>0</FENYUANDM>
</BASEINFO>
</ZHANGHUKT_IN>
2015-03-25 12:46:55,237 -[07A25E6F55C64F519A54E1765E318F99][HIS4.Biz.ZHANGHUKT].OUT <?xml version="1.0" encoding="utf-8"?><ZHANGHUKT_OUT><OUTMSG><ERRNO>-1</ERRNO><ERRMSG>ORA-06550: 第 1 行, 第 7 列: 
PLS-00306: 调用 'PRC_KAITONGZH' 时参数个数或类型错误
ORA-06550: 第 1 行, 第 7 列: 
PL/SQL: Statement ignored
</ERRMSG><MessageID>07A25E6F55C64F519A54E1765E318F99</MessageID></OUTMSG></ZHANGHUKT_OUT>
2015-03-25 12:48:26,852 -[A07876EF871D4D81A32D3D3057C652F3][HIS4.Biz.ZHANGHUKT].IN  <ZHANGHUKT_IN>
<JIUZHENKLX>1</JIUZHENKLX>
<JIUZHENKH>072901</JIUZHENKH>
<XINGMING>潘志根</XINGMING>
<ZHENGJIANHM></ZHENGJIANHM>
<LIANXIDH>12345678901</LIANXIDH>
<BASEINFO>
<CAOZUOYDM>dba</CAOZUOYDM>
<CAOZUOYXM>dba</CAOZUOYXM>
<CAOZUORQ>2015-03-25 16:06:57</CAOZUORQ>
<XITONGBS>0</XITONGBS>
<FENYUANDM>0</FENYUANDM>
</BASEINFO>
</ZHANGHUKT_IN>
2015-03-25 12:48:31,998 -[A07876EF871D4D81A32D3D3057C652F3][HIS4.Biz.ZHANGHUKT].OUT <?xml version="1.0" encoding="utf-8"?><ZHANGHUKT_OUT><OUTMSG><ERRNO>-1</ERRNO><ERRMSG>ORA-06550: 第 1 行, 第 7 列: 
PLS-00306: 调用 'PRC_KAITONGZH' 时参数个数或类型错误
ORA-06550: 第 1 行, 第 7 列: 
PL/SQL: Statement ignored
</ERRMSG><MessageID>A07876EF871D4D81A32D3D3057C652F3</MessageID></OUTMSG></ZHANGHUKT_OUT>
2015-03-25 12:48:37,792 -[8336631542574590B75A22F0065B7AC5][HIS4.Biz.ZHANGHUKT].IN  <ZHANGHUKT_IN>
<JIUZHENKLX>1</JIUZHENKLX>
<JIUZHENKH>072901</JIUZHENKH>
<XINGMING>潘志根</XINGMING>
<ZHENGJIANHM></ZHENGJIANHM>
<LIANXIDH>12345678901</LIANXIDH>
<BASEINFO>
<CAOZUOYDM>dba</CAOZUOYDM>
<CAOZUOYXM>dba</CAOZUOYXM>
<CAOZUORQ>2015-03-25 16:06:57</CAOZUORQ>
<XITONGBS>0</XITONGBS>
<FENYUANDM>0</FENYUANDM>
</BASEINFO>
</ZHANGHUKT_IN>
2015-03-25 12:49:17,435 -[8336631542574590B75A22F0065B7AC5][HIS4.Biz.ZHANGHUKT].OUT <?xml version="1.0" encoding="utf-8"?><ZHANGHUKT_OUT><OUTMSG><ERRNO>-1</ERRNO><ERRMSG>ORA-06550: 第 1 行, 第 7 列: 
PLS-00306: 调用 'PRC_KAITONGZH' 时参数个数或类型错误
ORA-06550: 第 1 行, 第 7 列: 
PL/SQL: Statement ignored
</ERRMSG><MessageID>8336631542574590B75A22F0065B7AC5</MessageID></OUTMSG></ZHANGHUKT_OUT>
2015-03-25 12:49:35,767 -[21F32ACACD3F4C6EB9864B2801ADF456][HIS4.Biz.ZHANGHUKT].IN  <ZHANGHUKT_IN>
<JIUZHENKLX>1</JIUZHENKLX>
<JIUZHENKH>072901</JIUZHENKH>
<XINGMING>潘志根</XINGMING>
<ZHENGJIANHM></ZHENGJIANHM>
<LIANXIDH>12345678901</LIANXIDH>
<BASEINFO>
<CAOZUOYDM>dba</CAOZUOYDM>
<CAOZUOYXM>dba</CAOZUOYXM>
<CAOZUORQ>2015-03-25 16:06:57</CAOZUORQ>
<XITONGBS>0</XITONGBS>
<FENYUANDM>0</FENYUANDM>
</BASEINFO>
</ZHANGHUKT_IN>
2015-03-25 12:49:41,010 -[21F32ACACD3F4C6EB9864B2801ADF456][HIS4.Biz.ZHANGHUKT].OUT <?xml version="1.0" encoding="utf-8"?><ZHANGHUKT_OUT><OUTMSG><ERRNO>-1</ERRNO><ERRMSG>ORA-06550: 第 1 行, 第 7 列: 
PLS-00306: 调用 'PRC_KAITONGZH' 时参数个数或类型错误
ORA-06550: 第 1 行, 第 7 列: 
PL/SQL: Statement ignored
</ERRMSG><MessageID>21F32ACACD3F4C6EB9864B2801ADF456</MessageID></OUTMSG></ZHANGHUKT_OUT>
2015-03-25 12:49:43,872 -[AABAC5D4F2574810A2C9D8D38790AAA9][HIS4.Biz.ZHANGHUKT].IN  <ZHANGHUKT_IN>
<JIUZHENKLX>1</JIUZHENKLX>
<JIUZHENKH>072901</JIUZHENKH>
<XINGMING>潘志根</XINGMING>
<ZHENGJIANHM></ZHENGJIANHM>
<LIANXIDH>12345678901</LIANXIDH>
<BASEINFO>
<CAOZUOYDM>dba</CAOZUOYDM>
<CAOZUOYXM>dba</CAOZUOYXM>
<CAOZUORQ>2015-03-25 16:06:57</CAOZUORQ>
<XITONGBS>0</XITONGBS>
<FENYUANDM>0</FENYUANDM>
</BASEINFO>
</ZHANGHUKT_IN>
2015-03-25 12:49:56,493 -[AABAC5D4F2574810A2C9D8D38790AAA9][HIS4.Biz.ZHANGHUKT].OUT <?xml version="1.0" encoding="utf-8"?><ZHANGHUKT_OUT><OUTMSG><ERRNO>-1</ERRNO><ERRMSG>ORA-06550: 第 1 行, 第 7 列: 
PLS-00306: 调用 'PRC_KAITONGZH' 时参数个数或类型错误
ORA-06550: 第 1 行, 第 7 列: 
PL/SQL: Statement ignored
</ERRMSG><MessageID>AABAC5D4F2574810A2C9D8D38790AAA9</MessageID></OUTMSG></ZHANGHUKT_OUT>
2015-03-25 12:50:10,129 -[721B70C9427348789EF9F502D3DDD1F8][HIS4.Biz.ZHANGHUKT].IN  <ZHANGHUKT_IN>
<JIUZHENKLX>1</JIUZHENKLX>
<JIUZHENKH>072901</JIUZHENKH>
<XINGMING>潘志根</XINGMING>
<ZHENGJIANHM></ZHENGJIANHM>
<LIANXIDH>12345678901</LIANXIDH>
<BASEINFO>
<CAOZUOYDM>dba</CAOZUOYDM>
<CAOZUOYXM>dba</CAOZUOYXM>
<CAOZUORQ>2015-03-25 16:06:57</CAOZUORQ>
<XITONGBS>0</XITONGBS>
<FENYUANDM>0</FENYUANDM>
</BASEINFO>
</ZHANGHUKT_IN>
2015-03-25 12:51:18,517 -[721B70C9427348789EF9F502D3DDD1F8][HIS4.Biz.ZHANGHUKT].OUT <?xml version="1.0" encoding="utf-8"?><ZHANGHUKT_OUT><OUTMSG><ERRNO>-1</ERRNO><ERRMSG>ORA-06550: 第 1 行, 第 7 列: 
PLS-00306: 调用 'PRC_KAITONGZH' 时参数个数或类型错误
ORA-06550: 第 1 行, 第 7 列: 
PL/SQL: Statement ignored
</ERRMSG><MessageID>721B70C9427348789EF9F502D3DDD1F8</MessageID></OUTMSG></ZHANGHUKT_OUT>
2015-03-25 12:51:47,588 -[BA01DF4B809B416AB04C06897F10BDCA][HIS4.Biz.ZHANGHUKT].IN  <ZHANGHUKT_IN>
<JIUZHENKLX>1</JIUZHENKLX>
<JIUZHENKH>072901</JIUZHENKH>
<XINGMING>潘志根</XINGMING>
<ZHENGJIANHM></ZHENGJIANHM>
<LIANXIDH>12345678901</LIANXIDH>
<BASEINFO>
<CAOZUOYDM>dba</CAOZUOYDM>
<CAOZUOYXM>dba</CAOZUOYXM>
<CAOZUORQ>2015-03-25 16:06:57</CAOZUORQ>
<XITONGBS>0</XITONGBS>
<FENYUANDM>0</FENYUANDM>
</BASEINFO>
</ZHANGHUKT_IN>
2015-03-25 12:52:38,860 -[BA01DF4B809B416AB04C06897F10BDCA][HIS4.Biz.ZHANGHUKT].OUT <?xml version="1.0" encoding="utf-8"?><ZHANGHUKT_OUT><OUTMSG><ERRNO>-1</ERRNO><ERRMSG>ORA-06550: 第 1 行, 第 7 列: 
PLS-00306: 调用 'PRC_KAITONGZH' 时参数个数或类型错误
ORA-06550: 第 1 行, 第 7 列: 
PL/SQL: Statement ignored
</ERRMSG><MessageID>BA01DF4B809B416AB04C06897F10BDCA</MessageID></OUTMSG></ZHANGHUKT_OUT>
2015-03-25 12:53:07,127 -[C71157C755D8470A9EE49371BACB4CB7][HIS4.Biz.ZHANGHUKT].IN  <ZHANGHUKT_IN>
<JIUZHENKLX>1</JIUZHENKLX>
<JIUZHENKH>072901</JIUZHENKH>
<XINGMING>潘志根</XINGMING>
<ZHENGJIANHM></ZHENGJIANHM>
<LIANXIDH>12345678901</LIANXIDH>
<BASEINFO>
<CAOZUOYDM>dba</CAOZUOYDM>
<CAOZUOYXM>dba</CAOZUOYXM>
<CAOZUORQ>2015-03-25 16:06:57</CAOZUORQ>
<XITONGBS>0</XITONGBS>
<FENYUANDM>0</FENYUANDM>
</BASEINFO>
</ZHANGHUKT_IN>
2015-03-25 12:53:16,086 -[C71157C755D8470A9EE49371BACB4CB7][HIS4.Biz.ZHANGHUKT].OUT <?xml version="1.0" encoding="utf-8"?><ZHANGHUKT_OUT><OUTMSG><ERRNO>-1</ERRNO><ERRMSG>ORA-06550: 第 1 行, 第 7 列: 
PLS-00306: 调用 'PRC_KAITONGZH' 时参数个数或类型错误
ORA-06550: 第 1 行, 第 7 列: 
PL/SQL: Statement ignored
</ERRMSG><MessageID>C71157C755D8470A9EE49371BACB4CB7</MessageID></OUTMSG></ZHANGHUKT_OUT>
2015-03-25 12:54:47,789 -[F0116CEACBC644A690353AAFF7DA7A6B][HIS4.Biz.ZHANGHUKT].IN  <ZHANGHUKT_IN>
<JIUZHENKLX>1</JIUZHENKLX>
<JIUZHENKH>072901</JIUZHENKH>
<XINGMING>潘志根</XINGMING>
<ZHENGJIANHM></ZHENGJIANHM>
<LIANXIDH>12345678901</LIANXIDH>
<BASEINFO>
<CAOZUOYDM>dba</CAOZUOYDM>
<CAOZUOYXM>dba</CAOZUOYXM>
<CAOZUORQ>2015-03-25 16:06:57</CAOZUORQ>
<XITONGBS>0</XITONGBS>
<FENYUANDM>0</FENYUANDM>
</BASEINFO>
</ZHANGHUKT_IN>
2015-03-25 12:54:50,808 -[F0116CEACBC644A690353AAFF7DA7A6B][HIS4.Biz.ZHANGHUKT].OUT <?xml version="1.0" encoding="utf-8"?><ZHANGHUKT_OUT><OUTMSG><ERRNO>-1</ERRNO><ERRMSG>ORA-06550: 第 1 行, 第 7 列: 
PLS-00306: 调用 'PRC_KAITONGZH' 时参数个数或类型错误
ORA-06550: 第 1 行, 第 7 列: 
PL/SQL: Statement ignored
</ERRMSG><MessageID>F0116CEACBC644A690353AAFF7DA7A6B</MessageID></OUTMSG></ZHANGHUKT_OUT>
2015-03-25 12:59:40,892 -[E40875DD727847259D9DDAE21A3937EA][HIS4.Biz.ZHANGHUKT].IN  <ZHANGHUKT_IN>
<JIUZHENKLX>1</JIUZHENKLX>
<JIUZHENKH>072901</JIUZHENKH>
<XINGMING>潘志根</XINGMING>
<ZHENGJIANHM></ZHENGJIANHM>
<LIANXIDH>12345678901</LIANXIDH>
<BASEINFO>
<CAOZUOYDM>dba</CAOZUOYDM>
<CAOZUOYXM>dba</CAOZUOYXM>
<CAOZUORQ>2015-03-25 16:06:57</CAOZUORQ>
<XITONGBS>0</XITONGBS>
<FENYUANDM>0</FENYUANDM>
</BASEINFO>
</ZHANGHUKT_IN>
