2015-01-15 16:36:22,475 -[B0CDFA7648984155BC8EF0493FEF32AE][HIS1.Biz.GUAHAOYCL].IN  <GUAHAOYCL_IN><BASEINFO><CAOZUOYDM>AUTO</CAOZUOYDM><CAOZUOYXM>自助机</CAOZUOYXM><CAOZUORQ>2015-01-15</CAOZUORQ><XITONGBS>99</XITONGBS><FENYUANDM>0</FENYUANDM></BASEINFO><JIUZHENKH>005050602</JIUZHENKH><JIUZHENKLX></JIUZHENKLX><BINGRENLB></BINGRENLB><BINGRENXZ></BINGRENXZ><YIBAOKLX></YIBAOKLX><YIBAOKMM></YIBAOKMM><YIBAOKXX></YIBAOKXX><YIBAOBRXX></YIBAOBRXX><YILIAOLB></YILIAOLB><JIESUANLB></JIESUANLB><YIZHOUPBID></YIZHOUPBID><DANGTIANPBID>190561</DANGTIANPBID><RIQI>2015-01-15</RIQI><GUAHAOBC>3</GUAHAOBC><GUAHAOLB>2</GUAHAOLB><KESHIDM>2001072</KESHIDM><YISHENGDM>*</YISHENGDM><GUAHAOXH>0</GUAHAOXH><GUAHAOID>0</GUAHAOID><DAISHOUFY></DAISHOUFY><YUYUELY></YUYUELY><BINGLIBH></BINGLIBH><ZHIFUMX></ZHIFUMX><CHONGFUJYMX></CHONGFUJYMX><HISBRXX></HISBRXX><JIESUANID></JIESUANID></GUAHAOYCL_IN>

2015-01-15 16:36:36,291 -[B0CDFA7648984155BC8EF0493FEF32AE][HIS1.Biz.GUAHAOYCL].OUT <?xml version="1.0" encoding="utf-8"?><GUAHAOYCL_OUT><OUTMSG><ERRNO>-1</ERRNO><ERRMSG>没有找到就诊卡号为'005050602'的人员信息！</ERRMSG><MessageID>B0CDFA7648984155BC8EF0493FEF32AE</MessageID></OUTMSG><FEIYONGMX /><JIESUANJG /><XIANGXIJSJG /><CHONGFUJYMX /></GUAHAOYCL_OUT>
2015-01-15 16:38:18,437 -[8CE57A4EFC2C42F893A2E3A5B71D54A9][HIS1.Biz.GUAHAOYCL].IN  <GUAHAOYCL_IN><BASEINFO><CAOZUOYDM>AUTO</CAOZUOYDM><CAOZUOYXM>自助机</CAOZUOYXM><CAOZUORQ>2015-01-15</CAOZUORQ><XITONGBS>99</XITONGBS><FENYUANDM>0</FENYUANDM></BASEINFO><JIUZHENKH>123456789</JIUZHENKH><JIUZHENKLX></JIUZHENKLX><BINGRENLB></BINGRENLB><BINGRENXZ></BINGRENXZ><YIBAOKLX></YIBAOKLX><YIBAOKMM></YIBAOKMM><YIBAOKXX></YIBAOKXX><YIBAOBRXX></YIBAOBRXX><YILIAOLB></YILIAOLB><JIESUANLB></JIESUANLB><YIZHOUPBID></YIZHOUPBID><DANGTIANPBID>190561</DANGTIANPBID><RIQI>2015-01-15</RIQI><GUAHAOBC>3</GUAHAOBC><GUAHAOLB>2</GUAHAOLB><KESHIDM>2001072</KESHIDM><YISHENGDM>*</YISHENGDM><GUAHAOXH>0</GUAHAOXH><GUAHAOID>0</GUAHAOID><DAISHOUFY></DAISHOUFY><YUYUELY></YUYUELY><BINGLIBH></BINGLIBH><ZHIFUMX></ZHIFUMX><CHONGFUJYMX></CHONGFUJYMX><HISBRXX></HISBRXX><JIESUANID></JIESUANID></GUAHAOYCL_IN>

2015-01-15 16:38:18,593 -[8CE57A4EFC2C42F893A2E3A5B71D54A9][HIS1.Biz.GUAHAOYCL].OUT <?xml version="1.0" encoding="utf-8"?><GUAHAOYCL_OUT><OUTMSG><ERRNO>-1</ERRNO><ERRMSG>给定关键字不在字典中。</ERRMSG><MessageID>8CE57A4EFC2C42F893A2E3A5B71D54A9</MessageID></OUTMSG><FEIYONGMX /><JIESUANJG /><XIANGXIJSJG /><CHONGFUJYMX /></GUAHAOYCL_OUT>
2015-01-15 16:38:36,780 -[063715B7630949E7BD642D290FC4D241][HIS1.Biz.GUAHAOYCL].IN  <GUAHAOYCL_IN><BASEINFO><CAOZUOYDM>AUTO</CAOZUOYDM><CAOZUOYXM>自助机</CAOZUOYXM><CAOZUORQ>2015-01-15</CAOZUORQ><XITONGBS>99</XITONGBS><FENYUANDM>0</FENYUANDM></BASEINFO><JIUZHENKH>123456789</JIUZHENKH><JIUZHENKLX></JIUZHENKLX><BINGRENLB></BINGRENLB><BINGRENXZ></BINGRENXZ><YIBAOKLX></YIBAOKLX><YIBAOKMM></YIBAOKMM><YIBAOKXX></YIBAOKXX><YIBAOBRXX></YIBAOBRXX><YILIAOLB></YILIAOLB><JIESUANLB></JIESUANLB><YIZHOUPBID></YIZHOUPBID><DANGTIANPBID>190561</DANGTIANPBID><RIQI>2015-01-15</RIQI><GUAHAOBC>3</GUAHAOBC><GUAHAOLB>2</GUAHAOLB><KESHIDM>2001072</KESHIDM><YISHENGDM>*</YISHENGDM><GUAHAOXH>0</GUAHAOXH><GUAHAOID>0</GUAHAOID><DAISHOUFY></DAISHOUFY><YUYUELY></YUYUELY><BINGLIBH></BINGLIBH><ZHIFUMX></ZHIFUMX><CHONGFUJYMX></CHONGFUJYMX><HISBRXX></HISBRXX><JIESUANID></JIESUANID></GUAHAOYCL_IN>

2015-01-15 16:38:36,827 -[063715B7630949E7BD642D290FC4D241][HIS1.Biz.GUAHAOYCL].OUT <?xml version="1.0" encoding="utf-8"?><GUAHAOYCL_OUT><OUTMSG><ERRNO>-1</ERRNO><ERRMSG>给定关键字不在字典中。</ERRMSG><MessageID>063715B7630949E7BD642D290FC4D241</MessageID></OUTMSG><FEIYONGMX /><JIESUANJG /><XIANGXIJSJG /><CHONGFUJYMX /></GUAHAOYCL_OUT>
2015-01-15 16:38:47,951 -[4CE1890B0A4A4D02A85FD90DB96BB217][HIS1.Biz.GUAHAOYCL].IN  <GUAHAOYCL_IN><BASEINFO><CAOZUOYDM>AUTO</CAOZUOYDM><CAOZUOYXM>自助机</CAOZUOYXM><CAOZUORQ>2015-01-15</CAOZUORQ><XITONGBS>99</XITONGBS><FENYUANDM>0</FENYUANDM></BASEINFO><JIUZHENKH>123456789</JIUZHENKH><JIUZHENKLX></JIUZHENKLX><BINGRENLB></BINGRENLB><BINGRENXZ></BINGRENXZ><YIBAOKLX></YIBAOKLX><YIBAOKMM></YIBAOKMM><YIBAOKXX></YIBAOKXX><YIBAOBRXX></YIBAOBRXX><YILIAOLB></YILIAOLB><JIESUANLB></JIESUANLB><YIZHOUPBID></YIZHOUPBID><DANGTIANPBID>190561</DANGTIANPBID><RIQI>2015-01-15</RIQI><GUAHAOBC>3</GUAHAOBC><GUAHAOLB>2</GUAHAOLB><KESHIDM>2001072</KESHIDM><YISHENGDM>*</YISHENGDM><GUAHAOXH>0</GUAHAOXH><GUAHAOID>0</GUAHAOID><DAISHOUFY></DAISHOUFY><YUYUELY></YUYUELY><BINGLIBH></BINGLIBH><ZHIFUMX></ZHIFUMX><CHONGFUJYMX></CHONGFUJYMX><HISBRXX></HISBRXX><JIESUANID></JIESUANID></GUAHAOYCL_IN>

2015-01-15 16:39:24,201 -[4CE1890B0A4A4D02A85FD90DB96BB217][HIS1.Biz.GUAHAOYCL].OUT <?xml version="1.0" encoding="utf-8"?><GUAHAOYCL_OUT><OUTMSG><ERRNO>-1</ERRNO><ERRMSG>给定关键字不在字典中。</ERRMSG><MessageID>4CE1890B0A4A4D02A85FD90DB96BB217</MessageID></OUTMSG><FEIYONGMX /><JIESUANJG /><XIANGXIJSJG /><CHONGFUJYMX /></GUAHAOYCL_OUT>
2015-01-15 16:40:18,450 -[863FE79F623248429EAB138089BD5A28][HIS1.Biz.GUAHAOYCL].IN  <GUAHAOYCL_IN><BASEINFO><CAOZUOYDM>AUTO</CAOZUOYDM><CAOZUOYXM>自助机</CAOZUOYXM><CAOZUORQ>2015-01-15</CAOZUORQ><XITONGBS>99</XITONGBS><FENYUANDM>0</FENYUANDM></BASEINFO><JIUZHENKH>123456789</JIUZHENKH><JIUZHENKLX></JIUZHENKLX><BINGRENLB></BINGRENLB><BINGRENXZ></BINGRENXZ><YIBAOKLX></YIBAOKLX><YIBAOKMM></YIBAOKMM><YIBAOKXX></YIBAOKXX><YIBAOBRXX></YIBAOBRXX><YILIAOLB></YILIAOLB><JIESUANLB></JIESUANLB><YIZHOUPBID></YIZHOUPBID><DANGTIANPBID>190561</DANGTIANPBID><RIQI>2015-01-15</RIQI><GUAHAOBC>3</GUAHAOBC><GUAHAOLB>2</GUAHAOLB><KESHIDM>2001072</KESHIDM><YISHENGDM>*</YISHENGDM><GUAHAOXH>0</GUAHAOXH><GUAHAOID>0</GUAHAOID><DAISHOUFY></DAISHOUFY><YUYUELY></YUYUELY><BINGLIBH></BINGLIBH><ZHIFUMX></ZHIFUMX><CHONGFUJYMX></CHONGFUJYMX><HISBRXX></HISBRXX><JIESUANID></JIESUANID></GUAHAOYCL_IN>

2015-01-15 16:40:38,708 -[863FE79F623248429EAB138089BD5A28][HIS1.Biz.GUAHAOYCL].OUT <?xml version="1.0" encoding="utf-8"?><GUAHAOYCL_OUT><OUTMSG><ERRNO>-1</ERRNO><ERRMSG>没有找到科室代码为'2001072'的科室信息！</ERRMSG><MessageID>863FE79F623248429EAB138089BD5A28</MessageID></OUTMSG><FEIYONGMX /><JIESUANJG /><XIANGXIJSJG /><CHONGFUJYMX /></GUAHAOYCL_OUT>
2015-01-15 16:43:33,551 -[E19AAC61AC8D4E5FA28DD64265477432][HIS1.Biz.GUAHAOYCL].IN  <GUAHAOYCL_IN>
	<BASEINFO>
		<CAOZUOYDM>AUTO</CAOZUOYDM>
		<CAOZUOYXM>自助机</CAOZUOYXM>
		<CAOZUORQ>2015-01-15</CAOZUORQ>
		<XITONGBS>99</XITONGBS>
		<FENYUANDM>0</FENYUANDM>
	</BASEINFO>
	<JIUZHENKH>123456789</JIUZHENKH>
	<JIUZHENKLX/>
	<BINGRENLB/>
	<BINGRENXZ/>
	<YIBAOKLX/>
	<YIBAOKMM/>
	<YIBAOKXX/>
	<YIBAOBRXX/>
	<YILIAOLB/>
	<JIESUANLB/>
	<YIZHOUPBID/>
	<DANGTIANPBID>190561</DANGTIANPBID>
	<RIQI>2015-01-15</RIQI>
	<GUAHAOBC>3</GUAHAOBC>
	<GUAHAOLB>2</GUAHAOLB>
	<KESHIDM>102000015</KESHIDM>
	<YISHENGDM>*</YISHENGDM>
	<GUAHAOXH>0</GUAHAOXH>
	<GUAHAOID>0</GUAHAOID>
	<DAISHOUFY/>
	<YUYUELY/>
	<BINGLIBH/>
	<ZHIFUMX/>
	<CHONGFUJYMX/>
	<HISBRXX/>
	<JIESUANID/>
</GUAHAOYCL_IN>

2015-01-15 16:43:53,832 -[E19AAC61AC8D4E5FA28DD64265477432][HIS1.Biz.GUAHAOYCL].OUT <?xml version="1.0" encoding="utf-8"?><GUAHAOYCL_OUT><OUTMSG><ERRNO>-1</ERRNO><ERRMSG>无排班信息！</ERRMSG><MessageID>E19AAC61AC8D4E5FA28DD64265477432</MessageID></OUTMSG><FEIYONGMX /><JIESUANJG /><XIANGXIJSJG /><CHONGFUJYMX /></GUAHAOYCL_OUT>
