2015-03-31 16:06:55,740 -[DCA4FB89745F46CE81416DC6B40EDCC7][HIS4.Biz.GUAHAOHYXX].IN  <GUAHAOHYXX_IN> <BASEINFO>
    <CAOZUOYDM>AUTO1</CAOZUOYDM>
    <CAOZUOYXM>自助机1</CAOZUOYXM>
    <CAOZUORQ>2013-03-19 17:35:30</CAOZUORQ>
    <XITONGBS>99</XITONGBS>
    <FENYUANDM>1</FENYUANDM>
  </BASEINFO>
<GUAHAOFS>2</GUAHAOFS> <RIQI></RIQI> <GUAHAOBC>0</GUAHAOBC> <GUAHAOLB>4</GUAHAOLB>
<KESHIDM>10250107</KESHIDM><YISHENGDM>7004</YISHENGDM>
</GUAHAOHYXX_IN>
2015-03-31 16:07:06,727 -[A80F8363E01948C0AE8495D579D58568][HIS4.Biz.GUAHAOHYXX].IN  <GUAHAOHYXX_IN> <BASEINFO>
    <CAOZUOYDM>AUTO1</CAOZUOYDM>
    <CAOZUOYXM>自助机1</CAOZUOYXM>
    <CAOZUORQ>2013-03-19 17:35:30</CAOZUORQ>
    <XITONGBS>99</XITONGBS>
    <FENYUANDM>1</FENYUANDM>
  </BASEINFO>
<GUAHAOFS>2</GUAHAOFS> <RIQI></RIQI> <GUAHAOBC>0</GUAHAOBC> <GUAHAOLB>4</GUAHAOLB>
<KESHIDM>10250107</KESHIDM><YISHENGDM>7004</YISHENGDM>
</GUAHAOHYXX_IN>
2015-03-31 16:07:09,275 -[A80F8363E01948C0AE8495D579D58568][HIS4.Biz.GUAHAOHYXX].OUT <?xml version="1.0" encoding="utf-8"?><GUAHAOHYXX_OUT><OUTMSG><ERRNO>0</ERRNO><ERRMSG /><ERRMSGEX /><MessageID>A80F8363E01948C0AE8495D579D58568</MessageID></OUTMSG><HAOYUANMX><HAOYUANXX><RIQI>2015-04-03</RIQI><GUAHAOBC>1</GUAHAOBC><GUAHAOLB>4</GUAHAOLB><KESHIDM>10250107</KESHIDM><YISHENGDM>7004</YISHENGDM><GUAHAOXH>6</GUAHAOXH><JIUZHENSJ /><YIZHOUPBID>1000148664</YIZHOUPBID><DANGTIANPBID>1000148664</DANGTIANPBID></HAOYUANXX><HAOYUANXX><RIQI>2015-04-03</RIQI><GUAHAOBC>1</GUAHAOBC><GUAHAOLB>4</GUAHAOLB><KESHIDM>10250107</KESHIDM><YISHENGDM>7004</YISHENGDM><GUAHAOXH>7</GUAHAOXH><JIUZHENSJ /><YIZHOUPBID>1000148664</YIZHOUPBID><DANGTIANPBID>1000148664</DANGTIANPBID></HAOYUANXX><HAOYUANXX><RIQI>2015-04-03</RIQI><GUAHAOBC>1</GUAHAOBC><GUAHAOLB>4</GUAHAOLB><KESHIDM>10250107</KESHIDM><YISHENGDM>7004</YISHENGDM><GUAHAOXH>8</GUAHAOXH><JIUZHENSJ /><YIZHOUPBID>1000148664</YIZHOUPBID><DANGTIANPBID>1000148664</DANGTIANPBID></HAOYUANXX><HAOYUANXX><RIQI>2015-04-03</RIQI><GUAHAOBC>1</GUAHAOBC><GUAHAOLB>4</GUAHAOLB><KESHIDM>10250107</KESHIDM><YISHENGDM>7004</YISHENGDM><GUAHAOXH>9</GUAHAOXH><JIUZHENSJ /><YIZHOUPBID>1000148664</YIZHOUPBID><DANGTIANPBID>1000148664</DANGTIANPBID></HAOYUANXX><HAOYUANXX><RIQI>2015-04-03</RIQI><GUAHAOBC>1</GUAHAOBC><GUAHAOLB>4</GUAHAOLB><KESHIDM>10250107</KESHIDM><YISHENGDM>7004</YISHENGDM><GUAHAOXH>10</GUAHAOXH><JIUZHENSJ /><YIZHOUPBID>1000148664</YIZHOUPBID><DANGTIANPBID>1000148664</DANGTIANPBID></HAOYUANXX><HAOYUANXX><RIQI>2015-04-03</RIQI><GUAHAOBC>1</GUAHAOBC><GUAHAOLB>4</GUAHAOLB><KESHIDM>10250107</KESHIDM><YISHENGDM>7004</YISHENGDM><GUAHAOXH>11</GUAHAOXH><JIUZHENSJ /><YIZHOUPBID>1000148664</YIZHOUPBID><DANGTIANPBID>1000148664</DANGTIANPBID></HAOYUANXX><HAOYUANXX><RIQI>2015-04-03</RIQI><GUAHAOBC>1</GUAHAOBC><GUAHAOLB>4</GUAHAOLB><KESHIDM>10250107</KESHIDM><YISHENGDM>7004</YISHENGDM><GUAHAOXH>12</GUAHAOXH><JIUZHENSJ /><YIZHOUPBID>1000148664</YIZHOUPBID><DANGTIANPBID>1000148664</DANGTIANPBID></HAOYUANXX><HAOYUANXX><RIQI>2015-04-03</RIQI><GUAHAOBC>1</GUAHAOBC><GUAHAOLB>4</GUAHAOLB><KESHIDM>10250107</KESHIDM><YISHENGDM>7004</YISHENGDM><GUAHAOXH>13</GUAHAOXH><JIUZHENSJ /><YIZHOUPBID>1000148664</YIZHOUPBID><DANGTIANPBID>1000148664</DANGTIANPBID></HAOYUANXX><HAOYUANXX><RIQI>2015-04-03</RIQI><GUAHAOBC>1</GUAHAOBC><GUAHAOLB>4</GUAHAOLB><KESHIDM>10250107</KESHIDM><YISHENGDM>7004</YISHENGDM><GUAHAOXH>14</GUAHAOXH><JIUZHENSJ /><YIZHOUPBID>1000148664</YIZHOUPBID><DANGTIANPBID>1000148664</DANGTIANPBID></HAOYUANXX><HAOYUANXX><RIQI>2015-04-03</RIQI><GUAHAOBC>1</GUAHAOBC><GUAHAOLB>4</GUAHAOLB><KESHIDM>10250107</KESHIDM><YISHENGDM>7004</YISHENGDM><GUAHAOXH>15</GUAHAOXH><JIUZHENSJ /><YIZHOUPBID>1000148664</YIZHOUPBID><DANGTIANPBID>1000148664</DANGTIANPBID></HAOYUANXX><HAOYUANXX><RIQI>2015-04-03</RIQI><GUAHAOBC>1</GUAHAOBC><GUAHAOLB>4</GUAHAOLB><KESHIDM>10250107</KESHIDM><YISHENGDM>7004</YISHENGDM><GUAHAOXH>16</GUAHAOXH><JIUZHENSJ /><YIZHOUPBID>1000148664</YIZHOUPBID><DANGTIANPBID>1000148664</DANGTIANPBID></HAOYUANXX><HAOYUANXX><RIQI>2015-04-03</RIQI><GUAHAOBC>1</GUAHAOBC><GUAHAOLB>4</GUAHAOLB><KESHIDM>10250107</KESHIDM><YISHENGDM>7004</YISHENGDM><GUAHAOXH>17</GUAHAOXH><JIUZHENSJ /><YIZHOUPBID>1000148664</YIZHOUPBID><DANGTIANPBID>1000148664</DANGTIANPBID></HAOYUANXX><HAOYUANXX><RIQI>2015-04-03</RIQI><GUAHAOBC>1</GUAHAOBC><GUAHAOLB>4</GUAHAOLB><KESHIDM>10250107</KESHIDM><YISHENGDM>7004</YISHENGDM><GUAHAOXH>18</GUAHAOXH><JIUZHENSJ /><YIZHOUPBID>1000148664</YIZHOUPBID><DANGTIANPBID>1000148664</DANGTIANPBID></HAOYUANXX><HAOYUANXX><RIQI>2015-04-03</RIQI><GUAHAOBC>1</GUAHAOBC><GUAHAOLB>4</GUAHAOLB><KESHIDM>10250107</KESHIDM><YISHENGDM>7004</YISHENGDM><GUAHAOXH>19</GUAHAOXH><JIUZHENSJ /><YIZHOUPBID>1000148664</YIZHOUPBID><DANGTIANPBID>1000148664</DANGTIANPBID></HAOYUANXX><HAOYUANXX><RIQI>2015-04-03</RIQI><GUAHAOBC>1</GUAHAOBC><GUAHAOLB>4</GUAHAOLB><KESHIDM>10250107</KESHIDM><YISHENGDM>7004</YISHENGDM><GUAHAOXH>20</GUAHAOXH><JIUZHENSJ /><YIZHOUPBID>1000148664</YIZHOUPBID><DANGTIANPBID>1000148664</DANGTIANPBID></HAOYUANXX><HAOYUANXX><RIQI>2015-04-03</RIQI><GUAHAOBC>1</GUAHAOBC><GUAHAOLB>4</GUAHAOLB><KESHIDM>10250107</KESHIDM><YISHENGDM>7004</YISHENGDM><GUAHAOXH>21</GUAHAOXH><JIUZHENSJ /><YIZHOUPBID>1000148664</YIZHOUPBID><DANGTIANPBID>1000148664</DANGTIANPBID></HAOYUANXX><HAOYUANXX><RIQI>2015-04-03</RIQI><GUAHAOBC>1</GUAHAOBC><GUAHAOLB>4</GUAHAOLB><KESHIDM>10250107</KESHIDM><YISHENGDM>7004</YISHENGDM><GUAHAOXH>22</GUAHAOXH><JIUZHENSJ /><YIZHOUPBID>1000148664</YIZHOUPBID><DANGTIANPBID>1000148664</DANGTIANPBID></HAOYUANXX><HAOYUANXX><RIQI>2015-04-03</RIQI><GUAHAOBC>1</GUAHAOBC><GUAHAOLB>4</GUAHAOLB><KESHIDM>10250107</KESHIDM><YISHENGDM>7004</YISHENGDM><GUAHAOXH>23</GUAHAOXH><JIUZHENSJ /><YIZHOUPBID>1000148664</YIZHOUPBID><DANGTIANPBID>1000148664</DANGTIANPBID></HAOYUANXX><HAOYUANXX><RIQI>2015-04-03</RIQI><GUAHAOBC>1</GUAHAOBC><GUAHAOLB>4</GUAHAOLB><KESHIDM>10250107</KESHIDM><YISHENGDM>7004</YISHENGDM><GUAHAOXH>24</GUAHAOXH><JIUZHENSJ /><YIZHOUPBID>1000148664</YIZHOUPBID><DANGTIANPBID>1000148664</DANGTIANPBID></HAOYUANXX><HAOYUANXX><RIQI>2015-04-03</RIQI><GUAHAOBC>1</GUAHAOBC><GUAHAOLB>4</GUAHAOLB><KESHIDM>10250107</KESHIDM><YISHENGDM>7004</YISHENGDM><GUAHAOXH>25</GUAHAOXH><JIUZHENSJ /><YIZHOUPBID>1000148664</YIZHOUPBID><DANGTIANPBID>1000148664</DANGTIANPBID></HAOYUANXX><HAOYUANXX><RIQI>2015-04-03</RIQI><GUAHAOBC>1</GUAHAOBC><GUAHAOLB>4</GUAHAOLB><KESHIDM>10250107</KESHIDM><YISHENGDM>7004</YISHENGDM><GUAHAOXH>26</GUAHAOXH><JIUZHENSJ /><YIZHOUPBID>1000148664</YIZHOUPBID><DANGTIANPBID>1000148664</DANGTIANPBID></HAOYUANXX><HAOYUANXX><RIQI>2015-04-03</RIQI><GUAHAOBC>1</GUAHAOBC><GUAHAOLB>4</GUAHAOLB><KESHIDM>10250107</KESHIDM><YISHENGDM>7004</YISHENGDM><GUAHAOXH>27</GUAHAOXH><JIUZHENSJ /><YIZHOUPBID>1000148664</YIZHOUPBID><DANGTIANPBID>1000148664</DANGTIANPBID></HAOYUANXX><HAOYUANXX><RIQI>2015-04-03</RIQI><GUAHAOBC>1</GUAHAOBC><GUAHAOLB>4</GUAHAOLB><KESHIDM>10250107</KESHIDM><YISHENGDM>7004</YISHENGDM><GUAHAOXH>28</GUAHAOXH><JIUZHENSJ /><YIZHOUPBID>1000148664</YIZHOUPBID><DANGTIANPBID>1000148664</DANGTIANPBID></HAOYUANXX><HAOYUANXX><RIQI>2015-04-03</RIQI><GUAHAOBC>1</GUAHAOBC><GUAHAOLB>4</GUAHAOLB><KESHIDM>10250107</KESHIDM><YISHENGDM>7004</YISHENGDM><GUAHAOXH>29</GUAHAOXH><JIUZHENSJ /><YIZHOUPBID>1000148664</YIZHOUPBID><DANGTIANPBID>1000148664</DANGTIANPBID></HAOYUANXX><HAOYUANXX><RIQI>2015-04-03</RIQI><GUAHAOBC>1</GUAHAOBC><GUAHAOLB>4</GUAHAOLB><KESHIDM>10250107</KESHIDM><YISHENGDM>7004</YISHENGDM><GUAHAOXH>30</GUAHAOXH><JIUZHENSJ /><YIZHOUPBID>1000148664</YIZHOUPBID><DANGTIANPBID>1000148664</DANGTIANPBID></HAOYUANXX><HAOYUANXX><RIQI>2015-04-03</RIQI><GUAHAOBC>1</GUAHAOBC><GUAHAOLB>4</GUAHAOLB><KESHIDM>10250107</KESHIDM><YISHENGDM>7004</YISHENGDM><GUAHAOXH>31</GUAHAOXH><JIUZHENSJ /><YIZHOUPBID>1000148664</YIZHOUPBID><DANGTIANPBID>1000148664</DANGTIANPBID></HAOYUANXX><HAOYUANXX><RIQI>2015-04-03</RIQI><GUAHAOBC>1</GUAHAOBC><GUAHAOLB>4</GUAHAOLB><KESHIDM>10250107</KESHIDM><YISHENGDM>7004</YISHENGDM><GUAHAOXH>32</GUAHAOXH><JIUZHENSJ /><YIZHOUPBID>1000148664</YIZHOUPBID><DANGTIANPBID>1000148664</DANGTIANPBID></HAOYUANXX><HAOYUANXX><RIQI>2015-04-03</RIQI><GUAHAOBC>1</GUAHAOBC><GUAHAOLB>4</GUAHAOLB><KESHIDM>10250107</KESHIDM><YISHENGDM>7004</YISHENGDM><GUAHAOXH>33</GUAHAOXH><JIUZHENSJ /><YIZHOUPBID>1000148664</YIZHOUPBID><DANGTIANPBID>1000148664</DANGTIANPBID></HAOYUANXX><HAOYUANXX><RIQI>2015-04-03</RIQI><GUAHAOBC>1</GUAHAOBC><GUAHAOLB>4</GUAHAOLB><KESHIDM>10250107</KESHIDM><YISHENGDM>7004</YISHENGDM><GUAHAOXH>34</GUAHAOXH><JIUZHENSJ /><YIZHOUPBID>1000148664</YIZHOUPBID><DANGTIANPBID>1000148664</DANGTIANPBID></HAOYUANXX><HAOYUANXX><RIQI>2015-04-03</RIQI><GUAHAOBC>1</GUAHAOBC><GUAHAOLB>4</GUAHAOLB><KESHIDM>10250107</KESHIDM><YISHENGDM>7004</YISHENGDM><GUAHAOXH>35</GUAHAOXH><JIUZHENSJ /><YIZHOUPBID>1000148664</YIZHOUPBID><DANGTIANPBID>1000148664</DANGTIANPBID></HAOYUANXX><HAOYUANXX><RIQI>2015-04-17</RIQI><GUAHAOBC>1</GUAHAOBC><GUAHAOLB>4</GUAHAOLB><KESHIDM>10250107</KESHIDM><YISHENGDM>7004</YISHENGDM><GUAHAOXH>6</GUAHAOXH><JIUZHENSJ /><YIZHOUPBID>1000148366</YIZHOUPBID><DANGTIANPBID>1000148366</DANGTIANPBID></HAOYUANXX><HAOYUANXX><RIQI>2015-04-17</RIQI><GUAHAOBC>1</GUAHAOBC><GUAHAOLB>4</GUAHAOLB><KESHIDM>10250107</KESHIDM><YISHENGDM>7004</YISHENGDM><GUAHAOXH>7</GUAHAOXH><JIUZHENSJ /><YIZHOUPBID>1000148366</YIZHOUPBID><DANGTIANPBID>1000148366</DANGTIANPBID></HAOYUANXX><HAOYUANXX><RIQI>2015-04-17</RIQI><GUAHAOBC>1</GUAHAOBC><GUAHAOLB>4</GUAHAOLB><KESHIDM>10250107</KESHIDM><YISHENGDM>7004</YISHENGDM><GUAHAOXH>8</GUAHAOXH><JIUZHENSJ /><YIZHOUPBID>1000148366</YIZHOUPBID><DANGTIANPBID>1000148366</DANGTIANPBID></HAOYUANXX><HAOYUANXX><RIQI>2015-04-17</RIQI><GUAHAOBC>1</GUAHAOBC><GUAHAOLB>4</GUAHAOLB><KESHIDM>10250107</KESHIDM><YISHENGDM>7004</YISHENGDM><GUAHAOXH>9</GUAHAOXH><JIUZHENSJ /><YIZHOUPBID>1000148366</YIZHOUPBID><DANGTIANPBID>1000148366</DANGTIANPBID></HAOYUANXX><HAOYUANXX><RIQI>2015-04-17</RIQI><GUAHAOBC>1</GUAHAOBC><GUAHAOLB>4</GUAHAOLB><KESHIDM>10250107</KESHIDM><YISHENGDM>7004</YISHENGDM><GUAHAOXH>10</GUAHAOXH><JIUZHENSJ /><YIZHOUPBID>1000148366</YIZHOUPBID><DANGTIANPBID>1000148366</DANGTIANPBID></HAOYUANXX><HAOYUANXX><RIQI>2015-04-17</RIQI><GUAHAOBC>1</GUAHAOBC><GUAHAOLB>4</GUAHAOLB><KESHIDM>10250107</KESHIDM><YISHENGDM>7004</YISHENGDM><GUAHAOXH>11</GUAHAOXH><JIUZHENSJ /><YIZHOUPBID>1000148366</YIZHOUPBID><DANGTIANPBID>1000148366</DANGTIANPBID></HAOYUANXX><HAOYUANXX><RIQI>2015-04-17</RIQI><GUAHAOBC>1</GUAHAOBC><GUAHAOLB>4</GUAHAOLB><KESHIDM>10250107</KESHIDM><YISHENGDM>7004</YISHENGDM><GUAHAOXH>12</GUAHAOXH><JIUZHENSJ /><YIZHOUPBID>1000148366</YIZHOUPBID><DANGTIANPBID>1000148366</DANGTIANPBID></HAOYUANXX><HAOYUANXX><RIQI>2015-04-17</RIQI><GUAHAOBC>1</GUAHAOBC><GUAHAOLB>4</GUAHAOLB><KESHIDM>10250107</KESHIDM><YISHENGDM>7004</YISHENGDM><GUAHAOXH>13</GUAHAOXH><JIUZHENSJ /><YIZHOUPBID>1000148366</YIZHOUPBID><DANGTIANPBID>1000148366</DANGTIANPBID></HAOYUANXX><HAOYUANXX><RIQI>2015-04-17</RIQI><GUAHAOBC>1</GUAHAOBC><GUAHAOLB>4</GUAHAOLB><KESHIDM>10250107</KESHIDM><YISHENGDM>7004</YISHENGDM><GUAHAOXH>14</GUAHAOXH><JIUZHENSJ /><YIZHOUPBID>1000148366</YIZHOUPBID><DANGTIANPBID>1000148366</DANGTIANPBID></HAOYUANXX><HAOYUANXX><RIQI>2015-04-17</RIQI><GUAHAOBC>1</GUAHAOBC><GUAHAOLB>4</GUAHAOLB><KESHIDM>10250107</KESHIDM><YISHENGDM>7004</YISHENGDM><GUAHAOXH>15</GUAHAOXH><JIUZHENSJ /><YIZHOUPBID>1000148366</YIZHOUPBID><DANGTIANPBID>1000148366</DANGTIANPBID></HAOYUANXX><HAOYUANXX><RIQI>2015-04-17</RIQI><GUAHAOBC>1</GUAHAOBC><GUAHAOLB>4</GUAHAOLB><KESHIDM>10250107</KESHIDM><YISHENGDM>7004</YISHENGDM><GUAHAOXH>16</GUAHAOXH><JIUZHENSJ /><YIZHOUPBID>1000148366</YIZHOUPBID><DANGTIANPBID>1000148366</DANGTIANPBID></HAOYUANXX><HAOYUANXX><RIQI>2015-04-17</RIQI><GUAHAOBC>1</GUAHAOBC><GUAHAOLB>4</GUAHAOLB><KESHIDM>10250107</KESHIDM><YISHENGDM>7004</YISHENGDM><GUAHAOXH>17</GUAHAOXH><JIUZHENSJ /><YIZHOUPBID>1000148366</YIZHOUPBID><DANGTIANPBID>1000148366</DANGTIANPBID></HAOYUANXX><HAOYUANXX><RIQI>2015-04-17</RIQI><GUAHAOBC>1</GUAHAOBC><GUAHAOLB>4</GUAHAOLB><KESHIDM>10250107</KESHIDM><YISHENGDM>7004</YISHENGDM><GUAHAOXH>18</GUAHAOXH><JIUZHENSJ /><YIZHOUPBID>1000148366</YIZHOUPBID><DANGTIANPBID>1000148366</DANGTIANPBID></HAOYUANXX><HAOYUANXX><RIQI>2015-04-17</RIQI><GUAHAOBC>1</GUAHAOBC><GUAHAOLB>4</GUAHAOLB><KESHIDM>10250107</KESHIDM><YISHENGDM>7004</YISHENGDM><GUAHAOXH>19</GUAHAOXH><JIUZHENSJ /><YIZHOUPBID>1000148366</YIZHOUPBID><DANGTIANPBID>1000148366</DANGTIANPBID></HAOYUANXX><HAOYUANXX><RIQI>2015-04-17</RIQI><GUAHAOBC>1</GUAHAOBC><GUAHAOLB>4</GUAHAOLB><KESHIDM>10250107</KESHIDM><YISHENGDM>7004</YISHENGDM><GUAHAOXH>20</GUAHAOXH><JIUZHENSJ /><YIZHOUPBID>1000148366</YIZHOUPBID><DANGTIANPBID>1000148366</DANGTIANPBID></HAOYUANXX><HAOYUANXX><RIQI>2015-04-17</RIQI><GUAHAOBC>1</GUAHAOBC><GUAHAOLB>4</GUAHAOLB><KESHIDM>10250107</KESHIDM><YISHENGDM>7004</YISHENGDM><GUAHAOXH>21</GUAHAOXH><JIUZHENSJ /><YIZHOUPBID>1000148366</YIZHOUPBID><DANGTIANPBID>1000148366</DANGTIANPBID></HAOYUANXX><HAOYUANXX><RIQI>2015-04-17</RIQI><GUAHAOBC>1</GUAHAOBC><GUAHAOLB>4</GUAHAOLB><KESHIDM>10250107</KESHIDM><YISHENGDM>7004</YISHENGDM><GUAHAOXH>22</GUAHAOXH><JIUZHENSJ /><YIZHOUPBID>1000148366</YIZHOUPBID><DANGTIANPBID>1000148366</DANGTIANPBID></HAOYUANXX><HAOYUANXX><RIQI>2015-04-17</RIQI><GUAHAOBC>1</GUAHAOBC><GUAHAOLB>4</GUAHAOLB><KESHIDM>10250107</KESHIDM><YISHENGDM>7004</YISHENGDM><GUAHAOXH>23</GUAHAOXH><JIUZHENSJ /><YIZHOUPBID>1000148366</YIZHOUPBID><DANGTIANPBID>1000148366</DANGTIANPBID></HAOYUANXX><HAOYUANXX><RIQI>2015-04-17</RIQI><GUAHAOBC>1</GUAHAOBC><GUAHAOLB>4</GUAHAOLB><KESHIDM>10250107</KESHIDM><YISHENGDM>7004</YISHENGDM><GUAHAOXH>24</GUAHAOXH><JIUZHENSJ /><YIZHOUPBID>1000148366</YIZHOUPBID><DANGTIANPBID>1000148366</DANGTIANPBID></HAOYUANXX><HAOYUANXX><RIQI>2015-04-17</RIQI><GUAHAOBC>1</GUAHAOBC><GUAHAOLB>4</GUAHAOLB><KESHIDM>10250107</KESHIDM><YISHENGDM>7004</YISHENGDM><GUAHAOXH>25</GUAHAOXH><JIUZHENSJ /><YIZHOUPBID>1000148366</YIZHOUPBID><DANGTIANPBID>1000148366</DANGTIANPBID></HAOYUANXX><HAOYUANXX><RIQI>2015-04-17</RIQI><GUAHAOBC>1</GUAHAOBC><GUAHAOLB>4</GUAHAOLB><KESHIDM>10250107</KESHIDM><YISHENGDM>7004</YISHENGDM><GUAHAOXH>26</GUAHAOXH><JIUZHENSJ /><YIZHOUPBID>1000148366</YIZHOUPBID><DANGTIANPBID>1000148366</DANGTIANPBID></HAOYUANXX><HAOYUANXX><RIQI>2015-04-17</RIQI><GUAHAOBC>1</GUAHAOBC><GUAHAOLB>4</GUAHAOLB><KESHIDM>10250107</KESHIDM><YISHENGDM>7004</YISHENGDM><GUAHAOXH>27</GUAHAOXH><JIUZHENSJ /><YIZHOUPBID>1000148366</YIZHOUPBID><DANGTIANPBID>1000148366</DANGTIANPBID></HAOYUANXX><HAOYUANXX><RIQI>2015-04-17</RIQI><GUAHAOBC>1</GUAHAOBC><GUAHAOLB>4</GUAHAOLB><KESHIDM>10250107</KESHIDM><YISHENGDM>7004</YISHENGDM><GUAHAOXH>28</GUAHAOXH><JIUZHENSJ /><YIZHOUPBID>1000148366</YIZHOUPBID><DANGTIANPBID>1000148366</DANGTIANPBID></HAOYUANXX><HAOYUANXX><RIQI>2015-04-17</RIQI><GUAHAOBC>1</GUAHAOBC><GUAHAOLB>4</GUAHAOLB><KESHIDM>10250107</KESHIDM><YISHENGDM>7004</YISHENGDM><GUAHAOXH>29</GUAHAOXH><JIUZHENSJ /><YIZHOUPBID>1000148366</YIZHOUPBID><DANGTIANPBID>1000148366</DANGTIANPBID></HAOYUANXX><HAOYUANXX><RIQI>2015-04-17</RIQI><GUAHAOBC>1</GUAHAOBC><GUAHAOLB>4</GUAHAOLB><KESHIDM>10250107</KESHIDM><YISHENGDM>7004</YISHENGDM><GUAHAOXH>30</GUAHAOXH><JIUZHENSJ /><YIZHOUPBID>1000148366</YIZHOUPBID><DANGTIANPBID>1000148366</DANGTIANPBID></HAOYUANXX><HAOYUANXX><RIQI>2015-04-17</RIQI><GUAHAOBC>1</GUAHAOBC><GUAHAOLB>4</GUAHAOLB><KESHIDM>10250107</KESHIDM><YISHENGDM>7004</YISHENGDM><GUAHAOXH>31</GUAHAOXH><JIUZHENSJ /><YIZHOUPBID>1000148366</YIZHOUPBID><DANGTIANPBID>1000148366</DANGTIANPBID></HAOYUANXX><HAOYUANXX><RIQI>2015-04-17</RIQI><GUAHAOBC>1</GUAHAOBC><GUAHAOLB>4</GUAHAOLB><KESHIDM>10250107</KESHIDM><YISHENGDM>7004</YISHENGDM><GUAHAOXH>32</GUAHAOXH><JIUZHENSJ /><YIZHOUPBID>1000148366</YIZHOUPBID><DANGTIANPBID>1000148366</DANGTIANPBID></HAOYUANXX><HAOYUANXX><RIQI>2015-04-17</RIQI><GUAHAOBC>1</GUAHAOBC><GUAHAOLB>4</GUAHAOLB><KESHIDM>10250107</KESHIDM><YISHENGDM>7004</YISHENGDM><GUAHAOXH>33</GUAHAOXH><JIUZHENSJ /><YIZHOUPBID>1000148366</YIZHOUPBID><DANGTIANPBID>1000148366</DANGTIANPBID></HAOYUANXX><HAOYUANXX><RIQI>2015-04-17</RIQI><GUAHAOBC>1</GUAHAOBC><GUAHAOLB>4</GUAHAOLB><KESHIDM>10250107</KESHIDM><YISHENGDM>7004</YISHENGDM><GUAHAOXH>34</GUAHAOXH><JIUZHENSJ /><YIZHOUPBID>1000148366</YIZHOUPBID><DANGTIANPBID>1000148366</DANGTIANPBID></HAOYUANXX><HAOYUANXX><RIQI>2015-04-17</RIQI><GUAHAOBC>1</GUAHAOBC><GUAHAOLB>4</GUAHAOLB><KESHIDM>10250107</KESHIDM><YISHENGDM>7004</YISHENGDM><GUAHAOXH>35</GUAHAOXH><JIUZHENSJ /><YIZHOUPBID>1000148366</YIZHOUPBID><DANGTIANPBID>1000148366</DANGTIANPBID></HAOYUANXX></HAOYUANMX></GUAHAOHYXX_OUT>
2015-03-31 16:09:32,894 -[A17D82EDD6784A50AB25C28DBFDF4688][HIS4.Biz.GUAHAOYY].IN  <GUAHAOYY_IN> <BASEINFO>
    <CAOZUOYDM>AUTO1</CAOZUOYDM>
    <CAOZUOYXM>自助机1</CAOZUOYXM>
    <CAOZUORQ>2013-03-19 17:35:30</CAOZUORQ>
    <XITONGBS>99</XITONGBS>
    <FENYUANDM>1</FENYUANDM>
  </BASEINFO>
<GUAHAOFS>2</GUAHAOFS> 
<RIQI>2015-04-03</RIQI>
<GUAHAOBC>1</GUAHAOBC> 
<GUAHAOLB>4</GUAHAOLB>
<ZHENGJIANHM>330421198509290044</ZHENGJIANHM>
<DANGTIANPBID>1000148664</DANGTIANPBID>
<GUAHAOXH>6</GUAHAOXH>
</GUAHAOYY_IN>
2015-03-31 16:09:33,046 -[A17D82EDD6784A50AB25C28DBFDF4688][HIS4.Biz.GUAHAOYY].OUT <?xml version="1.0" encoding="utf-8"?><GUAHAOYY_OUT><OUTMSG><ERRNO>-1</ERRNO><ERRMSG>科室信息获取失败，请重新尝试挂号！</ERRMSG><ERRMSGEX /><MessageID>A17D82EDD6784A50AB25C28DBFDF4688</MessageID></OUTMSG><FEIYONGMX /></GUAHAOYY_OUT>
2015-03-31 16:10:56,829 -[8ED9D5BEB7A5415FB0698C1DE14AB0CA][HIS4.Biz.GUAHAOYY].IN  <GUAHAOYY_IN> <BASEINFO>
    <CAOZUOYDM>AUTO1</CAOZUOYDM>
    <CAOZUOYXM>自助机1</CAOZUOYXM>
    <CAOZUORQ>2013-03-19 17:35:30</CAOZUORQ>
    <XITONGBS>99</XITONGBS>
    <FENYUANDM>1</FENYUANDM>
  </BASEINFO>
<GUAHAOFS>2</GUAHAOFS> 
<RIQI>2015-04-03</RIQI>
<GUAHAOBC>1</GUAHAOBC> 
<GUAHAOLB>4</GUAHAOLB>
<ZHENGJIANHM>330421198509290044</ZHENGJIANHM>
<DANGTIANPBID>1000148664</DANGTIANPBID>
<KESHIDM>10250107</KESHIDM>
<YISHENGDM>7004</YISHENGDM>
<GUAHAOXH>6</GUAHAOXH>
</GUAHAOYY_IN>
2015-03-31 16:10:56,844 -[8ED9D5BEB7A5415FB0698C1DE14AB0CA][HIS4.Biz.GUAHAOYY].OUT <?xml version="1.0" encoding="utf-8"?><GUAHAOYY_OUT><OUTMSG><ERRNO>-1</ERRNO><ERRMSG>联系电话获取失败，请重新尝试挂号！</ERRMSG><ERRMSGEX /><MessageID>8ED9D5BEB7A5415FB0698C1DE14AB0CA</MessageID></OUTMSG><FEIYONGMX /></GUAHAOYY_OUT>
2015-03-31 16:12:01,724 -[1C65D5C1738B4E0AB73F765FC19EC4D3][HIS4.Biz.GUAHAOYY].IN  <GUAHAOYY_IN> <BASEINFO>
    <CAOZUOYDM>AUTO1</CAOZUOYDM>
    <CAOZUOYXM>自助机1</CAOZUOYXM>
    <CAOZUORQ>2013-03-19 17:35:30</CAOZUORQ>
    <XITONGBS>99</XITONGBS>
    <FENYUANDM>1</FENYUANDM>
  </BASEINFO>
<GUAHAOFS>2</GUAHAOFS> 
<RIQI>2015-04-03</RIQI>
<GUAHAOBC>1</GUAHAOBC> 
<GUAHAOLB>4</GUAHAOLB>
<ZHENGJIANHM>330421198509290044</ZHENGJIANHM>
<DANGTIANPBID>1000148664</DANGTIANPBID>
<KESHIDM>10250107</KESHIDM>
<YISHENGDM>7004</YISHENGDM>
<GUAHAOXH>6</GUAHAOXH>
<ZHENGJIANHM>330421198509290044</ZHENGJIANHM>
</GUAHAOYY_IN>
2015-03-31 16:12:01,744 -[1C65D5C1738B4E0AB73F765FC19EC4D3][HIS4.Biz.GUAHAOYY].OUT <?xml version="1.0" encoding="utf-8"?><GUAHAOYY_OUT><OUTMSG><ERRNO>-1</ERRNO><ERRMSG>联系电话获取失败，请重新尝试挂号！</ERRMSG><ERRMSGEX /><MessageID>1C65D5C1738B4E0AB73F765FC19EC4D3</MessageID></OUTMSG><FEIYONGMX /></GUAHAOYY_OUT>
2015-03-31 16:24:15,725 -[41A0076967804E95981F437CF896A39F][HIS4.Biz.GUAHAOYY].IN  <GUAHAOYY_IN> <BASEINFO>
    <CAOZUOYDM>AUTO1</CAOZUOYDM>
    <CAOZUOYXM>自助机1</CAOZUOYXM>
    <CAOZUORQ>2013-03-19 17:35:30</CAOZUORQ>
    <XITONGBS>99</XITONGBS>
    <FENYUANDM>1</FENYUANDM>
  </BASEINFO>
<GUAHAOFS>2</GUAHAOFS> 
<RIQI>2015-04-03</RIQI>
<GUAHAOBC>1</GUAHAOBC> 
<GUAHAOLB>4</GUAHAOLB>
<ZHENGJIANHM>330421198509290044</ZHENGJIANHM>
<DANGTIANPBID>1000148664</DANGTIANPBID>
<KESHIDM>10250107</KESHIDM>
<YISHENGDM>7004</YISHENGDM>
<GUAHAOXH>6</GUAHAOXH>
<LIANXIDH>18957309779</LIANXIDH>
</GUAHAOYY_IN>
2015-03-31 16:24:28,024 -[41A0076967804E95981F437CF896A39F][HIS4.Biz.GUAHAOYY].OUT <?xml version="1.0" encoding="utf-8"?><GUAHAOYY_OUT><OUTMSG><ERRNO>-1</ERRNO><ERRMSG>挂号序号已被占用，请修改！</ERRMSG><ERRMSGEX /><MessageID>41A0076967804E95981F437CF896A39F</MessageID></OUTMSG><FEIYONGMX /></GUAHAOYY_OUT>
2015-03-31 16:29:01,152 -[07BBC057C510461CB5E69FCC96E75221][HIS4.Biz.GUAHAOYY].IN  <GUAHAOYY_IN> <BASEINFO>
    <CAOZUOYDM>AUTO1</CAOZUOYDM>
    <CAOZUOYXM>自助机1</CAOZUOYXM>
    <CAOZUORQ>2013-03-19 17:35:30</CAOZUORQ>
    <XITONGBS>99</XITONGBS>
    <FENYUANDM>1</FENYUANDM>
  </BASEINFO>
  <XINGMING>胡丹</XINGMING>
<GUAHAOFS>2</GUAHAOFS> 
<RIQI>2015-04-03</RIQI>
<GUAHAOBC>1</GUAHAOBC> 
<GUAHAOLB>4</GUAHAOLB>
<ZHENGJIANHM>330421198509290044</ZHENGJIANHM>
<DANGTIANPBID>1000148664</DANGTIANPBID>
<KESHIDM>10250107</KESHIDM>
<YISHENGDM>7004</YISHENGDM>
<GUAHAOXH>6</GUAHAOXH>
<LIANXIDH>18957309779</LIANXIDH>
</GUAHAOYY_IN>
2015-03-31 16:31:07,345 -[07BBC057C510461CB5E69FCC96E75221][HIS4.Biz.GUAHAOYY].OUT <?xml version="1.0" encoding="utf-8"?><GUAHAOYY_OUT><OUTMSG><ERRNO>-1</ERRNO><ERRMSG>挂号序号已被占用，请修改！</ERRMSG><ERRMSGEX /><MessageID>07BBC057C510461CB5E69FCC96E75221</MessageID></OUTMSG><FEIYONGMX /></GUAHAOYY_OUT>
2015-03-31 16:34:26,493 -[088FDB89AEAD4F80BA0C21ABF230DD18][HIS4.Biz.GUAHAOYYTH].IN  <GUAHAOYYTH_IN> <BASEINFO>
    <CAOZUOYDM>AUTO1</CAOZUOYDM>
    <CAOZUOYXM>自助机1</CAOZUOYXM>
    <CAOZUORQ>2013-03-19 17:35:30</CAOZUORQ>
    <XITONGBS>99</XITONGBS>
    <FENYUANDM>1</FENYUANDM>
  </BASEINFO>
<QUHAOMM>201504030038</QUHAOMM>
</GUAHAOYYTH_IN>
2015-03-31 16:34:26,799 -[088FDB89AEAD4F80BA0C21ABF230DD18][HIS4.Biz.GUAHAOYYTH].OUT <?xml version="1.0" encoding="utf-8"?><GUAHAOYYTH_OUT><OUTMSG><ERRNO>0</ERRNO><ERRMSG /><MessageID>088FDB89AEAD4F80BA0C21ABF230DD18</MessageID></OUTMSG></GUAHAOYYTH_OUT>
2015-03-31 16:42:12,518 -[6D93158883194D70BD63FB74DF9DD730][HIS4.Biz.GUAHAOYYTH].IN  <GUAHAOYYTH_IN> <BASEINFO>
    <CAOZUOYDM>AUTO1</CAOZUOYDM>
    <CAOZUOYXM>自助机1</CAOZUOYXM>
    <CAOZUORQ>2013-03-19 17:35:30</CAOZUORQ>
    <XITONGBS>99</XITONGBS>
    <FENYUANDM>1</FENYUANDM>
  </BASEINFO>
<QUHAOMM>201504030038</QUHAOMM>
</GUAHAOYYTH_IN>
2015-03-31 16:42:12,837 -[6D93158883194D70BD63FB74DF9DD730][HIS4.Biz.GUAHAOYYTH].OUT <?xml version="1.0" encoding="utf-8"?><GUAHAOYYTH_OUT><OUTMSG><ERRNO>-1</ERRNO><ERRMSG>该预约号已经挂号或取消或过期！</ERRMSG><MessageID>6D93158883194D70BD63FB74DF9DD730</MessageID></OUTMSG></GUAHAOYYTH_OUT>
2015-03-31 16:43:10,749 -[2DFE763451F045258D1E201024038F3D][HIS4.Biz.GUAHAOYY].IN  <GUAHAOYY_IN> <BASEINFO>
    <CAOZUOYDM>AUTO1</CAOZUOYDM>
    <CAOZUOYXM>自助机1</CAOZUOYXM>
    <CAOZUORQ>2013-03-19 17:35:30</CAOZUORQ>
    <XITONGBS>99</XITONGBS>
    <FENYUANDM>1</FENYUANDM>
  </BASEINFO>
  <JIUZHENKH></JIUZHENKH>
  <XINGMING>胡丹</XINGMING>
<GUAHAOFS>2</GUAHAOFS> 
<RIQI>2015-04-03</RIQI>
<GUAHAOBC>1</GUAHAOBC> 
<GUAHAOLB>4</GUAHAOLB>
<ZHENGJIANHM>330421198509290044</ZHENGJIANHM>
<DANGTIANPBID>1000148664</DANGTIANPBID>
<KESHIDM>10250107</KESHIDM>
<YISHENGDM>7004</YISHENGDM>
<GUAHAOXH>10</GUAHAOXH>
<LIANXIDH>18957309779</LIANXIDH>
</GUAHAOYY_IN>
2015-03-31 16:43:13,010 -[2DFE763451F045258D1E201024038F3D][HIS4.Biz.GUAHAOYY].OUT <?xml version="1.0" encoding="utf-8"?><GUAHAOYY_OUT><OUTMSG><ERRNO>0</ERRNO><ERRMSG /><ERRMSGEX /><MessageID>2DFE763451F045258D1E201024038F3D</MessageID></OUTMSG><QUHAOMM>201504030039</QUHAOMM><GUAHAOXH>10</GUAHAOXH><JIUZHENSJ /><FEIYONGMX /></GUAHAOYY_OUT>
2015-03-31 16:44:02,108 -[A37C7EDBF9A1431F9CA599BE512C4CDA][HIS4.Biz.GUAHAOYYTH].IN  <GUAHAOYYTH_IN> <BASEINFO>
    <CAOZUOYDM>AUTO1</CAOZUOYDM>
    <CAOZUOYXM>自助机1</CAOZUOYXM>
    <CAOZUORQ>2013-03-19 17:35:30</CAOZUORQ>
    <XITONGBS>99</XITONGBS>
    <FENYUANDM>1</FENYUANDM>
  </BASEINFO>
<QUHAOMM>201504030039</QUHAOMM>
</GUAHAOYYTH_IN>
2015-03-31 16:44:02,125 -[A37C7EDBF9A1431F9CA599BE512C4CDA][HIS4.Biz.GUAHAOYYTH].OUT <?xml version="1.0" encoding="utf-8"?><GUAHAOYYTH_OUT><OUTMSG><ERRNO>0</ERRNO><ERRMSG /><MessageID>A37C7EDBF9A1431F9CA599BE512C4CDA</MessageID></OUTMSG></GUAHAOYYTH_OUT>
