2015-03-31 15:02:25,018 -[5A8D0D7A4C6443E4A9A669E82B5655B1][HIS4.Biz.GUAHAOKSXX].IN   <GUAHAOKSXX_IN> <BASEINFO>
    <CAOZUOYDM>AUTO1</CAOZUOYDM>
    <CAOZUOYXM>自助机1</CAOZUOYXM>
    <CAOZUORQ>2013-03-19 17:35:30</CAOZUORQ>
    <XITONGBS>99</XITONGBS>
    <FENYUANDM>0</FENYUANDM>
  </BASEINFO>
<GUAHAOFS>2</GUAHAOFS> <RIQI></RIQI> <GUAHAOBC>0</GUAHAOBC> <GUAHAOLB>4</GUAHAOLB> <YIGUAHAORS></YIGUAHAORS> </GUAHAOKSXX_IN>
2015-03-31 15:03:24,252 -[642CEE3FB54B471A9020B5D8C6F8AB66][HIS4.Biz.GUAHAOKSXX].IN   <GUAHAOKSXX_IN> <BASEINFO>
    <CAOZUOYDM>AUTO1</CAOZUOYDM>
    <CAOZUOYXM>自助机1</CAOZUOYXM>
    <CAOZUORQ>2013-03-19 17:35:30</CAOZUORQ>
    <XITONGBS>99</XITONGBS>
    <FENYUANDM>0</FENYUANDM>
  </BASEINFO>
<GUAHAOFS>2</GUAHAOFS> <RIQI></RIQI> <GUAHAOBC>0</GUAHAOBC> <GUAHAOLB>4</GUAHAOLB> <YIGUAHAORS></YIGUAHAORS> </GUAHAOKSXX_IN>
2015-03-31 15:04:34,723 -[B4CD5DB848A74AD2A800D06D63C3396B][HIS4.Biz.GUAHAOKSXX].IN   <GUAHAOKSXX_IN> <BASEINFO>
    <CAOZUOYDM>AUTO1</CAOZUOYDM>
    <CAOZUOYXM>自助机1</CAOZUOYXM>
    <CAOZUORQ>2013-03-19 17:35:30</CAOZUORQ>
    <XITONGBS>99</XITONGBS>
    <FENYUANDM>0</FENYUANDM>
  </BASEINFO>
<GUAHAOFS>2</GUAHAOFS> <RIQI></RIQI> <GUAHAOBC>0</GUAHAOBC> <GUAHAOLB>4</GUAHAOLB> <YIGUAHAORS></YIGUAHAORS> </GUAHAOKSXX_IN>
2015-03-31 15:13:00,512 -[A223A84A3318480598DA3CCF1350D707][HIS4.Biz.GUAHAOKSXX].IN   <GUAHAOKSXX_IN> <BASEINFO>
    <CAOZUOYDM>AUTO1</CAOZUOYDM>
    <CAOZUOYXM>自助机1</CAOZUOYXM>
    <CAOZUORQ>2013-03-19 17:35:30</CAOZUORQ>
    <XITONGBS>99</XITONGBS>
    <FENYUANDM>0</FENYUANDM>
  </BASEINFO>
<GUAHAOFS>2</GUAHAOFS> <RIQI></RIQI> <GUAHAOBC>0</GUAHAOBC> <GUAHAOLB>4</GUAHAOLB> <YIGUAHAORS></YIGUAHAORS> </GUAHAOKSXX_IN>
2015-03-31 15:13:09,231 -[A223A84A3318480598DA3CCF1350D707][HIS4.Biz.GUAHAOKSXX].OUT <?xml version="1.0" encoding="utf-8"?><GUAHAOKSXX_OUT><OUTMSG><ERRNO>-1</ERRNO><ERRMSG>未找到相关科室号源!</ERRMSG><MessageID>A223A84A3318480598DA3CCF1350D707</MessageID></OUTMSG><KESHIMX /></GUAHAOKSXX_OUT>
2015-03-31 15:13:16,361 -[37A2A6E7AF324E648139BF29F4CBE25A][HIS4.Biz.GUAHAOKSXX].IN   <GUAHAOKSXX_IN> <BASEINFO>
    <CAOZUOYDM>AUTO1</CAOZUOYDM>
    <CAOZUOYXM>自助机1</CAOZUOYXM>
    <CAOZUORQ>2013-03-19 17:35:30</CAOZUORQ>
    <XITONGBS>99</XITONGBS>
    <FENYUANDM>1</FENYUANDM>
  </BASEINFO>
<GUAHAOFS>2</GUAHAOFS> <RIQI></RIQI> <GUAHAOBC>0</GUAHAOBC> <GUAHAOLB>4</GUAHAOLB> <YIGUAHAORS></YIGUAHAORS> </GUAHAOKSXX_IN>
2015-03-31 15:13:18,830 -[37A2A6E7AF324E648139BF29F4CBE25A][HIS4.Biz.GUAHAOKSXX].OUT <?xml version="1.0" encoding="utf-8"?><GUAHAOKSXX_OUT><OUTMSG><ERRNO>-1</ERRNO><ERRMSG>未将对象引用设置到对象的实例。</ERRMSG><MessageID>37A2A6E7AF324E648139BF29F4CBE25A</MessageID></OUTMSG><KESHIMX /></GUAHAOKSXX_OUT>
2015-03-31 15:13:57,881 -[D75080CAC2CF48F8806DCA3A9B4DB47E][HIS4.Biz.GUAHAOKSXX].IN   <GUAHAOKSXX_IN> <BASEINFO>
    <CAOZUOYDM>AUTO1</CAOZUOYDM>
    <CAOZUOYXM>自助机1</CAOZUOYXM>
    <CAOZUORQ>2013-03-19 17:35:30</CAOZUORQ>
    <XITONGBS>99</XITONGBS>
    <FENYUANDM>1</FENYUANDM>
  </BASEINFO>
<GUAHAOFS>2</GUAHAOFS> <RIQI></RIQI> <GUAHAOBC>0</GUAHAOBC> <GUAHAOLB>4</GUAHAOLB> <YIGUAHAORS></YIGUAHAORS> </GUAHAOKSXX_IN>
2015-03-31 15:14:01,125 -[D75080CAC2CF48F8806DCA3A9B4DB47E][HIS4.Biz.GUAHAOKSXX].OUT <?xml version="1.0" encoding="utf-8"?><GUAHAOKSXX_OUT><OUTMSG><ERRNO>0</ERRNO><ERRMSG /><ERRMSGEX /><MessageID>D75080CAC2CF48F8806DCA3A9B4DB47E</MessageID></OUTMSG><KESHIMX><KESHIXX><KESHIDM>10040113</KESHIDM><KESHIMC>头颈外科门诊</KESHIMC><JIUZHENDD /><KESHIJS /></KESHIXX><KESHIXX><KESHIDM>10190103</KESHIDM><KESHIMC>肿瘤妇科门诊</KESHIMC><JIUZHENDD /><KESHIJS /></KESHIXX><KESHIXX><KESHIDM>10250107</KESHIDM><KESHIMC>中医肿瘤门诊</KESHIMC><JIUZHENDD /><KESHIJS /></KESHIXX><KESHIXX><KESHIDM>10190101</KESHIDM><KESHIMC>肿瘤外科门诊</KESHIMC><JIUZHENDD /><KESHIJS /></KESHIXX><KESHIXX><KESHIDM>10190102</KESHIDM><KESHIMC>肿瘤内科门诊</KESHIMC><JIUZHENDD /><KESHIJS /></KESHIXX><KESHIXX><KESHIDM>10040111</KESHIDM><KESHIMC>男科门诊</KESHIMC><JIUZHENDD /><KESHIJS /></KESHIXX><KESHIXX><KESHIDM>10110101</KESHIDM><KESHIMC>耳鼻咽喉科门诊</KESHIMC><JIUZHENDD /><KESHIJS /></KESHIXX><KESHIXX><KESHIDM>10030102</KESHIDM><KESHIMC>呼吸内科门诊</KESHIMC><JIUZHENDD /><KESHIJS /></KESHIXX><KESHIXX><KESHIDM>10030109</KESHIDM><KESHIMC>内镜治疗</KESHIMC><JIUZHENDD /><KESHIJS /></KESHIXX><KESHIXX><KESHIDM>10130101</KESHIDM><KESHIMC>皮肤科门诊</KESHIMC><JIUZHENDD /><KESHIJS /></KESHIXX></KESHIMX></GUAHAOKSXX_OUT>
2015-03-31 15:19:16,197 -[DCFC220E08D6466B8D3B0F03412B4DDC][HIS4.Biz.GUAHAOYSXX].IN   <GUAHAOYSXX_IN> <BASEINFO>
    <CAOZUOYDM>AUTO1</CAOZUOYDM>
    <CAOZUOYXM>自助机1</CAOZUOYXM>
    <CAOZUORQ>2013-03-19 17:35:30</CAOZUORQ>
    <XITONGBS>99</XITONGBS>
    <FENYUANDM>1</FENYUANDM>
  </BASEINFO>
<GUAHAOFS>2</GUAHAOFS> <RIQI></RIQI> <GUAHAOBC>0</GUAHAOBC> <GUAHAOLB>4</GUAHAOLB>
<KESHIDM>10501</KESHIDM>
</GUAHAOYSXX_IN>
2015-03-31 15:19:46,854 -[7EFD24280BC64511905B9E10099AA6FF][HIS4.Biz.GUAHAOYSXX].IN   <GUAHAOYSXX_IN> <BASEINFO>
    <CAOZUOYDM>AUTO1</CAOZUOYDM>
    <CAOZUOYXM>自助机1</CAOZUOYXM>
    <CAOZUORQ>2013-03-19 17:35:30</CAOZUORQ>
    <XITONGBS>99</XITONGBS>
    <FENYUANDM>1</FENYUANDM>
  </BASEINFO>
<GUAHAOFS>2</GUAHAOFS> <RIQI></RIQI> <GUAHAOBC>0</GUAHAOBC> <GUAHAOLB>4</GUAHAOLB>
<KESHIDM>10501</KESHIDM>
</GUAHAOYSXX_IN>
2015-03-31 15:20:35,444 -[38295A8A4DCC43C9BFFF1E7B1C2A5734][HIS4.Biz.GUAHAOYSXX].IN   <GUAHAOYSXX_IN> <BASEINFO>
    <CAOZUOYDM>AUTO1</CAOZUOYDM>
    <CAOZUOYXM>自助机1</CAOZUOYXM>
    <CAOZUORQ>2013-03-19 17:35:30</CAOZUORQ>
    <XITONGBS>99</XITONGBS>
    <FENYUANDM>1</FENYUANDM>
  </BASEINFO>
<GUAHAOFS>2</GUAHAOFS> <RIQI></RIQI> <GUAHAOBC>0</GUAHAOBC> <GUAHAOLB>4</GUAHAOLB>
<KESHIDM>10501</KESHIDM>
</GUAHAOYSXX_IN>
2015-03-31 15:21:42,779 -[97D64A5471724630BE6E66F7287B7C62][HIS4.Biz.GUAHAOYSXX].IN   <GUAHAOYSXX_IN> <BASEINFO>
    <CAOZUOYDM>AUTO1</CAOZUOYDM>
    <CAOZUOYXM>自助机1</CAOZUOYXM>
    <CAOZUORQ>2013-03-19 17:35:30</CAOZUORQ>
    <XITONGBS>99</XITONGBS>
    <FENYUANDM>1</FENYUANDM>
  </BASEINFO>
<GUAHAOFS>2</GUAHAOFS> <RIQI></RIQI> <GUAHAOBC>0</GUAHAOBC> <GUAHAOLB>4</GUAHAOLB>
<KESHIDM>10501</KESHIDM>
</GUAHAOYSXX_IN>
2015-03-31 15:22:01,459 -[3350BF0D892347FBA9346EA98C026707][HIS4.Biz.GUAHAOYSXX].IN   <GUAHAOYSXX_IN> <BASEINFO>
    <CAOZUOYDM>AUTO1</CAOZUOYDM>
    <CAOZUOYXM>自助机1</CAOZUOYXM>
    <CAOZUORQ>2013-03-19 17:35:30</CAOZUORQ>
    <XITONGBS>99</XITONGBS>
    <FENYUANDM>1</FENYUANDM>
  </BASEINFO>
<GUAHAOFS>2</GUAHAOFS> <RIQI></RIQI> <GUAHAOBC>0</GUAHAOBC> <GUAHAOLB>4</GUAHAOLB>
<KESHIDM>10501</KESHIDM>
</GUAHAOYSXX_IN>
2015-03-31 15:22:37,108 -[3E72B73E1DF045D1B5988FC0E508043D][HIS4.Biz.GUAHAOYSXX].IN   <GUAHAOYSXX_IN> <BASEINFO>
    <CAOZUOYDM>AUTO1</CAOZUOYDM>
    <CAOZUOYXM>自助机1</CAOZUOYXM>
    <CAOZUORQ>2013-03-19 17:35:30</CAOZUORQ>
    <XITONGBS>99</XITONGBS>
    <FENYUANDM>1</FENYUANDM>
  </BASEINFO>
<GUAHAOFS>2</GUAHAOFS> <RIQI></RIQI> <GUAHAOBC>0</GUAHAOBC> <GUAHAOLB>4</GUAHAOLB>
<KESHIDM>10501</KESHIDM>
</GUAHAOYSXX_IN>
2015-03-31 15:25:08,576 -[24F84B32D0F942D3B1B337D5F35D9955][HIS4.Biz.GUAHAOYSXX].IN   <GUAHAOYSXX_IN> <BASEINFO>
    <CAOZUOYDM>AUTO1</CAOZUOYDM>
    <CAOZUOYXM>自助机1</CAOZUOYXM>
    <CAOZUORQ>2013-03-19 17:35:30</CAOZUORQ>
    <XITONGBS>99</XITONGBS>
    <FENYUANDM>1</FENYUANDM>
  </BASEINFO>
<GUAHAOFS>2</GUAHAOFS> <RIQI></RIQI> <GUAHAOBC>0</GUAHAOBC> <GUAHAOLB>4</GUAHAOLB>
<KESHIDM>10501</KESHIDM>
</GUAHAOYSXX_IN>
2015-03-31 15:25:12,175 -[24F84B32D0F942D3B1B337D5F35D9955][HIS4.Biz.GUAHAOYSXX].OUT <?xml version="1.0" encoding="utf-8"?><GUAHAOYSXX_OUT><OUTMSG><ERRNO>-1</ERRNO><ERRMSG>该科室未排版或号源已挂完！</ERRMSG><ERRMSGEX /><MessageID>24F84B32D0F942D3B1B337D5F35D9955</MessageID></OUTMSG><YISHENGMX /></GUAHAOYSXX_OUT>
2015-03-31 15:25:38,758 -[1B9587EC74A740B8AD32F2C8B7A9E04C][HIS4.Biz.GUAHAOKSXX].IN  <GUAHAOKSXX_IN> <BASEINFO>
    <CAOZUOYDM>AUTO1</CAOZUOYDM>
    <CAOZUOYXM>自助机1</CAOZUOYXM>
    <CAOZUORQ>2013-03-19 17:35:30</CAOZUORQ>
    <XITONGBS>99</XITONGBS>
    <FENYUANDM>1</FENYUANDM>
  </BASEINFO>
<GUAHAOFS>2</GUAHAOFS> <RIQI></RIQI> <GUAHAOBC>0</GUAHAOBC> <GUAHAOLB>4</GUAHAOLB> <YIGUAHAORS></YIGUAHAORS> </GUAHAOKSXX_IN>
2015-03-31 15:25:43,325 -[1B9587EC74A740B8AD32F2C8B7A9E04C][HIS4.Biz.GUAHAOKSXX].OUT <?xml version="1.0" encoding="utf-8"?><GUAHAOKSXX_OUT><OUTMSG><ERRNO>0</ERRNO><ERRMSG /><ERRMSGEX /><MessageID>1B9587EC74A740B8AD32F2C8B7A9E04C</MessageID></OUTMSG><KESHIMX><KESHIXX><KESHIDM>10040113</KESHIDM><KESHIMC>头颈外科门诊</KESHIMC><JIUZHENDD /><KESHIJS /></KESHIXX><KESHIXX><KESHIDM>10190103</KESHIDM><KESHIMC>肿瘤妇科门诊</KESHIMC><JIUZHENDD /><KESHIJS /></KESHIXX><KESHIXX><KESHIDM>10250107</KESHIDM><KESHIMC>中医肿瘤门诊</KESHIMC><JIUZHENDD /><KESHIJS /></KESHIXX><KESHIXX><KESHIDM>10190101</KESHIDM><KESHIMC>肿瘤外科门诊</KESHIMC><JIUZHENDD /><KESHIJS /></KESHIXX><KESHIXX><KESHIDM>10040111</KESHIDM><KESHIMC>男科门诊</KESHIMC><JIUZHENDD /><KESHIJS /></KESHIXX><KESHIXX><KESHIDM>10190102</KESHIDM><KESHIMC>肿瘤内科门诊</KESHIMC><JIUZHENDD /><KESHIJS /></KESHIXX><KESHIXX><KESHIDM>10110101</KESHIDM><KESHIMC>耳鼻咽喉科门诊</KESHIMC><JIUZHENDD /><KESHIJS /></KESHIXX><KESHIXX><KESHIDM>10030109</KESHIDM><KESHIMC>内镜治疗</KESHIMC><JIUZHENDD /><KESHIJS /></KESHIXX><KESHIXX><KESHIDM>10030102</KESHIDM><KESHIMC>呼吸内科门诊</KESHIMC><JIUZHENDD /><KESHIJS /></KESHIXX><KESHIXX><KESHIDM>10130101</KESHIDM><KESHIMC>皮肤科门诊</KESHIMC><JIUZHENDD /><KESHIJS /></KESHIXX></KESHIMX></GUAHAOKSXX_OUT>
2015-03-31 15:27:48,576 -[E6A6F90817324BF7B4E9617730CA62EF][HIS4.Biz.GUAHAOKSXX].IN  <GUAHAOKSXX_IN> <BASEINFO>
    <CAOZUOYDM>AUTO1</CAOZUOYDM>
    <CAOZUOYXM>自助机1</CAOZUOYXM>
    <CAOZUORQ>2013-03-19 17:35:30</CAOZUORQ>
    <XITONGBS>99</XITONGBS>
    <FENYUANDM>1</FENYUANDM>
  </BASEINFO>
<GUAHAOFS>2</GUAHAOFS> <RIQI></RIQI> <GUAHAOBC>0</GUAHAOBC> <GUAHAOLB>4</GUAHAOLB> <YIGUAHAORS></YIGUAHAORS> </GUAHAOKSXX_IN>
2015-03-31 15:27:53,141 -[E6A6F90817324BF7B4E9617730CA62EF][HIS4.Biz.GUAHAOKSXX].OUT <?xml version="1.0" encoding="utf-8"?><GUAHAOKSXX_OUT><OUTMSG><ERRNO>0</ERRNO><ERRMSG /><ERRMSGEX /><MessageID>E6A6F90817324BF7B4E9617730CA62EF</MessageID></OUTMSG><KESHIMX><KESHIXX><KESHIDM>10040113</KESHIDM><KESHIMC>头颈外科门诊</KESHIMC><JIUZHENDD /><KESHIJS /></KESHIXX><KESHIXX><KESHIDM>10190103</KESHIDM><KESHIMC>肿瘤妇科门诊</KESHIMC><JIUZHENDD /><KESHIJS /></KESHIXX><KESHIXX><KESHIDM>10250107</KESHIDM><KESHIMC>中医肿瘤门诊</KESHIMC><JIUZHENDD /><KESHIJS /></KESHIXX><KESHIXX><KESHIDM>10190101</KESHIDM><KESHIMC>肿瘤外科门诊</KESHIMC><JIUZHENDD /><KESHIJS /></KESHIXX><KESHIXX><KESHIDM>10190102</KESHIDM><KESHIMC>肿瘤内科门诊</KESHIMC><JIUZHENDD /><KESHIJS /></KESHIXX><KESHIXX><KESHIDM>10040111</KESHIDM><KESHIMC>男科门诊</KESHIMC><JIUZHENDD /><KESHIJS /></KESHIXX><KESHIXX><KESHIDM>10110101</KESHIDM><KESHIMC>耳鼻咽喉科门诊</KESHIMC><JIUZHENDD /><KESHIJS /></KESHIXX><KESHIXX><KESHIDM>10030102</KESHIDM><KESHIMC>呼吸内科门诊</KESHIMC><JIUZHENDD /><KESHIJS /></KESHIXX><KESHIXX><KESHIDM>10030109</KESHIDM><KESHIMC>内镜治疗</KESHIMC><JIUZHENDD /><KESHIJS /></KESHIXX><KESHIXX><KESHIDM>10130101</KESHIDM><KESHIMC>皮肤科门诊</KESHIMC><JIUZHENDD /><KESHIJS /></KESHIXX></KESHIMX></GUAHAOKSXX_OUT>
2015-03-31 15:28:18,690 -[EC0091D096E947289E2C576CD3305B86][HIS4.Biz.GUAHAOYSXX].IN   <GUAHAOYSXX_IN> <BASEINFO>
    <CAOZUOYDM>AUTO1</CAOZUOYDM>
    <CAOZUOYXM>自助机1</CAOZUOYXM>
    <CAOZUORQ>2013-03-19 17:35:30</CAOZUORQ>
    <XITONGBS>99</XITONGBS>
    <FENYUANDM>1</FENYUANDM>
  </BASEINFO>
<GUAHAOFS>2</GUAHAOFS> <RIQI></RIQI> <GUAHAOBC>0</GUAHAOBC> <GUAHAOLB>4</GUAHAOLB>
<KESHIDM>10190103</KESHIDM>
</GUAHAOYSXX_IN>
2015-03-31 15:28:22,700 -[EC0091D096E947289E2C576CD3305B86][HIS4.Biz.GUAHAOYSXX].OUT <?xml version="1.0" encoding="utf-8"?><GUAHAOYSXX_OUT><OUTMSG><ERRNO>-1</ERRNO><ERRMSG>列“KESHIID”不属于表 Table。</ERRMSG><ERRMSGEX /><MessageID>EC0091D096E947289E2C576CD3305B86</MessageID></OUTMSG><YISHENGMX /></GUAHAOYSXX_OUT>
2015-03-31 15:28:37,665 -[B45C7C5F20DE4FA0ACD6B7566C8EAFC5][HIS4.Biz.GUAHAOYSXX].IN   <GUAHAOYSXX_IN> <BASEINFO>
    <CAOZUOYDM>AUTO1</CAOZUOYDM>
    <CAOZUOYXM>自助机1</CAOZUOYXM>
    <CAOZUORQ>2013-03-19 17:35:30</CAOZUORQ>
    <XITONGBS>99</XITONGBS>
    <FENYUANDM>1</FENYUANDM>
  </BASEINFO>
<GUAHAOFS>2</GUAHAOFS> <RIQI></RIQI> <GUAHAOBC>0</GUAHAOBC> <GUAHAOLB>4</GUAHAOLB>
<KESHIDM>10190103</KESHIDM>
</GUAHAOYSXX_IN>
2015-03-31 15:29:29,088 -[B45C7C5F20DE4FA0ACD6B7566C8EAFC5][HIS4.Biz.GUAHAOYSXX].OUT <?xml version="1.0" encoding="utf-8"?><GUAHAOYSXX_OUT><OUTMSG><ERRNO>-1</ERRNO><ERRMSG>列“KESHIID”不属于表 Table。</ERRMSG><ERRMSGEX /><MessageID>B45C7C5F20DE4FA0ACD6B7566C8EAFC5</MessageID></OUTMSG><YISHENGMX /></GUAHAOYSXX_OUT>
2015-03-31 15:29:43,044 -[E1ACD9F8F01A4E7F9978BAEF3FB5A94D][HIS4.Biz.GUAHAOYSXX].IN   <GUAHAOYSXX_IN> <BASEINFO>
    <CAOZUOYDM>AUTO1</CAOZUOYDM>
    <CAOZUOYXM>自助机1</CAOZUOYXM>
    <CAOZUORQ>2013-03-19 17:35:30</CAOZUORQ>
    <XITONGBS>99</XITONGBS>
    <FENYUANDM>1</FENYUANDM>
  </BASEINFO>
<GUAHAOFS>2</GUAHAOFS> <RIQI></RIQI> <GUAHAOBC>0</GUAHAOBC> <GUAHAOLB>4</GUAHAOLB>
<KESHIDM>10190103</KESHIDM>
</GUAHAOYSXX_IN>
2015-03-31 15:29:47,045 -[E1ACD9F8F01A4E7F9978BAEF3FB5A94D][HIS4.Biz.GUAHAOYSXX].OUT <?xml version="1.0" encoding="utf-8"?><GUAHAOYSXX_OUT><OUTMSG><ERRNO>-1</ERRNO><ERRMSG>列“KESHIDN”不属于表 Table。</ERRMSG><ERRMSGEX /><MessageID>E1ACD9F8F01A4E7F9978BAEF3FB5A94D</MessageID></OUTMSG><YISHENGMX /></GUAHAOYSXX_OUT>
2015-03-31 15:30:34,327 -[7868F7FC42324547A0EBACFF4AF3203F][HIS4.Biz.GUAHAOYSXX].IN   <GUAHAOYSXX_IN> <BASEINFO>
    <CAOZUOYDM>AUTO1</CAOZUOYDM>
    <CAOZUOYXM>自助机1</CAOZUOYXM>
    <CAOZUORQ>2013-03-19 17:35:30</CAOZUORQ>
    <XITONGBS>99</XITONGBS>
    <FENYUANDM>1</FENYUANDM>
  </BASEINFO>
<GUAHAOFS>2</GUAHAOFS> <RIQI></RIQI> <GUAHAOBC>0</GUAHAOBC> <GUAHAOLB>4</GUAHAOLB>
<KESHIDM>10190103</KESHIDM>
</GUAHAOYSXX_IN>
2015-03-31 15:30:37,946 -[7868F7FC42324547A0EBACFF4AF3203F][HIS4.Biz.GUAHAOYSXX].OUT <?xml version="1.0" encoding="utf-8"?><GUAHAOYSXX_OUT><OUTMSG><ERRNO>0</ERRNO><ERRMSG /><ERRMSGEX /><MessageID>7868F7FC42324547A0EBACFF4AF3203F</MessageID></OUTMSG><YISHENGMX><YISHENGXX><YISHENGDM>7007</YISHENGDM><YISHENGXM>陈雅卿</YISHENGXM><KESHIDM>10190103</KESHIDM><KESHIMC>肿瘤妇科门诊</KESHIMC><YISHENGZC /><GUAHAOLB>4</GUAHAOLB><GUAHAOFS>2</GUAHAOFS><YUYUELX>2</YUYUELX></YISHENGXX><YISHENGXX><YISHENGDM>7011</YISHENGDM><YISHENGXM>杨悦</YISHENGXM><KESHIDM>10190103</KESHIDM><KESHIMC>肿瘤妇科门诊</KESHIMC><YISHENGZC /><GUAHAOLB>4</GUAHAOLB><GUAHAOFS>2</GUAHAOFS><YUYUELX>2</YUYUELX></YISHENGXX><YISHENGXX><YISHENGDM>7002</YISHENGDM><YISHENGXM>葛明华</YISHENGXM><KESHIDM>10190103</KESHIDM><KESHIMC>肿瘤妇科门诊</KESHIMC><YISHENGZC /><GUAHAOLB>4</GUAHAOLB><GUAHAOFS>2</GUAHAOFS><YUYUELX>2</YUYUELX></YISHENGXX></YISHENGMX></GUAHAOYSXX_OUT>
2015-03-31 15:33:03,937 -[61C1DA3EC5E340839B0DC5376BCF52E9][HIS4.Biz.GUAHAOKSXX].IN  <GUAHAOKSXX_IN> <BASEINFO>
    <CAOZUOYDM>AUTO1</CAOZUOYDM>
    <CAOZUOYXM>自助机1</CAOZUOYXM>
    <CAOZUORQ>2013-03-19 17:35:30</CAOZUORQ>
    <XITONGBS>99</XITONGBS>
    <FENYUANDM>1</FENYUANDM>
  </BASEINFO>
<GUAHAOFS>2</GUAHAOFS> <RIQI></RIQI> <GUAHAOBC>0</GUAHAOBC> <GUAHAOLB>4</GUAHAOLB> <YIGUAHAORS></YIGUAHAORS> </GUAHAOKSXX_IN>
2015-03-31 15:33:07,661 -[61C1DA3EC5E340839B0DC5376BCF52E9][HIS4.Biz.GUAHAOKSXX].OUT <?xml version="1.0" encoding="utf-8"?><GUAHAOKSXX_OUT><OUTMSG><ERRNO>0</ERRNO><ERRMSG /><ERRMSGEX /><MessageID>61C1DA3EC5E340839B0DC5376BCF52E9</MessageID></OUTMSG><KESHIMX><KESHIXX><KESHIDM>10040113</KESHIDM><KESHIMC>头颈外科门诊</KESHIMC><JIUZHENDD /><KESHIJS /></KESHIXX><KESHIXX><KESHIDM>10190103</KESHIDM><KESHIMC>肿瘤妇科门诊</KESHIMC><JIUZHENDD /><KESHIJS /></KESHIXX><KESHIXX><KESHIDM>10250107</KESHIDM><KESHIMC>中医肿瘤门诊</KESHIMC><JIUZHENDD /><KESHIJS /></KESHIXX><KESHIXX><KESHIDM>10190101</KESHIDM><KESHIMC>肿瘤外科门诊</KESHIMC><JIUZHENDD /><KESHIJS /></KESHIXX><KESHIXX><KESHIDM>10190102</KESHIDM><KESHIMC>肿瘤内科门诊</KESHIMC><JIUZHENDD /><KESHIJS /></KESHIXX><KESHIXX><KESHIDM>10040111</KESHIDM><KESHIMC>男科门诊</KESHIMC><JIUZHENDD /><KESHIJS /></KESHIXX><KESHIXX><KESHIDM>10110101</KESHIDM><KESHIMC>耳鼻咽喉科门诊</KESHIMC><JIUZHENDD /><KESHIJS /></KESHIXX><KESHIXX><KESHIDM>10030102</KESHIDM><KESHIMC>呼吸内科门诊</KESHIMC><JIUZHENDD /><KESHIJS /></KESHIXX><KESHIXX><KESHIDM>10030109</KESHIDM><KESHIMC>内镜治疗</KESHIMC><JIUZHENDD /><KESHIJS /></KESHIXX><KESHIXX><KESHIDM>10130101</KESHIDM><KESHIMC>皮肤科门诊</KESHIMC><JIUZHENDD /><KESHIJS /></KESHIXX></KESHIMX></GUAHAOKSXX_OUT>
2015-03-31 15:36:00,359 -[3094D86FEDDE409A98B195F6467C22BC][HIS4.Biz.GUAHAOYSXX].IN   <GUAHAOYSXX_IN> <BASEINFO>
    <CAOZUOYDM>AUTO1</CAOZUOYDM>
    <CAOZUOYXM>自助机1</CAOZUOYXM>
    <CAOZUORQ>2013-03-19 17:35:30</CAOZUORQ>
    <XITONGBS>99</XITONGBS>
    <FENYUANDM>1</FENYUANDM>
  </BASEINFO>
<GUAHAOFS>2</GUAHAOFS> <RIQI></RIQI> <GUAHAOBC>0</GUAHAOBC> <GUAHAOLB>4</GUAHAOLB>
<KESHIDM>10190103</KESHIDM>
</GUAHAOYSXX_IN>
2015-03-31 15:36:03,584 -[3094D86FEDDE409A98B195F6467C22BC][HIS4.Biz.GUAHAOYSXX].OUT <?xml version="1.0" encoding="utf-8"?><GUAHAOYSXX_OUT><OUTMSG><ERRNO>0</ERRNO><ERRMSG /><ERRMSGEX /><MessageID>3094D86FEDDE409A98B195F6467C22BC</MessageID></OUTMSG><YISHENGMX><YISHENGXX><YISHENGDM>7007</YISHENGDM><YISHENGXM>陈雅卿</YISHENGXM><KESHIDM>10190103</KESHIDM><KESHIMC>肿瘤妇科门诊</KESHIMC><YISHENGZC /><GUAHAOLB>4</GUAHAOLB><GUAHAOFS>2</GUAHAOFS><YUYUELX>2</YUYUELX></YISHENGXX><YISHENGXX><YISHENGDM>7011</YISHENGDM><YISHENGXM>杨悦</YISHENGXM><KESHIDM>10190103</KESHIDM><KESHIMC>肿瘤妇科门诊</KESHIMC><YISHENGZC /><GUAHAOLB>4</GUAHAOLB><GUAHAOFS>2</GUAHAOFS><YUYUELX>2</YUYUELX></YISHENGXX><YISHENGXX><YISHENGDM>7002</YISHENGDM><YISHENGXM>葛明华</YISHENGXM><KESHIDM>10190103</KESHIDM><KESHIMC>肿瘤妇科门诊</KESHIMC><YISHENGZC /><GUAHAOLB>4</GUAHAOLB><GUAHAOFS>2</GUAHAOFS><YUYUELX>2</YUYUELX></YISHENGXX></YISHENGMX></GUAHAOYSXX_OUT>
2015-03-31 15:36:23,549 -[38B9F581FE034420B83CE88C2BCB2749][HIS4.Biz.GUAHAOHYXX].IN  <GUAHAOHYXX_IN> <BASEINFO>
    <CAOZUOYDM>AUTO1</CAOZUOYDM>
    <CAOZUOYXM>自助机1</CAOZUOYXM>
    <CAOZUORQ>2013-03-19 17:35:30</CAOZUORQ>
    <XITONGBS>99</XITONGBS>
    <FENYUANDM>1</FENYUANDM>
  </BASEINFO>
<GUAHAOFS>2</GUAHAOFS> <RIQI></RIQI> <GUAHAOBC>0</GUAHAOBC> <GUAHAOLB>4</GUAHAOLB>
<KESHIDM>10190103</KESHIDM><YISHENGDM>7007</YISHENGDM>
</GUAHAOHYXX_IN>
2015-03-31 15:36:23,733 -[38B9F581FE034420B83CE88C2BCB2749][HIS4.Biz.GUAHAOHYXX].OUT <?xml version="1.0" encoding="utf-8"?><GUAHAOHYXX_OUT><OUTMSG><ERRNO>-1</ERRNO><ERRMSG>该科室或医生号源没有排班或已挂完！</ERRMSG><ERRMSGEX /><MessageID>38B9F581FE034420B83CE88C2BCB2749</MessageID></OUTMSG><HAOYUANMX /></GUAHAOHYXX_OUT>
2015-03-31 15:36:42,825 -[AE8D442E271B41EE897478943EE3F035][HIS4.Biz.GUAHAOHYXX].IN  <GUAHAOHYXX_IN> <BASEINFO>
    <CAOZUOYDM>AUTO1</CAOZUOYDM>
    <CAOZUOYXM>自助机1</CAOZUOYXM>
    <CAOZUORQ>2013-03-19 17:35:30</CAOZUORQ>
    <XITONGBS>99</XITONGBS>
    <FENYUANDM>1</FENYUANDM>
  </BASEINFO>
<GUAHAOFS>2</GUAHAOFS> <RIQI></RIQI> <GUAHAOBC>0</GUAHAOBC> <GUAHAOLB>4</GUAHAOLB>
<KESHIDM>10190103</KESHIDM><YISHENGDM>7007</YISHENGDM>
</GUAHAOHYXX_IN>
2015-03-31 15:38:54,829 -[AE8D442E271B41EE897478943EE3F035][HIS4.Biz.GUAHAOHYXX].OUT <?xml version="1.0" encoding="utf-8"?><GUAHAOHYXX_OUT><OUTMSG><ERRNO>-1</ERRNO><ERRMSG>该科室或医生号源没有排班或已挂完！</ERRMSG><ERRMSGEX /><MessageID>AE8D442E271B41EE897478943EE3F035</MessageID></OUTMSG><HAOYUANMX /></GUAHAOHYXX_OUT>
2015-03-31 15:40:55,334 -[C646269153614FD8A37B71B72FDA3A5A][HIS4.Biz.GUAHAOKSXX].IN  <GUAHAOKSXX_IN> <BASEINFO>
    <CAOZUOYDM>AUTO1</CAOZUOYDM>
    <CAOZUOYXM>自助机1</CAOZUOYXM>
    <CAOZUORQ>2013-03-19 17:35:30</CAOZUORQ>
    <XITONGBS>99</XITONGBS>
    <FENYUANDM>1</FENYUANDM>
  </BASEINFO>
<GUAHAOFS>2</GUAHAOFS> <RIQI></RIQI> <GUAHAOBC>0</GUAHAOBC> <GUAHAOLB>4</GUAHAOLB> <YIGUAHAORS></YIGUAHAORS> </GUAHAOKSXX_IN>
2015-03-31 15:42:24,823 -[C646269153614FD8A37B71B72FDA3A5A][HIS4.Biz.GUAHAOKSXX].OUT <?xml version="1.0" encoding="utf-8"?><GUAHAOKSXX_OUT><OUTMSG><ERRNO>0</ERRNO><ERRMSG /><ERRMSGEX /><MessageID>C646269153614FD8A37B71B72FDA3A5A</MessageID></OUTMSG><KESHIMX><KESHIXX><KESHIDM>10040113</KESHIDM><KESHIMC>头颈外科门诊</KESHIMC><JIUZHENDD /><KESHIJS /></KESHIXX><KESHIXX><KESHIDM>10190103</KESHIDM><KESHIMC>肿瘤妇科门诊</KESHIMC><JIUZHENDD /><KESHIJS /></KESHIXX><KESHIXX><KESHIDM>10250107</KESHIDM><KESHIMC>中医肿瘤门诊</KESHIMC><JIUZHENDD /><KESHIJS /></KESHIXX><KESHIXX><KESHIDM>10190101</KESHIDM><KESHIMC>肿瘤外科门诊</KESHIMC><JIUZHENDD /><KESHIJS /></KESHIXX><KESHIXX><KESHIDM>10190102</KESHIDM><KESHIMC>肿瘤内科门诊</KESHIMC><JIUZHENDD /><KESHIJS /></KESHIXX><KESHIXX><KESHIDM>10040111</KESHIDM><KESHIMC>男科门诊</KESHIMC><JIUZHENDD /><KESHIJS /></KESHIXX><KESHIXX><KESHIDM>10110101</KESHIDM><KESHIMC>耳鼻咽喉科门诊</KESHIMC><JIUZHENDD /><KESHIJS /></KESHIXX><KESHIXX><KESHIDM>10030102</KESHIDM><KESHIMC>呼吸内科门诊</KESHIMC><JIUZHENDD /><KESHIJS /></KESHIXX><KESHIXX><KESHIDM>10030109</KESHIDM><KESHIMC>内镜治疗</KESHIMC><JIUZHENDD /><KESHIJS /></KESHIXX><KESHIXX><KESHIDM>10130101</KESHIDM><KESHIMC>皮肤科门诊</KESHIMC><JIUZHENDD /><KESHIJS /></KESHIXX></KESHIMX></GUAHAOKSXX_OUT>
2015-03-31 15:43:03,582 -[7DA11BA5AF3B44448BFADED566BF42E3][HIS4.Biz.GUAHAOKSXX].IN  <GUAHAOKSXX_IN> <BASEINFO>
    <CAOZUOYDM>AUTO1</CAOZUOYDM>
    <CAOZUOYXM>自助机1</CAOZUOYXM>
    <CAOZUORQ>2013-03-19 17:35:30</CAOZUORQ>
    <XITONGBS>99</XITONGBS>
    <FENYUANDM>1</FENYUANDM>
  </BASEINFO>
<GUAHAOFS>2</GUAHAOFS> <RIQI></RIQI> <GUAHAOBC>0</GUAHAOBC> <GUAHAOLB>4</GUAHAOLB> <YIGUAHAORS></YIGUAHAORS> </GUAHAOKSXX_IN>
2015-03-31 15:43:07,020 -[7DA11BA5AF3B44448BFADED566BF42E3][HIS4.Biz.GUAHAOKSXX].OUT <?xml version="1.0" encoding="utf-8"?><GUAHAOKSXX_OUT><OUTMSG><ERRNO>0</ERRNO><ERRMSG /><ERRMSGEX /><MessageID>7DA11BA5AF3B44448BFADED566BF42E3</MessageID></OUTMSG><KESHIMX><KESHIXX><KESHIDM>10250107</KESHIDM><KESHIMC>中医肿瘤门诊</KESHIMC><JIUZHENDD /><KESHIJS /></KESHIXX><KESHIXX><KESHIDM>10040111</KESHIDM><KESHIMC>男科门诊</KESHIMC><JIUZHENDD /><KESHIJS /></KESHIXX><KESHIXX><KESHIDM>10110101</KESHIDM><KESHIMC>耳鼻咽喉科门诊</KESHIMC><JIUZHENDD /><KESHIJS /></KESHIXX><KESHIXX><KESHIDM>10130101</KESHIDM><KESHIMC>皮肤科门诊</KESHIMC><JIUZHENDD /><KESHIJS /></KESHIXX></KESHIMX></GUAHAOKSXX_OUT>
2015-03-31 15:43:29,437 -[2DD43BBA77F048BA90084BCAEE6B1ED2][HIS4.Biz.GUAHAOYSXX].IN   <GUAHAOYSXX_IN> <BASEINFO>
    <CAOZUOYDM>AUTO1</CAOZUOYDM>
    <CAOZUOYXM>自助机1</CAOZUOYXM>
    <CAOZUORQ>2013-03-19 17:35:30</CAOZUORQ>
    <XITONGBS>99</XITONGBS>
    <FENYUANDM>1</FENYUANDM>
  </BASEINFO>
<GUAHAOFS>2</GUAHAOFS> <RIQI></RIQI> <GUAHAOBC>0</GUAHAOBC> <GUAHAOLB>4</GUAHAOLB>
<KESHIDM>10250107</KESHIDM>
</GUAHAOYSXX_IN>
2015-03-31 15:43:32,481 -[2DD43BBA77F048BA90084BCAEE6B1ED2][HIS4.Biz.GUAHAOYSXX].OUT <?xml version="1.0" encoding="utf-8"?><GUAHAOYSXX_OUT><OUTMSG><ERRNO>0</ERRNO><ERRMSG /><ERRMSGEX /><MessageID>2DD43BBA77F048BA90084BCAEE6B1ED2</MessageID></OUTMSG><YISHENGMX><YISHENGXX><YISHENGDM>7004</YISHENGDM><YISHENGXM>周荣耀</YISHENGXM><KESHIDM>10250107</KESHIDM><KESHIMC>中医肿瘤门诊</KESHIMC><YISHENGZC /><GUAHAOLB>4</GUAHAOLB><GUAHAOFS>2</GUAHAOFS><YUYUELX>2</YUYUELX></YISHENGXX></YISHENGMX></GUAHAOYSXX_OUT>
2015-03-31 15:43:45,361 -[F704E712CAD649DC84DDE6E27584527F][HIS4.Biz.GUAHAOHYXX].IN  <GUAHAOHYXX_IN> <BASEINFO>
    <CAOZUOYDM>AUTO1</CAOZUOYDM>
    <CAOZUOYXM>自助机1</CAOZUOYXM>
    <CAOZUORQ>2013-03-19 17:35:30</CAOZUORQ>
    <XITONGBS>99</XITONGBS>
    <FENYUANDM>1</FENYUANDM>
  </BASEINFO>
<GUAHAOFS>2</GUAHAOFS> <RIQI></RIQI> <GUAHAOBC>0</GUAHAOBC> <GUAHAOLB>4</GUAHAOLB>
<KESHIDM>10250107</KESHIDM><YISHENGDM>7004</YISHENGDM>
</GUAHAOHYXX_IN>
2015-03-31 15:43:47,312 -[F704E712CAD649DC84DDE6E27584527F][HIS4.Biz.GUAHAOHYXX].OUT <?xml version="1.0" encoding="utf-8"?><GUAHAOHYXX_OUT><OUTMSG><ERRNO>0</ERRNO><ERRMSG /><ERRMSGEX /><MessageID>F704E712CAD649DC84DDE6E27584527F</MessageID></OUTMSG><HAOYUANMX><HAOYUANXX><RIQI>2015-04-03</RIQI><GUAHAOBC>上午</GUAHAOBC><GUAHAOLB>4</GUAHAOLB><KESHIDM>10250107</KESHIDM><YISHENGDM>7004</YISHENGDM><GUAHAOXH>6</GUAHAOXH><JIUZHENSJ /><YIZHOUPBID>1000148664</YIZHOUPBID><DANGTIANPBID>1000148664</DANGTIANPBID></HAOYUANXX><HAOYUANXX><RIQI>2015-04-03</RIQI><GUAHAOBC>上午</GUAHAOBC><GUAHAOLB>4</GUAHAOLB><KESHIDM>10250107</KESHIDM><YISHENGDM>7004</YISHENGDM><GUAHAOXH>7</GUAHAOXH><JIUZHENSJ /><YIZHOUPBID>1000148664</YIZHOUPBID><DANGTIANPBID>1000148664</DANGTIANPBID></HAOYUANXX><HAOYUANXX><RIQI>2015-04-03</RIQI><GUAHAOBC>上午</GUAHAOBC><GUAHAOLB>4</GUAHAOLB><KESHIDM>10250107</KESHIDM><YISHENGDM>7004</YISHENGDM><GUAHAOXH>8</GUAHAOXH><JIUZHENSJ /><YIZHOUPBID>1000148664</YIZHOUPBID><DANGTIANPBID>1000148664</DANGTIANPBID></HAOYUANXX><HAOYUANXX><RIQI>2015-04-03</RIQI><GUAHAOBC>上午</GUAHAOBC><GUAHAOLB>4</GUAHAOLB><KESHIDM>10250107</KESHIDM><YISHENGDM>7004</YISHENGDM><GUAHAOXH>9</GUAHAOXH><JIUZHENSJ /><YIZHOUPBID>1000148664</YIZHOUPBID><DANGTIANPBID>1000148664</DANGTIANPBID></HAOYUANXX><HAOYUANXX><RIQI>2015-04-03</RIQI><GUAHAOBC>上午</GUAHAOBC><GUAHAOLB>4</GUAHAOLB><KESHIDM>10250107</KESHIDM><YISHENGDM>7004</YISHENGDM><GUAHAOXH>10</GUAHAOXH><JIUZHENSJ /><YIZHOUPBID>1000148664</YIZHOUPBID><DANGTIANPBID>1000148664</DANGTIANPBID></HAOYUANXX><HAOYUANXX><RIQI>2015-04-03</RIQI><GUAHAOBC>上午</GUAHAOBC><GUAHAOLB>4</GUAHAOLB><KESHIDM>10250107</KESHIDM><YISHENGDM>7004</YISHENGDM><GUAHAOXH>11</GUAHAOXH><JIUZHENSJ /><YIZHOUPBID>1000148664</YIZHOUPBID><DANGTIANPBID>1000148664</DANGTIANPBID></HAOYUANXX><HAOYUANXX><RIQI>2015-04-03</RIQI><GUAHAOBC>上午</GUAHAOBC><GUAHAOLB>4</GUAHAOLB><KESHIDM>10250107</KESHIDM><YISHENGDM>7004</YISHENGDM><GUAHAOXH>12</GUAHAOXH><JIUZHENSJ /><YIZHOUPBID>1000148664</YIZHOUPBID><DANGTIANPBID>1000148664</DANGTIANPBID></HAOYUANXX><HAOYUANXX><RIQI>2015-04-03</RIQI><GUAHAOBC>上午</GUAHAOBC><GUAHAOLB>4</GUAHAOLB><KESHIDM>10250107</KESHIDM><YISHENGDM>7004</YISHENGDM><GUAHAOXH>13</GUAHAOXH><JIUZHENSJ /><YIZHOUPBID>1000148664</YIZHOUPBID><DANGTIANPBID>1000148664</DANGTIANPBID></HAOYUANXX><HAOYUANXX><RIQI>2015-04-03</RIQI><GUAHAOBC>上午</GUAHAOBC><GUAHAOLB>4</GUAHAOLB><KESHIDM>10250107</KESHIDM><YISHENGDM>7004</YISHENGDM><GUAHAOXH>14</GUAHAOXH><JIUZHENSJ /><YIZHOUPBID>1000148664</YIZHOUPBID><DANGTIANPBID>1000148664</DANGTIANPBID></HAOYUANXX><HAOYUANXX><RIQI>2015-04-03</RIQI><GUAHAOBC>上午</GUAHAOBC><GUAHAOLB>4</GUAHAOLB><KESHIDM>10250107</KESHIDM><YISHENGDM>7004</YISHENGDM><GUAHAOXH>15</GUAHAOXH><JIUZHENSJ /><YIZHOUPBID>1000148664</YIZHOUPBID><DANGTIANPBID>1000148664</DANGTIANPBID></HAOYUANXX><HAOYUANXX><RIQI>2015-04-03</RIQI><GUAHAOBC>上午</GUAHAOBC><GUAHAOLB>4</GUAHAOLB><KESHIDM>10250107</KESHIDM><YISHENGDM>7004</YISHENGDM><GUAHAOXH>16</GUAHAOXH><JIUZHENSJ /><YIZHOUPBID>1000148664</YIZHOUPBID><DANGTIANPBID>1000148664</DANGTIANPBID></HAOYUANXX><HAOYUANXX><RIQI>2015-04-03</RIQI><GUAHAOBC>上午</GUAHAOBC><GUAHAOLB>4</GUAHAOLB><KESHIDM>10250107</KESHIDM><YISHENGDM>7004</YISHENGDM><GUAHAOXH>17</GUAHAOXH><JIUZHENSJ /><YIZHOUPBID>1000148664</YIZHOUPBID><DANGTIANPBID>1000148664</DANGTIANPBID></HAOYUANXX><HAOYUANXX><RIQI>2015-04-03</RIQI><GUAHAOBC>上午</GUAHAOBC><GUAHAOLB>4</GUAHAOLB><KESHIDM>10250107</KESHIDM><YISHENGDM>7004</YISHENGDM><GUAHAOXH>18</GUAHAOXH><JIUZHENSJ /><YIZHOUPBID>1000148664</YIZHOUPBID><DANGTIANPBID>1000148664</DANGTIANPBID></HAOYUANXX><HAOYUANXX><RIQI>2015-04-03</RIQI><GUAHAOBC>上午</GUAHAOBC><GUAHAOLB>4</GUAHAOLB><KESHIDM>10250107</KESHIDM><YISHENGDM>7004</YISHENGDM><GUAHAOXH>19</GUAHAOXH><JIUZHENSJ /><YIZHOUPBID>1000148664</YIZHOUPBID><DANGTIANPBID>1000148664</DANGTIANPBID></HAOYUANXX><HAOYUANXX><RIQI>2015-04-03</RIQI><GUAHAOBC>上午</GUAHAOBC><GUAHAOLB>4</GUAHAOLB><KESHIDM>10250107</KESHIDM><YISHENGDM>7004</YISHENGDM><GUAHAOXH>20</GUAHAOXH><JIUZHENSJ /><YIZHOUPBID>1000148664</YIZHOUPBID><DANGTIANPBID>1000148664</DANGTIANPBID></HAOYUANXX><HAOYUANXX><RIQI>2015-04-03</RIQI><GUAHAOBC>上午</GUAHAOBC><GUAHAOLB>4</GUAHAOLB><KESHIDM>10250107</KESHIDM><YISHENGDM>7004</YISHENGDM><GUAHAOXH>21</GUAHAOXH><JIUZHENSJ /><YIZHOUPBID>1000148664</YIZHOUPBID><DANGTIANPBID>1000148664</DANGTIANPBID></HAOYUANXX><HAOYUANXX><RIQI>2015-04-03</RIQI><GUAHAOBC>上午</GUAHAOBC><GUAHAOLB>4</GUAHAOLB><KESHIDM>10250107</KESHIDM><YISHENGDM>7004</YISHENGDM><GUAHAOXH>22</GUAHAOXH><JIUZHENSJ /><YIZHOUPBID>1000148664</YIZHOUPBID><DANGTIANPBID>1000148664</DANGTIANPBID></HAOYUANXX><HAOYUANXX><RIQI>2015-04-03</RIQI><GUAHAOBC>上午</GUAHAOBC><GUAHAOLB>4</GUAHAOLB><KESHIDM>10250107</KESHIDM><YISHENGDM>7004</YISHENGDM><GUAHAOXH>23</GUAHAOXH><JIUZHENSJ /><YIZHOUPBID>1000148664</YIZHOUPBID><DANGTIANPBID>1000148664</DANGTIANPBID></HAOYUANXX><HAOYUANXX><RIQI>2015-04-03</RIQI><GUAHAOBC>上午</GUAHAOBC><GUAHAOLB>4</GUAHAOLB><KESHIDM>10250107</KESHIDM><YISHENGDM>7004</YISHENGDM><GUAHAOXH>24</GUAHAOXH><JIUZHENSJ /><YIZHOUPBID>1000148664</YIZHOUPBID><DANGTIANPBID>1000148664</DANGTIANPBID></HAOYUANXX><HAOYUANXX><RIQI>2015-04-03</RIQI><GUAHAOBC>上午</GUAHAOBC><GUAHAOLB>4</GUAHAOLB><KESHIDM>10250107</KESHIDM><YISHENGDM>7004</YISHENGDM><GUAHAOXH>25</GUAHAOXH><JIUZHENSJ /><YIZHOUPBID>1000148664</YIZHOUPBID><DANGTIANPBID>1000148664</DANGTIANPBID></HAOYUANXX><HAOYUANXX><RIQI>2015-04-03</RIQI><GUAHAOBC>上午</GUAHAOBC><GUAHAOLB>4</GUAHAOLB><KESHIDM>10250107</KESHIDM><YISHENGDM>7004</YISHENGDM><GUAHAOXH>26</GUAHAOXH><JIUZHENSJ /><YIZHOUPBID>1000148664</YIZHOUPBID><DANGTIANPBID>1000148664</DANGTIANPBID></HAOYUANXX><HAOYUANXX><RIQI>2015-04-03</RIQI><GUAHAOBC>上午</GUAHAOBC><GUAHAOLB>4</GUAHAOLB><KESHIDM>10250107</KESHIDM><YISHENGDM>7004</YISHENGDM><GUAHAOXH>27</GUAHAOXH><JIUZHENSJ /><YIZHOUPBID>1000148664</YIZHOUPBID><DANGTIANPBID>1000148664</DANGTIANPBID></HAOYUANXX><HAOYUANXX><RIQI>2015-04-03</RIQI><GUAHAOBC>上午</GUAHAOBC><GUAHAOLB>4</GUAHAOLB><KESHIDM>10250107</KESHIDM><YISHENGDM>7004</YISHENGDM><GUAHAOXH>28</GUAHAOXH><JIUZHENSJ /><YIZHOUPBID>1000148664</YIZHOUPBID><DANGTIANPBID>1000148664</DANGTIANPBID></HAOYUANXX><HAOYUANXX><RIQI>2015-04-03</RIQI><GUAHAOBC>上午</GUAHAOBC><GUAHAOLB>4</GUAHAOLB><KESHIDM>10250107</KESHIDM><YISHENGDM>7004</YISHENGDM><GUAHAOXH>29</GUAHAOXH><JIUZHENSJ /><YIZHOUPBID>1000148664</YIZHOUPBID><DANGTIANPBID>1000148664</DANGTIANPBID></HAOYUANXX><HAOYUANXX><RIQI>2015-04-03</RIQI><GUAHAOBC>上午</GUAHAOBC><GUAHAOLB>4</GUAHAOLB><KESHIDM>10250107</KESHIDM><YISHENGDM>7004</YISHENGDM><GUAHAOXH>30</GUAHAOXH><JIUZHENSJ /><YIZHOUPBID>1000148664</YIZHOUPBID><DANGTIANPBID>1000148664</DANGTIANPBID></HAOYUANXX><HAOYUANXX><RIQI>2015-04-03</RIQI><GUAHAOBC>上午</GUAHAOBC><GUAHAOLB>4</GUAHAOLB><KESHIDM>10250107</KESHIDM><YISHENGDM>7004</YISHENGDM><GUAHAOXH>31</GUAHAOXH><JIUZHENSJ /><YIZHOUPBID>1000148664</YIZHOUPBID><DANGTIANPBID>1000148664</DANGTIANPBID></HAOYUANXX><HAOYUANXX><RIQI>2015-04-03</RIQI><GUAHAOBC>上午</GUAHAOBC><GUAHAOLB>4</GUAHAOLB><KESHIDM>10250107</KESHIDM><YISHENGDM>7004</YISHENGDM><GUAHAOXH>32</GUAHAOXH><JIUZHENSJ /><YIZHOUPBID>1000148664</YIZHOUPBID><DANGTIANPBID>1000148664</DANGTIANPBID></HAOYUANXX><HAOYUANXX><RIQI>2015-04-03</RIQI><GUAHAOBC>上午</GUAHAOBC><GUAHAOLB>4</GUAHAOLB><KESHIDM>10250107</KESHIDM><YISHENGDM>7004</YISHENGDM><GUAHAOXH>33</GUAHAOXH><JIUZHENSJ /><YIZHOUPBID>1000148664</YIZHOUPBID><DANGTIANPBID>1000148664</DANGTIANPBID></HAOYUANXX><HAOYUANXX><RIQI>2015-04-03</RIQI><GUAHAOBC>上午</GUAHAOBC><GUAHAOLB>4</GUAHAOLB><KESHIDM>10250107</KESHIDM><YISHENGDM>7004</YISHENGDM><GUAHAOXH>34</GUAHAOXH><JIUZHENSJ /><YIZHOUPBID>1000148664</YIZHOUPBID><DANGTIANPBID>1000148664</DANGTIANPBID></HAOYUANXX><HAOYUANXX><RIQI>2015-04-03</RIQI><GUAHAOBC>上午</GUAHAOBC><GUAHAOLB>4</GUAHAOLB><KESHIDM>10250107</KESHIDM><YISHENGDM>7004</YISHENGDM><GUAHAOXH>35</GUAHAOXH><JIUZHENSJ /><YIZHOUPBID>1000148664</YIZHOUPBID><DANGTIANPBID>1000148664</DANGTIANPBID></HAOYUANXX><HAOYUANXX><RIQI>2015-04-17</RIQI><GUAHAOBC>上午</GUAHAOBC><GUAHAOLB>4</GUAHAOLB><KESHIDM>10250107</KESHIDM><YISHENGDM>7004</YISHENGDM><GUAHAOXH>6</GUAHAOXH><JIUZHENSJ /><YIZHOUPBID>1000148366</YIZHOUPBID><DANGTIANPBID>1000148366</DANGTIANPBID></HAOYUANXX><HAOYUANXX><RIQI>2015-04-17</RIQI><GUAHAOBC>上午</GUAHAOBC><GUAHAOLB>4</GUAHAOLB><KESHIDM>10250107</KESHIDM><YISHENGDM>7004</YISHENGDM><GUAHAOXH>7</GUAHAOXH><JIUZHENSJ /><YIZHOUPBID>1000148366</YIZHOUPBID><DANGTIANPBID>1000148366</DANGTIANPBID></HAOYUANXX><HAOYUANXX><RIQI>2015-04-17</RIQI><GUAHAOBC>上午</GUAHAOBC><GUAHAOLB>4</GUAHAOLB><KESHIDM>10250107</KESHIDM><YISHENGDM>7004</YISHENGDM><GUAHAOXH>8</GUAHAOXH><JIUZHENSJ /><YIZHOUPBID>1000148366</YIZHOUPBID><DANGTIANPBID>1000148366</DANGTIANPBID></HAOYUANXX><HAOYUANXX><RIQI>2015-04-17</RIQI><GUAHAOBC>上午</GUAHAOBC><GUAHAOLB>4</GUAHAOLB><KESHIDM>10250107</KESHIDM><YISHENGDM>7004</YISHENGDM><GUAHAOXH>9</GUAHAOXH><JIUZHENSJ /><YIZHOUPBID>1000148366</YIZHOUPBID><DANGTIANPBID>1000148366</DANGTIANPBID></HAOYUANXX><HAOYUANXX><RIQI>2015-04-17</RIQI><GUAHAOBC>上午</GUAHAOBC><GUAHAOLB>4</GUAHAOLB><KESHIDM>10250107</KESHIDM><YISHENGDM>7004</YISHENGDM><GUAHAOXH>10</GUAHAOXH><JIUZHENSJ /><YIZHOUPBID>1000148366</YIZHOUPBID><DANGTIANPBID>1000148366</DANGTIANPBID></HAOYUANXX><HAOYUANXX><RIQI>2015-04-17</RIQI><GUAHAOBC>上午</GUAHAOBC><GUAHAOLB>4</GUAHAOLB><KESHIDM>10250107</KESHIDM><YISHENGDM>7004</YISHENGDM><GUAHAOXH>11</GUAHAOXH><JIUZHENSJ /><YIZHOUPBID>1000148366</YIZHOUPBID><DANGTIANPBID>1000148366</DANGTIANPBID></HAOYUANXX><HAOYUANXX><RIQI>2015-04-17</RIQI><GUAHAOBC>上午</GUAHAOBC><GUAHAOLB>4</GUAHAOLB><KESHIDM>10250107</KESHIDM><YISHENGDM>7004</YISHENGDM><GUAHAOXH>12</GUAHAOXH><JIUZHENSJ /><YIZHOUPBID>1000148366</YIZHOUPBID><DANGTIANPBID>1000148366</DANGTIANPBID></HAOYUANXX><HAOYUANXX><RIQI>2015-04-17</RIQI><GUAHAOBC>上午</GUAHAOBC><GUAHAOLB>4</GUAHAOLB><KESHIDM>10250107</KESHIDM><YISHENGDM>7004</YISHENGDM><GUAHAOXH>13</GUAHAOXH><JIUZHENSJ /><YIZHOUPBID>1000148366</YIZHOUPBID><DANGTIANPBID>1000148366</DANGTIANPBID></HAOYUANXX><HAOYUANXX><RIQI>2015-04-17</RIQI><GUAHAOBC>上午</GUAHAOBC><GUAHAOLB>4</GUAHAOLB><KESHIDM>10250107</KESHIDM><YISHENGDM>7004</YISHENGDM><GUAHAOXH>14</GUAHAOXH><JIUZHENSJ /><YIZHOUPBID>1000148366</YIZHOUPBID><DANGTIANPBID>1000148366</DANGTIANPBID></HAOYUANXX><HAOYUANXX><RIQI>2015-04-17</RIQI><GUAHAOBC>上午</GUAHAOBC><GUAHAOLB>4</GUAHAOLB><KESHIDM>10250107</KESHIDM><YISHENGDM>7004</YISHENGDM><GUAHAOXH>15</GUAHAOXH><JIUZHENSJ /><YIZHOUPBID>1000148366</YIZHOUPBID><DANGTIANPBID>1000148366</DANGTIANPBID></HAOYUANXX><HAOYUANXX><RIQI>2015-04-17</RIQI><GUAHAOBC>上午</GUAHAOBC><GUAHAOLB>4</GUAHAOLB><KESHIDM>10250107</KESHIDM><YISHENGDM>7004</YISHENGDM><GUAHAOXH>16</GUAHAOXH><JIUZHENSJ /><YIZHOUPBID>1000148366</YIZHOUPBID><DANGTIANPBID>1000148366</DANGTIANPBID></HAOYUANXX><HAOYUANXX><RIQI>2015-04-17</RIQI><GUAHAOBC>上午</GUAHAOBC><GUAHAOLB>4</GUAHAOLB><KESHIDM>10250107</KESHIDM><YISHENGDM>7004</YISHENGDM><GUAHAOXH>17</GUAHAOXH><JIUZHENSJ /><YIZHOUPBID>1000148366</YIZHOUPBID><DANGTIANPBID>1000148366</DANGTIANPBID></HAOYUANXX><HAOYUANXX><RIQI>2015-04-17</RIQI><GUAHAOBC>上午</GUAHAOBC><GUAHAOLB>4</GUAHAOLB><KESHIDM>10250107</KESHIDM><YISHENGDM>7004</YISHENGDM><GUAHAOXH>18</GUAHAOXH><JIUZHENSJ /><YIZHOUPBID>1000148366</YIZHOUPBID><DANGTIANPBID>1000148366</DANGTIANPBID></HAOYUANXX><HAOYUANXX><RIQI>2015-04-17</RIQI><GUAHAOBC>上午</GUAHAOBC><GUAHAOLB>4</GUAHAOLB><KESHIDM>10250107</KESHIDM><YISHENGDM>7004</YISHENGDM><GUAHAOXH>19</GUAHAOXH><JIUZHENSJ /><YIZHOUPBID>1000148366</YIZHOUPBID><DANGTIANPBID>1000148366</DANGTIANPBID></HAOYUANXX><HAOYUANXX><RIQI>2015-04-17</RIQI><GUAHAOBC>上午</GUAHAOBC><GUAHAOLB>4</GUAHAOLB><KESHIDM>10250107</KESHIDM><YISHENGDM>7004</YISHENGDM><GUAHAOXH>20</GUAHAOXH><JIUZHENSJ /><YIZHOUPBID>1000148366</YIZHOUPBID><DANGTIANPBID>1000148366</DANGTIANPBID></HAOYUANXX><HAOYUANXX><RIQI>2015-04-17</RIQI><GUAHAOBC>上午</GUAHAOBC><GUAHAOLB>4</GUAHAOLB><KESHIDM>10250107</KESHIDM><YISHENGDM>7004</YISHENGDM><GUAHAOXH>21</GUAHAOXH><JIUZHENSJ /><YIZHOUPBID>1000148366</YIZHOUPBID><DANGTIANPBID>1000148366</DANGTIANPBID></HAOYUANXX><HAOYUANXX><RIQI>2015-04-17</RIQI><GUAHAOBC>上午</GUAHAOBC><GUAHAOLB>4</GUAHAOLB><KESHIDM>10250107</KESHIDM><YISHENGDM>7004</YISHENGDM><GUAHAOXH>22</GUAHAOXH><JIUZHENSJ /><YIZHOUPBID>1000148366</YIZHOUPBID><DANGTIANPBID>1000148366</DANGTIANPBID></HAOYUANXX><HAOYUANXX><RIQI>2015-04-17</RIQI><GUAHAOBC>上午</GUAHAOBC><GUAHAOLB>4</GUAHAOLB><KESHIDM>10250107</KESHIDM><YISHENGDM>7004</YISHENGDM><GUAHAOXH>23</GUAHAOXH><JIUZHENSJ /><YIZHOUPBID>1000148366</YIZHOUPBID><DANGTIANPBID>1000148366</DANGTIANPBID></HAOYUANXX><HAOYUANXX><RIQI>2015-04-17</RIQI><GUAHAOBC>上午</GUAHAOBC><GUAHAOLB>4</GUAHAOLB><KESHIDM>10250107</KESHIDM><YISHENGDM>7004</YISHENGDM><GUAHAOXH>24</GUAHAOXH><JIUZHENSJ /><YIZHOUPBID>1000148366</YIZHOUPBID><DANGTIANPBID>1000148366</DANGTIANPBID></HAOYUANXX><HAOYUANXX><RIQI>2015-04-17</RIQI><GUAHAOBC>上午</GUAHAOBC><GUAHAOLB>4</GUAHAOLB><KESHIDM>10250107</KESHIDM><YISHENGDM>7004</YISHENGDM><GUAHAOXH>25</GUAHAOXH><JIUZHENSJ /><YIZHOUPBID>1000148366</YIZHOUPBID><DANGTIANPBID>1000148366</DANGTIANPBID></HAOYUANXX><HAOYUANXX><RIQI>2015-04-17</RIQI><GUAHAOBC>上午</GUAHAOBC><GUAHAOLB>4</GUAHAOLB><KESHIDM>10250107</KESHIDM><YISHENGDM>7004</YISHENGDM><GUAHAOXH>26</GUAHAOXH><JIUZHENSJ /><YIZHOUPBID>1000148366</YIZHOUPBID><DANGTIANPBID>1000148366</DANGTIANPBID></HAOYUANXX><HAOYUANXX><RIQI>2015-04-17</RIQI><GUAHAOBC>上午</GUAHAOBC><GUAHAOLB>4</GUAHAOLB><KESHIDM>10250107</KESHIDM><YISHENGDM>7004</YISHENGDM><GUAHAOXH>27</GUAHAOXH><JIUZHENSJ /><YIZHOUPBID>1000148366</YIZHOUPBID><DANGTIANPBID>1000148366</DANGTIANPBID></HAOYUANXX><HAOYUANXX><RIQI>2015-04-17</RIQI><GUAHAOBC>上午</GUAHAOBC><GUAHAOLB>4</GUAHAOLB><KESHIDM>10250107</KESHIDM><YISHENGDM>7004</YISHENGDM><GUAHAOXH>28</GUAHAOXH><JIUZHENSJ /><YIZHOUPBID>1000148366</YIZHOUPBID><DANGTIANPBID>1000148366</DANGTIANPBID></HAOYUANXX><HAOYUANXX><RIQI>2015-04-17</RIQI><GUAHAOBC>上午</GUAHAOBC><GUAHAOLB>4</GUAHAOLB><KESHIDM>10250107</KESHIDM><YISHENGDM>7004</YISHENGDM><GUAHAOXH>29</GUAHAOXH><JIUZHENSJ /><YIZHOUPBID>1000148366</YIZHOUPBID><DANGTIANPBID>1000148366</DANGTIANPBID></HAOYUANXX><HAOYUANXX><RIQI>2015-04-17</RIQI><GUAHAOBC>上午</GUAHAOBC><GUAHAOLB>4</GUAHAOLB><KESHIDM>10250107</KESHIDM><YISHENGDM>7004</YISHENGDM><GUAHAOXH>30</GUAHAOXH><JIUZHENSJ /><YIZHOUPBID>1000148366</YIZHOUPBID><DANGTIANPBID>1000148366</DANGTIANPBID></HAOYUANXX><HAOYUANXX><RIQI>2015-04-17</RIQI><GUAHAOBC>上午</GUAHAOBC><GUAHAOLB>4</GUAHAOLB><KESHIDM>10250107</KESHIDM><YISHENGDM>7004</YISHENGDM><GUAHAOXH>31</GUAHAOXH><JIUZHENSJ /><YIZHOUPBID>1000148366</YIZHOUPBID><DANGTIANPBID>1000148366</DANGTIANPBID></HAOYUANXX><HAOYUANXX><RIQI>2015-04-17</RIQI><GUAHAOBC>上午</GUAHAOBC><GUAHAOLB>4</GUAHAOLB><KESHIDM>10250107</KESHIDM><YISHENGDM>7004</YISHENGDM><GUAHAOXH>32</GUAHAOXH><JIUZHENSJ /><YIZHOUPBID>1000148366</YIZHOUPBID><DANGTIANPBID>1000148366</DANGTIANPBID></HAOYUANXX><HAOYUANXX><RIQI>2015-04-17</RIQI><GUAHAOBC>上午</GUAHAOBC><GUAHAOLB>4</GUAHAOLB><KESHIDM>10250107</KESHIDM><YISHENGDM>7004</YISHENGDM><GUAHAOXH>33</GUAHAOXH><JIUZHENSJ /><YIZHOUPBID>1000148366</YIZHOUPBID><DANGTIANPBID>1000148366</DANGTIANPBID></HAOYUANXX><HAOYUANXX><RIQI>2015-04-17</RIQI><GUAHAOBC>上午</GUAHAOBC><GUAHAOLB>4</GUAHAOLB><KESHIDM>10250107</KESHIDM><YISHENGDM>7004</YISHENGDM><GUAHAOXH>34</GUAHAOXH><JIUZHENSJ /><YIZHOUPBID>1000148366</YIZHOUPBID><DANGTIANPBID>1000148366</DANGTIANPBID></HAOYUANXX><HAOYUANXX><RIQI>2015-04-17</RIQI><GUAHAOBC>上午</GUAHAOBC><GUAHAOLB>4</GUAHAOLB><KESHIDM>10250107</KESHIDM><YISHENGDM>7004</YISHENGDM><GUAHAOXH>35</GUAHAOXH><JIUZHENSJ /><YIZHOUPBID>1000148366</YIZHOUPBID><DANGTIANPBID>1000148366</DANGTIANPBID></HAOYUANXX></HAOYUANMX></GUAHAOHYXX_OUT>
2015-03-31 15:52:16,440 -[8C9589215A004FBA9546B93C4DBF215E][HIS4.Biz.GUAHAOHYXX].IN  <GUAHAOHYXX_IN> <BASEINFO>
    <CAOZUOYDM>AUTO1</CAOZUOYDM>
    <CAOZUOYXM>自助机1</CAOZUOYXM>
    <CAOZUORQ>2013-03-19 17:35:30</CAOZUORQ>
    <XITONGBS>99</XITONGBS>
    <FENYUANDM>1</FENYUANDM>
  </BASEINFO>
<GUAHAOFS>2</GUAHAOFS> <RIQI></RIQI> <GUAHAOBC>0</GUAHAOBC> <GUAHAOLB>4</GUAHAOLB>
<KESHIDM>10250107</KESHIDM><YISHENGDM>7004</YISHENGDM>
</GUAHAOHYXX_IN>
2015-03-31 15:52:19,733 -[8C9589215A004FBA9546B93C4DBF215E][HIS4.Biz.GUAHAOHYXX].OUT <?xml version="1.0" encoding="utf-8"?><GUAHAOHYXX_OUT><OUTMSG><ERRNO>0</ERRNO><ERRMSG /><ERRMSGEX /><MessageID>8C9589215A004FBA9546B93C4DBF215E</MessageID></OUTMSG><HAOYUANMX><HAOYUANXX><RIQI>2015-04-03</RIQI><GUAHAOBC>1</GUAHAOBC><GUAHAOLB>4</GUAHAOLB><KESHIDM>10250107</KESHIDM><YISHENGDM>7004</YISHENGDM><GUAHAOXH>6</GUAHAOXH><JIUZHENSJ /><YIZHOUPBID>1000148664</YIZHOUPBID><DANGTIANPBID>1000148664</DANGTIANPBID></HAOYUANXX><HAOYUANXX><RIQI>2015-04-03</RIQI><GUAHAOBC>1</GUAHAOBC><GUAHAOLB>4</GUAHAOLB><KESHIDM>10250107</KESHIDM><YISHENGDM>7004</YISHENGDM><GUAHAOXH>7</GUAHAOXH><JIUZHENSJ /><YIZHOUPBID>1000148664</YIZHOUPBID><DANGTIANPBID>1000148664</DANGTIANPBID></HAOYUANXX><HAOYUANXX><RIQI>2015-04-03</RIQI><GUAHAOBC>1</GUAHAOBC><GUAHAOLB>4</GUAHAOLB><KESHIDM>10250107</KESHIDM><YISHENGDM>7004</YISHENGDM><GUAHAOXH>8</GUAHAOXH><JIUZHENSJ /><YIZHOUPBID>1000148664</YIZHOUPBID><DANGTIANPBID>1000148664</DANGTIANPBID></HAOYUANXX><HAOYUANXX><RIQI>2015-04-03</RIQI><GUAHAOBC>1</GUAHAOBC><GUAHAOLB>4</GUAHAOLB><KESHIDM>10250107</KESHIDM><YISHENGDM>7004</YISHENGDM><GUAHAOXH>9</GUAHAOXH><JIUZHENSJ /><YIZHOUPBID>1000148664</YIZHOUPBID><DANGTIANPBID>1000148664</DANGTIANPBID></HAOYUANXX><HAOYUANXX><RIQI>2015-04-03</RIQI><GUAHAOBC>1</GUAHAOBC><GUAHAOLB>4</GUAHAOLB><KESHIDM>10250107</KESHIDM><YISHENGDM>7004</YISHENGDM><GUAHAOXH>10</GUAHAOXH><JIUZHENSJ /><YIZHOUPBID>1000148664</YIZHOUPBID><DANGTIANPBID>1000148664</DANGTIANPBID></HAOYUANXX><HAOYUANXX><RIQI>2015-04-03</RIQI><GUAHAOBC>1</GUAHAOBC><GUAHAOLB>4</GUAHAOLB><KESHIDM>10250107</KESHIDM><YISHENGDM>7004</YISHENGDM><GUAHAOXH>11</GUAHAOXH><JIUZHENSJ /><YIZHOUPBID>1000148664</YIZHOUPBID><DANGTIANPBID>1000148664</DANGTIANPBID></HAOYUANXX><HAOYUANXX><RIQI>2015-04-03</RIQI><GUAHAOBC>1</GUAHAOBC><GUAHAOLB>4</GUAHAOLB><KESHIDM>10250107</KESHIDM><YISHENGDM>7004</YISHENGDM><GUAHAOXH>12</GUAHAOXH><JIUZHENSJ /><YIZHOUPBID>1000148664</YIZHOUPBID><DANGTIANPBID>1000148664</DANGTIANPBID></HAOYUANXX><HAOYUANXX><RIQI>2015-04-03</RIQI><GUAHAOBC>1</GUAHAOBC><GUAHAOLB>4</GUAHAOLB><KESHIDM>10250107</KESHIDM><YISHENGDM>7004</YISHENGDM><GUAHAOXH>13</GUAHAOXH><JIUZHENSJ /><YIZHOUPBID>1000148664</YIZHOUPBID><DANGTIANPBID>1000148664</DANGTIANPBID></HAOYUANXX><HAOYUANXX><RIQI>2015-04-03</RIQI><GUAHAOBC>1</GUAHAOBC><GUAHAOLB>4</GUAHAOLB><KESHIDM>10250107</KESHIDM><YISHENGDM>7004</YISHENGDM><GUAHAOXH>14</GUAHAOXH><JIUZHENSJ /><YIZHOUPBID>1000148664</YIZHOUPBID><DANGTIANPBID>1000148664</DANGTIANPBID></HAOYUANXX><HAOYUANXX><RIQI>2015-04-03</RIQI><GUAHAOBC>1</GUAHAOBC><GUAHAOLB>4</GUAHAOLB><KESHIDM>10250107</KESHIDM><YISHENGDM>7004</YISHENGDM><GUAHAOXH>15</GUAHAOXH><JIUZHENSJ /><YIZHOUPBID>1000148664</YIZHOUPBID><DANGTIANPBID>1000148664</DANGTIANPBID></HAOYUANXX><HAOYUANXX><RIQI>2015-04-03</RIQI><GUAHAOBC>1</GUAHAOBC><GUAHAOLB>4</GUAHAOLB><KESHIDM>10250107</KESHIDM><YISHENGDM>7004</YISHENGDM><GUAHAOXH>16</GUAHAOXH><JIUZHENSJ /><YIZHOUPBID>1000148664</YIZHOUPBID><DANGTIANPBID>1000148664</DANGTIANPBID></HAOYUANXX><HAOYUANXX><RIQI>2015-04-03</RIQI><GUAHAOBC>1</GUAHAOBC><GUAHAOLB>4</GUAHAOLB><KESHIDM>10250107</KESHIDM><YISHENGDM>7004</YISHENGDM><GUAHAOXH>17</GUAHAOXH><JIUZHENSJ /><YIZHOUPBID>1000148664</YIZHOUPBID><DANGTIANPBID>1000148664</DANGTIANPBID></HAOYUANXX><HAOYUANXX><RIQI>2015-04-03</RIQI><GUAHAOBC>1</GUAHAOBC><GUAHAOLB>4</GUAHAOLB><KESHIDM>10250107</KESHIDM><YISHENGDM>7004</YISHENGDM><GUAHAOXH>18</GUAHAOXH><JIUZHENSJ /><YIZHOUPBID>1000148664</YIZHOUPBID><DANGTIANPBID>1000148664</DANGTIANPBID></HAOYUANXX><HAOYUANXX><RIQI>2015-04-03</RIQI><GUAHAOBC>1</GUAHAOBC><GUAHAOLB>4</GUAHAOLB><KESHIDM>10250107</KESHIDM><YISHENGDM>7004</YISHENGDM><GUAHAOXH>19</GUAHAOXH><JIUZHENSJ /><YIZHOUPBID>1000148664</YIZHOUPBID><DANGTIANPBID>1000148664</DANGTIANPBID></HAOYUANXX><HAOYUANXX><RIQI>2015-04-03</RIQI><GUAHAOBC>1</GUAHAOBC><GUAHAOLB>4</GUAHAOLB><KESHIDM>10250107</KESHIDM><YISHENGDM>7004</YISHENGDM><GUAHAOXH>20</GUAHAOXH><JIUZHENSJ /><YIZHOUPBID>1000148664</YIZHOUPBID><DANGTIANPBID>1000148664</DANGTIANPBID></HAOYUANXX><HAOYUANXX><RIQI>2015-04-03</RIQI><GUAHAOBC>1</GUAHAOBC><GUAHAOLB>4</GUAHAOLB><KESHIDM>10250107</KESHIDM><YISHENGDM>7004</YISHENGDM><GUAHAOXH>21</GUAHAOXH><JIUZHENSJ /><YIZHOUPBID>1000148664</YIZHOUPBID><DANGTIANPBID>1000148664</DANGTIANPBID></HAOYUANXX><HAOYUANXX><RIQI>2015-04-03</RIQI><GUAHAOBC>1</GUAHAOBC><GUAHAOLB>4</GUAHAOLB><KESHIDM>10250107</KESHIDM><YISHENGDM>7004</YISHENGDM><GUAHAOXH>22</GUAHAOXH><JIUZHENSJ /><YIZHOUPBID>1000148664</YIZHOUPBID><DANGTIANPBID>1000148664</DANGTIANPBID></HAOYUANXX><HAOYUANXX><RIQI>2015-04-03</RIQI><GUAHAOBC>1</GUAHAOBC><GUAHAOLB>4</GUAHAOLB><KESHIDM>10250107</KESHIDM><YISHENGDM>7004</YISHENGDM><GUAHAOXH>23</GUAHAOXH><JIUZHENSJ /><YIZHOUPBID>1000148664</YIZHOUPBID><DANGTIANPBID>1000148664</DANGTIANPBID></HAOYUANXX><HAOYUANXX><RIQI>2015-04-03</RIQI><GUAHAOBC>1</GUAHAOBC><GUAHAOLB>4</GUAHAOLB><KESHIDM>10250107</KESHIDM><YISHENGDM>7004</YISHENGDM><GUAHAOXH>24</GUAHAOXH><JIUZHENSJ /><YIZHOUPBID>1000148664</YIZHOUPBID><DANGTIANPBID>1000148664</DANGTIANPBID></HAOYUANXX><HAOYUANXX><RIQI>2015-04-03</RIQI><GUAHAOBC>1</GUAHAOBC><GUAHAOLB>4</GUAHAOLB><KESHIDM>10250107</KESHIDM><YISHENGDM>7004</YISHENGDM><GUAHAOXH>25</GUAHAOXH><JIUZHENSJ /><YIZHOUPBID>1000148664</YIZHOUPBID><DANGTIANPBID>1000148664</DANGTIANPBID></HAOYUANXX><HAOYUANXX><RIQI>2015-04-03</RIQI><GUAHAOBC>1</GUAHAOBC><GUAHAOLB>4</GUAHAOLB><KESHIDM>10250107</KESHIDM><YISHENGDM>7004</YISHENGDM><GUAHAOXH>26</GUAHAOXH><JIUZHENSJ /><YIZHOUPBID>1000148664</YIZHOUPBID><DANGTIANPBID>1000148664</DANGTIANPBID></HAOYUANXX><HAOYUANXX><RIQI>2015-04-03</RIQI><GUAHAOBC>1</GUAHAOBC><GUAHAOLB>4</GUAHAOLB><KESHIDM>10250107</KESHIDM><YISHENGDM>7004</YISHENGDM><GUAHAOXH>27</GUAHAOXH><JIUZHENSJ /><YIZHOUPBID>1000148664</YIZHOUPBID><DANGTIANPBID>1000148664</DANGTIANPBID></HAOYUANXX><HAOYUANXX><RIQI>2015-04-03</RIQI><GUAHAOBC>1</GUAHAOBC><GUAHAOLB>4</GUAHAOLB><KESHIDM>10250107</KESHIDM><YISHENGDM>7004</YISHENGDM><GUAHAOXH>28</GUAHAOXH><JIUZHENSJ /><YIZHOUPBID>1000148664</YIZHOUPBID><DANGTIANPBID>1000148664</DANGTIANPBID></HAOYUANXX><HAOYUANXX><RIQI>2015-04-03</RIQI><GUAHAOBC>1</GUAHAOBC><GUAHAOLB>4</GUAHAOLB><KESHIDM>10250107</KESHIDM><YISHENGDM>7004</YISHENGDM><GUAHAOXH>29</GUAHAOXH><JIUZHENSJ /><YIZHOUPBID>1000148664</YIZHOUPBID><DANGTIANPBID>1000148664</DANGTIANPBID></HAOYUANXX><HAOYUANXX><RIQI>2015-04-03</RIQI><GUAHAOBC>1</GUAHAOBC><GUAHAOLB>4</GUAHAOLB><KESHIDM>10250107</KESHIDM><YISHENGDM>7004</YISHENGDM><GUAHAOXH>30</GUAHAOXH><JIUZHENSJ /><YIZHOUPBID>1000148664</YIZHOUPBID><DANGTIANPBID>1000148664</DANGTIANPBID></HAOYUANXX><HAOYUANXX><RIQI>2015-04-03</RIQI><GUAHAOBC>1</GUAHAOBC><GUAHAOLB>4</GUAHAOLB><KESHIDM>10250107</KESHIDM><YISHENGDM>7004</YISHENGDM><GUAHAOXH>31</GUAHAOXH><JIUZHENSJ /><YIZHOUPBID>1000148664</YIZHOUPBID><DANGTIANPBID>1000148664</DANGTIANPBID></HAOYUANXX><HAOYUANXX><RIQI>2015-04-03</RIQI><GUAHAOBC>1</GUAHAOBC><GUAHAOLB>4</GUAHAOLB><KESHIDM>10250107</KESHIDM><YISHENGDM>7004</YISHENGDM><GUAHAOXH>32</GUAHAOXH><JIUZHENSJ /><YIZHOUPBID>1000148664</YIZHOUPBID><DANGTIANPBID>1000148664</DANGTIANPBID></HAOYUANXX><HAOYUANXX><RIQI>2015-04-03</RIQI><GUAHAOBC>1</GUAHAOBC><GUAHAOLB>4</GUAHAOLB><KESHIDM>10250107</KESHIDM><YISHENGDM>7004</YISHENGDM><GUAHAOXH>33</GUAHAOXH><JIUZHENSJ /><YIZHOUPBID>1000148664</YIZHOUPBID><DANGTIANPBID>1000148664</DANGTIANPBID></HAOYUANXX><HAOYUANXX><RIQI>2015-04-03</RIQI><GUAHAOBC>1</GUAHAOBC><GUAHAOLB>4</GUAHAOLB><KESHIDM>10250107</KESHIDM><YISHENGDM>7004</YISHENGDM><GUAHAOXH>34</GUAHAOXH><JIUZHENSJ /><YIZHOUPBID>1000148664</YIZHOUPBID><DANGTIANPBID>1000148664</DANGTIANPBID></HAOYUANXX><HAOYUANXX><RIQI>2015-04-03</RIQI><GUAHAOBC>1</GUAHAOBC><GUAHAOLB>4</GUAHAOLB><KESHIDM>10250107</KESHIDM><YISHENGDM>7004</YISHENGDM><GUAHAOXH>35</GUAHAOXH><JIUZHENSJ /><YIZHOUPBID>1000148664</YIZHOUPBID><DANGTIANPBID>1000148664</DANGTIANPBID></HAOYUANXX><HAOYUANXX><RIQI>2015-04-17</RIQI><GUAHAOBC>1</GUAHAOBC><GUAHAOLB>4</GUAHAOLB><KESHIDM>10250107</KESHIDM><YISHENGDM>7004</YISHENGDM><GUAHAOXH>6</GUAHAOXH><JIUZHENSJ /><YIZHOUPBID>1000148366</YIZHOUPBID><DANGTIANPBID>1000148366</DANGTIANPBID></HAOYUANXX><HAOYUANXX><RIQI>2015-04-17</RIQI><GUAHAOBC>1</GUAHAOBC><GUAHAOLB>4</GUAHAOLB><KESHIDM>10250107</KESHIDM><YISHENGDM>7004</YISHENGDM><GUAHAOXH>7</GUAHAOXH><JIUZHENSJ /><YIZHOUPBID>1000148366</YIZHOUPBID><DANGTIANPBID>1000148366</DANGTIANPBID></HAOYUANXX><HAOYUANXX><RIQI>2015-04-17</RIQI><GUAHAOBC>1</GUAHAOBC><GUAHAOLB>4</GUAHAOLB><KESHIDM>10250107</KESHIDM><YISHENGDM>7004</YISHENGDM><GUAHAOXH>8</GUAHAOXH><JIUZHENSJ /><YIZHOUPBID>1000148366</YIZHOUPBID><DANGTIANPBID>1000148366</DANGTIANPBID></HAOYUANXX><HAOYUANXX><RIQI>2015-04-17</RIQI><GUAHAOBC>1</GUAHAOBC><GUAHAOLB>4</GUAHAOLB><KESHIDM>10250107</KESHIDM><YISHENGDM>7004</YISHENGDM><GUAHAOXH>9</GUAHAOXH><JIUZHENSJ /><YIZHOUPBID>1000148366</YIZHOUPBID><DANGTIANPBID>1000148366</DANGTIANPBID></HAOYUANXX><HAOYUANXX><RIQI>2015-04-17</RIQI><GUAHAOBC>1</GUAHAOBC><GUAHAOLB>4</GUAHAOLB><KESHIDM>10250107</KESHIDM><YISHENGDM>7004</YISHENGDM><GUAHAOXH>10</GUAHAOXH><JIUZHENSJ /><YIZHOUPBID>1000148366</YIZHOUPBID><DANGTIANPBID>1000148366</DANGTIANPBID></HAOYUANXX><HAOYUANXX><RIQI>2015-04-17</RIQI><GUAHAOBC>1</GUAHAOBC><GUAHAOLB>4</GUAHAOLB><KESHIDM>10250107</KESHIDM><YISHENGDM>7004</YISHENGDM><GUAHAOXH>11</GUAHAOXH><JIUZHENSJ /><YIZHOUPBID>1000148366</YIZHOUPBID><DANGTIANPBID>1000148366</DANGTIANPBID></HAOYUANXX><HAOYUANXX><RIQI>2015-04-17</RIQI><GUAHAOBC>1</GUAHAOBC><GUAHAOLB>4</GUAHAOLB><KESHIDM>10250107</KESHIDM><YISHENGDM>7004</YISHENGDM><GUAHAOXH>12</GUAHAOXH><JIUZHENSJ /><YIZHOUPBID>1000148366</YIZHOUPBID><DANGTIANPBID>1000148366</DANGTIANPBID></HAOYUANXX><HAOYUANXX><RIQI>2015-04-17</RIQI><GUAHAOBC>1</GUAHAOBC><GUAHAOLB>4</GUAHAOLB><KESHIDM>10250107</KESHIDM><YISHENGDM>7004</YISHENGDM><GUAHAOXH>13</GUAHAOXH><JIUZHENSJ /><YIZHOUPBID>1000148366</YIZHOUPBID><DANGTIANPBID>1000148366</DANGTIANPBID></HAOYUANXX><HAOYUANXX><RIQI>2015-04-17</RIQI><GUAHAOBC>1</GUAHAOBC><GUAHAOLB>4</GUAHAOLB><KESHIDM>10250107</KESHIDM><YISHENGDM>7004</YISHENGDM><GUAHAOXH>14</GUAHAOXH><JIUZHENSJ /><YIZHOUPBID>1000148366</YIZHOUPBID><DANGTIANPBID>1000148366</DANGTIANPBID></HAOYUANXX><HAOYUANXX><RIQI>2015-04-17</RIQI><GUAHAOBC>1</GUAHAOBC><GUAHAOLB>4</GUAHAOLB><KESHIDM>10250107</KESHIDM><YISHENGDM>7004</YISHENGDM><GUAHAOXH>15</GUAHAOXH><JIUZHENSJ /><YIZHOUPBID>1000148366</YIZHOUPBID><DANGTIANPBID>1000148366</DANGTIANPBID></HAOYUANXX><HAOYUANXX><RIQI>2015-04-17</RIQI><GUAHAOBC>1</GUAHAOBC><GUAHAOLB>4</GUAHAOLB><KESHIDM>10250107</KESHIDM><YISHENGDM>7004</YISHENGDM><GUAHAOXH>16</GUAHAOXH><JIUZHENSJ /><YIZHOUPBID>1000148366</YIZHOUPBID><DANGTIANPBID>1000148366</DANGTIANPBID></HAOYUANXX><HAOYUANXX><RIQI>2015-04-17</RIQI><GUAHAOBC>1</GUAHAOBC><GUAHAOLB>4</GUAHAOLB><KESHIDM>10250107</KESHIDM><YISHENGDM>7004</YISHENGDM><GUAHAOXH>17</GUAHAOXH><JIUZHENSJ /><YIZHOUPBID>1000148366</YIZHOUPBID><DANGTIANPBID>1000148366</DANGTIANPBID></HAOYUANXX><HAOYUANXX><RIQI>2015-04-17</RIQI><GUAHAOBC>1</GUAHAOBC><GUAHAOLB>4</GUAHAOLB><KESHIDM>10250107</KESHIDM><YISHENGDM>7004</YISHENGDM><GUAHAOXH>18</GUAHAOXH><JIUZHENSJ /><YIZHOUPBID>1000148366</YIZHOUPBID><DANGTIANPBID>1000148366</DANGTIANPBID></HAOYUANXX><HAOYUANXX><RIQI>2015-04-17</RIQI><GUAHAOBC>1</GUAHAOBC><GUAHAOLB>4</GUAHAOLB><KESHIDM>10250107</KESHIDM><YISHENGDM>7004</YISHENGDM><GUAHAOXH>19</GUAHAOXH><JIUZHENSJ /><YIZHOUPBID>1000148366</YIZHOUPBID><DANGTIANPBID>1000148366</DANGTIANPBID></HAOYUANXX><HAOYUANXX><RIQI>2015-04-17</RIQI><GUAHAOBC>1</GUAHAOBC><GUAHAOLB>4</GUAHAOLB><KESHIDM>10250107</KESHIDM><YISHENGDM>7004</YISHENGDM><GUAHAOXH>20</GUAHAOXH><JIUZHENSJ /><YIZHOUPBID>1000148366</YIZHOUPBID><DANGTIANPBID>1000148366</DANGTIANPBID></HAOYUANXX><HAOYUANXX><RIQI>2015-04-17</RIQI><GUAHAOBC>1</GUAHAOBC><GUAHAOLB>4</GUAHAOLB><KESHIDM>10250107</KESHIDM><YISHENGDM>7004</YISHENGDM><GUAHAOXH>21</GUAHAOXH><JIUZHENSJ /><YIZHOUPBID>1000148366</YIZHOUPBID><DANGTIANPBID>1000148366</DANGTIANPBID></HAOYUANXX><HAOYUANXX><RIQI>2015-04-17</RIQI><GUAHAOBC>1</GUAHAOBC><GUAHAOLB>4</GUAHAOLB><KESHIDM>10250107</KESHIDM><YISHENGDM>7004</YISHENGDM><GUAHAOXH>22</GUAHAOXH><JIUZHENSJ /><YIZHOUPBID>1000148366</YIZHOUPBID><DANGTIANPBID>1000148366</DANGTIANPBID></HAOYUANXX><HAOYUANXX><RIQI>2015-04-17</RIQI><GUAHAOBC>1</GUAHAOBC><GUAHAOLB>4</GUAHAOLB><KESHIDM>10250107</KESHIDM><YISHENGDM>7004</YISHENGDM><GUAHAOXH>23</GUAHAOXH><JIUZHENSJ /><YIZHOUPBID>1000148366</YIZHOUPBID><DANGTIANPBID>1000148366</DANGTIANPBID></HAOYUANXX><HAOYUANXX><RIQI>2015-04-17</RIQI><GUAHAOBC>1</GUAHAOBC><GUAHAOLB>4</GUAHAOLB><KESHIDM>10250107</KESHIDM><YISHENGDM>7004</YISHENGDM><GUAHAOXH>24</GUAHAOXH><JIUZHENSJ /><YIZHOUPBID>1000148366</YIZHOUPBID><DANGTIANPBID>1000148366</DANGTIANPBID></HAOYUANXX><HAOYUANXX><RIQI>2015-04-17</RIQI><GUAHAOBC>1</GUAHAOBC><GUAHAOLB>4</GUAHAOLB><KESHIDM>10250107</KESHIDM><YISHENGDM>7004</YISHENGDM><GUAHAOXH>25</GUAHAOXH><JIUZHENSJ /><YIZHOUPBID>1000148366</YIZHOUPBID><DANGTIANPBID>1000148366</DANGTIANPBID></HAOYUANXX><HAOYUANXX><RIQI>2015-04-17</RIQI><GUAHAOBC>1</GUAHAOBC><GUAHAOLB>4</GUAHAOLB><KESHIDM>10250107</KESHIDM><YISHENGDM>7004</YISHENGDM><GUAHAOXH>26</GUAHAOXH><JIUZHENSJ /><YIZHOUPBID>1000148366</YIZHOUPBID><DANGTIANPBID>1000148366</DANGTIANPBID></HAOYUANXX><HAOYUANXX><RIQI>2015-04-17</RIQI><GUAHAOBC>1</GUAHAOBC><GUAHAOLB>4</GUAHAOLB><KESHIDM>10250107</KESHIDM><YISHENGDM>7004</YISHENGDM><GUAHAOXH>27</GUAHAOXH><JIUZHENSJ /><YIZHOUPBID>1000148366</YIZHOUPBID><DANGTIANPBID>1000148366</DANGTIANPBID></HAOYUANXX><HAOYUANXX><RIQI>2015-04-17</RIQI><GUAHAOBC>1</GUAHAOBC><GUAHAOLB>4</GUAHAOLB><KESHIDM>10250107</KESHIDM><YISHENGDM>7004</YISHENGDM><GUAHAOXH>28</GUAHAOXH><JIUZHENSJ /><YIZHOUPBID>1000148366</YIZHOUPBID><DANGTIANPBID>1000148366</DANGTIANPBID></HAOYUANXX><HAOYUANXX><RIQI>2015-04-17</RIQI><GUAHAOBC>1</GUAHAOBC><GUAHAOLB>4</GUAHAOLB><KESHIDM>10250107</KESHIDM><YISHENGDM>7004</YISHENGDM><GUAHAOXH>29</GUAHAOXH><JIUZHENSJ /><YIZHOUPBID>1000148366</YIZHOUPBID><DANGTIANPBID>1000148366</DANGTIANPBID></HAOYUANXX><HAOYUANXX><RIQI>2015-04-17</RIQI><GUAHAOBC>1</GUAHAOBC><GUAHAOLB>4</GUAHAOLB><KESHIDM>10250107</KESHIDM><YISHENGDM>7004</YISHENGDM><GUAHAOXH>30</GUAHAOXH><JIUZHENSJ /><YIZHOUPBID>1000148366</YIZHOUPBID><DANGTIANPBID>1000148366</DANGTIANPBID></HAOYUANXX><HAOYUANXX><RIQI>2015-04-17</RIQI><GUAHAOBC>1</GUAHAOBC><GUAHAOLB>4</GUAHAOLB><KESHIDM>10250107</KESHIDM><YISHENGDM>7004</YISHENGDM><GUAHAOXH>31</GUAHAOXH><JIUZHENSJ /><YIZHOUPBID>1000148366</YIZHOUPBID><DANGTIANPBID>1000148366</DANGTIANPBID></HAOYUANXX><HAOYUANXX><RIQI>2015-04-17</RIQI><GUAHAOBC>1</GUAHAOBC><GUAHAOLB>4</GUAHAOLB><KESHIDM>10250107</KESHIDM><YISHENGDM>7004</YISHENGDM><GUAHAOXH>32</GUAHAOXH><JIUZHENSJ /><YIZHOUPBID>1000148366</YIZHOUPBID><DANGTIANPBID>1000148366</DANGTIANPBID></HAOYUANXX><HAOYUANXX><RIQI>2015-04-17</RIQI><GUAHAOBC>1</GUAHAOBC><GUAHAOLB>4</GUAHAOLB><KESHIDM>10250107</KESHIDM><YISHENGDM>7004</YISHENGDM><GUAHAOXH>33</GUAHAOXH><JIUZHENSJ /><YIZHOUPBID>1000148366</YIZHOUPBID><DANGTIANPBID>1000148366</DANGTIANPBID></HAOYUANXX><HAOYUANXX><RIQI>2015-04-17</RIQI><GUAHAOBC>1</GUAHAOBC><GUAHAOLB>4</GUAHAOLB><KESHIDM>10250107</KESHIDM><YISHENGDM>7004</YISHENGDM><GUAHAOXH>34</GUAHAOXH><JIUZHENSJ /><YIZHOUPBID>1000148366</YIZHOUPBID><DANGTIANPBID>1000148366</DANGTIANPBID></HAOYUANXX><HAOYUANXX><RIQI>2015-04-17</RIQI><GUAHAOBC>1</GUAHAOBC><GUAHAOLB>4</GUAHAOLB><KESHIDM>10250107</KESHIDM><YISHENGDM>7004</YISHENGDM><GUAHAOXH>35</GUAHAOXH><JIUZHENSJ /><YIZHOUPBID>1000148366</YIZHOUPBID><DANGTIANPBID>1000148366</DANGTIANPBID></HAOYUANXX></HAOYUANMX></GUAHAOHYXX_OUT>
