2015-03-31 14:14:50,037 -[28B50689D58B4FE3A62C32E21DA7B7A3][HIS4.Biz.RENYUANXX].IN  <RENYUANXX_IN>                <BASEINFO>                   <CAOZUOYDM>AUTO1</CAOZUOYDM>                   <CAOZUOYXM>自助机1</CAOZUOYXM>                   <CAOZUORQ>2013-03-19 17:35:30</CAOZUORQ>                   <XITONGBS>99</XITONGBS>                   <FENYUANDM>0</FENYUANDM>                </BASEINFO>                <JIUZHENKH>123</JIUZHENKH>                <BINGRENLB>14</BINGRENLB>                <YIBAOKLX>3</YIBAOKLX>                <YIBAOKMM>123456</YIBAOKMM>                <YIBAOKXX>A1234567</YIBAOKXX>                <YILIAOLB>00</YILIAOLB>                <JIESUANLB>02</JIESUANLB>                <JIUZHENRQ>2013-03-19 16:58</JIUZHENRQ>             </RENYUANXX_IN>
2015-03-31 14:15:14,178 -[28B50689D58B4FE3A62C32E21DA7B7A3][HIS4.Biz.RENYUANXX].OUT <?xml version="1.0" encoding="utf-8"?><RENYUANXX_OUT><OUTMSG><ERRNO>-1</ERRNO><ERRMSG>ORA-12170: TNS: 连接超时
</ERRMSG><MessageID>28B50689D58B4FE3A62C32E21DA7B7A3</MessageID></OUTMSG><TESHUBZMX /><CHONGFUJYMX /></RENYUANXX_OUT>
2015-03-31 14:16:17,104 -[97164E38B2D84BB782D9DE2BCB118892][HIS4.Biz.RENYUANXX].IN  <RENYUANXX_IN>                <BASEINFO>                   <CAOZUOYDM>AUTO1</CAOZUOYDM>                   <CAOZUOYXM>自助机1</CAOZUOYXM>                   <CAOZUORQ>2013-03-19 17:35:30</CAOZUORQ>                   <XITONGBS>99</XITONGBS>                   <FENYUANDM>0</FENYUANDM>                </BASEINFO>                <JIUZHENKH>123</JIUZHENKH>                <BINGRENLB>14</BINGRENLB>                <YIBAOKLX>3</YIBAOKLX>                <YIBAOKMM>123456</YIBAOKMM>                <YIBAOKXX>A1234567</YIBAOKXX>                <YILIAOLB>00</YILIAOLB>                <JIESUANLB>02</JIESUANLB>                <JIUZHENRQ>2013-03-19 16:58</JIUZHENRQ>             </RENYUANXX_IN>
2015-03-31 14:17:06,129 -[97164E38B2D84BB782D9DE2BCB118892][HIS4.Biz.RENYUANXX].OUT <?xml version="1.0" encoding="utf-8"?><RENYUANXX_OUT><OUTMSG><ERRNO>-1</ERRNO><ERRMSG>ORA-00933: SQL 命令未正确结束
</ERRMSG><MessageID>97164E38B2D84BB782D9DE2BCB118892</MessageID></OUTMSG><TESHUBZMX /><CHONGFUJYMX /></RENYUANXX_OUT>
2015-03-31 14:30:16,871 -[4078E242BA324753BE73155A26383031][HIS4.Biz.RENYUANXX].IN  <RENYUANXX_IN>   <BASEINFO>     <CAOZUOYDM>AUTO1</CAOZUOYDM>     <CAOZUOYXM>自助机1</CAOZUOYXM>     <CAOZUORQ>2013-03-19 17:35:30</CAOZUORQ>     <XITONGBS>99</XITONGBS>     <FENYUANDM>0</FENYUANDM>   </BASEINFO>   <JIUZHENKH>123</JIUZHENKH>   <BINGRENLB>14</BINGRENLB>   <YILIAOLB>00</YILIAOLB>   <JIESUANLB>02</JIESUANLB> <ZHENGJIANHM>330421198910050522</ZHENGJIANHM>   <JIUZHENRQ>2013-03-19 16:58</JIUZHENRQ> </RENYUANXX_IN>
2015-03-31 14:30:21,319 -[4078E242BA324753BE73155A26383031][HIS4.Biz.RENYUANXX].OUT <?xml version="1.0" encoding="utf-8"?><RENYUANXX_OUT><OUTMSG><ERRNO>-1</ERRNO><ERRMSG>未将对象引用设置到对象的实例。</ERRMSG><MessageID>4078E242BA324753BE73155A26383031</MessageID></OUTMSG><TESHUBZMX /><CHONGFUJYMX /></RENYUANXX_OUT>
2015-03-31 14:30:25,776 -[D2A90697693F4BDE85DF87A7EC9E9657][HIS4.Biz.RENYUANXX].IN  <RENYUANXX_IN>   <BASEINFO>     <CAOZUOYDM>AUTO1</CAOZUOYDM>     <CAOZUOYXM>自助机1</CAOZUOYXM>     <CAOZUORQ>2013-03-19 17:35:30</CAOZUORQ>     <XITONGBS>99</XITONGBS>     <FENYUANDM>0</FENYUANDM>   </BASEINFO>   <JIUZHENKH>123</JIUZHENKH>   <BINGRENLB>14</BINGRENLB>   <YILIAOLB>00</YILIAOLB>   <JIESUANLB>02</JIESUANLB> <ZHENGJIANHM>330421198910050522</ZHENGJIANHM>   <JIUZHENRQ>2013-03-19 16:58</JIUZHENRQ> </RENYUANXX_IN>
2015-03-31 14:31:04,015 -[D2A90697693F4BDE85DF87A7EC9E9657][HIS4.Biz.RENYUANXX].OUT <?xml version="1.0" encoding="utf-8"?><RENYUANXX_OUT><OUTMSG><ERRNO>-1</ERRNO><ERRMSG>未将对象引用设置到对象的实例。</ERRMSG><MessageID>D2A90697693F4BDE85DF87A7EC9E9657</MessageID></OUTMSG><TESHUBZMX /><CHONGFUJYMX /></RENYUANXX_OUT>
2015-03-31 14:52:32,242 -[C8C2141D63EE4F8482BDAE1330A10055][HIS4.Biz.GUAHAOKSXX].IN   <GUAHAOKSXX_IN> <BASEINFO>
    <CAOZUOYDM>AUTO1</CAOZUOYDM>
    <CAOZUOYXM>自助机1</CAOZUOYXM>
    <CAOZUORQ>2013-03-19 17:35:30</CAOZUORQ>
    <XITONGBS>99</XITONGBS>
    <FENYUANDM>0</FENYUANDM>
  </BASEINFO>
<GUAHAOFS>2</GUAHAOFS> <RIQI></RIQI> <GUAHAOBC>0</GUAHAOBC> <GUAHAOLB>4</GUAHAOLB> <YIGUAHAORS></YIGUAHAORS> </GUAHAOKSXX_IN>
2015-03-31 14:52:51,574 -[C8C2141D63EE4F8482BDAE1330A10055][HIS4.Biz.GUAHAOKSXX].OUT <?xml version="1.0" encoding="utf-8"?><GUAHAOKSXX_OUT><OUTMSG><ERRNO>-1</ERRNO><ERRMSG>ORA-00936: 缺失表达式
</ERRMSG><MessageID>C8C2141D63EE4F8482BDAE1330A10055</MessageID></OUTMSG><KESHIMX /></GUAHAOKSXX_OUT>
2015-03-31 14:52:55,536 -[00950E137C15413A85782833955B8509][HIS4.Biz.GUAHAOKSXX].IN   <GUAHAOKSXX_IN> <BASEINFO>
    <CAOZUOYDM>AUTO1</CAOZUOYDM>
    <CAOZUOYXM>自助机1</CAOZUOYXM>
    <CAOZUORQ>2013-03-19 17:35:30</CAOZUORQ>
    <XITONGBS>99</XITONGBS>
    <FENYUANDM>0</FENYUANDM>
  </BASEINFO>
<GUAHAOFS>2</GUAHAOFS> <RIQI></RIQI> <GUAHAOBC>0</GUAHAOBC> <GUAHAOLB>4</GUAHAOLB> <YIGUAHAORS></YIGUAHAORS> </GUAHAOKSXX_IN>
2015-03-31 14:54:17,718 -[00950E137C15413A85782833955B8509][HIS4.Biz.GUAHAOKSXX].OUT <?xml version="1.0" encoding="utf-8"?><GUAHAOKSXX_OUT><OUTMSG><ERRNO>-1</ERRNO><ERRMSG>ORA-00936: 缺失表达式
</ERRMSG><MessageID>00950E137C15413A85782833955B8509</MessageID></OUTMSG><KESHIMX /></GUAHAOKSXX_OUT>
2015-03-31 14:55:02,594 -[D1810C18B9814B9785F93C04E4A7FB71][HIS4.Biz.GUAHAOKSXX].IN   <GUAHAOKSXX_IN> <BASEINFO>
    <CAOZUOYDM>AUTO1</CAOZUOYDM>
    <CAOZUOYXM>自助机1</CAOZUOYXM>
    <CAOZUORQ>2013-03-19 17:35:30</CAOZUORQ>
    <XITONGBS>99</XITONGBS>
    <FENYUANDM>0</FENYUANDM>
  </BASEINFO>
<GUAHAOFS>2</GUAHAOFS> <RIQI></RIQI> <GUAHAOBC>0</GUAHAOBC> <GUAHAOLB>4</GUAHAOLB> <YIGUAHAORS></YIGUAHAORS> </GUAHAOKSXX_IN>
2015-03-31 14:55:34,699 -[71A53FBF2F2C432998581DDBEB9CD5EE][HIS4.Biz.GUAHAOKSXX].IN   <GUAHAOKSXX_IN> <BASEINFO>
    <CAOZUOYDM>AUTO1</CAOZUOYDM>
    <CAOZUOYXM>自助机1</CAOZUOYXM>
    <CAOZUORQ>2013-03-19 17:35:30</CAOZUORQ>
    <XITONGBS>99</XITONGBS>
    <FENYUANDM>0</FENYUANDM>
  </BASEINFO>
<GUAHAOFS>2</GUAHAOFS> <RIQI></RIQI> <GUAHAOBC>0</GUAHAOBC> <GUAHAOLB>4</GUAHAOLB> <YIGUAHAORS></YIGUAHAORS> </GUAHAOKSXX_IN>
