2015-01-27 15:01:43,582 -[9793ECEBA2C849398C89D7908749A262][HIS1.Biz.MENZHENJSMX].IN  <MENZHENJSMX_IN>
	<BASEINFO>
		<CAOZUOYDM>AUT1</CAOZUOYDM>
		<CAOZUOYXM>PH001</CAOZUOYXM>
		<CAOZUORQ>2015-01-23 15:06:10</CAOZUORQ>
		<XITONGBS>2</XITONGBS>
		<FENYUANDM>0</FENYUANDM>
		<JIGOUDM></JIGOUDM>
		<JESHOUJGDM></JESHOUJGDM>
		<ZHONGDUANJBH></ZHONGDUANJBH>
		<ZHONGDUANLSH></ZHONGDUANLSH>
		<MessigeId></MessigeId>
		<MACDZ></MACDZ>
	</BASEINFO>
	<JIUZHENKLX>3</JIUZHENKLX>
	<JIUZHENKH>5030095114</JIUZHENKH>
	<JIAOYANMM>5713</JIAOYANMM>
	<KAISHIRQ>2014-12-23</KAISHIRQ>
	<JIESHURQ>2015-01-23</JIESHURQ>
</MENZHENJSMX_IN>
2015-01-27 15:02:07,494 -[9793ECEBA2C849398C89D7908749A262][HIS1.Biz.MENZHENJSMX].OUT <?xml version="1.0" encoding="utf-8"?><MENZHENJSMX_OUT><OUTMSG><ERRNO>-1</ERRNO><ERRMSG>ORA-12535: TNS: ??????
</ERRMSG><ZHONGDUANLSH /><ZHONGDUANJBH /><MessageID>9793ECEBA2C849398C89D7908749A262</MessageID></OUTMSG><JIBINGMX /><FEIYONGMXTS>0</FEIYONGMXTS><FEIYONGMX /></MENZHENJSMX_OUT>
2015-01-27 15:02:26,223 -[C436D1B21A744AE29AC40D679F3F9E54][HIS1.Biz.MENZHENJSMX].IN  <MENZHENJSMX_IN>
	<BASEINFO>
		<CAOZUOYDM>AUT1</CAOZUOYDM>
		<CAOZUOYXM>PH001</CAOZUOYXM>
		<CAOZUORQ>2015-01-23 15:06:10</CAOZUORQ>
		<XITONGBS>2</XITONGBS>
		<FENYUANDM>0</FENYUANDM>
		<JIGOUDM></JIGOUDM>
		<JESHOUJGDM></JESHOUJGDM>
		<ZHONGDUANJBH></ZHONGDUANJBH>
		<ZHONGDUANLSH></ZHONGDUANLSH>
		<MessigeId></MessigeId>
		<MACDZ></MACDZ>
	</BASEINFO>
	<JIUZHENKLX>3</JIUZHENKLX>
	<JIUZHENKH>5030095114</JIUZHENKH>
	<JIAOYANMM>5713</JIAOYANMM>
	<KAISHIRQ>2014-12-23</KAISHIRQ>
	<JIESHURQ>2015-01-23</JIESHURQ>
</MENZHENJSMX_IN>
2015-01-27 15:04:16,462 -[C436D1B21A744AE29AC40D679F3F9E54][HIS1.Biz.MENZHENJSMX].OUT <?xml version="1.0" encoding="utf-8"?><MENZHENJSMX_OUT><OUTMSG><ERRNO>-1</ERRNO><ERRMSG>ORA-12535: TNS: ??????
</ERRMSG><ZHONGDUANLSH /><ZHONGDUANJBH /><MessageID>C436D1B21A744AE29AC40D679F3F9E54</MessageID></OUTMSG><JIBINGMX /><FEIYONGMXTS>0</FEIYONGMXTS><FEIYONGMX /></MENZHENJSMX_OUT>
