2015-01-29 14:10:52,637 -[5020502055BE46FC80DEA0C38DA07EC6][HIS1.Biz.GUAHAOYCL].IN  <GUAHAOYCL_IN>
	<BASEINFO>
		<CAOZUOYDM>AUTO</CAOZUOYDM>
		<CAOZUOYXM>зджњЛњ</CAOZUOYXM>
		<CAOZUORQ>2015-01-29</CAOZUORQ>
		<XITONGBS>99</XITONGBS>
		<FENYUANDM>0</FENYUANDM>
	</BASEINFO>
	<JIUZHENKH>6200003686244</JIUZHENKH>
	<JIUZHENKLX/>
	<BINGRENLB/>
	<BINGRENXZ/>
	<YIBAOKLX/>
	<YIBAOKMM/>
	<YIBAOKXX/>
	<YIBAOBRXX/>
	<YILIAOLB/>
	<JIESUANLB/>
	<YIZHOUPBID/>
	<DANGTIANPBID>191426</DANGTIANPBID>
	<RIQI>2015-01-29</RIQI>
	<GUAHAOBC>3</GUAHAOBC>
	<GUAHAOLB>1</GUAHAOLB>
	<KESHIDM>2001023</KESHIDM>
	<YISHENGDM>*</YISHENGDM>
	<GUAHAOXH>0</GUAHAOXH>
	<GUAHAOID>0</GUAHAOID>
	<DAISHOUFY/>
	<YUYUELY/>
	<BINGLIBH/>
	<ZHIFUMX/>
	<CHONGFUJYMX/>
	<HISBRXX/>
	<JIESUANID/>
</GUAHAOYCL_IN>

2015-01-29 14:11:22,853 -[5020502055BE46FC80DEA0C38DA07EC6][HIS1.Biz.GUAHAOYCL].OUT <?xml version="1.0" encoding="utf-8"?><GUAHAOYCL_OUT><OUTMSG><ERRNO>-1</ERRNO><ERRMSG>ORA-12535: TNS: ??????
</ERRMSG><MessageID>5020502055BE46FC80DEA0C38DA07EC6</MessageID></OUTMSG><FEIYONGMX /><JIESUANJG /><XIANGXIJSJG /><CHONGFUJYMX /></GUAHAOYCL_OUT>
