2015-04-08 13:03:44,602 -[CF67EF3965DC4878B6FD9AEE15051B29][HIS4.Biz.GUAHAOHYXX].IN  <GUAHAOHYXX_IN> <BASEINFO>
    <CAOZUOYDM>AUTO1</CAOZUOYDM>
    <CAOZUOYXM>自助机1</CAOZUOYXM>
    <CAOZUORQ>2013-03-19 17:35:30</CAOZUORQ>
    <XITONGBS>99</XITONGBS>
    <FENYUANDM>1</FENYUANDM>
  </BASEINFO>
<GUAHAOFS>2</GUAHAOFS>
<HAOYUANXSMS>1</HAOYUANXSMS>
 <RIQI></RIQI> <GUAHAOBC>0</GUAHAOBC> <GUAHAOLB>4</GUAHAOLB>
<KESHIDM>01010802</KESHIDM><YISHENGDM>0077</YISHENGDM>
</GUAHAOHYXX_IN>
2015-04-08 13:03:58,110 -[CF67EF3965DC4878B6FD9AEE15051B29][HIS4.Biz.GUAHAOHYXX].OUT <?xml version="1.0" encoding="utf-8"?><GUAHAOHYXX_OUT><OUTMSG><ERRNO>0</ERRNO><ERRMSG /><ERRMSGEX /><MessageID>CF67EF3965DC4878B6FD9AEE15051B29</MessageID></OUTMSG><HAOYUANMX><HAOYUANXX><RIQI>2015-04-09</RIQI><GUAHAOBC>1</GUAHAOBC><GUAHAOLB>4</GUAHAOLB><KESHIDM>01010802</KESHIDM><YISHENGDM>0077</YISHENGDM><GUAHAOXH>1|2|3|4</GUAHAOXH><JIUZHENSJ /><YIZHOUPBID>1000083554</YIZHOUPBID><DANGTIANPBID>1000083554</DANGTIANPBID><GUAHAOFY>4</GUAHAOFY><ZHENLIAOFY>10</ZHENLIAOFY></HAOYUANXX></HAOYUANMX></GUAHAOHYXX_OUT>
2015-04-08 13:03:59,975 -[C67E96FFCBFC4AB69A1CB71CEE0948E2][HIS4.Biz.GUAHAOHYXX].IN  <GUAHAOHYXX_IN> <BASEINFO>
    <CAOZUOYDM>AUTO1</CAOZUOYDM>
    <CAOZUOYXM>自助机1</CAOZUOYXM>
    <CAOZUORQ>2013-03-19 17:35:30</CAOZUORQ>
    <XITONGBS>99</XITONGBS>
    <FENYUANDM>1</FENYUANDM>
  </BASEINFO>
<GUAHAOFS>2</GUAHAOFS>
<HAOYUANXSMS>1</HAOYUANXSMS>
 <RIQI></RIQI> <GUAHAOBC>0</GUAHAOBC> <GUAHAOLB>4</GUAHAOLB>
<KESHIDM>01010802</KESHIDM><YISHENGDM>0077</YISHENGDM>
</GUAHAOHYXX_IN>
2015-04-08 13:04:20,227 -[C67E96FFCBFC4AB69A1CB71CEE0948E2][HIS4.Biz.GUAHAOHYXX].OUT <?xml version="1.0" encoding="utf-8"?><GUAHAOHYXX_OUT><OUTMSG><ERRNO>0</ERRNO><ERRMSG /><ERRMSGEX /><MessageID>C67E96FFCBFC4AB69A1CB71CEE0948E2</MessageID></OUTMSG><HAOYUANMX><HAOYUANXX><RIQI>2015-04-09</RIQI><GUAHAOBC>1</GUAHAOBC><GUAHAOLB>4</GUAHAOLB><KESHIDM>01010802</KESHIDM><YISHENGDM>0077</YISHENGDM><GUAHAOXH>1|2|3|4</GUAHAOXH><JIUZHENSJ /><YIZHOUPBID>1000083554</YIZHOUPBID><DANGTIANPBID>1000083554</DANGTIANPBID><GUAHAOFY>4</GUAHAOFY><ZHENLIAOFY>10</ZHENLIAOFY></HAOYUANXX></HAOYUANMX></GUAHAOHYXX_OUT>
2015-04-08 13:06:44,402 -[852249E54A87494D8E3C136C34E209D8][HIS4.Biz.GUAHAOHYXX].IN  <GUAHAOHYXX_IN> <BASEINFO>
    <CAOZUOYDM>AUTO1</CAOZUOYDM>
    <CAOZUOYXM>自助机1</CAOZUOYXM>
    <CAOZUORQ>2013-03-19 17:35:30</CAOZUORQ>
    <XITONGBS>99</XITONGBS>
    <FENYUANDM>1</FENYUANDM>
  </BASEINFO>
<GUAHAOFS>2</GUAHAOFS>
<HAOYUANXSMS>1</HAOYUANXSMS>
 <RIQI></RIQI> <GUAHAOBC>0</GUAHAOBC> <GUAHAOLB>4</GUAHAOLB>
<KESHIDM>01010802</KESHIDM><YISHENGDM>0077</YISHENGDM>
</GUAHAOHYXX_IN>
2015-04-08 13:06:47,116 -[852249E54A87494D8E3C136C34E209D8][HIS4.Biz.GUAHAOHYXX].OUT <?xml version="1.0" encoding="utf-8"?><GUAHAOHYXX_OUT><OUTMSG><ERRNO>0</ERRNO><ERRMSG /><ERRMSGEX /><MessageID>852249E54A87494D8E3C136C34E209D8</MessageID></OUTMSG><HAOYUANMX><HAOYUANXX><RIQI>2015-04-09</RIQI><GUAHAOBC>1</GUAHAOBC><GUAHAOLB>4</GUAHAOLB><KESHIDM>01010802</KESHIDM><YISHENGDM>0077</YISHENGDM><GUAHAOXH>1|2|3|4</GUAHAOXH><JIUZHENSJ /><YIZHOUPBID>1000083554</YIZHOUPBID><DANGTIANPBID>1000083554</DANGTIANPBID><GUAHAOFY>4</GUAHAOFY><ZHENLIAOFY>10</ZHENLIAOFY></HAOYUANXX></HAOYUANMX></GUAHAOHYXX_OUT>
