2015-04-08 12:22:28,032 -[DA2FD25AF3694D178725EB4CB93C6938][HIS4.Biz.GUAHAOHYXX].IN  <GUAHAOHYXX_IN> <BASEINFO>
    <CAOZUOYDM>AUTO1</CAOZUOYDM>
    <CAOZUOYXM>自助机1</CAOZUOYXM>
    <CAOZUORQ>2013-03-19 17:35:30</CAOZUORQ>
    <XITONGBS>99</XITONGBS>
    <FENYUANDM>1</FENYUANDM>
  </BASEINFO>
<GUAHAOFS>2</GUAHAOFS> <RIQI></RIQI> <GUAHAOBC>0</GUAHAOBC> <GUAHAOLB>4</GUAHAOLB>
<KESHIDM>01010802</KESHIDM><YISHENGDM>0077</YISHENGDM>
</GUAHAOHYXX_IN>
2015-04-08 12:22:33,145 -[DA2FD25AF3694D178725EB4CB93C6938][HIS4.Biz.GUAHAOHYXX].OUT <?xml version="1.0" encoding="utf-8"?><GUAHAOHYXX_OUT><OUTMSG><ERRNO>0</ERRNO><ERRMSG /><ERRMSGEX /><MessageID>DA2FD25AF3694D178725EB4CB93C6938</MessageID></OUTMSG><HAOYUANMX><HAOYUANXX><RIQI>2015-04-09</RIQI><GUAHAOBC>1</GUAHAOBC><GUAHAOLB>4</GUAHAOLB><KESHIDM>01010802</KESHIDM><YISHENGDM>0077</YISHENGDM><GUAHAOXH>1</GUAHAOXH><JIUZHENSJ /><YIZHOUPBID>1000083554</YIZHOUPBID><DANGTIANPBID>1000083554</DANGTIANPBID><GUAHAOFY>4</GUAHAOFY><ZHENLIAOFY>10</ZHENLIAOFY></HAOYUANXX><HAOYUANXX><RIQI>2015-04-09</RIQI><GUAHAOBC>1</GUAHAOBC><GUAHAOLB>4</GUAHAOLB><KESHIDM>01010802</KESHIDM><YISHENGDM>0077</YISHENGDM><GUAHAOXH>2</GUAHAOXH><JIUZHENSJ /><YIZHOUPBID>1000083554</YIZHOUPBID><DANGTIANPBID>1000083554</DANGTIANPBID><GUAHAOFY>4</GUAHAOFY><ZHENLIAOFY>10</ZHENLIAOFY></HAOYUANXX><HAOYUANXX><RIQI>2015-04-09</RIQI><GUAHAOBC>1</GUAHAOBC><GUAHAOLB>4</GUAHAOLB><KESHIDM>01010802</KESHIDM><YISHENGDM>0077</YISHENGDM><GUAHAOXH>3</GUAHAOXH><JIUZHENSJ /><YIZHOUPBID>1000083554</YIZHOUPBID><DANGTIANPBID>1000083554</DANGTIANPBID><GUAHAOFY>4</GUAHAOFY><ZHENLIAOFY>10</ZHENLIAOFY></HAOYUANXX><HAOYUANXX><RIQI>2015-04-09</RIQI><GUAHAOBC>1</GUAHAOBC><GUAHAOLB>4</GUAHAOLB><KESHIDM>01010802</KESHIDM><YISHENGDM>0077</YISHENGDM><GUAHAOXH>4</GUAHAOXH><JIUZHENSJ /><YIZHOUPBID>1000083554</YIZHOUPBID><DANGTIANPBID>1000083554</DANGTIANPBID><GUAHAOFY>4</GUAHAOFY><ZHENLIAOFY>10</ZHENLIAOFY></HAOYUANXX></HAOYUANMX></GUAHAOHYXX_OUT>
2015-04-08 12:23:31,355 -[17DB817B4C4746418235702E0D752CE8][HIS4.Biz.GUAHAOHYXX].IN  <GUAHAOHYXX_IN> <BASEINFO>
    <CAOZUOYDM>AUTO1</CAOZUOYDM>
    <CAOZUOYXM>自助机1</CAOZUOYXM>
    <CAOZUORQ>2013-03-19 17:35:30</CAOZUORQ>
    <XITONGBS>99</XITONGBS>
    <FENYUANDM>1</FENYUANDM>
  </BASEINFO>
<GUAHAOFS>2</GUAHAOFS>
<HAOYUANXSMS>1</HAOYUANXSMS>
 <RIQI></RIQI> <GUAHAOBC>0</GUAHAOBC> <GUAHAOLB>4</GUAHAOLB>
<KESHIDM>01010802</KESHIDM><YISHENGDM>0077</YISHENGDM>
</GUAHAOHYXX_IN>
2015-04-08 12:23:34,080 -[17DB817B4C4746418235702E0D752CE8][HIS4.Biz.GUAHAOHYXX].OUT <?xml version="1.0" encoding="utf-8"?><GUAHAOHYXX_OUT><OUTMSG><ERRNO>-1</ERRNO><ERRMSG>ORA-00936: 缺失表达式
</ERRMSG><ERRMSGEX /><MessageID>17DB817B4C4746418235702E0D752CE8</MessageID></OUTMSG><HAOYUANMX /></GUAHAOHYXX_OUT>
2015-04-08 12:24:59,480 -[009C4252F7574877934D10ECE65F3850][HIS4.Biz.GUAHAOHYXX].IN  <GUAHAOHYXX_IN> <BASEINFO>
    <CAOZUOYDM>AUTO1</CAOZUOYDM>
    <CAOZUOYXM>自助机1</CAOZUOYXM>
    <CAOZUORQ>2013-03-19 17:35:30</CAOZUORQ>
    <XITONGBS>99</XITONGBS>
    <FENYUANDM>1</FENYUANDM>
  </BASEINFO>
<GUAHAOFS>2</GUAHAOFS>
<HAOYUANXSMS>1</HAOYUANXSMS>
 <RIQI></RIQI> <GUAHAOBC>0</GUAHAOBC> <GUAHAOLB>4</GUAHAOLB>
<KESHIDM>01010802</KESHIDM><YISHENGDM>0077</YISHENGDM>
</GUAHAOHYXX_IN>
2015-04-08 12:25:03,187 -[009C4252F7574877934D10ECE65F3850][HIS4.Biz.GUAHAOHYXX].OUT <?xml version="1.0" encoding="utf-8"?><GUAHAOHYXX_OUT><OUTMSG><ERRNO>-1</ERRNO><ERRMSG>ORA-00936: 缺失表达式
</ERRMSG><ERRMSGEX /><MessageID>009C4252F7574877934D10ECE65F3850</MessageID></OUTMSG><HAOYUANMX /></GUAHAOHYXX_OUT>
2015-04-08 12:25:07,070 -[7EE621990D5046EDA5B95A2B1F0D810D][HIS4.Biz.GUAHAOHYXX].IN  <GUAHAOHYXX_IN> <BASEINFO>
    <CAOZUOYDM>AUTO1</CAOZUOYDM>
    <CAOZUOYXM>自助机1</CAOZUOYXM>
    <CAOZUORQ>2013-03-19 17:35:30</CAOZUORQ>
    <XITONGBS>99</XITONGBS>
    <FENYUANDM>1</FENYUANDM>
  </BASEINFO>
<GUAHAOFS>2</GUAHAOFS>
<HAOYUANXSMS>1</HAOYUANXSMS>
 <RIQI></RIQI> <GUAHAOBC>0</GUAHAOBC> <GUAHAOLB>4</GUAHAOLB>
<KESHIDM>01010802</KESHIDM><YISHENGDM>0077</YISHENGDM>
</GUAHAOHYXX_IN>
2015-04-08 12:26:33,087 -[7EE621990D5046EDA5B95A2B1F0D810D][HIS4.Biz.GUAHAOHYXX].OUT <?xml version="1.0" encoding="utf-8"?><GUAHAOHYXX_OUT><OUTMSG><ERRNO>-1</ERRNO><ERRMSG>ORA-00936: 缺失表达式
</ERRMSG><ERRMSGEX /><MessageID>7EE621990D5046EDA5B95A2B1F0D810D</MessageID></OUTMSG><HAOYUANMX /></GUAHAOHYXX_OUT>
2015-04-08 12:26:36,065 -[754E66D0767F4F28A2DCE34107460B3D][HIS4.Biz.GUAHAOHYXX].IN  <GUAHAOHYXX_IN> <BASEINFO>
    <CAOZUOYDM>AUTO1</CAOZUOYDM>
    <CAOZUOYXM>自助机1</CAOZUOYXM>
    <CAOZUORQ>2013-03-19 17:35:30</CAOZUORQ>
    <XITONGBS>99</XITONGBS>
    <FENYUANDM>1</FENYUANDM>
  </BASEINFO>
<GUAHAOFS>2</GUAHAOFS>
<HAOYUANXSMS>1</HAOYUANXSMS>
 <RIQI></RIQI> <GUAHAOBC>0</GUAHAOBC> <GUAHAOLB>4</GUAHAOLB>
<KESHIDM>01010802</KESHIDM><YISHENGDM>0077</YISHENGDM>
</GUAHAOHYXX_IN>
2015-04-08 12:26:48,143 -[754E66D0767F4F28A2DCE34107460B3D][HIS4.Biz.GUAHAOHYXX].OUT <?xml version="1.0" encoding="utf-8"?><GUAHAOHYXX_OUT><OUTMSG><ERRNO>-1</ERRNO><ERRMSG>ORA-00936: 缺失表达式
</ERRMSG><ERRMSGEX /><MessageID>754E66D0767F4F28A2DCE34107460B3D</MessageID></OUTMSG><HAOYUANMX /></GUAHAOHYXX_OUT>
2015-04-08 12:26:50,820 -[7C0223B257034AEC8ED82F7F354FD924][HIS4.Biz.GUAHAOHYXX].IN  <GUAHAOHYXX_IN> <BASEINFO>
    <CAOZUOYDM>AUTO1</CAOZUOYDM>
    <CAOZUOYXM>自助机1</CAOZUOYXM>
    <CAOZUORQ>2013-03-19 17:35:30</CAOZUORQ>
    <XITONGBS>99</XITONGBS>
    <FENYUANDM>1</FENYUANDM>
  </BASEINFO>
<GUAHAOFS>2</GUAHAOFS>
<HAOYUANXSMS>1</HAOYUANXSMS>
 <RIQI></RIQI> <GUAHAOBC>0</GUAHAOBC> <GUAHAOLB>4</GUAHAOLB>
<KESHIDM>01010802</KESHIDM><YISHENGDM>0077</YISHENGDM>
</GUAHAOHYXX_IN>
2015-04-08 12:27:37,548 -[7C0223B257034AEC8ED82F7F354FD924][HIS4.Biz.GUAHAOHYXX].OUT <?xml version="1.0" encoding="utf-8"?><GUAHAOHYXX_OUT><OUTMSG><ERRNO>-1</ERRNO><ERRMSG>ORA-00936: 缺失表达式
</ERRMSG><ERRMSGEX /><MessageID>7C0223B257034AEC8ED82F7F354FD924</MessageID></OUTMSG><HAOYUANMX /></GUAHAOHYXX_OUT>
2015-04-08 12:30:52,687 -[A90296E0707043ED8AF87C1BE1EEFDDB][HIS4.Biz.GUAHAOHYXX].IN  <GUAHAOHYXX_IN> <BASEINFO>
    <CAOZUOYDM>AUTO1</CAOZUOYDM>
    <CAOZUOYXM>自助机1</CAOZUOYXM>
    <CAOZUORQ>2013-03-19 17:35:30</CAOZUORQ>
    <XITONGBS>99</XITONGBS>
    <FENYUANDM>1</FENYUANDM>
  </BASEINFO>
<GUAHAOFS>2</GUAHAOFS>
<HAOYUANXSMS>1</HAOYUANXSMS>
 <RIQI></RIQI> <GUAHAOBC>0</GUAHAOBC> <GUAHAOLB>4</GUAHAOLB>
<KESHIDM>01010802</KESHIDM><YISHENGDM>0077</YISHENGDM>
</GUAHAOHYXX_IN>
2015-04-08 12:30:57,646 -[A90296E0707043ED8AF87C1BE1EEFDDB][HIS4.Biz.GUAHAOHYXX].OUT <?xml version="1.0" encoding="utf-8"?><GUAHAOHYXX_OUT><OUTMSG><ERRNO>-1</ERRNO><ERRMSG>ORA-00936: 缺失表达式
</ERRMSG><ERRMSGEX /><MessageID>A90296E0707043ED8AF87C1BE1EEFDDB</MessageID></OUTMSG><HAOYUANMX /></GUAHAOHYXX_OUT>
2015-04-08 12:31:02,425 -[B9121CC1055F4A779CC22E813D4D2FD2][HIS4.Biz.GUAHAOHYXX].IN  <GUAHAOHYXX_IN> <BASEINFO>
    <CAOZUOYDM>AUTO1</CAOZUOYDM>
    <CAOZUOYXM>自助机1</CAOZUOYXM>
    <CAOZUORQ>2013-03-19 17:35:30</CAOZUORQ>
    <XITONGBS>99</XITONGBS>
    <FENYUANDM>1</FENYUANDM>
  </BASEINFO>
<GUAHAOFS>2</GUAHAOFS>
<HAOYUANXSMS>1</HAOYUANXSMS>
 <RIQI></RIQI> <GUAHAOBC>0</GUAHAOBC> <GUAHAOLB>4</GUAHAOLB>
<KESHIDM>01010802</KESHIDM><YISHENGDM>0077</YISHENGDM>
</GUAHAOHYXX_IN>
2015-04-08 12:31:11,591 -[B9121CC1055F4A779CC22E813D4D2FD2][HIS4.Biz.GUAHAOHYXX].OUT <?xml version="1.0" encoding="utf-8"?><GUAHAOHYXX_OUT><OUTMSG><ERRNO>-1</ERRNO><ERRMSG>ORA-00936: 缺失表达式
</ERRMSG><ERRMSGEX /><MessageID>B9121CC1055F4A779CC22E813D4D2FD2</MessageID></OUTMSG><HAOYUANMX /></GUAHAOHYXX_OUT>
2015-04-08 12:31:13,498 -[1C5A0FC8C83F45408651FF846F5A9BE2][HIS4.Biz.GUAHAOHYXX].IN  <GUAHAOHYXX_IN> <BASEINFO>
    <CAOZUOYDM>AUTO1</CAOZUOYDM>
    <CAOZUOYXM>自助机1</CAOZUOYXM>
    <CAOZUORQ>2013-03-19 17:35:30</CAOZUORQ>
    <XITONGBS>99</XITONGBS>
    <FENYUANDM>1</FENYUANDM>
  </BASEINFO>
<GUAHAOFS>2</GUAHAOFS>
<HAOYUANXSMS>1</HAOYUANXSMS>
 <RIQI></RIQI> <GUAHAOBC>0</GUAHAOBC> <GUAHAOLB>4</GUAHAOLB>
<KESHIDM>01010802</KESHIDM><YISHENGDM>0077</YISHENGDM>
</GUAHAOHYXX_IN>
2015-04-08 12:31:42,771 -[1C5A0FC8C83F45408651FF846F5A9BE2][HIS4.Biz.GUAHAOHYXX].OUT <?xml version="1.0" encoding="utf-8"?><GUAHAOHYXX_OUT><OUTMSG><ERRNO>-1</ERRNO><ERRMSG>ORA-00936: 缺失表达式
</ERRMSG><ERRMSGEX /><MessageID>1C5A0FC8C83F45408651FF846F5A9BE2</MessageID></OUTMSG><HAOYUANMX /></GUAHAOHYXX_OUT>
2015-04-08 12:33:48,951 -[6DB1FCF577064244BDCA5D39B18776E2][HIS4.Biz.GUAHAOHYXX].IN  <GUAHAOHYXX_IN> <BASEINFO>
    <CAOZUOYDM>AUTO1</CAOZUOYDM>
    <CAOZUOYXM>自助机1</CAOZUOYXM>
    <CAOZUORQ>2013-03-19 17:35:30</CAOZUORQ>
    <XITONGBS>99</XITONGBS>
    <FENYUANDM>1</FENYUANDM>
  </BASEINFO>
<GUAHAOFS>2</GUAHAOFS>
<HAOYUANXSMS>1</HAOYUANXSMS>
 <RIQI></RIQI> <GUAHAOBC>0</GUAHAOBC> <GUAHAOLB>4</GUAHAOLB>
<KESHIDM>01010802</KESHIDM><YISHENGDM>0077</YISHENGDM>
</GUAHAOHYXX_IN>
2015-04-08 12:33:53,231 -[6DB1FCF577064244BDCA5D39B18776E2][HIS4.Biz.GUAHAOHYXX].OUT <?xml version="1.0" encoding="utf-8"?><GUAHAOHYXX_OUT><OUTMSG><ERRNO>0</ERRNO><ERRMSG /><ERRMSGEX /><MessageID>6DB1FCF577064244BDCA5D39B18776E2</MessageID></OUTMSG><HAOYUANMX><HAOYUANXX><RIQI>2015-04-09</RIQI><GUAHAOBC>1</GUAHAOBC><GUAHAOLB>4</GUAHAOLB><KESHIDM>01010802</KESHIDM><YISHENGDM>0077</YISHENGDM><GUAHAOXH>1|2|3|4</GUAHAOXH><JIUZHENSJ /><YIZHOUPBID>1000083554</YIZHOUPBID><DANGTIANPBID>1000083554</DANGTIANPBID><GUAHAOFY>4</GUAHAOFY><ZHENLIAOFY>10</ZHENLIAOFY></HAOYUANXX></HAOYUANMX></GUAHAOHYXX_OUT>
2015-04-08 12:37:31,547 -[A6075734D0854886AD7BE0D194AB6683][HIS4.Biz.GUAHAOHYXX].IN  <GUAHAOHYXX_IN> <BASEINFO>
    <CAOZUOYDM>AUTO1</CAOZUOYDM>
    <CAOZUOYXM>自助机1</CAOZUOYXM>
    <CAOZUORQ>2013-03-19 17:35:30</CAOZUORQ>
    <XITONGBS>99</XITONGBS>
    <FENYUANDM>1</FENYUANDM>
  </BASEINFO>
<GUAHAOFS>2</GUAHAOFS>
<HAOYUANXSMS>1</HAOYUANXSMS>
 <RIQI></RIQI> <GUAHAOBC>0</GUAHAOBC> <GUAHAOLB>4</GUAHAOLB>
<KESHIDM>01010802</KESHIDM><YISHENGDM>0077</YISHENGDM>
</GUAHAOHYXX_IN>
2015-04-08 12:37:43,710 -[A6075734D0854886AD7BE0D194AB6683][HIS4.Biz.GUAHAOHYXX].OUT <?xml version="1.0" encoding="utf-8"?><GUAHAOHYXX_OUT><OUTMSG><ERRNO>-1</ERRNO><ERRMSG>该科室或医生号源没有排班或已挂完！</ERRMSG><ERRMSGEX /><MessageID>A6075734D0854886AD7BE0D194AB6683</MessageID></OUTMSG><HAOYUANMX /></GUAHAOHYXX_OUT>
2015-04-08 12:38:06,261 -[8D41B40AFA354102ACC822E5D1606470][HIS4.Biz.GUAHAOHYXX].IN  <GUAHAOHYXX_IN> <BASEINFO>
    <CAOZUOYDM>AUTO1</CAOZUOYDM>
    <CAOZUOYXM>自助机1</CAOZUOYXM>
    <CAOZUORQ>2013-03-19 17:35:30</CAOZUORQ>
    <XITONGBS>99</XITONGBS>
    <FENYUANDM>1</FENYUANDM>
  </BASEINFO>
<GUAHAOFS>2</GUAHAOFS>
<HAOYUANXSMS>1</HAOYUANXSMS>
 <RIQI></RIQI> <GUAHAOBC>0</GUAHAOBC> <GUAHAOLB>4</GUAHAOLB>
<KESHIDM>01010802</KESHIDM><YISHENGDM>0077</YISHENGDM>
</GUAHAOHYXX_IN>
2015-04-08 12:39:07,675 -[8D41B40AFA354102ACC822E5D1606470][HIS4.Biz.GUAHAOHYXX].OUT <?xml version="1.0" encoding="utf-8"?><GUAHAOHYXX_OUT><OUTMSG><ERRNO>-1</ERRNO><ERRMSG>该科室或医生号源没有排班或已挂完！</ERRMSG><ERRMSGEX /><MessageID>8D41B40AFA354102ACC822E5D1606470</MessageID></OUTMSG><HAOYUANMX /></GUAHAOHYXX_OUT>
2015-04-08 12:39:11,797 -[52A1127F91C8434C9D256E19D3F5260F][HIS4.Biz.GUAHAOHYXX].IN  <GUAHAOHYXX_IN> <BASEINFO>
    <CAOZUOYDM>AUTO1</CAOZUOYDM>
    <CAOZUOYXM>自助机1</CAOZUOYXM>
    <CAOZUORQ>2013-03-19 17:35:30</CAOZUORQ>
    <XITONGBS>99</XITONGBS>
    <FENYUANDM>1</FENYUANDM>
  </BASEINFO>
<GUAHAOFS>2</GUAHAOFS>
<HAOYUANXSMS>1</HAOYUANXSMS>
 <RIQI></RIQI> <GUAHAOBC>0</GUAHAOBC> <GUAHAOLB>4</GUAHAOLB>
<KESHIDM>01010802</KESHIDM><YISHENGDM>0077</YISHENGDM>
</GUAHAOHYXX_IN>
2015-04-08 12:39:30,414 -[52A1127F91C8434C9D256E19D3F5260F][HIS4.Biz.GUAHAOHYXX].OUT <?xml version="1.0" encoding="utf-8"?><GUAHAOHYXX_OUT><OUTMSG><ERRNO>-1</ERRNO><ERRMSG>该科室或医生号源没有排班或已挂完！</ERRMSG><ERRMSGEX /><MessageID>52A1127F91C8434C9D256E19D3F5260F</MessageID></OUTMSG><HAOYUANMX /></GUAHAOHYXX_OUT>
2015-04-08 12:40:15,969 -[376A11DF0C374B5DBBAC99135B66553A][HIS4.Biz.GUAHAOHYXX].IN  <GUAHAOHYXX_IN> <BASEINFO>
    <CAOZUOYDM>AUTO1</CAOZUOYDM>
    <CAOZUOYXM>自助机1</CAOZUOYXM>
    <CAOZUORQ>2013-03-19 17:35:30</CAOZUORQ>
    <XITONGBS>99</XITONGBS>
    <FENYUANDM>1</FENYUANDM>
  </BASEINFO>
<GUAHAOFS>2</GUAHAOFS>
<HAOYUANXSMS>1</HAOYUANXSMS>
 <RIQI></RIQI> <GUAHAOBC>0</GUAHAOBC> <GUAHAOLB>4</GUAHAOLB>
<KESHIDM>01010802</KESHIDM><YISHENGDM>0077</YISHENGDM>
</GUAHAOHYXX_IN>
2015-04-08 12:40:23,430 -[376A11DF0C374B5DBBAC99135B66553A][HIS4.Biz.GUAHAOHYXX].OUT <?xml version="1.0" encoding="utf-8"?><GUAHAOHYXX_OUT><OUTMSG><ERRNO>0</ERRNO><ERRMSG /><ERRMSGEX /><MessageID>376A11DF0C374B5DBBAC99135B66553A</MessageID></OUTMSG><HAOYUANMX><HAOYUANXX><RIQI>2015-04-09</RIQI><GUAHAOBC>1</GUAHAOBC><GUAHAOLB>4</GUAHAOLB><KESHIDM>01010802</KESHIDM><YISHENGDM>0077</YISHENGDM><GUAHAOXH>1|2|3|4</GUAHAOXH><JIUZHENSJ /><YIZHOUPBID>1000083554</YIZHOUPBID><DANGTIANPBID>1000083554</DANGTIANPBID><GUAHAOFY>4</GUAHAOFY><ZHENLIAOFY>10</ZHENLIAOFY></HAOYUANXX></HAOYUANMX></GUAHAOHYXX_OUT>
2015-04-08 12:56:05,905 -[122BE4EF8521498C8133FF836BAC78D0][HIS4.Biz.GUAHAOHYXX].IN  <GUAHAOHYXX_IN> <BASEINFO>
    <CAOZUOYDM>AUTO1</CAOZUOYDM>
    <CAOZUOYXM>自助机1</CAOZUOYXM>
    <CAOZUORQ>2013-03-19 17:35:30</CAOZUORQ>
    <XITONGBS>99</XITONGBS>
    <FENYUANDM>1</FENYUANDM>
  </BASEINFO>
<GUAHAOFS>2</GUAHAOFS>
<HAOYUANXSMS>1</HAOYUANXSMS>
 <RIQI></RIQI> <GUAHAOBC>0</GUAHAOBC> <GUAHAOLB>4</GUAHAOLB>
<KESHIDM>01010802</KESHIDM><YISHENGDM>0077</YISHENGDM>
</GUAHAOHYXX_IN>
2015-04-08 12:56:10,731 -[122BE4EF8521498C8133FF836BAC78D0][HIS4.Biz.GUAHAOHYXX].OUT <?xml version="1.0" encoding="utf-8"?><GUAHAOHYXX_OUT><OUTMSG><ERRNO>0</ERRNO><ERRMSG /><ERRMSGEX /><MessageID>122BE4EF8521498C8133FF836BAC78D0</MessageID></OUTMSG><HAOYUANMX><HAOYUANXX><RIQI>2015-04-09</RIQI><GUAHAOBC>1</GUAHAOBC><GUAHAOLB>4</GUAHAOLB><KESHIDM>01010802</KESHIDM><YISHENGDM>0077</YISHENGDM><GUAHAOXH>1|2|3|4</GUAHAOXH><JIUZHENSJ /><YIZHOUPBID>1000083554</YIZHOUPBID><DANGTIANPBID>1000083554</DANGTIANPBID><GUAHAOFY>4</GUAHAOFY><ZHENLIAOFY>10</ZHENLIAOFY></HAOYUANXX></HAOYUANMX></GUAHAOHYXX_OUT>
