2015-04-08 11:24:10,054 -[1A0FB0D05C64464F963DCE20C160705A][HIS4.Biz.GUAHAOKSXX].IN  <GUAHAOKSXX_IN> <BASEINFO>
    <CAOZUOYDM>AUTO1</CAOZUOYDM>
    <CAOZUOYXM>自助机1</CAOZUOYXM>
    <CAOZUORQ>2013-03-19 17:35:30</CAOZUORQ>
    <XITONGBS>99</XITONGBS>
    <FENYUANDM>0</FENYUANDM>
  </BASEINFO>
<GUAHAOFS>2</GUAHAOFS> <RIQI></RIQI> <GUAHAOBC>0</GUAHAOBC> <GUAHAOLB>4</GUAHAOLB> <YIGUAHAORS></YIGUAHAORS> </GUAHAOKSXX_IN>
2015-04-08 11:24:38,712 -[1A0FB0D05C64464F963DCE20C160705A][HIS4.Biz.GUAHAOKSXX].OUT <?xml version="1.0" encoding="utf-8"?><GUAHAOKSXX_OUT><OUTMSG><ERRNO>-1</ERRNO><ERRMSG>ORA-12170: TNS: 连接超时
</ERRMSG><ERRMSGEX /><MessageID>1A0FB0D05C64464F963DCE20C160705A</MessageID></OUTMSG><KESHIMX /></GUAHAOKSXX_OUT>
2015-04-08 11:29:06,891 -[619B902C8619447494B2B38AB6D6FEA4][HIS4.Biz.GUAHAOKSXX].IN  <GUAHAOKSXX_IN> <BASEINFO>
    <CAOZUOYDM>AUTO1</CAOZUOYDM>
    <CAOZUOYXM>自助机1</CAOZUOYXM>
    <CAOZUORQ>2013-03-19 17:35:30</CAOZUORQ>
    <XITONGBS>99</XITONGBS>
    <FENYUANDM>0</FENYUANDM>
  </BASEINFO>
<GUAHAOFS>2</GUAHAOFS> <RIQI></RIQI> <GUAHAOBC>0</GUAHAOBC> <GUAHAOLB>4</GUAHAOLB> <YIGUAHAORS></YIGUAHAORS> </GUAHAOKSXX_IN>
2015-04-08 11:29:09,697 -[619B902C8619447494B2B38AB6D6FEA4][HIS4.Biz.GUAHAOKSXX].OUT <?xml version="1.0" encoding="utf-8"?><GUAHAOKSXX_OUT><OUTMSG><ERRNO>-1</ERRNO><ERRMSG>未找到相关科室号源!</ERRMSG><ERRMSGEX /><MessageID>619B902C8619447494B2B38AB6D6FEA4</MessageID></OUTMSG><KESHIMX /></GUAHAOKSXX_OUT>
2015-04-08 11:29:24,000 -[AC92ED924EA84AA0B4CB1A3F521EF043][HIS4.Biz.GUAHAOKSXX].IN  <GUAHAOKSXX_IN> <BASEINFO>
    <CAOZUOYDM>AUTO1</CAOZUOYDM>
    <CAOZUOYXM>自助机1</CAOZUOYXM>
    <CAOZUORQ>2013-03-19 17:35:30</CAOZUORQ>
    <XITONGBS>99</XITONGBS>
    <FENYUANDM>0</FENYUANDM>
  </BASEINFO>
<GUAHAOFS>2</GUAHAOFS> <RIQI></RIQI> <GUAHAOBC>0</GUAHAOBC> <GUAHAOLB>4</GUAHAOLB> <YIGUAHAORS></YIGUAHAORS> </GUAHAOKSXX_IN>
2015-04-08 11:31:29,087 -[AC92ED924EA84AA0B4CB1A3F521EF043][HIS4.Biz.GUAHAOKSXX].OUT <?xml version="1.0" encoding="utf-8"?><GUAHAOKSXX_OUT><OUTMSG><ERRNO>-1</ERRNO><ERRMSG>未找到相关科室号源!</ERRMSG><ERRMSGEX /><MessageID>AC92ED924EA84AA0B4CB1A3F521EF043</MessageID></OUTMSG><KESHIMX /></GUAHAOKSXX_OUT>
2015-04-08 11:31:36,705 -[F7880F33CD3F4CF3B65D79DCDA28013F][HIS4.Biz.GUAHAOKSXX].IN  <GUAHAOKSXX_IN> <BASEINFO>
    <CAOZUOYDM>AUTO1</CAOZUOYDM>
    <CAOZUOYXM>自助机1</CAOZUOYXM>
    <CAOZUORQ>2013-03-19 17:35:30</CAOZUORQ>
    <XITONGBS>99</XITONGBS>
    <FENYUANDM>1</FENYUANDM>
  </BASEINFO>
<GUAHAOFS>2</GUAHAOFS> <RIQI></RIQI> <GUAHAOBC>0</GUAHAOBC> <GUAHAOLB>4</GUAHAOLB> <YIGUAHAORS></YIGUAHAORS> </GUAHAOKSXX_IN>
2015-04-08 11:31:39,078 -[F7880F33CD3F4CF3B65D79DCDA28013F][HIS4.Biz.GUAHAOKSXX].OUT <?xml version="1.0" encoding="utf-8"?><GUAHAOKSXX_OUT><OUTMSG><ERRNO>0</ERRNO><ERRMSG /><ERRMSGEX /><MessageID>F7880F33CD3F4CF3B65D79DCDA28013F</MessageID></OUTMSG><KESHIMX><KESHIXX><KESHIDM>010108</KESHIDM><KESHIMC>外科门诊</KESHIMC><JIUZHENDD>门诊三楼</JIUZHENDD><KESHIJS /></KESHIXX><KESHIXX><KESHIDM>01010706</KESHIDM><KESHIMC>肿瘤内科</KESHIMC><JIUZHENDD>门诊一楼</JIUZHENDD><KESHIJS /></KESHIXX><KESHIXX><KESHIDM>01010803</KESHIDM><KESHIMC>肿瘤外科</KESHIMC><JIUZHENDD>门诊三楼</JIUZHENDD><KESHIJS /></KESHIXX><KESHIXX><KESHIDM>01010802</KESHIDM><KESHIMC>肛肠外科</KESHIMC><JIUZHENDD>门诊三楼</JIUZHENDD><KESHIJS /></KESHIXX><KESHIXX><KESHIDM>010101</KESHIDM><KESHIMC>儿科门诊</KESHIMC><JIUZHENDD>门诊五楼</JIUZHENDD><KESHIJS /></KESHIXX><KESHIXX><KESHIDM>010109</KESHIDM><KESHIMC>中医科门诊</KESHIMC><JIUZHENDD>门诊四楼</JIUZHENDD><KESHIJS /></KESHIXX><KESHIXX><KESHIDM>01010801</KESHIDM><KESHIMC>泌尿外科</KESHIMC><JIUZHENDD>门诊三楼</JIUZHENDD><KESHIJS /></KESHIXX><KESHIXX><KESHIDM>01010804</KESHIDM><KESHIMC>神经外科</KESHIMC><JIUZHENDD>门诊三楼</JIUZHENDD><KESHIJS /></KESHIXX><KESHIXX><KESHIDM>01010702</KESHIDM><KESHIMC>精神卫生科</KESHIMC><JIUZHENDD /><KESHIJS /></KESHIXX><KESHIXX><KESHIDM>01010704</KESHIDM><KESHIMC>心血管内科</KESHIMC><JIUZHENDD>门诊一楼</JIUZHENDD><KESHIJS /></KESHIXX><KESHIXX><KESHIDM>010110</KESHIDM><KESHIMC>妇科门诊</KESHIMC><JIUZHENDD>门诊二楼</JIUZHENDD><KESHIJS /></KESHIXX><KESHIXX><KESHIDM>01010703</KESHIDM><KESHIMC>呼吸内科</KESHIMC><JIUZHENDD>门诊一楼</JIUZHENDD><KESHIJS /></KESHIXX><KESHIXX><KESHIDM>010106</KESHIDM><KESHIMC>骨科门诊</KESHIMC><JIUZHENDD>门诊三楼</JIUZHENDD><KESHIJS /></KESHIXX><KESHIXX><KESHIDM>01010706</KESHIDM><KESHIMC>肿瘤内科</KESHIMC><JIUZHENDD /><KESHIJS /></KESHIXX></KESHIMX></GUAHAOKSXX_OUT>
2015-04-08 11:32:36,233 -[FE430B6144384A3682DBAD8203653BE7][HIS4.Biz.GUAHAOYSXX].IN  <GUAHAOYSXX_IN> <BASEINFO>
    <CAOZUOYDM>AUTO1</CAOZUOYDM>
    <CAOZUOYXM>自助机1</CAOZUOYXM>
    <CAOZUORQ>2013-03-19 17:35:30</CAOZUORQ>
    <XITONGBS>99</XITONGBS>
    <FENYUANDM>1</FENYUANDM>
  </BASEINFO>
<GUAHAOFS>2</GUAHAOFS> <RIQI></RIQI> <GUAHAOBC>0</GUAHAOBC> <GUAHAOLB>4</GUAHAOLB>
<KESHIDM>01010802</KESHIDM>
</GUAHAOYSXX_IN>
2015-04-08 11:32:40,956 -[FE430B6144384A3682DBAD8203653BE7][HIS4.Biz.GUAHAOYSXX].OUT <?xml version="1.0" encoding="utf-8"?><GUAHAOYSXX_OUT><OUTMSG><ERRNO>0</ERRNO><ERRMSG /><ERRMSGEX /><MessageID>FE430B6144384A3682DBAD8203653BE7</MessageID></OUTMSG><YISHENGMX><YISHENGXX><YISHENGDM>0077</YISHENGDM><YISHENGXM>徐林富</YISHENGXM><KESHIDM>01010802</KESHIDM><KESHIMC>肛肠外科</KESHIMC><YISHENGZC>副主任医师</YISHENGZC><YISHENGTC /><YISHENGJS /><GUAHAOLB>4</GUAHAOLB><GUAHAOFS>2</GUAHAOFS><YUYUELX>2</YUYUELX></YISHENGXX></YISHENGMX></GUAHAOYSXX_OUT>
2015-04-08 11:33:00,109 -[82C6DED1309747049B853A9923517D32][HIS4.Biz.GUAHAOHYXX].IN  <GUAHAOHYXX_IN> <BASEINFO>
    <CAOZUOYDM>AUTO1</CAOZUOYDM>
    <CAOZUOYXM>自助机1</CAOZUOYXM>
    <CAOZUORQ>2013-03-19 17:35:30</CAOZUORQ>
    <XITONGBS>99</XITONGBS>
    <FENYUANDM>1</FENYUANDM>
  </BASEINFO>
<GUAHAOFS>2</GUAHAOFS> <RIQI></RIQI> <GUAHAOBC>0</GUAHAOBC> <GUAHAOLB>4</GUAHAOLB>
<KESHIDM>01010802</KESHIDM><YISHENGDM>0077</YISHENGDM>
</GUAHAOHYXX_IN>
2015-04-08 11:33:36,973 -[82C6DED1309747049B853A9923517D32][HIS4.Biz.GUAHAOHYXX].OUT <?xml version="1.0" encoding="utf-8"?><GUAHAOHYXX_OUT><OUTMSG><ERRNO>0</ERRNO><ERRMSG /><ERRMSGEX /><MessageID>82C6DED1309747049B853A9923517D32</MessageID></OUTMSG><HAOYUANMX><HAOYUANXX><RIQI>2015-04-09</RIQI><GUAHAOBC>1</GUAHAOBC><GUAHAOLB>4</GUAHAOLB><KESHIDM>01010802</KESHIDM><YISHENGDM>0077</YISHENGDM><GUAHAOXH>1</GUAHAOXH><JIUZHENSJ /><YIZHOUPBID>1000083554</YIZHOUPBID><DANGTIANPBID>1000083554</DANGTIANPBID><GUAHAOFY>4</GUAHAOFY><ZHENLIAOFY>10</ZHENLIAOFY></HAOYUANXX><HAOYUANXX><RIQI>2015-04-09</RIQI><GUAHAOBC>1</GUAHAOBC><GUAHAOLB>4</GUAHAOLB><KESHIDM>01010802</KESHIDM><YISHENGDM>0077</YISHENGDM><GUAHAOXH>2</GUAHAOXH><JIUZHENSJ /><YIZHOUPBID>1000083554</YIZHOUPBID><DANGTIANPBID>1000083554</DANGTIANPBID><GUAHAOFY>4</GUAHAOFY><ZHENLIAOFY>10</ZHENLIAOFY></HAOYUANXX><HAOYUANXX><RIQI>2015-04-09</RIQI><GUAHAOBC>1</GUAHAOBC><GUAHAOLB>4</GUAHAOLB><KESHIDM>01010802</KESHIDM><YISHENGDM>0077</YISHENGDM><GUAHAOXH>3</GUAHAOXH><JIUZHENSJ /><YIZHOUPBID>1000083554</YIZHOUPBID><DANGTIANPBID>1000083554</DANGTIANPBID><GUAHAOFY>4</GUAHAOFY><ZHENLIAOFY>10</ZHENLIAOFY></HAOYUANXX><HAOYUANXX><RIQI>2015-04-09</RIQI><GUAHAOBC>1</GUAHAOBC><GUAHAOLB>4</GUAHAOLB><KESHIDM>01010802</KESHIDM><YISHENGDM>0077</YISHENGDM><GUAHAOXH>4</GUAHAOXH><JIUZHENSJ /><YIZHOUPBID>1000083554</YIZHOUPBID><DANGTIANPBID>1000083554</DANGTIANPBID><GUAHAOFY>4</GUAHAOFY><ZHENLIAOFY>10</ZHENLIAOFY></HAOYUANXX></HAOYUANMX></GUAHAOHYXX_OUT>
