2017-03-22 16:13:02,724 -[72F122114CD64EAA90FEE9E19EDB922F][HIS4.Biz.ZHUYUANRYXX].IN  <ZHUYUANRYXX_IN >
<BASEINFO>
<CAOZUOYDM>DBA</CAOZUOYDM>
<CAOZUOYXM>超级用户</CAOZUOYXM>
<CAOZUORQ>2015-05-18 11:11:29</CAOZUORQ>
<XITONGBS>8801</XITONGBS>
<FENYUANDM>1</FENYUANDM>
</BASEINFO>
<ZHUYUANHAO>01611167</ZHUYUANHAO>
</ZHUYUANRYXX_IN>
2017-03-22 16:13:02,928 -[72F122114CD64EAA90FEE9E19EDB922F][HIS4.Biz.ZHUYUANRYXX].OUT <?xml version="1.0" encoding="utf-8"?><ZHUYUANRYXX_OUT><OUTMSG><ERRNO>0</ERRNO><ERRMSG /><ERRMSGEX /><MessageID>72F122114CD64EAA90FEE9E19EDB922F</MessageID></OUTMSG><ZHUYUANRYMX><ZHUYUANXX><JIUZHENKH>010400077182</JIUZHENKH><BINGRENLB>01</BINGRENLB><BINGRENXZ>XJ01</BINGRENXZ><YIBAOKH /><GERENBH /><BINGLIBH>01611167</BINGLIBH><XINGMING>张建红</XINGMING><XINGBIE>女</XINGBIE><MINZU>汉族</MINZU><CHUSHENGRQ>1984-01-01</CHUSHENGRQ><ZHENGJIANLX>1</ZHENGJIANLX><ZHENGJIANHM /><DANWEILX /><DANWEIBH /><DANWEIMC /><JIATINGZZ>麻蓬</JIATINGZZ><RENYUANLB /><DANGNIANZHYE /><LINIANZHYE /><TESHUBZBZ>0</TESHUBZBZ><TESHUBZSPBH /><YIBAOBRXX /><TISHIXX /><TESHUDYLB /><QIANFEIJE /><HISBRXX /><LIANXIDH /><QIANYUEBZ>0</QIANYUEBZ><DANGQIANBQ>1103</DANGQIANBQ><DANGQIANKS>51295</DANGQIANKS><ZHUZHIYISHENG>3323</ZHUZHIYISHENG><CHUANGWEIH>825</CHUANGWEIH><RUYUANRQ>2017-03-18</RUYUANRQ><CHUYUANRQ /><BINGRENID>10101260</BINGRENID><ZAIYUANZT>0</ZAIYUANZT><BINGQUMC>三病区</BINGQUMC><BINGANH>01611167</BINGANH><BINGRENXZMC>现金</BINGRENXZMC><BINGRENZYID>10041263</BINGRENZYID><ZHUYUANHAO>01611167</ZHUYUANHAO><YUANQUID>1</YUANQUID></ZHUYUANXX></ZHUYUANRYMX><TESHUBZXX /></ZHUYUANRYXX_OUT>
2017-03-22 16:14:17,966 -[99FD3DE8AF4043D7B9CC1CB8E66D1DF8][HIS4.Biz.ZHUYUANRYXX].IN  <ZHUYUANRYXX_IN >
<BASEINFO>
<CAOZUOYDM>DBA</CAOZUOYDM>
<CAOZUOYXM>超级用户</CAOZUOYXM>
<CAOZUORQ>2015-05-18 11:11:29</CAOZUORQ>
<XITONGBS>8801</XITONGBS>
<FENYUANDM>1</FENYUANDM>
</BASEINFO>
<ZHUYUANHAO>01611167</ZHUYUANHAO>
</ZHUYUANRYXX_IN>
2017-03-22 16:14:18,190 -[99FD3DE8AF4043D7B9CC1CB8E66D1DF8][HIS4.Biz.ZHUYUANRYXX].OUT <?xml version="1.0" encoding="utf-8"?><ZHUYUANRYXX_OUT><OUTMSG><ERRNO>0</ERRNO><ERRMSG /><ERRMSGEX /><MessageID>99FD3DE8AF4043D7B9CC1CB8E66D1DF8</MessageID></OUTMSG><ZHUYUANRYMX><ZHUYUANXX><JIUZHENKH>010400077182</JIUZHENKH><BINGRENLB>01</BINGRENLB><BINGRENXZ>XJ01</BINGRENXZ><YIBAOKH /><GERENBH /><BINGLIBH>01611167</BINGLIBH><XINGMING>张建红</XINGMING><XINGBIE>女</XINGBIE><MINZU>汉族</MINZU><CHUSHENGRQ>1984-01-01</CHUSHENGRQ><ZHENGJIANLX>1</ZHENGJIANLX><ZHENGJIANHM /><DANWEILX /><DANWEIBH /><DANWEIMC /><JIATINGZZ>麻蓬</JIATINGZZ><RENYUANLB /><DANGNIANZHYE /><LINIANZHYE /><TESHUBZBZ>0</TESHUBZBZ><TESHUBZSPBH /><YIBAOBRXX /><TISHIXX /><TESHUDYLB /><QIANFEIJE /><HISBRXX /><LIANXIDH /><QIANYUEBZ>0</QIANYUEBZ><DANGQIANBQ>1103</DANGQIANBQ><DANGQIANKS>51295</DANGQIANKS><ZHUZHIYISHENG>3323</ZHUZHIYISHENG><CHUANGWEIH>825</CHUANGWEIH><RUYUANRQ>2017-03-18</RUYUANRQ><CHUYUANRQ /><BINGRENID>10101260</BINGRENID><ZAIYUANZT>0</ZAIYUANZT><BINGQUMC>三病区</BINGQUMC><BINGANH>01611167</BINGANH><BINGRENXZMC>现金</BINGRENXZMC><BINGRENZYID>10041263</BINGRENZYID><ZHUYUANHAO>01611167</ZHUYUANHAO><YUANQUID>1</YUANQUID></ZHUYUANXX></ZHUYUANRYMX><TESHUBZXX /></ZHUYUANRYXX_OUT>
2017-03-22 16:14:57,992 -[ACBD93205DB34DBFA63AF7BD1A8393EB][HIS4.Biz.ZHUYUANRYXX].IN  <ZHUYUANRYXX_IN >
<BASEINFO>
<CAOZUOYDM>DBA</CAOZUOYDM>
<CAOZUOYXM>超级用户</CAOZUOYXM>
<CAOZUORQ>2015-05-18 11:11:29</CAOZUORQ>
<XITONGBS>8801</XITONGBS>
<FENYUANDM>1</FENYUANDM>
</BASEINFO>
<ZHUYUANHAO>01611167</ZHUYUANHAO>
</ZHUYUANRYXX_IN>
2017-03-22 16:14:58,212 -[ACBD93205DB34DBFA63AF7BD1A8393EB][HIS4.Biz.ZHUYUANRYXX].OUT <?xml version="1.0" encoding="utf-8"?><ZHUYUANRYXX_OUT><OUTMSG><ERRNO>0</ERRNO><ERRMSG /><ERRMSGEX /><MessageID>ACBD93205DB34DBFA63AF7BD1A8393EB</MessageID></OUTMSG><ZHUYUANRYMX><ZHUYUANXX><JIUZHENKH>010400077182</JIUZHENKH><BINGRENLB>01</BINGRENLB><BINGRENXZ>XJ01</BINGRENXZ><YIBAOKH /><GERENBH /><BINGLIBH>01611167</BINGLIBH><XINGMING>张建红</XINGMING><XINGBIE>女</XINGBIE><MINZU>汉族</MINZU><CHUSHENGRQ>1984-01-01</CHUSHENGRQ><ZHENGJIANLX>1</ZHENGJIANLX><ZHENGJIANHM /><DANWEILX /><DANWEIBH /><DANWEIMC /><JIATINGZZ>麻蓬</JIATINGZZ><RENYUANLB /><DANGNIANZHYE /><LINIANZHYE /><TESHUBZBZ>0</TESHUBZBZ><TESHUBZSPBH /><YIBAOBRXX /><TISHIXX /><TESHUDYLB /><QIANFEIJE /><HISBRXX /><LIANXIDH /><QIANYUEBZ>0</QIANYUEBZ><DANGQIANBQ>1103</DANGQIANBQ><DANGQIANKS>51295</DANGQIANKS><ZHUZHIYISHENG>3323</ZHUZHIYISHENG><CHUANGWEIH>825</CHUANGWEIH><RUYUANRQ>2017-03-18</RUYUANRQ><CHUYUANRQ /><BINGRENID>10101260</BINGRENID><ZAIYUANZT>0</ZAIYUANZT><BINGQUMC>三病区</BINGQUMC><BINGANH>01611167</BINGANH><BINGRENXZMC>现金</BINGRENXZMC><BINGRENZYID>10041263</BINGRENZYID><ZHUYUANHAO>01611167</ZHUYUANHAO><YUANQUID>1</YUANQUID></ZHUYUANXX></ZHUYUANRYMX><TESHUBZXX /></ZHUYUANRYXX_OUT>
2017-03-22 16:15:45,381 -[72BC3453A69A40EA85A7FEFFD4A9E43B][HIS4.Biz.ZHUYUANRYXX].IN  <ZHUYUANRYXX_IN >
<BASEINFO>
<CAOZUOYDM>DBA</CAOZUOYDM>
<CAOZUOYXM>超级用户</CAOZUOYXM>
<CAOZUORQ>2015-05-18 11:11:29</CAOZUORQ>
<XITONGBS>8801</XITONGBS>
<FENYUANDM>1</FENYUANDM>
</BASEINFO>
<ZHUYUANHAO>01611167</ZHUYUANHAO>
</ZHUYUANRYXX_IN>
2017-03-22 16:17:00,868 -[72BC3453A69A40EA85A7FEFFD4A9E43B][HIS4.Biz.ZHUYUANRYXX].OUT <?xml version="1.0" encoding="utf-8"?><ZHUYUANRYXX_OUT><OUTMSG><ERRNO>0</ERRNO><ERRMSG /><ERRMSGEX /><MessageID>72BC3453A69A40EA85A7FEFFD4A9E43B</MessageID></OUTMSG><ZHUYUANRYMX><ZHUYUANXX><JIUZHENKH>010400077182</JIUZHENKH><BINGRENLB>01</BINGRENLB><BINGRENXZ>XJ01</BINGRENXZ><YIBAOKH /><GERENBH /><BINGLIBH>01611167</BINGLIBH><XINGMING>张建红</XINGMING><XINGBIE>女</XINGBIE><MINZU>汉族</MINZU><CHUSHENGRQ>1984-01-01</CHUSHENGRQ><ZHENGJIANLX>1</ZHENGJIANLX><ZHENGJIANHM /><DANWEILX /><DANWEIBH /><DANWEIMC /><JIATINGZZ>麻蓬</JIATINGZZ><RENYUANLB /><DANGNIANZHYE /><LINIANZHYE /><TESHUBZBZ>0</TESHUBZBZ><TESHUBZSPBH /><YIBAOBRXX /><TISHIXX /><TESHUDYLB /><QIANFEIJE /><HISBRXX /><LIANXIDH /><QIANYUEBZ>0</QIANYUEBZ><DANGQIANBQ>1103</DANGQIANBQ><DANGQIANKS>51295</DANGQIANKS><ZHUZHIYISHENG>3323</ZHUZHIYISHENG><CHUANGWEIH>825</CHUANGWEIH><RUYUANRQ>2017-03-18</RUYUANRQ><CHUYUANRQ /><BINGRENID>10101260</BINGRENID><ZAIYUANZT>0</ZAIYUANZT><BINGQUMC>三病区</BINGQUMC><BINGANH>01611167</BINGANH><BINGRENXZMC>现金</BINGRENXZMC><BINGRENZYID>10041263</BINGRENZYID><ZHUYUANHAO>01611167</ZHUYUANHAO><YUANQUID>1</YUANQUID><FEIYONGZE>10626.68</FEIYONGZE></ZHUYUANXX></ZHUYUANRYMX><TESHUBZXX /></ZHUYUANRYXX_OUT>
