2017-03-22 17:45:18,292 -[33C4A708AA5048C1806289C66B0CA3D4][HIS4.Biz.ZHUYUANRYXX].IN  <?xml version="1.0" encoding="utf-16"?><ZHUYUANRYXX_IN><BASEINFO><CAOZUOYDM>DBA</CAOZUOYDM><CAOZUOYXM>DBA</CAOZUOYXM><CAOZUORQ>2017-03-22 17:36:26</CAOZUORQ><XITONGBS d3p1:nil="true" xmlns:d3p1="http://www.w3.org/2001/XMLSchema-instance" /><FENYUANDM d3p1:nil="true" xmlns:d3p1="http://www.w3.org/2001/XMLSchema-instance" /><JIGOUDM d3p1:nil="true" xmlns:d3p1="http://www.w3.org/2001/XMLSchema-instance" /><JESHOUJGDM d3p1:nil="true" xmlns:d3p1="http://www.w3.org/2001/XMLSchema-instance" /></BASEINFO><JIUZHENKLX>4</JIUZHENKLX><JIUZHENKH>01611167</JIUZHENKH></ZHUYUANRYXX_IN>
2017-03-22 17:45:18,490 -[33C4A708AA5048C1806289C66B0CA3D4][HIS4.Biz.ZHUYUANRYXX].OUT <?xml version="1.0" encoding="utf-8"?><ZHUYUANRYXX_OUT><OUTMSG><ERRNO>-1</ERRNO><ERRMSG>没有 Unicode 字节顺序标记。不能切换到 Unicode。</ERRMSG><MessageID>33C4A708AA5048C1806289C66B0CA3D4</MessageID></OUTMSG><ZHUYUANRYMX /><TESHUBZXX /></ZHUYUANRYXX_OUT>
2017-03-22 17:45:52,169 -[1061174DAA974CC99B963854F9904AEB][HIS4.Biz.ZHUYUANRYXX].IN  <?xml version="1.0" encoding="utf-16"?><ZHUYUANRYXX_IN><BASEINFO><CAOZUOYDM>DBA</CAOZUOYDM><CAOZUOYXM>DBA</CAOZUOYXM><CAOZUORQ>2017-03-22 17:36:26</CAOZUORQ><XITONGBS /><FENYUANDM /><JIGOUDM /><JESHOUJGDM /></BASEINFO><JIUZHENKLX>4</JIUZHENKLX><JIUZHENKH>01611167</JIUZHENKH></ZHUYUANRYXX_IN>
2017-03-22 17:45:52,197 -[1061174DAA974CC99B963854F9904AEB][HIS4.Biz.ZHUYUANRYXX].OUT <?xml version="1.0" encoding="utf-8"?><ZHUYUANRYXX_OUT><OUTMSG><ERRNO>-1</ERRNO><ERRMSG>没有 Unicode 字节顺序标记。不能切换到 Unicode。</ERRMSG><MessageID>1061174DAA974CC99B963854F9904AEB</MessageID></OUTMSG><ZHUYUANRYMX /><TESHUBZXX /></ZHUYUANRYXX_OUT>
2017-03-22 17:45:55,963 -[3F10A8FDC1554849A5BFA113FE9B30A0][HIS4.Biz.ZHUYUANRYXX].IN  <?xml version="1.0" encoding="utf-16"?><ZHUYUANRYXX_IN><BASEINFO><CAOZUOYDM>DBA</CAOZUOYDM><CAOZUOYXM>DBA</CAOZUOYXM><CAOZUORQ>2017-03-22 17:36:26</CAOZUORQ><XITONGBS /><FENYUANDM /><JIGOUDM /><JESHOUJGDM /></BASEINFO><JIUZHENKLX>4</JIUZHENKLX><JIUZHENKH>01611167</JIUZHENKH></ZHUYUANRYXX_IN>
2017-03-22 17:45:55,983 -[3F10A8FDC1554849A5BFA113FE9B30A0][HIS4.Biz.ZHUYUANRYXX].OUT <?xml version="1.0" encoding="utf-8"?><ZHUYUANRYXX_OUT><OUTMSG><ERRNO>-1</ERRNO><ERRMSG>没有 Unicode 字节顺序标记。不能切换到 Unicode。</ERRMSG><MessageID>3F10A8FDC1554849A5BFA113FE9B30A0</MessageID></OUTMSG><ZHUYUANRYMX /><TESHUBZXX /></ZHUYUANRYXX_OUT>
2017-03-22 17:45:56,547 -[E51F9F26B44648C3A59C067377955B12][HIS4.Biz.ZHUYUANRYXX].IN  <?xml version="1.0" encoding="utf-16"?><ZHUYUANRYXX_IN><BASEINFO><CAOZUOYDM>DBA</CAOZUOYDM><CAOZUOYXM>DBA</CAOZUOYXM><CAOZUORQ>2017-03-22 17:36:26</CAOZUORQ><XITONGBS /><FENYUANDM /><JIGOUDM /><JESHOUJGDM /></BASEINFO><JIUZHENKLX>4</JIUZHENKLX><JIUZHENKH>01611167</JIUZHENKH></ZHUYUANRYXX_IN>
2017-03-22 17:45:56,572 -[E51F9F26B44648C3A59C067377955B12][HIS4.Biz.ZHUYUANRYXX].OUT <?xml version="1.0" encoding="utf-8"?><ZHUYUANRYXX_OUT><OUTMSG><ERRNO>-1</ERRNO><ERRMSG>没有 Unicode 字节顺序标记。不能切换到 Unicode。</ERRMSG><MessageID>E51F9F26B44648C3A59C067377955B12</MessageID></OUTMSG><ZHUYUANRYMX /><TESHUBZXX /></ZHUYUANRYXX_OUT>
2017-03-22 17:45:57,054 -[5FDCFD4AA12D4223A1A85A5E5BA938E4][HIS4.Biz.ZHUYUANRYXX].IN  <?xml version="1.0" encoding="utf-16"?><ZHUYUANRYXX_IN><BASEINFO><CAOZUOYDM>DBA</CAOZUOYDM><CAOZUOYXM>DBA</CAOZUOYXM><CAOZUORQ>2017-03-22 17:36:26</CAOZUORQ><XITONGBS /><FENYUANDM /><JIGOUDM /><JESHOUJGDM /></BASEINFO><JIUZHENKLX>4</JIUZHENKLX><JIUZHENKH>01611167</JIUZHENKH></ZHUYUANRYXX_IN>
2017-03-22 17:45:57,077 -[5FDCFD4AA12D4223A1A85A5E5BA938E4][HIS4.Biz.ZHUYUANRYXX].OUT <?xml version="1.0" encoding="utf-8"?><ZHUYUANRYXX_OUT><OUTMSG><ERRNO>-1</ERRNO><ERRMSG>没有 Unicode 字节顺序标记。不能切换到 Unicode。</ERRMSG><MessageID>5FDCFD4AA12D4223A1A85A5E5BA938E4</MessageID></OUTMSG><ZHUYUANRYMX /><TESHUBZXX /></ZHUYUANRYXX_OUT>
2017-03-22 17:48:52,061 -[C8ADA87161BD45A89FC17F6166A03D51][HIS4.Biz.ZHUYUANRYXX].IN  <ZHUYUANRYXX_IN>
	<BASEINFO>
		<CAOZUOYDM>DBA</CAOZUOYDM>
		<CAOZUOYXM>DBA</CAOZUOYXM>
		<CAOZUORQ>2017-03-22 17:44:12</CAOZUORQ>
		<XITONGBS d3p1:nil="true" xmlns:d3p1="http://www.w3.org/2001/XMLSchema-instance" />
		<FENYUANDM>1</FENYUANDM>
		<JIGOUDM d3p1:nil="true" xmlns:d3p1="http://www.w3.org/2001/XMLSchema-instance" />
		<JESHOUJGDM d3p1:nil="true" xmlns:d3p1="http://www.w3.org/2001/XMLSchema-instance" />
	</BASEINFO>
	<JIUZHENKLX>4</JIUZHENKLX>
	<ZHUYUANHAO>01611167</ZHUYUANHAO>
</ZHUYUANRYXX_IN>
2017-03-22 17:48:52,353 -[C8ADA87161BD45A89FC17F6166A03D51][HIS4.Biz.ZHUYUANRYXX].OUT <?xml version="1.0" encoding="utf-8"?><ZHUYUANRYXX_OUT><OUTMSG><ERRNO>0</ERRNO><ERRMSG /><ERRMSGEX /><MessageID>C8ADA87161BD45A89FC17F6166A03D51</MessageID></OUTMSG><ZHUYUANRYMX><ZHUYUANXX><JIUZHENKH>010400077182</JIUZHENKH><BINGRENLB>01</BINGRENLB><BINGRENXZ>XJ01</BINGRENXZ><YIBAOKH /><GERENBH /><BINGLIBH>01611167</BINGLIBH><XINGMING>张建红</XINGMING><XINGBIE>女</XINGBIE><MINZU>汉族</MINZU><CHUSHENGRQ>1984-01-01</CHUSHENGRQ><ZHENGJIANLX>1</ZHENGJIANLX><ZHENGJIANHM /><DANWEILX /><DANWEIBH /><DANWEIMC /><JIATINGZZ>麻蓬</JIATINGZZ><RENYUANLB /><DANGNIANZHYE /><LINIANZHYE /><TESHUBZBZ>0</TESHUBZBZ><TESHUBZSPBH /><YIBAOBRXX /><TISHIXX /><TESHUDYLB /><QIANFEIJE /><HISBRXX /><LIANXIDH /><QIANYUEBZ>0</QIANYUEBZ><DANGQIANBQ>1103</DANGQIANBQ><DANGQIANKS>51295</DANGQIANKS><ZHUZHIYISHENG>3323</ZHUZHIYISHENG><CHUANGWEIH>825</CHUANGWEIH><RUYUANRQ>2017-03-18</RUYUANRQ><CHUYUANRQ /><BINGRENID>10101260</BINGRENID><ZAIYUANZT>0</ZAIYUANZT><BINGQUMC>三病区</BINGQUMC><BINGANH>01611167</BINGANH><BINGRENXZMC>现金</BINGRENXZMC><BINGRENZYID>10041263</BINGRENZYID><ZHUYUANHAO>01611167</ZHUYUANHAO><YUANQUID>1</YUANQUID><FEIYONGZE>10626.68</FEIYONGZE></ZHUYUANXX></ZHUYUANRYMX><TESHUBZXX /></ZHUYUANRYXX_OUT>
